List of Transition Structures

# Geometry of TS 0, SYMMETRY = C2  
Cu	  -1.559621210986	  -0.274224744332	   0.123494807011
Cu	  -2.284994142068	   1.992033002864	  -0.060154243455
Cu	   0.042919495361	   1.473657962131	  -0.150701279807
Ag	   0.184766652346	  -2.099294716749	  -0.074429742519
Ag	   2.011867205346	  -0.087833503912	   0.161790458775
Energy    = -879.990207228377 (-879.990207228377 :    0.000000000000)
Spin(**2) =    0.754044560144
ZPVE      =    0.002437119384
Normal mode eigenvalues : nmode = 9
 -0.000120695   0.000007185   0.000057564   0.000459471   0.000652525
  0.000748836   0.001226157   0.001506188   0.002466973
CONNECTION : 0 - 0

# Geometry of TS 1, SYMMETRY = Cs  
Cu	  -1.998581338559	  -0.201668286724	   0.953559579128
Cu	  -1.803908671691	   1.131689344330	  -0.906226202300
Cu	   0.100958955524	   1.148165818138	   0.722899521367
Ag	  -0.156031328095	  -1.021284134061	  -0.858889556672
Ag	   2.252500382830	  -0.052564741689	   0.088656658476
Energy    = -879.977808737217 (-879.977808737217 :    0.000000000000)
Spin(**2) =    0.753092725981
ZPVE      =    0.002352715137
Normal mode eigenvalues : nmode = 9
 -0.001011351   0.000011978   0.000260841   0.000344022   0.000475660
  0.000534063   0.001028685   0.001327034   0.002432402
CONNECTION : 0 - 0

# Geometry of TS 2, SYMMETRY = C1  
Cu	  -2.278731376558	  -0.394326167876	   0.113135899719
Cu	  -1.173947215379	   1.586753908138	  -0.679961739188
Cu	  -0.201875021081	   0.536012543438	   1.179791858889
Ag	   0.125737562958	  -1.433452221264	  -0.423397603432
Ag	   1.923754050064	   0.709349937563	  -0.189568415979
Energy    = -879.980745026826 (-879.980745026826 :    0.000000000000)
Spin(**2) =    0.753003207005
ZPVE      =    0.002440940786
Normal mode eigenvalues : nmode = 9
 -0.000114167   0.000027143   0.000257747   0.000329702   0.000503943
  0.000849384   0.001113276   0.001449949   0.002113660
CONNECTION : 1 - 0

# Geometry of TS 3, SYMMETRY = C1  
Cu	  -2.280351857171	  -0.271360808506	  -0.022323024349
Cu	  -1.576571152074	   1.972608668562	   0.152585863295
Cu	   0.205556321252	   0.378909187355	  -0.066735529278
Ag	  -0.521943530729	  -2.111699131278	  -0.044940387022
Ag	   2.568248218726	   1.035880083864	  -0.018586922643
Energy    = -879.975944891797 (-879.975944891797 :    0.000000000000)
Spin(**2) =    0.753196632975
ZPVE      =    0.002242129666
Normal mode eigenvalues : nmode = 9
 -0.000495191   0.000004540   0.000043564   0.000235303   0.000395554
  0.000690464   0.001071125   0.001624731   0.002321800
CONNECTION : 0 - 2

# Geometry of TS 4, SYMMETRY = Cs  
Cu	  -2.013437544556	  -1.182363455130	  -0.216938141233
Cu	  -1.463721015089	   2.808037699201	   0.021913728663
Cu	  -0.564520885716	   0.714116302822	   0.005202630718
Ag	   0.438108318155	  -1.788512210849	  -0.025957739367
Ag	   1.998509127203	   0.453059663960	   0.215779521223
Energy    = -879.968920519658 (-879.968920519658 :    0.000000000000)
Spin(**2) =    0.752183177741
ZPVE      =    0.002243039502
Normal mode eigenvalues : nmode = 9
 -0.000185270   0.000002145   0.000039982   0.000236559   0.000354434
  0.000681095   0.000996556   0.001566825   0.002734332
CONNECTION : 0 - 3

# Geometry of TS 5, SYMMETRY = C1  
Cu	  -1.377987155854	  -0.627383150292	  -0.102379590861
Cu	  -1.842055886822	   1.660839093094	   0.327521472791
Cu	   0.232788872947	   2.399041741987	  -0.519044566384
Ag	   0.306661723458	  -2.529244670944	   0.148194979602
Ag	   1.075530446272	   0.101084986158	   0.145707704854
Energy    = -879.986123835860 (-879.986123835860 :    0.000000000000)
Spin(**2) =    0.754430097672
ZPVE      =    0.002412442054
Normal mode eigenvalues : nmode = 9
 -0.000136103   0.000019723   0.000044534   0.000398990   0.000528415
  0.001089114   0.001251363   0.001610758   0.001884680
CONNECTION : 4 - 0

# Geometry of TS 6, SYMMETRY = C1  
Cu	  -2.819943960043	  -0.775760544506	  -0.181288577868
Cu	  -1.318944977146	   1.085162522220	  -0.104292282780
Cu	   0.771232002273	   1.994641044833	   0.546380995759
Ag	  -0.323678852754	  -1.281607340826	  -0.018614335972
Ag	   2.086273787676	  -0.018097681724	  -0.242185799140
Energy    = -879.984158029135 (-879.984158029135 :    0.000000000000)
Spin(**2) =    0.754210530540
ZPVE      =    0.002394031857
Normal mode eigenvalues : nmode = 9
 -0.000111919   0.000012923   0.000049846   0.000480952   0.000641733
  0.000852292   0.001154046   0.001336515   0.002188943
CONNECTION : 4 - 3

# Geometry of TS 7, SYMMETRY = Cs  
Cu	  -0.970191628332	   0.455554478455	  -0.547834782626
Cu	  -2.779508367569	   1.837324754441	  -0.432809414254
Cu	   0.382326770196	   0.255733986808	   1.424784202360
Ag	   0.011489436987	  -1.957159646059	   0.254193809244
Ag	   1.750821788716	   0.412884426353	  -0.698333814733
Energy    = -879.962194908888 (-879.962194908888 :    0.000000000000)
Spin(**2) =    0.753871109841
ZPVE      =    0.002216673308
Normal mode eigenvalues : nmode = 9
 -0.000055027   0.000008714   0.000071479   0.000112226   0.000302251
  0.000800044   0.000818523   0.001668459   0.002720248
CONNECTION : 0 - 5

# Geometry of TS 8, SYMMETRY = C1  
Cu	  -2.492949166869	  -0.309174570541	  -0.283082307847
Cu	  -0.721700220184	   1.213345302202	  -0.622530664236
Cu	   0.820173429900	  -0.100040638538	   0.648780981111
Ag	  -0.736987390207	  -2.061780812398	   0.252954543976
Ag	   1.526401347360	   2.261988719271	   0.003877446996
Energy    = -879.992005711000 (-879.992005711000 :    0.000000000000)
Spin(**2) =    0.754360877479
ZPVE      =    0.002471234441
Normal mode eigenvalues : nmode = 9
 -0.000140787   0.000015562   0.000054623   0.000392094   0.000583952
  0.001057323   0.001333447   0.001596127   0.002184044
CONNECTION : 2 - 5

# Geometry of TS 9, SYMMETRY = C1  
Cu	  -2.298079234213	  -0.274550607724	   0.143610043654
Cu	  -0.733093129465	   1.407899605827	  -0.752472780463
Cu	  -0.144471804593	   0.320055860107	   1.273360999619
Ag	  -0.081522558334	  -1.582046336191	  -0.388694364359
Ag	   1.801988058465	   1.018665589015	  -0.234095884023
Energy    = -879.983190245938 (-879.983190245938 :    0.000000000000)
Spin(**2) =    0.752903846984
ZPVE      =    0.002471157654
Normal mode eigenvalues : nmode = 9
 -0.000056145   0.000065535   0.000330088   0.000358418   0.000581539
  0.000672768   0.001022891   0.001496515   0.002033798
CONNECTION : 1 - 2

# Geometry of TS 10, SYMMETRY = C1  
Cu	  -2.316124000449	  -0.319698910924	  -0.736239474731
Cu	  -0.981286681978	   1.571833288256	  -0.007323528893
Cu	   0.048775536477	  -0.275769837196	  -1.103598055061
Ag	   0.092643781561	  -1.132323818354	   1.262308195564
Ag	   1.550929364391	   1.160297278206	   0.584852863130
Energy    = -879.981705509371 (-879.981705509371 :    0.000000000000)
Spin(**2) =    0.752920277859
ZPVE      =    0.002451517453
Normal mode eigenvalues : nmode = 9
 -0.000088841   0.000041717   0.000228902   0.000325760   0.000597896
  0.000772044   0.001051091   0.001506827   0.002136608
CONNECTION : 1 - 0

# Geometry of TS 11, SYMMETRY = C2v 
Cu	  -1.966704176392	   1.405501857833	  -1.260007326960
Cu	  -2.351699986721	   0.934341882582	   1.042287313423
Cu	  -0.348279959842	   0.214902897476	  -0.001577107480
Ag	   1.308173036954	  -1.048001040956	   1.441958514399
Ag	   1.753449086004	  -0.502407596938	  -1.222661393384
Energy    = -879.983013701223 (-879.983013701223 :    0.000000000000)
Spin(**2) =    0.753474723336
ZPVE      =    0.002378498835
Normal mode eigenvalues : nmode = 9
 -0.000068617   0.000022668   0.000029010   0.000297567   0.000555916
  0.000657422   0.001205968   0.001410639   0.002937702
CONNECTION : 0 - 0

# Geometry of TS 12, SYMMETRY = Cs  
Cu	  -1.516039277899	  -0.200929643002	  -0.550827765731
Cu	  -0.919332082993	   2.168102588801	  -0.152209132294
Cu	  -0.356879057209	   0.322138991417	   1.397908545222
Ag	   0.269027580030	  -1.959469044644	   0.248547021438
Ag	   1.068044169923	   0.560181218465	  -0.901710654201
Energy    = -879.982602864617 (-879.982602864617 :    0.000000000000)
Spin(**2) =    0.752880970722
ZPVE      =    0.002389800131
Normal mode eigenvalues : nmode = 9
 -0.000234953   0.000148732   0.000288443   0.000320023   0.000393047
  0.000474356   0.000849008   0.001435442   0.002339470
CONNECTION : 1 - 1

# Geometry of TS 13, SYMMETRY = C1  
Cu	  -2.299947943217	  -0.591667722608	   0.213444890794
Cu	  -0.522848796170	   1.896073842392	  -0.722374073956
Cu	  -0.394375693846	   0.477462415855	   1.142854239625
Ag	   0.015242851117	  -1.646327848687	  -0.237525574191
Ag	   1.746750913979	   0.754483424090	  -0.354691467841
Energy    = -879.979076689375 (-879.979076689375 :    0.000000000000)
Spin(**2) =    0.753073227173
ZPVE      =    0.002402309950
Normal mode eigenvalues : nmode = 9
 -0.000118602   0.000008413   0.000131839   0.000397785   0.000616832
  0.000719230   0.001013947   0.001867568   0.001944374
CONNECTION : 3 - 1

# Geometry of TS 14, SYMMETRY = Cs  
Cu	  -2.688500908863	  -0.625210941598	  -0.959932275015
Cu	  -0.880662051399	   0.923318850063	  -1.040686277332
Cu	   1.490118102857	  -0.152889437422	   1.532385151054
Ag	  -0.752343001434	  -0.974947619235	   0.680179153836
Ag	   1.376209190696	   1.719753259228	  -0.170237738107
Energy    = -879.983808040676 (-879.983808040676 :    0.000000000000)
Spin(**2) =    0.754263321044
ZPVE      =    0.002363877031
Normal mode eigenvalues : nmode = 9
 -0.000106735   0.000002626   0.000043750   0.000472669   0.000687976
  0.000967188   0.001112118   0.001257039   0.002092616
CONNECTION : 6 - 5

# Geometry of TS 15, SYMMETRY = C2v 
Cu	  -1.706807311570	  -0.106098110552	   0.647162656872
Cu	  -3.140213690101	   1.685617013823	  -0.172852234667
Cu	  -0.784064920026	   1.482275884672	  -0.759577943534
Ag	   0.829297928276	  -0.404675480625	   0.070579732024
Ag	   3.196725993419	  -1.652781307324	   0.214687789305
Energy    = -879.967328268049 (-879.967328268049 :    0.000000000000)
Spin(**2) =    0.753718772382
ZPVE      =    0.002206429208
Normal mode eigenvalues : nmode = 9
 -0.000032751   0.000001533   0.000060322   0.000313881   0.000381842
  0.000470590   0.000964861   0.001639670   0.002390990
CONNECTION : 0 - 0

# Geometry of TS 16, SYMMETRY = C1  
Cu	  -0.727549356815	   0.547686157364	   0.989259519930
Cu	  -1.037204187228	   0.682801033555	  -1.317617333791
Cu	   1.021385646089	  -0.688230510544	  -0.184544649156
Ag	  -1.084863703390	  -1.948307489355	   0.632343257242
Ag	   1.170910428752	   1.844909168129	  -0.682196437572
Energy    = -879.984468293136 (-879.984468293136 :    0.000000000000)
Spin(**2) =    0.753816184945
ZPVE      =    0.002419472407
Normal mode eigenvalues : nmode = 9
 -0.000075881   0.000051731   0.000107513   0.000339385   0.000638235
  0.000743591   0.001120640   0.001471430   0.002138989
CONNECTION : 2 - 7

# Geometry of TS 17, SYMMETRY = Cs  
Cu	  -0.425789387021	  -0.311073872452	   0.164965299984
Cu	  -1.519214309508	   1.483247567678	  -0.992574549485
Cu	   1.972782936344	  -0.273985543925	   0.184957444420
Ag	  -1.663231345464	  -2.315338718466	   0.844461494636
Ag	   0.978130933051	   1.856008926307	  -0.764565332895
Energy    = -879.971189697851 (-879.971189697851 :    0.000000000000)
Spin(**2) =    0.753555704332
ZPVE      =    0.002277046012
Normal mode eigenvalues : nmode = 9
 -0.000207767   0.000010383   0.000033269   0.000184057   0.000506916
  0.000753963   0.001122966   0.001674601   0.002253942
CONNECTION : 5 - 5

# Geometry of TS 18, SYMMETRY = C2v 
Cu	  -0.577442489223	   0.374159621387	  -0.339787894965
Cu	  -2.345467153320	   1.513412800858	  -1.227282562992
Cu	   1.380740111979	  -0.886352522240	   0.647454882037
Ag	  -0.906306609470	  -1.992799926743	   0.668359756272
Ag	   1.791154967442	   1.430438385887	  -0.311499823698
Energy    = -879.973461874568 (-879.973461874568 :    0.000000000000)
Spin(**2) =    0.751907569525
ZPVE      =    0.002264711631
Normal mode eigenvalues : nmode = 9
 -0.000190133   0.000005289   0.000044722   0.000263881   0.000311860
  0.000844326   0.001059413   0.001359062   0.002706361
CONNECTION : 5 - 5

# Geometry of TS 19, SYMMETRY = Cs  
Cu	  -1.956228548967	  -0.867898347662	  -0.589337363699
Cu	  -0.742949573126	   2.094552951297	  -0.326094139032
Cu	  -0.598948208989	   0.172914677984	   1.041024806607
Ag	   0.385408220925	  -1.850884748610	  -0.192596224399
Ag	   1.591939317801	   1.097685951094	   0.075091841568
Energy    = -879.979053946073 (-879.979053946073 :    0.000000000000)
Spin(**2) =    0.753277549199
ZPVE      =    0.002355621812
Normal mode eigenvalues : nmode = 9
 -0.000123047   0.000004757   0.000020355   0.000476004   0.000666616
  0.000689971   0.001078981   0.001844480   0.002003135
CONNECTION : 3 - 2

# Geometry of TS 20, SYMMETRY = Cs  
Cu	  -0.972033675742	  -0.873877073773	   0.155390469851
Cu	  -0.801053690821	   1.573545720659	   0.173448740045
Cu	   1.086652586105	   0.351109160383	  -0.375376436604
Ag	  -2.265810474147	  -2.992380524046	   0.424122330656
Ag	   1.347183254605	   2.945940716766	  -0.377585103942
Energy    = -879.974275683731 (-879.974275683731 :    0.000000000000)
Spin(**2) =    0.752931260245
ZPVE      =    0.002245538511
Normal mode eigenvalues : nmode = 9
 -0.000050691   0.000001589   0.000051390   0.000287106   0.000312338
  0.000576959   0.000946439   0.001945013   0.002481505
CONNECTION : 2 - 2

# Geometry of TS 21, SYMMETRY = C2  
Cu	  -2.176171213988	  -0.296216234427	  -0.959028182921
Cu	  -1.263684947110	   1.867833426637	  -0.883829934260
Cu	   2.115429863269	  -0.899246161676	   1.032099900490
Ag	  -0.394528248474	  -1.177223010904	   0.638874075881
Ag	   1.061633373705	   0.943710339521	  -0.390871502533
Energy    = -879.978475116310 (-879.978475116310 :    0.000000000000)
Spin(**2) =    0.753981184705
ZPVE      =    0.002337767274
Normal mode eigenvalues : nmode = 9
 -0.000111698   0.000016930   0.000035145   0.000444850   0.000558812
  0.000992464   0.001100848   0.001565898   0.001648035
CONNECTION : 6 - 6

# Geometry of TS 22, SYMMETRY = C1  
Cu	  -1.364276611782	  -0.810891481864	  -0.182353541356
Cu	  -0.582039225171	   1.522705245539	   0.019821274993
Cu	  -0.424484001952	   3.786759249934	  -0.445975486448
Ag	  -0.079966274782	  -3.057089833825	   0.207338945429
Ag	   1.003533239733	  -0.499255051979	   0.514427974851
Energy    = -879.962615948722 (-879.962615948722 :    0.000000000000)
Spin(**2) =    0.753933166760
ZPVE      =    0.002133900904
Normal mode eigenvalues : nmode = 9
 -0.000105400   0.000004160   0.000049007   0.000192018   0.000319539
  0.000472521   0.000941786   0.001604135   0.002397541
CONNECTION : 0 - 4

# Geometry of TS 23, SYMMETRY = C1  
Cu	  -1.708785407536	   0.621597694524	   0.328386929620
Cu	   0.442339047306	   0.752842160741	  -0.868708394044
Cu	  -2.363209561840	  -0.957176168569	   2.084439172784
Ag	   0.003155073633	  -1.048697970753	   0.993262863990
Ag	   2.171322180293	   1.521458395093	  -2.495672557912
Energy    = -879.965942609335 (-879.965942609335 :    0.000000000000)
Spin(**2) =    0.753984097325
ZPVE      =    0.002125457756
Normal mode eigenvalues : nmode = 9
 -0.000165349   0.000002553   0.000052797   0.000190667   0.000309857
  0.000450485   0.001062523   0.001727466   0.002100881
CONNECTION : 5 - 4

# Geometry of TS 24, SYMMETRY = C1  
Cu	  -1.340341740256	  -0.295523915759	   0.562354268306
Cu	   0.656737055526	   0.670864184436	  -0.545974139422
Cu	  -3.183988655178	   0.163463143282	   1.870764519781
Ag	   0.877233602522	  -1.556893009190	   0.666072669044
Ag	   1.535181069242	   1.908113708275	  -2.511509303270
Energy    = -879.961318385915 (-879.961318385915 :    0.000000000000)
Spin(**2) =    0.751825574173
ZPVE      =    0.002103290557
Normal mode eigenvalues : nmode = 9
 -0.000021052   0.000011367   0.000022893   0.000038537   0.000414323
  0.000530424   0.000830699   0.001801927   0.002558382
CONNECTION : 5 - 0

# Geometry of TS 25, SYMMETRY = C2v 
Cu	  -2.344411522649	  -1.082913270977	  -0.033311842464
Cu	  -0.475057392606	   2.463212235226	  -0.775204448252
Cu	  -0.382634929538	   0.228540536166	  -0.023039539964
Ag	  -0.187282216529	  -2.174478290195	   0.804353977852
Ag	   1.784324061317	   1.569976789775	   0.027201852836
Energy    = -879.983074940438 (-879.983074940438 :    0.000000000000)
Spin(**2) =    0.753583977373
ZPVE      =    0.002392354632
Normal mode eigenvalues : nmode = 9
 -0.000053074   0.000028026   0.000028639   0.000314782   0.000552550
  0.000780043   0.001065065   0.001436314   0.002908158
CONNECTION : 3 - 2

# Geometry of TS 26, SYMMETRY = Cs  
Cu	  -1.660912957133	  -1.888165688777	   0.457988469809
Cu	  -1.362432943714	   2.482516743519	  -0.377300940869
Cu	   1.018473404543	   2.334940102121	  -0.421730979962
Ag	   0.881691058183	  -2.199373492073	   0.435324221317
Ag	  -0.324051435831	   0.212310463015	   0.018978397195
Energy    = -879.970291752658 (-879.970291752658 :    0.000000000000)
Spin(**2) =    0.753370076064
ZPVE      =    0.002303620101
Normal mode eigenvalues : nmode = 9
 -0.000020257   0.000025037   0.000028680   0.000346698   0.000614770
  0.000795617   0.000841246   0.001486452   0.002224881
CONNECTION : 4 - 6

# Geometry of TS 27, SYMMETRY = Cs  
Cu	  -1.699181891987	  -1.243496106545	   0.286901826671
Cu	  -2.393087244607	   1.011840878106	   0.341528864639
Cu	   1.807407868641	   2.463364220191	  -0.374393251417
Ag	   0.702334424857	  -2.007762259005	  -0.079846983975
Ag	   0.135293969143	   0.718281395061	  -0.060931288445
Energy    = -879.961856525068 (-879.961856525068 :    0.000000000000)
Spin(**2) =    0.752595634061
ZPVE      =    0.002197201206
Normal mode eigenvalues : nmode = 9
 -0.000111689   0.000010062   0.000037559   0.000268928   0.000347318
  0.000650955   0.001051318   0.001655989   0.001993856
CONNECTION : 4 - 6

# Geometry of TS 28, SYMMETRY = C1  
Cu	  -1.541433965777	  -0.441598173503	   0.142447010405
Cu	  -3.671793406285	  -0.055723914621	   0.944440413300
Cu	   2.414139539340	   2.450451833622	  -1.021956285427
Ag	   0.580659492858	  -1.859205272013	   0.148178976571
Ag	   0.771195465912	   0.848303654333	  -0.099850947376
Energy    = -879.949840442432 (-879.949840442432 :    0.000000000000)
Spin(**2) =    0.752395202547
ZPVE      =    0.001977904959
Normal mode eigenvalues : nmode = 9
 -0.000013591   0.000009494   0.000012258   0.000024023   0.000371812
  0.000462788   0.000799279   0.001551760   0.002396293
CONNECTION : 6 - 3

# Geometry of TS 29, SYMMETRY = C2h 
Cu	  -0.131461421441	   0.087765173231	  -0.112562152453
Cu	  -1.611223877041	   1.500761958795	  -1.315524674809
Cu	   1.348291888317	  -1.325210515389	   1.090436330163
Ag	  -1.107276782028	  -2.022733604259	   0.897940500058
Ag	   0.844349019603	   2.198275346779	  -1.123045646306
Energy    = -879.982593624954 (-879.982593624954 :    0.000000000000)
Spin(**2) =    0.753685127468
ZPVE      =    0.002370249398
Normal mode eigenvalues : nmode = 9
 -0.000065446   0.000016663   0.000025831   0.000296815   0.000596390
  0.000774799   0.001129141   0.001330304   0.002880673
CONNECTION : 5 - 5

# Geometry of TS 30, SYMMETRY = C1  
Cu	  -2.991425659294	   2.529395027219	  -0.132492160402
Cu	  -1.558568434733	   0.834944432174	   0.510295244638
Cu	  -0.839355074135	  -1.370249034802	   1.065655265935
Ag	   3.174659002025	  -1.020938171321	  -1.002197692570
Ag	   0.759511497997	  -0.083128142235	  -0.399552643174
Energy    = -879.955739416070 (-879.955739416070 :    0.000000000000)
Spin(**2) =    0.752536927948
ZPVE      =    0.002025072068
Normal mode eigenvalues : nmode = 9
 -0.000014280   0.000005902   0.000010613   0.000017640   0.000347964
  0.000651629   0.000955114   0.001371020   0.002593061
CONNECTION : 4 - 0

# Geometry of TS 31, SYMMETRY = C2v 
Cu	  -2.441620159278	  -0.266284615809	   0.437801127101
Cu	  -1.539973368630	   1.878210162075	   0.021760599659
Cu	   0.774618615848	   2.113546198002	  -0.393608459679
Ag	   1.659966166948	  -2.445843075997	   0.024456474012
Ag	   0.099775871158	  -0.337400540455	   0.022849426381
Energy    = -879.964589272123 (-879.964589272123 :    0.000000000000)
Spin(**2) =    0.754386337800
ZPVE      =    0.002169383473
Normal mode eigenvalues : nmode = 9
 -0.000194714   0.000003734   0.000030920   0.000222402   0.000505091
  0.000570745   0.001138924   0.001705354   0.001716490
CONNECTION : 4 - 4

# Geometry of TS 32, SYMMETRY = C2v 
Cu	  -2.755522250359	  -1.736043790988	  -0.168022314355
Cu	  -0.547410706915	   1.933316239895	  -1.359708709658
Cu	   1.220087679248	  -0.610732530059	   1.474930251545
Ag	  -0.833356174025	  -0.248394932013	  -0.029602892725
Ag	   1.458187896779	   1.529679529129	   0.137602183350
Energy    = -879.956915408645 (-879.956915408645 :    0.000000000000)
Spin(**2) =    0.753052074833
ZPVE      =    0.002185618470
Normal mode eigenvalues : nmode = 9
 -0.000077913   0.000008067   0.000031040   0.000192800   0.000513397
  0.000707273   0.001170484   0.001331715   0.001969287
CONNECTION : 6 - 6

# Geometry of TS 33, SYMMETRY = C1  
Cu	  -0.374183575183	   0.593008436188	   1.005067744152
Cu	  -1.691642874118	   0.836186637427	  -1.029171427022
Cu	   1.534955240678	  -0.849729946204	   0.749779608932
Ag	  -0.802313597334	  -1.657219050949	  -0.082308126705
Ag	   0.850107922749	   1.391408666134	  -1.054434097599
Energy    = -879.978407490418 (-879.978407490418 :    0.000000000000)
Spin(**2) =    0.752448992403
ZPVE      =    0.002354018107
Normal mode eigenvalues : nmode = 9
 -0.000057762   0.000011971   0.000150367   0.000469118   0.000520738
  0.000633867   0.001050122   0.001622201   0.001844792
CONNECTION : 8 - 5

# Geometry of TS 34, SYMMETRY = C1  
Cu	  -3.024087925541	  -0.472508608622	  -0.723097683887
Cu	  -1.634312588888	  -0.324296564921	  -2.535922035336
Cu	   1.485168191499	  -0.138278495749	   1.369833389676
Ag	  -0.465389503250	  -0.319224223090	  -0.187387847119
Ag	   2.180608270910	   2.122132408342	   2.131772694827
Energy    = -879.952412016886 (-879.952412016886 :    0.000000000000)
Spin(**2) =    0.752658126755
ZPVE      =    0.001936162088
Normal mode eigenvalues : nmode = 9
 -0.000084523   0.000001622   0.000002413   0.000024414   0.000147230
  0.000475543   0.001131138   0.001673776   0.002408544
CONNECTION : 4 - 4

# Geometry of TS 35, SYMMETRY = Cs  
Cu	  -1.960064862540	  -0.692016725727	  -0.396420184312
Cu	  -0.647387148392	   1.231489533219	  -0.844137883959
Cu	   1.008137558395	  -2.432055729429	   2.367179701302
Ag	   0.244675010132	  -0.655035830869	   0.826914598473
Ag	  -0.103374112875	   3.415443268766	  -1.898337713348
Energy    = -879.955702181255 (-879.955702181255 :    0.000000000000)
Spin(**2) =    0.752436420586
ZPVE      =    0.002005995141
Normal mode eigenvalues : nmode = 9
 -0.000006551   0.000005886   0.000008347   0.000009800   0.000287484
  0.000647033   0.001071833   0.001528287   0.002364210
CONNECTION : 4 - 5

# Geometry of TS 36, SYMMETRY = C1  
Cu	  -1.443902720756	  -3.545018453027	   0.110415687365
Cu	   0.742659121527	   3.182023286210	  -0.080138320024
Cu	  -0.634599992663	   1.339014889505	  -0.928138898255
Ag	  -0.816788986026	  -1.151793781204	  -0.104568351010
Ag	   0.831853785570	   0.822144542610	   1.010518802972
Energy    = -879.955239357364 (-879.955239357364 :    0.000000000000)
Spin(**2) =    0.754740530017
ZPVE      =    0.002064307288
Normal mode eigenvalues : nmode = 9
 -0.000074272   0.000001200   0.000046492   0.000239413   0.000321715
  0.000360331   0.001134115   0.001596822   0.001791835
CONNECTION : 6 - 3

# Geometry of TS 37, SYMMETRY = Cs  
Cu	  -3.259977847527	   0.078933581616	  -2.135624416748
Cu	  -1.382778141292	   0.129099930339	  -0.786124819810
Cu	   2.276325991230	   0.265714638567	   1.876906468598
Ag	  -0.183212389530	  -0.532751940882	   1.463486746303
Ag	   1.091628831842	   0.926828306315	  -0.363445460188
Energy    = -879.954866349226 (-879.954866349226 :    0.000000000000)
Spin(**2) =    0.754719809299
ZPVE      =    0.001997048700
Normal mode eigenvalues : nmode = 9
 -0.000389610   0.000002649   0.000033149   0.000105867   0.000346803
  0.000403942   0.000878490   0.001312268   0.002329932
CONNECTION : 6 - 6

# Geometry of TS 38, SYMMETRY = C1  
Cu	  -0.516357381069	   0.583750910634	   1.219047323346
Cu	  -2.022264286153	   0.861676815746	  -0.680226860707
Cu	   1.620427943744	  -0.540486759611	   0.938645456421
Ag	  -0.621062871475	  -1.282554103386	  -0.593734080256
Ag	   1.016144530778	   0.761295775762	  -1.230661822469
Energy    = -879.972391266253 (-879.972391266253 :    0.000000000000)
Spin(**2) =    0.753164174534
ZPVE      =    0.002281421444
Normal mode eigenvalues : nmode = 9
 -0.000080373   0.000068667   0.000116428   0.000294693   0.000588221
  0.000684323   0.000775561   0.001559886   0.001665578
CONNECTION : 3 - 8

# Geometry of TS 39, SYMMETRY = Cs  
Cu	   0.631405054279	   3.515354965163	   1.497210664919
Cu	  -1.338859991823	  -0.414667455958	  -0.784110712973
Cu	   0.764006029760	  -1.153987756164	  -0.149264043023
Ag	  -0.814193949361	  -2.930295768721	  -1.220894774122
Ag	   0.234530792959	   1.367278654840	   0.310128881519
Energy    = -879.963111343608 (-879.963111343608 :    0.000000000000)
Spin(**2) =    0.753650449364
ZPVE      =    0.002168655774
Normal mode eigenvalues : nmode = 9
 -0.000034499   0.000001022   0.000047042   0.000291032   0.000322064
  0.000480817   0.001048062   0.001619942   0.002280772
CONNECTION : 5 - 5
