List of Equilibrium Structures

# Geometry of EQ 0, SYMMETRY = Cs  
Cu	  -2.052272000000	  -0.363208000000	  -0.000000000000
Cu	  -2.138723000000	   2.026409000000	   0.000000000000
Cu	   0.000000000000	   0.959237000000	   0.000000000000
Ag	   0.209534000000	  -1.665063000000	  -0.000000000000
Ag	   2.376399000000	   0.046963000000	   0.000000000000
Energy    = -879.998649795047 (-879.998649795047 :    0.000000000000)
Spin(**2) =    0.753622418661
ZPVE      =    0.002580948328
Normal mode eigenvalues : nmode = 9
  0.000037050   0.000063485   0.000277024   0.000329190   0.000562837
  0.000668501   0.001308656   0.001394147   0.002347723

# Geometry of EQ 1, SYMMETRY = C1  
Cu	  -2.301069065884	  -0.315688076693	   0.160687654766
Cu	  -0.761025407639	   1.392104028173	  -0.755148936339
Cu	  -0.228090518043	   0.374125558418	   1.308820107858
Ag	   0.047439995628	  -1.457972590117	  -0.433843638725
Ag	   1.787566327795	   0.897455191255	  -0.238807173125
Energy    = -879.983442830933 (-879.983442830933 :    0.000000000000)
Spin(**2) =    0.752574888912
ZPVE      =    0.002517748350
Normal mode eigenvalues : nmode = 9
  0.000085887   0.000100298   0.000247560   0.000385906   0.000443644
  0.000635081   0.000917888   0.001417833   0.002126748

# Geometry of EQ 2, SYMMETRY = C2v 
Cu	  -1.975109715002	  -0.375330121970	  -0.332591975373
Cu	  -0.886063386111	   1.780943251853	  -0.601943863678
Cu	   0.379249856409	  -0.115955089688	   0.294520886929
Ag	  -0.704745978934	  -2.405886485118	   0.603219054871
Ag	   1.581607223640	   2.120566444917	   0.036795897254
Energy    = -880.003085607867 (-880.003085607867 :    0.000000000000)
Spin(**2) =    0.753737174767
ZPVE      =    0.002609196659
Normal mode eigenvalues : nmode = 9
  0.000041236   0.000053754   0.000247698   0.000410456   0.000498651
  0.000781493   0.001365470   0.001697051   0.001990618

# Geometry of EQ 3, SYMMETRY = C2v 
Cu	  -2.078445553597	  -1.679669794633	  -0.243637221672
Cu	  -0.251377001401	   2.700036040642	   0.123452650887
Cu	  -1.020760160710	   0.449199915818	  -0.049972923050
Ag	   0.474838292630	  -1.706479841411	  -0.020207300822
Ag	   1.554965630730	   0.883284163688	   0.198453715700
Energy    = -879.993851900159 (-879.993851900159 :    0.000000000000)
Spin(**2) =    0.753721733023
ZPVE      =    0.002534999897
Normal mode eigenvalues : nmode = 9
  0.000030542   0.000053882   0.000280881   0.000299520   0.000579815
  0.000803147   0.000990923   0.001305301   0.002450752

# Geometry of EQ 4, SYMMETRY = Cs  
Cu	  -1.614692622345	  -0.927177640156	   0.198446998712
Cu	  -1.525644721391	   1.498345035760	   0.008046719222
Cu	   0.536789115478	   2.710362477236	  -0.224856789874
Ag	   0.403998268688	  -2.518760304924	   0.179774421691
Ag	   0.752317085618	   0.179458559896	  -0.048152182276
Energy    = -879.992098897847 (-879.992098897847 :    0.000000000000)
Spin(**2) =    0.753938306479
ZPVE      =    0.002509987395
Normal mode eigenvalues : nmode = 9
  0.000031590   0.000038415   0.000268098   0.000360030   0.000480188
  0.000801858   0.001299480   0.001491884   0.001785849

# Geometry of EQ 5, SYMMETRY = Cs  
Cu	  -0.946230137009	  -0.078640153335	  -0.174944820509
Cu	  -1.412732811139	   1.964911080752	  -1.304211910681
Cu	   1.295755790454	  -0.712734770383	   0.554756867922
Ag	  -0.642901012243	  -2.314853115951	   1.024436272073
Ag	   1.048786997341	   1.580175318065	  -0.662792052149
Energy    = -879.998383748891 (-879.998383748891 :    0.000000000000)
Spin(**2) =    0.753804473528
ZPVE      =    0.002578428249
Normal mode eigenvalues : nmode = 9
  0.000036974   0.000056764   0.000274388   0.000329478   0.000544708
  0.000795299   0.001216751   0.001434800   0.002260231

# Geometry of EQ 6, SYMMETRY = Cs  
Cu	  -2.658276354093	  -0.690007243832	  -0.884956813118
Cu	  -1.084830487848	   1.061990967682	  -1.304377227291
Cu	   1.657170331513	  -0.280732800450	   1.753896255422
Ag	  -0.557211991553	  -0.684932901381	   0.568776717584
Ag	   1.185134946706	   1.461506493944	  -0.078140414443
Energy    = -879.987619217535 (-879.987619217535 :    0.000000000000)
Spin(**2) =    0.753798731633
ZPVE      =    0.002473506057
Normal mode eigenvalues : nmode = 9
  0.000028537   0.000039244   0.000231938   0.000323281   0.000604632
  0.000782669   0.001069822   0.001414614   0.001893403

# Geometry of EQ 7, SYMMETRY = C2v 
Cu	  -0.432196235209	   0.624079935307	   1.081816189953
Cu	  -1.070870699387	   0.326169362088	  -1.187717638963
Cu	   1.183289510206	  -0.712364481463	  -0.038241947310
Ag	  -1.206286558929	  -1.787593235713	   0.422861471180
Ag	   1.042987100113	   1.863363162374	  -0.689784373095
Energy    = -879.986985249674 (-879.986985249674 :    0.000000000000)
Spin(**2) =    0.753025608195
ZPVE      =    0.002557065222
Normal mode eigenvalues : nmode = 9
  0.000131034   0.000147557   0.000317588   0.000403749   0.000448420
  0.000562077   0.000880292   0.001239898   0.002216015

# Geometry of EQ 8, SYMMETRY = C2v 
Cu	  -0.432238534553	   0.617878799077	   1.066788236441
Cu	  -1.799232698331	   0.831151206332	  -0.947385332180
Cu	   1.603344922823	  -0.699448115795	   0.762671820863
Ag	  -0.765938449281	  -1.542646152799	  -0.202755422717
Ag	   0.870952695160	   1.176746902337	  -1.026249286082
Energy    = -879.978933644268 (-879.978933644268 :    0.000000000000)
Spin(**2) =    0.751939477597
ZPVE      =    0.002448851811
Normal mode eigenvalues : nmode = 9
  0.000059160   0.000145337   0.000228450   0.000246967   0.000376486
  0.000699857   0.000963064   0.001454935   0.001892005
