List of Equilibrium Structures

# Geometry of EQ 0, SYMMETRY = Cs  
Ag	   0.290632000000	  -1.746112000000	  -0.000000000000
Ag	   2.478275000000	  -0.066890000000	   0.000000000000
Ag	  -0.000000000000	   1.066331000000	   0.000000000000
Cu	  -2.037873000000	  -0.574116000000	  -0.000000000000
Cu	  -2.449666000000	   1.784238000000	   0.000000000000
Energy    = -829.593522351290 (-829.593522351290 :    0.000000000000)
Spin(**2) =    0.753394233148
ZPVE      =    0.002332541098
Normal mode eigenvalues : nmode = 9
  0.000027291   0.000039706   0.000231455   0.000273606   0.000467610
  0.000642286   0.001044260   0.001140317   0.001835769

# Geometry of EQ 1, SYMMETRY = Cs  
Ag	   0.295267780890	  -2.586488706570	  -0.032564469523
Ag	   1.667091924157	  -0.207155617985	  -0.009830532180
Ag	   0.035287478803	   2.075014559898	   0.021222804664
Cu	  -0.949079217837	  -0.358800814664	  -0.002800945613
Cu	  -2.458296840853	   1.489818693151	   0.022550060412
Energy    = -829.599419187864 (-829.599419187864 :    0.000000000000)
Spin(**2) =    0.753354454290
ZPVE      =    0.002393724897
Normal mode eigenvalues : nmode = 9
  0.000027159   0.000061140   0.000235569   0.000278345   0.000491400
  0.000650288   0.000940219   0.001154204   0.002212213

# Geometry of EQ 2, SYMMETRY = C2v 
Ag	   0.655361135389	  -1.746018611655	  -0.053085304568
Ag	   1.567833380673	   0.898010514487	   0.198478189881
Ag	  -1.190917099100	   0.381702989609	  -0.043056968312
Cu	  -1.877750897619	  -2.063458319477	  -0.263612896577
Cu	  -0.224011227139	   2.728686340286	   0.191978782060
Energy    = -829.588952275352 (-829.588952275352 :    0.000000000000)
Spin(**2) =    0.753351426000
ZPVE      =    0.002297231753
Normal mode eigenvalues : nmode = 9
  0.000027417   0.000031227   0.000231050   0.000242659   0.000572393
  0.000713875   0.000743721   0.001249599   0.001705343

# Geometry of EQ 3, SYMMETRY = Cs  
Ag	  -0.590299799751	  -2.148025322461	   0.223893894971
Ag	   1.431116443719	  -0.085211269826	   0.443691462979
Ag	  -0.108945748932	   2.290756060049	  -0.165258379423
Cu	  -0.416170074046	  -0.038148222076	  -1.301961323050
Cu	  -1.512668726397	   0.262530048457	   0.771436927848
Energy    = -829.586925803598 (-829.586925803598 :    0.000000000000)
Spin(**2) =    0.752509943425
ZPVE      =    0.002375441709
Normal mode eigenvalues : nmode = 9
  0.000085082   0.000126623   0.000137856   0.000320721   0.000424080
  0.000506034   0.000889365   0.001213508   0.002022104

# Geometry of EQ 4, SYMMETRY = Cs  
Ag	  -1.842775901355	  -2.152477249199	  -0.099629268839
Ag	   2.270380837885	   0.812323031936	  -0.621884391394
Ag	   0.001883790158	   1.988586839676	   0.419875438898
Cu	   0.134347929272	  -0.540251350049	  -0.300360417466
Cu	  -1.973565530798	   0.304206841467	   0.600575556561
Energy    = -829.603982879657 (-829.603982879657 :    0.000000000000)
Spin(**2) =    0.753310657141
ZPVE      =    0.002430207449
Normal mode eigenvalues : nmode = 9
  0.000033881   0.000055891   0.000223545   0.000312154   0.000469165
  0.000586402   0.001168461   0.001365264   0.001988513

# Geometry of EQ 5, SYMMETRY = C2v 
Ag	   0.694354939314	  -2.528187729132	  -0.249121104148
Ag	   0.671895107937	   0.197322753013	  -0.115567590038
Ag	   0.174452868299	   2.873754401111	   0.074059517105
Cu	  -1.513510182234	  -1.247350703384	   0.072497413253
Cu	  -1.745824733308	   1.167912278387	   0.218131763833
Energy    = -829.597814707422 (-829.597814707422 :    0.000000000000)
Spin(**2) =    0.753598019068
ZPVE      =    0.002360295841
Normal mode eigenvalues : nmode = 9
  0.000026564   0.000035491   0.000222466   0.000361558   0.000374816
  0.000658202   0.001248163   0.001381586   0.001520303

# Geometry of EQ 6, SYMMETRY = Cs  
Ag	   0.426601985555	  -0.856308281583	  -0.011857926766
Ag	   2.459669824621	   0.955428474727	   0.250558303612
Ag	  -2.156416374113	   0.319595742066	  -0.145426670853
Cu	  -1.709305581111	  -2.211523196290	  -0.255018048536
Cu	   0.023570231696	   1.721675116112	   0.104058353833
Energy    = -829.593425264067 (-829.593425264067 :    0.000000000000)
Spin(**2) =    0.753579248286
ZPVE      =    0.002336941722
Normal mode eigenvalues : nmode = 9
  0.000030185   0.000034834   0.000210060   0.000289184   0.000443220
  0.000712905   0.001091659   0.001294178   0.001591206

# Geometry of EQ 7, SYMMETRY = Cs  
Ag	   0.526762566231	  -1.910011500241	   0.437402379714
Ag	   0.846472919580	   0.418195251128	  -1.263295049179
Ag	  -0.579047084032	   0.454911337678	   1.701761349667
Cu	  -1.395873392442	  -0.471849755603	  -0.504858504349
Cu	  -1.145733647003	   1.977632994842	  -0.414959380065
Energy    = -829.583023698056 (-829.583023698056 :    0.000000000000)
Spin(**2) =    0.752046574476
ZPVE      =    0.002310817943
Normal mode eigenvalues : nmode = 9
  0.000053693   0.000077035   0.000181924   0.000268518   0.000324575
  0.000580098   0.000959760   0.001294674   0.001787641
