List of Transition Structures

# Geometry of TS 0, SYMMETRY = C2  
Ag	   0.048644571106	  -1.310996913004	  -0.240098130387
Ag	   2.522402947404	  -0.169381823302	  -0.001484999856
Ag	   0.297050817862	   1.402028864453	   0.239815621684
Cu	  -2.396749483416	  -0.860487112080	   0.304761570167
Cu	  -2.189980852960	   1.402287983935	  -0.302994061609
Energy    = -829.584453476304 (-829.584453476304 :    0.000000000000)
Spin(**2) =    0.753957210005
ZPVE      =    0.002199276204
Normal mode eigenvalues : nmode = 9
 -0.000110515   0.000017945   0.000029895   0.000364262   0.000398473
  0.000876274   0.001097645   0.001298874   0.001621982
CONNECTION : 0 - 0

# Geometry of TS 1, SYMMETRY = Cs  
Ag	   0.289259094586	  -2.149543646129	  -0.027458566182
Ag	   2.147057690068	  -0.159990555364	  -0.010904334252
Ag	   0.003301139478	   1.517818884380	   0.015068607678
Cu	  -1.616220666931	  -0.471429385168	  -0.002316855531
Cu	  -2.542029257198	   1.726595702279	   0.025611148283
Energy    = -829.587959858635 (-829.587959858635 :    0.000000000000)
Spin(**2) =    0.753800443447
ZPVE      =    0.002207888706
Normal mode eigenvalues : nmode = 9
 -0.000089767   0.000002832   0.000041693   0.000424981   0.000604647
  0.000685065   0.000868008   0.001125173   0.002116838
CONNECTION : 1 - 0

# Geometry of TS 2, SYMMETRY = Cs  
Ag	   0.584804658429	  -1.906336785440	  -0.070236685941
Ag	   2.065335438747	   0.374540768114	   0.200227740164
Ag	  -0.689159927521	   0.687062360370	   0.015876495957
Cu	  -1.913202113713	  -1.562718233885	  -0.231357027068
Cu	  -1.766410055942	   2.870902890835	   0.085489476885
Energy    = -829.562250515458 (-829.562250515458 :    0.000000000000)
Spin(**2) =    0.752528010682
ZPVE      =    0.002021086218
Normal mode eigenvalues : nmode = 9
 -0.000093706   0.000007833   0.000031332   0.000190137   0.000325265
  0.000613467   0.000784107   0.001281649   0.001917661
CONNECTION : 0 - 2

# Geometry of TS 3, SYMMETRY = C1  
Ag	  -0.361076184682	  -2.267866565524	   0.171939520579
Ag	   1.426562637538	  -0.142223434585	   0.419228557178
Ag	  -0.029884670632	   2.280724818293	  -0.127096792536
Cu	  -0.598516987436	  -0.114420706089	  -1.148547868480
Cu	  -1.846813669627	   0.656174001739	   0.683053501019
Energy    = -829.583477801499 (-829.583477801499 :    0.000000000000)
Spin(**2) =    0.752907311098
ZPVE      =    0.002274667093
Normal mode eigenvalues : nmode = 9
 -0.000105241   0.000017090   0.000161875   0.000327364   0.000397746
  0.000702348   0.000965272   0.001433804   0.001927661
CONNECTION : 1 - 3

# Geometry of TS 4, SYMMETRY = C2v 
Ag	  -0.126067842556	  -2.287794714578	   0.052793844389
Ag	   1.799279658228	  -0.355422619382	  -0.021200942014
Ag	   0.814802344315	   2.189246664393	  -0.064085763177
Cu	  -0.832599411438	   0.198375257196	   0.003976276737
Cu	  -3.065143623385	   0.667983526206	   0.027093501819
Energy    = -829.573800550993 (-829.573800550993 :    0.000000000000)
Spin(**2) =    0.751879726565
ZPVE      =    0.002082032760
Normal mode eigenvalues : nmode = 9
 -0.000198530   0.000003395   0.000039458   0.000219450   0.000269865
  0.000573782   0.000814835   0.001196376   0.002635054
CONNECTION : 1 - 1

# Geometry of TS 5, SYMMETRY = C1  
Ag	  -0.660541980994	  -2.894617072976	  -0.015823792939
Ag	   2.003019641375	   0.546681848488	   0.194482465960
Ag	  -0.113679133887	   2.261043580410	  -0.052552584496
Cu	  -0.357899763203	  -0.463380609268	  -0.119409583089
Cu	  -2.280627638131	   0.962660367170	  -0.008119587677
Energy    = -829.576070125892 (-829.576070125892 :    0.000000000000)
Spin(**2) =    0.753052223543
ZPVE      =    0.002096016808
Normal mode eigenvalues : nmode = 9
 -0.000296529   0.000006891   0.000033288   0.000172635   0.000354306
  0.000543648   0.000917325   0.001478003   0.002169240
CONNECTION : 1 - 4

# Geometry of TS 6, SYMMETRY = C1  
Ag	  -0.562206123162	  -2.311088002391	   0.135123210254
Ag	   2.769989064792	   1.139941666937	  -0.032349184824
Ag	   0.271486806061	   0.341464184399	  -0.013551849892
Cu	  -2.347111300456	  -0.503497988023	   0.010543364387
Cu	  -1.850790447234	   1.796631139076	  -0.099765539928
Energy    = -829.569504826052 (-829.569504826052 :    0.000000000000)
Spin(**2) =    0.753773688542
ZPVE      =    0.001929474802
Normal mode eigenvalues : nmode = 9
 -0.000899835   0.000003459   0.000029654   0.000203875   0.000262660
  0.000380805   0.000939195   0.001288323   0.001674019
CONNECTION : 5 - 0

# Geometry of TS 7, SYMMETRY = Cs  
Ag	  -2.296265339385	  -3.096442525194	   0.428465912672
Ag	   2.878913139777	   2.122582814020	  -0.470099630732
Ag	   0.756368148902	   0.555387845112	  -0.139400567089
Cu	  -1.538711447226	  -0.745199855766	   0.179652426614
Cu	  -1.518936502068	   1.627122721819	   0.001381858533
Energy    = -829.566054932018 (-829.566054932018 :    0.000000000000)
Spin(**2) =    0.752166973796
ZPVE      =    0.001914277128
Normal mode eigenvalues : nmode = 9
 -0.000011973   0.000004837   0.000007550   0.000010305   0.000296876
  0.000577595   0.000932970   0.001229627   0.002345503
CONNECTION : 5 - 4

# Geometry of TS 8, SYMMETRY = C1  
Ag	   0.523503978258	  -1.325693096532	   0.069068358164
Ag	   2.005401945702	   0.978413559123	   0.098821063943
Ag	  -1.636520589599	   0.379268236705	  -0.202176697631
Cu	  -1.854011321969	  -2.168532647955	  -0.287482499487
Cu	  -0.107858720201	   2.335466861910	   0.352471577494
Energy    = -829.582311655260 (-829.582311655260 :    0.000000000000)
Spin(**2) =    0.753785709248
ZPVE      =    0.002166222678
Normal mode eigenvalues : nmode = 9
 -0.000090826   0.000005305   0.000032816   0.000432541   0.000497011
  0.000733309   0.001080774   0.001147817   0.001601421
CONNECTION : 2 - 6

# Geometry of TS 9, SYMMETRY = C1  
Ag	   0.583670407402	  -1.936933598549	   0.338757378914
Ag	   0.859911825294	   0.359756524251	  -1.293939395013
Ag	  -0.690587939969	   0.548038750110	   1.768158727749
Cu	  -1.370042768370	  -0.483150847949	  -0.432691857113
Cu	  -1.101583524355	   1.975740172140	  -0.380284854533
Energy    = -829.582797506097 (-829.582797506097 :    0.000000000000)
Spin(**2) =    0.752224254679
ZPVE      =    0.002265088082
Normal mode eigenvalues : nmode = 9
 -0.000060513   0.000040082   0.000228441   0.000281299   0.000414521
  0.000603532   0.001008064   0.001364207   0.001729575
CONNECTION : 7 - 4

# Geometry of TS 10, SYMMETRY = C1  
Ag	   0.265814958613	  -2.101737372611	   0.393609438505
Ag	   1.042514383371	   0.742688295745	  -0.895818300352
Ag	  -0.184343037652	   0.374135977609	   1.489663593769
Cu	  -1.585649424533	  -0.484401880049	  -0.487943036340
Cu	  -1.256968879803	   1.932765979312	  -0.499511695578
Energy    = -829.576972867862 (-829.576972867862 :    0.000000000000)
Spin(**2) =    0.753100396580
ZPVE      =    0.002183354389
Normal mode eigenvalues : nmode = 9
 -0.000058018   0.000111499   0.000160440   0.000233635   0.000477266
  0.000591848   0.000673482   0.001279819   0.001602131
CONNECTION : 7 - 5

# Geometry of TS 11, SYMMETRY = C1  
Ag	   0.799189799847	  -0.632097127220	   0.155802117359
Ag	   3.293399812398	  -1.602976296517	   0.119492721209
Ag	  -0.754995522466	   1.530321573451	  -0.730448731864
Cu	  -1.773799228800	  -0.317613613093	   0.573964320329
Cu	  -3.282426860979	   1.485816463377	  -0.118810427041
Energy    = -829.566113568435 (-829.566113568435 :    0.000000000000)
Spin(**2) =    0.753981990491
ZPVE      =    0.001973636656
Normal mode eigenvalues : nmode = 9
 -0.000056193   0.000002756   0.000050112   0.000220851   0.000292793
  0.000314853   0.000900355   0.001412565   0.001804935
CONNECTION : 1 - 0

# Geometry of TS 12, SYMMETRY = C2v 
Ag	   1.183228121995	  -2.102431112843	   0.219039254799
Ag	   2.308327522547	   0.409894850358	   0.254975649665
Ag	  -0.379175179442	   0.108932323674	  -0.004281332821
Cu	  -2.901939356242	  -0.063879038074	  -0.252133542983
Cu	  -1.929073108863	   2.110933976883	  -0.217600028652
Energy    = -829.575596954913 (-829.575596954913 :    0.000000000000)
Spin(**2) =    0.752855176513
ZPVE      =    0.002143251499
Normal mode eigenvalues : nmode = 9
 -0.000021401   0.000023804   0.000024475   0.000295689   0.000464699
  0.000622677   0.000806414   0.001221848   0.002127897
CONNECTION : 0 - 0

# Geometry of TS 13, SYMMETRY = C1  
Ag	   3.077068871708	  -2.271932259420	   1.504942013702
Ag	   1.771314756674	  -0.358529340150	   0.186821445209
Ag	  -0.723754623166	   0.535444845831	  -0.286624305648
Cu	  -2.988698275377	   0.574800691951	  -1.602107064855
Cu	  -2.854562729836	   1.983667061790	   0.196967911590
Energy    = -829.554921696998 (-829.554921696998 :    0.000000000000)
Spin(**2) =    0.753023578563
ZPVE      =    0.001778347240
Normal mode eigenvalues : nmode = 9
 -0.000015006   0.000000513   0.000002681   0.000020106   0.000237590
  0.000294204   0.000819211   0.001212158   0.002402207
CONNECTION : 0 - 0

# Geometry of TS 14, SYMMETRY = Cs  
Ag	   1.174010582835	  -2.458861000321	  -0.171888676198
Ag	   1.169054540043	   0.278727667387	  -0.016435651146
Ag	  -2.280810634874	   1.063245110249	   0.113019816672
Cu	  -0.983747186871	  -1.117975290958	  -0.039777738911
Cu	  -0.147992008928	   2.433786426890	   0.145784052068
Energy    = -829.589664353570 (-829.589664353570 :    0.000000000000)
Spin(**2) =    0.754092912252
ZPVE      =    0.002225462395
Normal mode eigenvalues : nmode = 9
 -0.000103833   0.000002461   0.000039081   0.000336579   0.000502201
  0.000964425   0.001096212   0.001236815   0.001774501
CONNECTION : 4 - 6

# Geometry of TS 15, SYMMETRY = C1  
Ag	   0.463601863861	  -2.664411558716	  -0.070288950797
Ag	   1.181370234249	  -0.037587089289	   0.145023415919
Ag	   0.214930071603	   2.483315760111	  -0.224141376875
Cu	  -1.257562575466	  -0.778162535554	  -0.177018490384
Cu	  -2.012068469088	   1.409233537276	   0.325002319894
Energy    = -829.589937962943 (-829.589937962943 :    0.000000000000)
Spin(**2) =    0.754079341473
ZPVE      =    0.002250367166
Normal mode eigenvalues : nmode = 9
 -0.000108300   0.000012411   0.000043196   0.000348363   0.000513765
  0.000802856   0.001135310   0.001176265   0.001972100
CONNECTION : 1 - 5

# Geometry of TS 16, SYMMETRY = Cs  
Ag	  -1.151314308072	  -1.242591223522	   0.166185274123
Ag	   0.556321633745	   1.018772701633	  -0.113828303396
Ag	   2.093238854062	   3.171421085291	  -0.383451450174
Cu	  -0.950629698184	  -3.685276505173	   0.515898641309
Cu	  -1.957345356376	   1.150062055602	  -0.186227244099
Energy    = -829.555259463867 (-829.555259463867 :    0.000000000000)
Spin(**2) =    0.752731032531
ZPVE      =    0.001827580177
Normal mode eigenvalues : nmode = 9
 -0.000004020   0.000004618   0.000006134   0.000010316   0.000216206
  0.000623067   0.000897246   0.001301263   0.001808651
CONNECTION : 6 - 0

# Geometry of TS 17, SYMMETRY = C1  
Ag	   1.369803263584	  -2.840519259241	  -0.336698971751
Ag	   1.021396376884	  -0.331637797073	   0.833643751008
Ag	  -1.113869197752	   1.260337517175	  -0.016613528583
Cu	  -0.529085506416	  -1.140342923645	  -0.929838292031
Cu	  -2.157973811133	   3.464550576607	   0.448083959120
Energy    = -829.562316787985 (-829.562316787985 :    0.000000000000)
Spin(**2) =    0.753911448969
ZPVE      =    0.001951029008
Normal mode eigenvalues : nmode = 9
 -0.000045874   0.000001405   0.000038227   0.000190145   0.000275918
  0.000330592   0.000916357   0.001499386   0.001735193
CONNECTION : 6 - 1

# Geometry of TS 18, SYMMETRY = C1  
Ag	   1.105023306780	  -2.953921837497	  -0.488807706820
Ag	   0.313312799075	  -0.459594454202	  -0.532287207773
Ag	   0.242671248899	   2.344991372226	   0.075660083876
Cu	  -0.981850910606	   0.542351590665	   1.474748183095
Cu	  -2.088885318996	   0.938561442636	  -0.530736434612
Energy    = -829.562420299497 (-829.562420299497 :    0.000000000000)
Spin(**2) =    0.755014061820
ZPVE      =    0.001944275308
Normal mode eigenvalues : nmode = 9
 -0.000065426   0.000005578   0.000015509   0.000151666   0.000239885
  0.000547502   0.000657250   0.001321701   0.002164901
CONNECTION : 5 - 5

# Geometry of TS 19, SYMMETRY = Cs  
Ag	  -1.361370259882	  -1.962777164581	  -0.402155909894
Ag	   2.571560348855	  -0.092020722817	  -0.942392190960
Ag	  -0.726118663624	   2.265642376970	   0.738771686484
Cu	   0.276295289723	   0.020934983310	  -0.082978338477
Cu	  -2.170095589910	   0.180608640952	   0.687331670606
Energy    = -829.580353620792 (-829.580353620792 :    0.000000000000)
Spin(**2) =    0.752834834395
ZPVE      =    0.002033928452
Normal mode eigenvalues : nmode = 9
 -0.001715722   0.000006547   0.000042641   0.000204076   0.000306350
  0.000418969   0.000942782   0.001231698   0.002165247
CONNECTION : 4 - 4

# Geometry of TS 20, SYMMETRY = C1  
Ag	  -1.092022957961	  -2.057968130802	  -0.431973266503
Ag	   1.170214419025	   0.248649667896	  -1.143275523867
Ag	   0.087416144940	   2.204776628316	   0.564242578318
Cu	   0.167576746926	  -0.415458027661	   1.072475041239
Cu	  -1.742913227766	   0.432387976083	  -0.062891911429
Energy    = -829.586203523307 (-829.586203523307 :    0.000000000000)
Spin(**2) =    0.752802328346
ZPVE      =    0.002321841369
Normal mode eigenvalues : nmode = 9
 -0.000064188   0.000050243   0.000229724   0.000271989   0.000515800
  0.000605757   0.001002000   0.001343332   0.001926975
CONNECTION : 4 - 3

# Geometry of TS 21, SYMMETRY = C2  
Ag	  -1.983946985869	  -2.149612116027	  -0.011620482173
Ag	   1.857904302553	   0.915372264286	  -0.649575674340
Ag	  -0.048291946209	   2.362131138457	   0.664955367986
Cu	   0.288668318092	  -1.046994849044	  -0.366734737554
Cu	  -1.524062563401	   0.331491676159	   0.361552443845
Energy    = -829.595746082737 (-829.595746082737 :    0.000000000000)
Spin(**2) =    0.753823875410
ZPVE      =    0.002294295981
Normal mode eigenvalues : nmode = 9
 -0.000116457   0.000006129   0.000051279   0.000336771   0.000521845
  0.000675828   0.001226562   0.001434917   0.002132620
CONNECTION : 4 - 4

# Geometry of TS 22, SYMMETRY = Cs  
Ag	  -0.184967429425	  -2.453197836262	   0.050293624420
Ag	   2.051442505648	  -0.851971790175	   0.086199898343
Ag	  -0.477241822055	   2.613218088016	  -0.056707582210
Cu	  -0.316448574379	   0.073882588903	   0.000521507741
Cu	  -2.482513554628	   1.030457063346	  -0.081730530531
Energy    = -829.587925018402 (-829.587925018402 :    0.000000000000)
Spin(**2) =    0.753111241647
ZPVE      =    0.002232225847
Normal mode eigenvalues : nmode = 9
 -0.000049102   0.000022037   0.000025754   0.000256767   0.000476944
  0.000604872   0.001033241   0.001191742   0.002674874
CONNECTION : 1 - 4

# Geometry of TS 23, SYMMETRY = C2v 
Ag	   0.384311239603	  -1.346581479725	  -0.741552587951
Ag	   0.387519991936	   1.351893668479	   0.057435091464
Ag	  -1.677609382435	  -0.457052954172	   0.676485000943
Cu	  -1.586533574415	  -2.950609624948	  -0.114057015244
Cu	   1.422827017513	   3.601273303617	   0.152391313266
Energy    = -829.554869338204 (-829.554869338204 :    0.000000000000)
Spin(**2) =    0.754663093938
ZPVE      =    0.001839871599
Normal mode eigenvalues : nmode = 9
 -0.000155218   0.000002692   0.000034258   0.000107616   0.000274537
  0.000298341   0.000872582   0.001329900   0.001551660
CONNECTION : 2 - 2

# Geometry of TS 24, SYMMETRY = Cs  
Ag	   0.177032413659	  -1.341934588176	  -0.455745082560
Ag	   2.882096112434	  -0.800080928116	   0.052522188018
Ag	   0.823316993200	   1.049699293474	   0.508888696004
Cu	  -1.690986379648	   0.457605588613	  -0.001893895593
Cu	  -3.910091139644	   1.098161634198	  -0.103771905870
Energy    = -829.562226049597 (-829.562226049597 :    0.000000000000)
Spin(**2) =    0.753766983524
ZPVE      =    0.001890897458
Normal mode eigenvalues : nmode = 9
 -0.000167649   0.000000885   0.000028492   0.000102999   0.000295507
  0.000367062   0.000701085   0.001147386   0.002336487
CONNECTION : 0 - 0

# Geometry of TS 25, SYMMETRY = C1  
Ag	  -0.344024979866	  -1.185761941750	  -0.260393905368
Ag	   1.620069683562	   0.535843895861	  -1.031328129012
Ag	  -1.720461986070	   3.291309408504	   1.194885533100
Cu	  -0.627304809304	  -3.643477589412	  -0.238474843304
Cu	  -0.338006783156	   1.414474340626	   0.333888262339
Energy    = -829.560042844766 (-829.560042844766 :    0.000000000000)
Spin(**2) =    0.752088672737
ZPVE      =    0.001842746277
Normal mode eigenvalues : nmode = 9
 -0.000010025   0.000004549   0.000007748   0.000013139   0.000279702
  0.000461322   0.000709083   0.001488149   0.002061543
CONNECTION : 1 - 6

# Geometry of TS 26, SYMMETRY = C2h 
Ag	   0.025973036995	  -2.481113077414	   0.796697758941
Ag	  -0.343733123051	   0.092693282761	  -0.000011794108
Ag	  -0.711281316559	   2.666720449937	  -0.796989628048
Cu	  -0.383969225213	  -1.841573277832	  -1.647121613061
Cu	  -0.305621372176	   2.026723622531	   1.647425276283
Energy    = -829.575334975768 (-829.575334975768 :    0.000000000000)
Spin(**2) =    0.753023341418
ZPVE      =    0.002148150703
Normal mode eigenvalues : nmode = 9
 -0.000019234   0.000019678   0.000026884   0.000282255   0.000574760
  0.000671236   0.000727362   0.001282793   0.001966248
CONNECTION : 6 - 6

# Geometry of TS 27, SYMMETRY = C2v 
Ag	  -2.789726730935	  -2.083909675293	   0.427056442217
Ag	   2.734688997461	   2.684515606544	  -0.520971823086
Ag	   0.722044134982	   0.951499088397	  -0.168384649018
Cu	  -0.298935785310	  -1.336834237016	   0.582282780382
Cu	  -1.777799491040	   0.197117331193	  -0.321405832736
Energy    = -829.574087439441 (-829.574087439441 :    0.000000000000)
Spin(**2) =    0.752975452234
ZPVE      =    0.002079804805
Normal mode eigenvalues : nmode = 9
 -0.000022070   0.000001349   0.000050256   0.000260380   0.000289918
  0.000474131   0.000818536   0.001424452   0.002309317
CONNECTION : 4 - 4

# Geometry of TS 28, SYMMETRY = C1  
Ag	   2.569816676709	  -2.179684405447	  -1.050764628031
Ag	   0.655961862430	  -0.532556035828	  -0.207291267437
Ag	   0.450717735782	   2.171462714157	  -0.013099078906
Cu	  -3.751639344757	   0.277206573580	   1.048748962089
Cu	  -1.643488930155	   0.727022153541	   0.222406012290
Energy    = -829.560320249154 (-829.560320249154 :    0.000000000000)
Spin(**2) =    0.752062131624
ZPVE      =    0.001860099946
Normal mode eigenvalues : nmode = 9
 -0.000009592   0.000007161   0.000008837   0.000016504   0.000337962
  0.000421391   0.000729254   0.001162062   0.002412627
CONNECTION : 1 - 0

# Geometry of TS 29, SYMMETRY = Cs  
Ag	  -2.641697426762	  -1.963513267316	  -0.285335334726
Ag	   1.489193586378	   0.568103838582	  -1.253654799396
Ag	  -0.120679852404	   2.125678029443	   0.859214538669
Cu	   0.880244650151	  -0.183946087453	   1.080949765718
Cu	  -1.016789832192	  -0.133934399425	  -0.402597252506
Energy    = -829.570613208138 (-829.570613208138 :    0.000000000000)
Spin(**2) =    0.754196533082
ZPVE      =    0.002082673120
Normal mode eigenvalues : nmode = 9
 -0.000038104   0.000005220   0.000072818   0.000087105   0.000244821
  0.000760949   0.000796790   0.001489705   0.002268963
CONNECTION : 4 - 4

# Geometry of TS 30, SYMMETRY = C2v 
Ag	  -3.522427872419	  -1.650406617014	  -1.017057882799
Ag	   1.148738630977	  -0.021850331355	  -0.788904211017
Ag	  -0.083453898150	   1.058108881760	   1.299491403788
Cu	   2.452268059331	   1.544072089040	   0.857628156199
Cu	  -1.404853794576	  -0.517535908598	  -0.352580548415
Energy    = -829.565115904941 (-829.565115904941 :    0.000000000000)
Spin(**2) =    0.753969414050
ZPVE      =    0.001900439752
Normal mode eigenvalues : nmode = 9
 -0.000438164   0.000004087   0.000042550   0.000081688   0.000269821
  0.000385238   0.000820461   0.001325356   0.001900448
CONNECTION : 6 - 6

# Geometry of TS 31, SYMMETRY = Cs  
Ag	   0.616438579529	  -0.992596488894	   0.715102020423
Ag	  -0.048128839519	   0.172172544541	  -1.586768962561
Ag	   0.967049154441	   1.851093853047	   0.510592474885
Cu	  -1.833991255220	  -1.381847968663	  -0.315135419100
Cu	  -1.419999639225	   0.814629059962	   0.676209886365
Energy    = -829.576446222398 (-829.576446222398 :    0.000000000000)
Spin(**2) =    0.753089335506
ZPVE      =    0.002100471810
Normal mode eigenvalues : nmode = 9
 -0.000245556   0.000031757   0.000185870   0.000214922   0.000384071
  0.000498762   0.000827722   0.001216885   0.001587773
CONNECTION : 7 - 7

# Geometry of TS 32, SYMMETRY = C2v 
Ag	   0.478629431948	  -0.036091452254	   0.020957093248
Ag	   3.096466027712	  -0.125595484269	   0.164509015360
Ag	  -2.468118629496	   0.063205026077	  -0.135899489093
Cu	  -1.078945536681	  -2.026740579698	  -0.452654828313
Cu	  -0.983911206839	   2.054090345173	   0.345402220089
Energy    = -829.564929767718 (-829.564929767718 :    0.000000000000)
Spin(**2) =    0.754109595333
ZPVE      =    0.002022613932
Normal mode eigenvalues : nmode = 9
 -0.000097713   0.000003026   0.000022657   0.000141053   0.000486250
  0.000616188   0.001027894   0.001306028   0.001541513
CONNECTION : 6 - 6

# Geometry of TS 33, SYMMETRY = C2v 
Ag	  -0.320391247648	  -0.692457147006	  -0.048177193718
Ag	   2.201067764288	   0.435420216797	   0.318931463485
Ag	  -2.244850912030	   1.313082118120	  -0.246143176229
Cu	  -0.776315886361	  -3.084972333583	  -0.176966482021
Cu	   0.184610368394	   1.957795000704	   0.094669399775
Energy    = -829.566922570457 (-829.566922570457 :    0.000000000000)
Spin(**2) =    0.752193945892
ZPVE      =    0.002022126043
Normal mode eigenvalues : nmode = 9
 -0.000157340   0.000008582   0.000036699   0.000236976   0.000274670
  0.000445972   0.000972881   0.001292762   0.001888063
CONNECTION : 6 - 6

# Geometry of TS 34, SYMMETRY = C2v 
Ag	  -0.198755474489	  -0.028872803207	   0.053263463870
Ag	   1.875899681455	   1.575978068856	  -0.745404863799
Ag	  -1.951797745862	  -1.059571085880	  -1.785712452347
Cu	  -2.126297405406	  -1.509706305397	   0.724610137440
Cu	   1.445071030947	   0.951039980661	   1.695557726122
Energy    = -829.575832017089 (-829.575832017089 :    0.000000000000)
Spin(**2) =    0.752933870111
ZPVE      =    0.002158703036
Normal mode eigenvalues : nmode = 9
 -0.000015470   0.000023720   0.000025489   0.000281581   0.000480196
  0.000730653   0.000771377   0.001297642   0.002015403
CONNECTION : 2 - 5

# Geometry of TS 35, SYMMETRY = Cs  
Ag	  -0.231618046251	  -3.692924353282	  -0.224059762874
Ag	   0.908708782670	   0.939187556477	   0.398914907893
Ag	  -0.422003787509	   3.388972094837	   0.204997045274
Cu	  -0.488418405971	  -1.213742761425	  -0.132402930517
Cu	  -1.485300542929	   1.041958463387	  -0.247449259769
Energy    = -829.573019737634 (-829.573019737634 :    0.000000000000)
Spin(**2) =    0.753212527908
ZPVE      =    0.002026104085
Normal mode eigenvalues : nmode = 9
 -0.000084107   0.000002701   0.000047347   0.000175280   0.000257213
  0.000437500   0.000837192   0.001561412   0.002101608
CONNECTION : 4 - 5

# Geometry of TS 36, SYMMETRY = C2v 
Ag	  -0.558893406524	  -2.173040787408	   0.151455401159
Ag	   1.334124745787	  -0.067469087770	   0.591634309133
Ag	  -0.066597191032	   2.297364720301	  -0.218482689691
Cu	  -0.551843881089	  -0.021481125051	  -1.361049071551
Cu	  -1.353758172550	   0.246527574073	   0.808244634276
Energy    = -829.586028624541 (-829.586028624541 :    0.000000000000)
Spin(**2) =    0.752895598649
ZPVE      =    0.002245818625
Normal mode eigenvalues : nmode = 9
 -0.000256240   0.000125328   0.000248015   0.000257027   0.000340683
  0.000409211   0.000763151   0.001210803   0.002274140
CONNECTION : 3 - 3
