List of Transition Structures

# Geometry of TS 0, SYMMETRY = C2v 
Ag	   0.031360622566	   1.619323265558	  -1.912303679039
Ag	  -0.061952287883	   2.409982063785	   0.684607464881
Ag	  -0.041199509121	  -0.190646882698	   1.499629691072
Ag	   0.050069477198	  -0.993943239881	  -1.138753989095
Ag	   0.021721697236	  -2.844715206765	   0.866818512182
Energy    = -728.792278054417 (-728.792278054417 :    0.000000000000)
Spin(**2) =    0.753343796624
ZPVE      =    0.001857806219
Normal mode eigenvalues : nmode = 9
 -0.000067735   0.000003077   0.000026146   0.000292107   0.000388347
  0.000613860   0.000733415   0.000801375   0.001211582
CONNECTION : 0 - 0

# Geometry of TS 1, SYMMETRY = C1  
Ag	  -0.137609617574	   1.624064720024	  -1.631638897941
Ag	   0.772144031674	   1.354532635176	   0.971089340971
Ag	  -1.452480212594	  -0.039021670778	   0.370415358366
Ag	   0.584490655748	  -1.059858344917	  -1.181224245683
Ag	   0.233455142747	  -1.879717339503	   1.471356444288
Energy    = -728.779529927206 (-728.779529927206 :    0.000000000000)
Spin(**2) =    0.752442250133
ZPVE      =    0.001831544576
Normal mode eigenvalues : nmode = 9
 -0.000061814   0.000027832   0.000100720   0.000218576   0.000356515
  0.000401320   0.000572896   0.000876805   0.001145158
CONNECTION : 1 - 0

# Geometry of TS 2, SYMMETRY = C2v 
Ag	  -0.488682254460	   1.146323763397	  -1.125544953193
Ag	   0.129009377924	   3.488769894533	   0.281143637731
Ag	   0.565582715265	   0.912213772298	   1.291043361036
Ag	  -0.052813732656	  -1.443499880049	  -0.116707576172
Ag	  -0.153096106074	  -4.103807550186	  -0.329936469394
Energy    = -728.772922798055 (-728.772922798055 :    0.000000000000)
Spin(**2) =    0.753147108586
ZPVE      =    0.001639858030
Normal mode eigenvalues : nmode = 9
 -0.000062607   0.000002813   0.000032325   0.000089529   0.000213750
  0.000238389   0.000617198   0.001068436   0.001268307
CONNECTION : 0 - 0

# Geometry of TS 3, SYMMETRY = C1  
Ag	   0.305363825240	   0.446746050694	   0.286050086816
Ag	  -0.490709928909	   3.005078270829	   1.155376001690
Ag	   1.617208166009	   2.850171187562	  -0.406708004297
Ag	  -0.059241174440	  -2.217135302567	   0.171230721749
Ag	  -1.372620887903	  -4.084860206522	  -1.205950805952
Energy    = -728.764337602214 (-728.764337602214 :    0.000000000000)
Spin(**2) =    0.752354798083
ZPVE      =    0.001465898213
Normal mode eigenvalues : nmode = 9
 -0.000045475   0.000000823   0.000002503   0.000019620   0.000074029
  0.000209242   0.000704552   0.001064036   0.001297677
CONNECTION : 0 - 0

# Geometry of TS 4, SYMMETRY = C2v 
Ag	  -0.147205147839	   0.885257711186	  -2.308394637766
Ag	   0.037378067638	   2.480921593568	   2.166876323009
Ag	   0.010685553584	   0.504876437304	   0.440975355980
Ag	  -0.022770074832	  -1.699789747579	  -1.485036485523
Ag	   0.121911601455	  -2.171265994472	   1.185577444298
Energy    = -728.775053597635 (-728.775053597635 :    0.000000000000)
Spin(**2) =    0.753046093206
ZPVE      =    0.001618240068
Normal mode eigenvalues : nmode = 9
 -0.000866688   0.000002744   0.000022441   0.000134745   0.000185870
  0.000244629   0.000683854   0.000803579   0.001325595
CONNECTION : 0 - 0

# Geometry of TS 5, SYMMETRY = Cs  
Ag	  -0.566541630010	  -0.624664787488	  -3.946022157254
Ag	   0.759303903527	   2.551589891901	   3.030687934924
Ag	   0.248224173691	   0.639870991990	   1.251168021362
Ag	  -0.239394926416	  -0.540564657263	  -1.306286304626
Ag	  -0.201591520796	  -2.026231439137	   0.970450505592
Energy    = -728.770436627049 (-728.770436627049 :    0.000000000000)
Spin(**2) =    0.751887982024
ZPVE      =    0.001561343782
Normal mode eigenvalues : nmode = 9
 -0.000001410   0.000005025   0.000007867   0.000008316   0.000179537
  0.000363639   0.000602041   0.000990280   0.001363106
CONNECTION : 0 - 0

# Geometry of TS 6, SYMMETRY = C2v 
Ag	   0.523976745421	   1.062582201072	  -1.091473435274
Ag	   0.232565881305	   1.565803647802	   1.691675791360
Ag	  -1.604230566137	   0.045994675038	   0.140341472618
Ag	  -0.151127265201	  -1.649153331263	  -1.620118531031
Ag	   0.998815204608	  -1.025227192650	   0.879572702332
Energy    = -728.779645002205 (-728.779645002205 :    0.000000000000)
Spin(**2) =    0.752296649900
ZPVE      =    0.001801793289
Normal mode eigenvalues : nmode = 9
 -0.000185223   0.000066392   0.000131970   0.000157369   0.000268695
  0.000299434   0.000608657   0.000785680   0.001244579
CONNECTION : 1 - 1

# Geometry of TS 7, SYMMETRY = C2v 
Ag	   0.099355340124	   1.234480391487	  -0.843810043375
Ag	   1.627121435231	   1.672610850137	   1.379269457224
Ag	  -2.093759807636	  -0.571159302447	  -0.270128787158
Ag	  -0.004508696658	  -1.584923566345	  -1.507771739254
Ag	   0.371791728942	  -0.751008372828	   1.242439112552
Energy    = -728.779244358050 (-728.779244358050 :    0.000000000000)
Spin(**2) =    0.752450439811
ZPVE      =    0.001820687237
Normal mode eigenvalues : nmode = 9
 -0.002349668   0.000010140   0.000162995   0.000212394   0.000223786
  0.000476078   0.000509006   0.000940179   0.001220972
CONNECTION : 0 - 0
