List of Equilibrium Structures

# Geometry of EQ 0, SYMMETRY = C2v 
Ag	  -0.000000000000	   1.397429000000	  -1.448440000000
Ag	  -0.000000000000	   2.729067000000	   0.954611000000
Ag	   0.000000000000	  -0.000000000000	   0.987656000000
Ag	  -0.000000000000	  -1.397429000000	  -1.448440000000
Ag	  -0.000000000000	  -2.729067000000	   0.954611000000
Energy    = -728.800486011762 (-728.800486011762 :    0.000000000000)
Spin(**2) =    0.752704446797
ZPVE      =    0.002005602469
Normal mode eigenvalues : nmode = 9
  0.000024150   0.000027504   0.000184441   0.000221956   0.000344369
  0.000496409   0.000750045   0.000859073   0.001231137

# Geometry of EQ 1, SYMMETRY = C2v 
Ag	  -0.185745505315	   1.662546903901	  -1.583840993355
Ag	   0.815446717145	   1.106503697209	   1.034612526721
Ag	  -1.509640213865	  -0.034914419112	   0.209248430019
Ag	   0.552592418195	  -1.074920411828	  -1.224279659485
Ag	   0.327346583841	  -1.659215770166	   1.564257696099
Energy    = -728.780563781347 (-728.780563781347 :    0.000000000000)
Spin(**2) =    0.752153358157
ZPVE      =    0.001906654102
Normal mode eigenvalues : nmode = 9
  0.000071936   0.000094804   0.000119803   0.000177344   0.000241584
  0.000404671   0.000485159   0.000788792   0.001194287

# Geometry of EQ 2, SYMMETRY = Cs  
Ag	  -1.244484902170	   3.666770577787	   1.138006587222
Ag	  -0.464564889113	   1.354130659901	   0.076866826304
Ag	  -0.036859931967	   0.021212703628	  -2.253798854423
Ag	   1.282830994118	  -3.692516630976	   0.999201652237
Ag	   0.463078729132	  -1.349597310340	   0.039721788660
Energy    = -728.770436502497 (-728.770436502497 :    0.000000000000)
Spin(**2) =    0.751888124587
ZPVE      =    0.001562805728
Normal mode eigenvalues : nmode = 9
 -0.000001696   0.000004975   0.000008243   0.000008470   0.000178688
  0.000364268   0.000603273   0.000991719   0.001363877
