List of Transition Structures

# Geometry of TS 0, SYMMETRY = C1  
Ag	  -0.010432245638	   1.474329875466	  -1.221050582472
Ag	   0.022089852556	   2.551134793462	   1.326623177947
Ag	  -0.078567398599	   4.290600889640	  -0.717465040931
Ag	   0.206431816389	  -0.258875122604	   0.974888395831
Ag	  -0.091790253891	  -1.260040750540	  -1.536733896314
Ag	  -0.177025691101	  -2.887355187689	   1.804437182846
Ag	   0.129293920281	  -3.909794497741	  -0.630699236913
Energy    = -1020.324534611586 (-1020.324534611586 :    0.000000000000)
Spin(**2) =    0.752828236173
ZPVE      =    0.002816292840
Normal mode eigenvalues : nmode = 15
 -0.000095681   0.000003373   0.000004994   0.000015419   0.000045625
  0.000097295   0.000158575   0.000214750   0.000344004   0.000472909
  0.000591473   0.000839921   0.000922757   0.000983614   0.001107997
CONNECTION : 0 - 1

# Geometry of TS 1, SYMMETRY = Cs  
Ag	  -0.659017484207	   1.388669752886	  -1.057274112313
Ag	   0.513180400951	   2.257877229871	   1.290128790957
Ag	   0.705511841545	   3.811279774977	  -0.931588015265
Ag	  -1.120308984578	  -0.000283835885	   1.399720003857
Ag	  -0.658837892771	  -1.388434582729	  -1.057693423061
Ag	   0.513469907751	  -2.258202049927	   1.289447092924
Ag	   0.706002211310	  -3.810906289188	  -0.932740337093
Energy    = -1020.333646665464 (-1020.333646665464 :    0.000000000000)
Spin(**2) =    0.752618235980
ZPVE      =    0.002977403716
Normal mode eigenvalues : nmode = 15
 -0.000009303   0.000012174   0.000014917   0.000035890   0.000123188
  0.000163459   0.000250486   0.000278444   0.000327791   0.000382391
  0.000621841   0.000797669   0.000807075   0.001002355   0.001128560
CONNECTION : 0 - 2

# Geometry of TS 2, SYMMETRY = Cs  
Ag	   0.462877591632	   1.372253001302	  -1.151208353127
Ag	  -0.762921645080	   2.285558662853	   1.202567146792
Ag	   0.016346767852	   4.101460548714	  -0.668110148905
Ag	  -0.381288372332	  -0.452256588778	   0.849808304364
Ag	   0.828599459116	  -1.307463408846	  -1.482538266375
Ag	   1.090485003811	  -2.913152980357	   1.200862923852
Ag	  -1.254098805006	  -3.086399234890	   0.048618393395
Energy    = -1020.320942768730 (-1020.320942768730 :    0.000000000000)
Spin(**2) =    0.752912524506
ZPVE      =    0.002766037855
Normal mode eigenvalues : nmode = 15
 -0.000108144   0.000003009   0.000013412   0.000034876   0.000042566
  0.000102571   0.000132379   0.000176739   0.000253946   0.000301715
  0.000545746   0.000808087   0.000886657   0.001110267   0.001242430
CONNECTION : 1 - 1

# Geometry of TS 3, SYMMETRY = C1  
Ag	   0.367825490189	   1.583068930227	  -0.501552785659
Ag	  -0.258906733614	   2.660947418866	   1.968405374360
Ag	  -0.177663226019	   3.671651694722	  -2.025128901854
Ag	   0.108570968284	  -0.061125382471	   1.739393881210
Ag	   0.140577351078	  -1.132884142938	  -0.976141126776
Ag	  -0.030628398746	  -2.808115272662	   1.144155786653
Ag	  -0.149775451178	  -3.913543245740	  -1.349132227936
Energy    = -1020.316221544667 (-1020.316221544667 :    0.000000000000)
Spin(**2) =    0.754444249513
ZPVE      =    0.002749951403
Normal mode eigenvalues : nmode = 15
 -0.000053478   0.000001873   0.000006845   0.000012659   0.000033125
  0.000083739   0.000100553   0.000213752   0.000330732   0.000409652
  0.000560946   0.000668023   0.000943764   0.001076214   0.001313335
CONNECTION : 0 - 3

# Geometry of TS 4, SYMMETRY = C2v 
Ag	   0.144894770170	   2.303600352262	  -0.504012729873
Ag	  -0.434693243347	   1.242601472988	   4.192928929866
Ag	   0.421252203028	   1.511847610148	  -3.132175943222
Ag	  -0.171840435417	   0.482257968862	   1.625833840826
Ag	   0.119467682745	  -0.341329905374	  -1.151637080048
Ag	  -0.178557808009	  -2.214942288930	   0.801865518531
Ag	   0.099476830833	  -2.984035209965	  -1.832802536080
Energy    = -1020.331034421891 (-1020.331034421891 :    0.000000000000)
Spin(**2) =    0.752184629559
ZPVE      =    0.002789299402
Normal mode eigenvalues : nmode = 15
 -0.000014187   0.000001899   0.000007320   0.000019639   0.000023899
  0.000060602   0.000125466   0.000298577   0.000340662   0.000405507
  0.000606567   0.000689307   0.000778990   0.001035929   0.001516112
CONNECTION : 3 - 3

# Geometry of TS 5, SYMMETRY = Cs  
Ag	  -0.181210290895	   0.972247293164	  -1.454184449610
Ag	   0.109711932756	   2.767622176449	   0.634870761231
Ag	   0.037763870417	   5.292002488728	  -0.091158903184
Ag	   0.144457718550	  -0.026568647731	   1.128480128241
Ag	  -0.157625820411	  -1.751664908949	  -1.081758155993
Ag	   0.170321229450	  -2.794979534647	   1.508673525938
Ag	  -0.123418639864	  -4.458658867004	  -0.644922906622
Energy    = -1020.325132238600 (-1020.325132238600 :    0.000000000000)
Spin(**2) =    0.754660673964
ZPVE      =    0.002781262789
Normal mode eigenvalues : nmode = 15
 -0.000004529   0.000000597   0.000004006   0.000016337   0.000027130
  0.000084536   0.000140766   0.000241805   0.000328280   0.000401398
  0.000613383   0.000792918   0.000819498   0.001144805   0.001247481
CONNECTION : 1 - 0

# Geometry of TS 6, SYMMETRY = Cs  
Ag	  -0.349216322181	   0.542275903326	  -0.701661441709
Ag	  -0.607304023513	   2.876415711628	   0.730841431192
Ag	   1.986379942473	   1.752468353758	   0.088008093605
Ag	  -2.256491122327	   0.555367143407	   1.274552517174
Ag	  -1.001377677182	  -1.824444645992	   0.526051456409
Ag	   1.871799880573	  -1.013736728491	  -0.277649482145
Ag	   0.356209322163	  -2.888345737635	  -1.640142574512
Energy    = -1020.344846376196 (-1020.344846376196 :    0.000000000000)
Spin(**2) =    0.752910411957
ZPVE      =    0.002993953456
Normal mode eigenvalues : nmode = 15
 -0.000036821   0.000027778   0.000029268   0.000039405   0.000114269
  0.000179704   0.000236149   0.000244283   0.000359365   0.000378593
  0.000534382   0.000774467   0.000914776   0.000983346   0.001065504
CONNECTION : 4 - 5

# Geometry of TS 7, SYMMETRY = Cs  
Ag	  -0.009840557701	   1.386159123849	   0.056900927856
Ag	  -1.479313589476	   3.806402340507	   0.360913756566
Ag	   0.661577162920	   3.877520513694	  -1.147764598031
Ag	   1.158598844603	  -0.595401721635	   1.615909728612
Ag	  -0.381043851629	  -1.271037381779	  -0.601129257746
Ag	   0.787901401920	  -3.295020909330	   0.955155535100
Ag	  -0.737879410647	  -3.908621965305	  -1.239986092356
Energy    = -1020.321968790792 (-1020.321968790792 :    0.000000000000)
Spin(**2) =    0.752715896292
ZPVE      =    0.002739879707
Normal mode eigenvalues : nmode = 15
 -0.000074170   0.000002714   0.000006552   0.000014358   0.000028604
  0.000108679   0.000119691   0.000176030   0.000260309   0.000411996
  0.000500871   0.000759746   0.000886326   0.001134484   0.001307092
CONNECTION : 1 - 1

# Geometry of TS 8, SYMMETRY = C2v 
Ag	  -0.164266625805	   0.739922767061	  -1.463443479459
Ag	  -0.087288740438	   2.163829874795	   0.915701329671
Ag	  -0.364206832777	   3.484393708435	  -1.477807074804
Ag	   0.189052927732	  -0.168019458541	   2.337655610285
Ag	   0.118189599171	  -1.643750436141	  -0.009923771521
Ag	   0.393970453748	  -2.906777433899	   2.419282724263
Ag	  -0.085450781636	  -1.669599021713	  -2.721465338429
Energy    = -1020.349063085572 (-1020.349063085572 :    0.000000000000)
Spin(**2) =    0.753484085957
ZPVE      =    0.002914785741
Normal mode eigenvalues : nmode = 15
 -0.000027942   0.000003980   0.000010578   0.000023283   0.000027021
  0.000157127   0.000201756   0.000217891   0.000410313   0.000488716
  0.000551931   0.000564790   0.000975243   0.001103026   0.001448704
CONNECTION : 3 - 3

# Geometry of TS 9, SYMMETRY = Cs  
Ag	  -1.441980560496	   1.853870762427	  -0.426201365075
Ag	   1.181925985006	   1.710549764764	   0.913955467351
Ag	   1.056612535435	   1.002710432284	  -1.742399813004
Ag	  -0.957849428359	  -0.092244552948	   1.508174650505
Ag	  -1.084071417676	  -0.806791657900	  -1.172470891620
Ag	  -0.406697364759	  -2.726204134182	   0.745869062775
Ag	   1.652060250854	  -0.941890614446	   0.173072889058
Energy    = -1020.357597450939 (-1020.357597450939 :    0.000000000000)
Spin(**2) =    0.752214803827
ZPVE      =    0.003185120589
Normal mode eigenvalues : nmode = 15
 -0.000127077   0.000048790   0.000084203   0.000172903   0.000187379
  0.000233650   0.000280245   0.000304261   0.000341317   0.000483363
  0.000549910   0.000562263   0.000840610   0.000956759   0.001021681
CONNECTION : 2 - 2

# Geometry of TS 10, SYMMETRY = C1  
Ag	  -0.243490003451	   1.621798724687	  -0.778873688107
Ag	  -0.354439701424	   1.716727249404	   2.012062064697
Ag	   0.272638313661	   4.137542015456	  -1.609817949392
Ag	  -0.047475955199	  -0.660276823863	   0.761633563470
Ag	   0.177616199398	  -0.811156984336	  -2.123892169148
Ag	  -0.001677128616	  -2.943044934146	   2.254664665843
Ag	   0.196828275625	  -3.061589247210	  -0.515776487366
Energy    = -1020.327894872232 (-1020.327894872232 :    0.000000000000)
Spin(**2) =    0.751861134277
ZPVE      =    0.002767121649
Normal mode eigenvalues : nmode = 15
 -0.000029451   0.000001539   0.000008063   0.000021005   0.000027256
  0.000049785   0.000149544   0.000291896   0.000324885   0.000443726
  0.000527673   0.000674070   0.000803887   0.000983327   0.001466756
CONNECTION : 3 - 1

# Geometry of TS 11, SYMMETRY = C1  
Ag	   0.138714399110	   2.063276408154	  -0.910936474817
Ag	  -0.958806728133	   0.009499179420	   3.255746198115
Ag	   0.546678108044	   3.904621691376	  -2.799705895416
Ag	  -0.175857762996	  -0.224066839188	   0.661603196283
Ag	   0.610444531521	  -0.470195365800	  -1.949576491978
Ag	  -0.486276236395	  -2.492679342771	   2.207518419985
Ag	   0.325103688832	  -2.790455731197	  -0.464648952173
Energy    = -1020.333074381334 (-1020.333074381334 :    0.000000000000)
Spin(**2) =    0.753441967343
ZPVE      =    0.002807569781
Normal mode eigenvalues : nmode = 15
 -0.000006291   0.000001341   0.000013453   0.000019148   0.000025720
  0.000051689   0.000209941   0.000221361   0.000353085   0.000427479
  0.000630537   0.000697994   0.000833573   0.001000764   0.001399294
CONNECTION : 6 - 1

# Geometry of TS 12, SYMMETRY = C1  
Ag	   0.957921273191	   0.953081344749	  -0.668550168248
Ag	  -0.847110089943	   1.684882861040	   1.302982550553
Ag	  -1.062639902531	   2.740881394213	  -1.223812443834
Ag	   1.428039165255	   0.293559163219	   2.183228534534
Ag	   1.254246268876	  -1.730164991290	  -1.299899708520
Ag	  -0.464590381634	  -1.125486099664	   0.846295564162
Ag	  -1.265866333214	  -2.816753672266	  -1.140244328652
Energy    = -1020.340994589582 (-1020.340994589582 :    0.000000000000)
Spin(**2) =    0.752735826696
ZPVE      =    0.003008156112
Normal mode eigenvalues : nmode = 15
 -0.000013434   0.000003629   0.000010847   0.000058746   0.000147039
  0.000171454   0.000242680   0.000302266   0.000366089   0.000406813
  0.000576821   0.000658547   0.000855843   0.001058443   0.001228547
CONNECTION : 2 - 4

# Geometry of TS 13, SYMMETRY = C1  
Ag	   0.147840077316	   0.322786386380	  -1.369360981032
Ag	   0.102612993118	   1.670982878379	   1.113365047661
Ag	   0.541546408867	   3.010992210098	  -1.223241201955
Ag	  -0.500164333540	   0.227764035938	   3.353205417012
Ag	  -1.623883325584	  -1.734481024321	  -1.823855334857
Ag	   0.290226742781	  -1.146066817508	   1.135217979853
Ag	   1.041821437052	  -2.351977668954	  -1.185330926682
Energy    = -1020.346065843832 (-1020.346065843832 :    0.000000000000)
Spin(**2) =    0.752583523092
ZPVE      =    0.002995284441
Normal mode eigenvalues : nmode = 15
 -0.000034297   0.000010267   0.000014967   0.000019006   0.000145223
  0.000167685   0.000228188   0.000234720   0.000339704   0.000413815
  0.000564194   0.000657983   0.000813220   0.001272540   0.001335393
CONNECTION : 3 - 7

# Geometry of TS 14, SYMMETRY = Cs  
Ag	  -0.697027929551	   1.212740698800	  -1.251798820032
Ag	   0.205437394096	   0.805792885233	   1.507041496546
Ag	   1.837373456967	   2.123105895068	  -0.361315626112
Ag	  -2.532605169502	   0.901054654438	   0.887823418166
Ag	  -1.157687094401	  -1.316124474597	   0.036301305346
Ag	   1.490926635524	  -0.575390174663	  -0.720928399798
Ag	   0.853582706874	  -3.151179484284	  -0.097123374104
Energy    = -1020.358977354859 (-1020.358977354859 :    0.000000000000)
Spin(**2) =    0.752458920988
ZPVE      =    0.003216704010
Normal mode eigenvalues : nmode = 15
 -0.000000893   0.000050682   0.000070034   0.000162707   0.000213626
  0.000232622   0.000249692   0.000285811   0.000381124   0.000406311
  0.000548532   0.000557734   0.000845108   0.001060167   0.001260952
CONNECTION : 5 - 4

# Geometry of TS 15, SYMMETRY = Cs  
Ag	  -0.496986601374	   1.843105329479	  -0.955378913382
Ag	   0.124345386514	   0.343630782006	   1.363959471783
Ag	   2.171671436151	   1.383029937639	  -0.216995310519
Ag	  -2.546803813625	   0.786045085742	   0.628775320607
Ag	  -1.341516041298	  -1.660461362849	   0.004360873242
Ag	   0.753942651367	  -0.608543757849	  -1.558145914617
Ag	   1.335346982269	  -2.086806014164	   0.733424472898
Energy    = -1020.359666549586 (-1020.359666549586 :    0.000000000000)
Spin(**2) =    0.752284071257
ZPVE      =    0.003253041850
Normal mode eigenvalues : nmode = 15
 -0.000028667   0.000022818   0.000109969   0.000168554   0.000221651
  0.000264043   0.000356710   0.000358879   0.000432808   0.000438335
  0.000524307   0.000564766   0.000899438   0.000959638   0.000973010
CONNECTION : 2 - 5

# Geometry of TS 16, SYMMETRY = C2v 
Ag	   1.219917052061	   1.444744656366	  -0.620545864691
Ag	  -1.056648797768	   1.390623366961	   0.955275556604
Ag	  -0.927039001276	   3.044671834568	  -1.234241353564
Ag	   1.272355736021	   0.021275625308	   1.839184833594
Ag	   1.281455796256	  -1.386680430925	  -0.630062910894
Ag	  -0.995447625119	  -1.440893996716	   0.945169676223
Ag	  -0.794593160174	  -3.073741055560	  -1.254779937285
Energy    = -1020.342795800661 (-1020.342795800661 :    0.000000000000)
Spin(**2) =    0.752543113121
ZPVE      =    0.003059450920
Normal mode eigenvalues : nmode = 15
 -0.000016524   0.000007678   0.000024728   0.000124161   0.000133735
  0.000238025   0.000254261   0.000312124   0.000341444   0.000413699
  0.000557140   0.000626405   0.000904863   0.000984366   0.001079235
CONNECTION : 2 - 2

# Geometry of TS 17, SYMMETRY = C1  
Ag	   0.741709907623	   2.235998777311	  -0.108056669742
Ag	  -1.083743344584	   1.706298503405	   1.880925470374
Ag	   0.685360988404	   1.357700430418	  -2.693708563759
Ag	   1.103509513852	   0.042593501647	   1.855086786527
Ag	  -0.280712930352	  -0.247417912144	  -0.670380803428
Ag	   0.266766796462	  -2.432321794326	   0.951941532322
Ag	  -1.432890931393	  -2.662851506314	  -1.215807752303
Energy    = -1020.343404817966 (-1020.343404817966 :    0.000000000000)
Spin(**2) =    0.753271136485
ZPVE      =    0.002950136273
Normal mode eigenvalues : nmode = 15
 -0.000032453   0.000005329   0.000011634   0.000018828   0.000073325
  0.000178377   0.000194335   0.000288940   0.000385362   0.000496680
  0.000542572   0.000751716   0.000807552   0.000971820   0.001352700
CONNECTION : 2 - 3

# Geometry of TS 18, SYMMETRY = C1  
Ag	  -0.682363481279	   1.175490499241	  -1.152894498642
Ag	   0.242692950802	   1.856084543149	   1.521756063292
Ag	   2.016059649133	   1.817205128632	  -0.677314743356
Ag	  -2.112077793281	   0.403105424426	   1.125626884365
Ag	  -1.367817647085	  -1.538082529826	  -0.747674870198
Ag	   1.031670494272	  -0.571210128619	   0.378764335059
Ag	   0.871835827445	  -3.142592937005	  -0.448263170520
Energy    = -1020.354053568165 (-1020.354053568165 :    0.000000000000)
Spin(**2) =    0.752600709346
ZPVE      =    0.003169102691
Normal mode eigenvalues : nmode = 15
 -0.000009415   0.000014227   0.000098362   0.000128724   0.000176791
  0.000235907   0.000298515   0.000318773   0.000375457   0.000406726
  0.000519141   0.000637306   0.000819320   0.000907165   0.001258285
CONNECTION : 2 - 4

# Geometry of TS 19, SYMMETRY = Cs  
Ag	  -0.721548765141	   1.421761454745	  -0.680580482057
Ag	   0.827474325240	   0.737703843327	   1.664597814638
Ag	   1.950591514341	   2.127193828599	  -0.564770842402
Ag	  -3.160387394671	   0.536323477345	   0.086799331088
Ag	  -1.025323145791	  -1.141521721690	   0.571382543881
Ag	   1.397659728752	  -0.567713277099	  -0.853350454571
Ag	   0.731533737276	  -3.113747605232	  -0.224077910566
Energy    = -1020.352752192871 (-1020.352752192871 :    0.000000000000)
Spin(**2) =    0.752174447801
ZPVE      =    0.003112627539
Normal mode eigenvalues : nmode = 15
 -0.000004172   0.000007080   0.000077384   0.000086344   0.000181768
  0.000224971   0.000260689   0.000292323   0.000293685   0.000350822
  0.000567675   0.000679469   0.000796558   0.001176485   0.001227209
CONNECTION : 4 - 4

# Geometry of TS 20, SYMMETRY = C1  
Ag	  -1.073126767900	   1.486210252196	  -0.708866120381
Ag	   2.926405636079	   0.169655326224	   1.319603948537
Ag	   1.533594928414	   2.254494628196	   0.018955131245
Ag	  -3.622893808248	   0.436690671886	  -0.533450892353
Ag	  -1.529512914597	  -1.304393289715	  -0.179149953090
Ag	   1.052199058891	  -0.356969684753	  -0.619060338834
Ag	   0.713333867365	  -2.685687904032	   0.701968224887
Energy    = -1020.347701213890 (-1020.347701213890 :    0.000000000000)
Spin(**2) =    0.752849630962
ZPVE      =    0.003008179075
Normal mode eigenvalues : nmode = 15
 -0.000047012   0.000009276   0.000030878   0.000034062   0.000123002
  0.000175196   0.000225304   0.000259344   0.000313837   0.000417532
  0.000601370   0.000697921   0.000887049   0.001052142   0.001273085
CONNECTION : 3 - 4

# Geometry of TS 21, SYMMETRY = Cs  
Ag	   2.444983714402	   1.735600140756	   1.572378192867
Ag	  -2.020624394650	   1.331650201154	  -1.307887459079
Ag	   0.251767675763	   2.333849347641	  -0.004025716890
Ag	   1.958002716595	  -0.908907527045	   0.922377152821
Ag	  -0.629126322488	  -0.201295327600	   0.454240959135
Ag	   0.123915876703	  -2.744194535371	  -0.143725805158
Ag	  -2.128919266322	  -1.546702299528	  -1.493357323697
Energy    = -1020.344909882398 (-1020.344909882398 :    0.000000000000)
Spin(**2) =    0.752663591756
ZPVE      =    0.002937851640
Normal mode eigenvalues : nmode = 15
 -0.000045103   0.000003800   0.000028815   0.000033634   0.000074898
  0.000198487   0.000214269   0.000233628   0.000358262   0.000423884
  0.000574586   0.000624661   0.000848351   0.000956222   0.001336134
CONNECTION : 6 - 4

# Geometry of TS 22, SYMMETRY = C1  
Ag	   0.193837269125	   1.436188742084	  -1.354713156743
Ag	  -0.010547220010	   1.835793461686	   1.442195970486
Ag	  -0.498984014263	   3.915399042678	  -0.296529294984
Ag	   0.635162183513	  -0.632730290837	   0.434662025704
Ag	   0.354485863325	  -1.178500639842	  -2.296771225300
Ag	  -0.337729090614	  -2.274255010793	   2.358411704821
Ag	  -0.336224991076	  -3.101895304989	  -0.287256023995
Energy    = -1020.342161030123 (-1020.342161030123 :    0.000000000000)
Spin(**2) =    0.752690987839
ZPVE      =    0.002977889435
Normal mode eigenvalues : nmode = 15
 -0.000013595   0.000008379   0.000024575   0.000030949   0.000078739
  0.000175734   0.000255842   0.000290960   0.000319630   0.000409559
  0.000528894   0.000711615   0.000881400   0.001029426   0.001304909
CONNECTION : 1 - 4

# Geometry of TS 23, SYMMETRY = Cs  
Ag	   1.701392970567	   1.333515153337	  -0.823049678158
Ag	   0.473587052570	   2.389887235593	   1.491218569646
Ag	  -1.279304109335	   1.814836911195	  -0.647690751537
Ag	   0.009344298912	  -0.225216234877	   0.773476600614
Ag	  -0.169847295353	  -0.235713803776	  -2.240980170018
Ag	  -0.291658474944	  -2.573109424097	   2.099807025860
Ag	  -0.443514442405	  -2.504199837385	  -0.652781596417
Energy    = -1020.344561908578 (-1020.344561908578 :    0.000000000000)
Spin(**2) =    0.753481679633
ZPVE      =    0.003062671531
Normal mode eigenvalues : nmode = 15
 -0.000014249   0.000009522   0.000026106   0.000118174   0.000124379
  0.000153400   0.000314824   0.000323429   0.000388860   0.000425387
  0.000495625   0.000643341   0.000793090   0.000803395   0.001498823
CONNECTION : 4 - 4

# Geometry of TS 24, SYMMETRY = Cs  
Ag	  -0.412440315369	   1.796734319584	   0.115377342639
Ag	   0.684997164647	   1.883245534076	   2.625466686908
Ag	  -0.626351293891	   1.918976240974	  -2.614507987470
Ag	   0.675985708745	  -0.501984406606	   1.333983575932
Ag	  -0.036943846883	  -0.483271791033	  -1.501310539696
Ag	  -1.527529597687	  -1.962272284105	   0.370690049542
Ag	   1.242282180421	  -2.651427612886	  -0.329699127846
Energy    = -1020.348558711802 (-1020.348558711802 :    0.000000000000)
Spin(**2) =    0.752716786310
ZPVE      =    0.003045032587
Normal mode eigenvalues : nmode = 15
 -0.000012736   0.000008967   0.000019349   0.000107258   0.000143320
  0.000166248   0.000242769   0.000255638   0.000272317   0.000426701
  0.000534050   0.000721463   0.000725415   0.001282078   0.001293431
CONNECTION : 4 - 7

# Geometry of TS 25, SYMMETRY = Cs  
Ag	   0.536341936370	   2.204940949561	  -0.096309647238
Ag	  -0.555032248830	   0.585340273792	   1.930029771093
Ag	  -0.609714917394	   1.908223067719	  -2.614867640709
Ag	   1.890604266853	  -0.054449581492	   0.894133575391
Ag	  -0.476981365179	  -0.245302404829	  -0.975400112509
Ag	  -1.630169247354	  -1.875548120653	   0.955223799512
Ag	   0.844951575516	  -2.523204184087	  -0.092809745533
Energy    = -1020.347779168455 (-1020.347779168455 :    0.000000000000)
Spin(**2) =    0.753310186039
ZPVE      =    0.003088905357
Normal mode eigenvalues : nmode = 15
 -0.000059199   0.000011766   0.000029689   0.000111533   0.000143325
  0.000223472   0.000284925   0.000336862   0.000369716   0.000494429
  0.000518366   0.000547255   0.000737814   0.000979017   0.001302670
CONNECTION : 4 - 4

# Geometry of TS 26, SYMMETRY = C2  
Ag	   2.209655514502	   1.441783098777	   1.008062807380
Ag	  -2.152047853116	   1.348719558811	  -1.087117298983
Ag	  -0.175707455043	   2.750387736197	   0.189013559931
Ag	   1.938953390587	  -1.356744921149	   1.425471849364
Ag	   0.048145038832	   0.001830367590	  -0.076444441449
Ag	  -0.035863895267	  -2.758251491726	   0.146919810071
Ag	  -1.833134740492	  -1.427724348487	  -1.605906286314
Energy    = -1020.352291926553 (-1020.352291926553 :    0.000000000000)
Spin(**2) =    0.752965376095
ZPVE      =    0.002887952781
Normal mode eigenvalues : nmode = 15
 -0.000012367   0.000006879   0.000021394   0.000035371   0.000121359
  0.000148246   0.000211588   0.000253437   0.000278952   0.000296492
  0.000557148   0.000629175   0.000822827   0.001074009   0.001273478
CONNECTION : 6 - 6

# Geometry of TS 27, SYMMETRY = Cs  
Ag	   1.893559037651	   1.427701245927	   0.444179604965
Ag	  -1.131711905378	   1.384900760113	  -1.619475458732
Ag	  -0.606985460613	   2.699743138241	   0.833728900629
Ag	   2.085590968879	  -1.281592598530	   0.846294769677
Ag	  -0.428442429457	  -0.081143667598	   0.629745225603
Ag	  -0.288547342092	  -2.816932327158	   0.481456231428
Ag	  -1.523462868984	  -1.332676550994	  -1.615929273573
Energy    = -1020.349475782715 (-1020.349475782715 :    0.000000000000)
Spin(**2) =    0.752814094219
ZPVE      =    0.003042977195
Normal mode eigenvalues : nmode = 15
 -0.000026046   0.000013061   0.000015319   0.000096789   0.000204753
  0.000228884   0.000232184   0.000264052   0.000309996   0.000380848
  0.000550292   0.000673739   0.000837604   0.000977700   0.001211307
CONNECTION : 5 - 6

# Geometry of TS 28, SYMMETRY = C2  
Ag	   1.932301953763	   1.115578370238	   0.837255734152
Ag	  -2.461311779186	   1.439808300615	  -0.414525183490
Ag	   0.193622772855	   1.414873092789	  -1.267423359727
Ag	   1.497666685672	  -1.476644254440	   1.969586847967
Ag	  -0.654569440622	  -0.025113935708	   1.056205437448
Ag	   1.078378409689	  -1.366271328397	  -0.785204031588
Ag	  -1.586088602161	  -1.102230245086	  -1.395895444759
Energy    = -1020.350613304242 (-1020.350613304242 :    0.000000000000)
Spin(**2) =    0.752490202779
ZPVE      =    0.003128710826
Normal mode eigenvalues : nmode = 15
 -0.000039442   0.000042305   0.000080969   0.000095300   0.000189185
  0.000210603   0.000261533   0.000317770   0.000333101   0.000386207
  0.000476074   0.000725087   0.000782243   0.000946033   0.001173552
CONNECTION : 2 - 2

# Geometry of TS 29, SYMMETRY = C1  
Ag	  -0.323505679531	   2.070462860982	  -0.029437385547
Ag	  -0.897411507568	   1.260130382669	   2.509626507708
Ag	   0.311244144698	   1.787205583957	  -2.667720311347
Ag	   1.469556824652	   0.352183539188	   1.399886369225
Ag	   0.250240257203	  -0.470005276987	  -1.141329665393
Ag	   0.136197699156	  -2.033379711045	   1.129660452799
Ag	  -0.946321738623	  -2.966597378752	  -1.200685967440
Energy    = -1020.343377992052 (-1020.343377992052 :    0.000000000000)
Spin(**2) =    0.753087137589
ZPVE      =    0.002974082711
Normal mode eigenvalues : nmode = 15
 -0.000039374   0.000005811   0.000009645   0.000018203   0.000101243
  0.000177066   0.000215984   0.000313344   0.000341966   0.000487138
  0.000520718   0.000749676   0.000847523   0.001033978   0.001323406
CONNECTION : 4 - 3

# Geometry of TS 30, SYMMETRY = Cs  
Ag	   0.690312208544	   0.377987686082	  -1.552509841823
Ag	  -1.265992295942	   1.045769445643	   0.409525244395
Ag	   0.808983805382	   2.751806787299	  -0.256223374282
Ag	   0.190421366115	   0.824869116955	   2.752533166970
Ag	  -1.586466648243	  -1.286303675218	  -1.149588419229
Ag	   0.142816262572	  -1.329547271602	   1.113944188362
Ag	   1.019925301584	  -2.384582089161	  -1.317680964389
Energy    = -1020.347925310488 (-1020.347925310488 :    0.000000000000)
Spin(**2) =    0.752233961989
ZPVE      =    0.003074330034
Normal mode eigenvalues : nmode = 15
 -0.000035898   0.000005705   0.000030031   0.000118394   0.000144488
  0.000248960   0.000252048   0.000291873   0.000331016   0.000417585
  0.000520641   0.000726498   0.000838805   0.001018848   0.001137642
CONNECTION : 2 - 4

# Geometry of TS 31, SYMMETRY = Cs  
Ag	   0.409390247254	   3.841761172091	   1.317403357242
Ag	   0.893913488382	   2.135505608704	   3.305473046576
Ag	  -0.453804588404	   0.634328925468	  -1.785474187571
Ag	   0.236281027521	   1.064632108781	   0.848564918523
Ag	  -0.728190770029	  -2.041727496217	  -2.678572330282
Ag	  -0.038232202753	  -1.521157314687	  -0.041949686399
Ag	  -0.319357201977	  -4.113343004131	  -0.965445118081
Energy    = -1020.325369513035 (-1020.325369513035 :    0.000000000000)
Spin(**2) =    0.753374720833
ZPVE      =    0.002823365763
Normal mode eigenvalues : nmode = 15
 -0.000005209   0.000002252   0.000006279   0.000024021   0.000038542
  0.000105310   0.000133485   0.000269877   0.000316661   0.000408422
  0.000553182   0.000728074   0.000885099   0.001054643   0.001368745
CONNECTION : 0 - 1

# Geometry of TS 32, SYMMETRY = Cs  
Ag	   2.279787395742	  -1.701976272719	   0.280616742500
Ag	  -0.841720478993	   1.408412641404	   0.416886317737
Ag	  -0.914024093241	   3.984507102038	  -0.283454588115
Ag	   1.422764939101	   0.448314951185	   1.872754285776
Ag	  -1.855943359265	  -0.538545071393	  -1.413513144612
Ag	  -0.414022717726	  -1.309018919894	   0.806157941569
Ag	   0.323158314404	  -2.291694430614	  -1.679447554841
Energy    = -1020.334851607793 (-1020.334851607793 :    0.000000000000)
Spin(**2) =    0.753283591556
ZPVE      =    0.002887641139
Normal mode eigenvalues : nmode = 15
 -0.000014864   0.000002709   0.000012004   0.000020037   0.000121888
  0.000212253   0.000232841   0.000261002   0.000285716   0.000428721
  0.000462914   0.000635100   0.000882173   0.001017427   0.001158920
CONNECTION : 4 - 4

# Geometry of TS 33, SYMMETRY = Cs  
Ag	   0.127833766275	   1.074190201329	  -0.919202244829
Ag	  -0.438399262904	   1.629310364921	   1.790730664747
Ag	  -0.022206450490	   3.646218954365	  -0.001913617486
Ag	  -0.306480155457	  -1.049272970861	   0.907288152206
Ag	   0.214491666020	  -1.562921416259	  -1.765331061390
Ag	  -0.857277857621	  -0.444222708554	   3.516851191116
Ag	   1.282038294174	  -3.293302424941	  -3.528423084359
Energy    = -1020.339481998268 (-1020.339481998268 :    0.000000000000)
Spin(**2) =    0.751640496060
ZPVE      =    0.002851958862
Normal mode eigenvalues : nmode = 15
 -0.000001653   0.000001931   0.000016675   0.000024645   0.000026118
  0.000166575   0.000177698   0.000189970   0.000254889   0.000395545
  0.000673148   0.000700923   0.000815998   0.001260042   0.001269236
CONNECTION : 3 - 3

# Geometry of TS 34, SYMMETRY = C1  
Ag	  -1.140530994028	   0.497507888886	   0.578755298101
Ag	   1.348087782689	   1.808758501270	   0.540137293149
Ag	  -0.645763863551	   2.482837516944	  -1.261609377613
Ag	   1.338722900007	  -0.999172601881	   0.769483650891
Ag	   0.822220380150	   0.057890957166	  -1.806617214978
Ag	  -1.092907884397	  -1.779304377165	   2.039610756791
Ag	  -0.629828320860	  -2.068517885231	  -0.859760406341
Energy    = -1020.350069718907 (-1020.350069718907 :    0.000000000000)
Spin(**2) =    0.752314626731
ZPVE      =    0.003052008646
Normal mode eigenvalues : nmode = 15
 -0.000065162   0.000018524   0.000047617   0.000110780   0.000148172
  0.000192851   0.000224935   0.000278865   0.000347244   0.000379526
  0.000506907   0.000687716   0.000787551   0.000989998   0.001207149
CONNECTION : 2 - 8

# Geometry of TS 35, SYMMETRY = C1  
Ag	   1.443347840141	   0.921131698736	  -1.952235368392
Ag	  -0.361248305574	   0.585609581467	   0.150050112206
Ag	   0.208811489294	   3.082227154212	  -0.734676198174
Ag	  -0.017999927096	   0.610574712962	   2.899261354702
Ag	  -1.846945130808	  -1.774684717669	  -0.778872926248
Ag	  -0.322136874027	  -1.755006358908	   1.569187698352
Ag	   0.896170908089	  -1.669852070783	  -1.152714672439
Energy    = -1020.343672043708 (-1020.343672043708 :    0.000000000000)
Spin(**2) =    0.753022266611
ZPVE      =    0.002981432486
Normal mode eigenvalues : nmode = 15
 -0.000003862   0.000009491   0.000015776   0.000050183   0.000084795
  0.000172220   0.000220524   0.000277581   0.000375459   0.000463201
  0.000524676   0.000754288   0.000778353   0.000943623   0.001348418
CONNECTION : 2 - 5

# Geometry of TS 36, SYMMETRY = C1  
Ag	  -1.194185938862	   0.549211858796	   0.676231314281
Ag	   1.361794171203	   1.779716978362	   0.421461449044
Ag	  -0.761234648236	   2.406562022527	  -1.265670464069
Ag	   1.400890192497	  -1.010340040226	   0.784756253168
Ag	   1.007046716921	   0.045391802403	  -1.776150629282
Ag	  -1.141397734752	  -1.833137143930	   1.971633238680
Ag	  -0.672912758760	  -1.937405477937	  -0.812261161821
Energy    = -1020.350461072035 (-1020.350461072035 :    0.000000000000)
Spin(**2) =    0.752561676667
ZPVE      =    0.003068711785
Normal mode eigenvalues : nmode = 15
 -0.000011017   0.000028115   0.000070465   0.000108385   0.000152848
  0.000205108   0.000223936   0.000246838   0.000327881   0.000427646
  0.000483667   0.000696268   0.000762909   0.000964790   0.001205692
CONNECTION : 8 - 2

# Geometry of TS 37, SYMMETRY = C1  
Ag	  -1.154316126060	   0.460844077124	   0.415578563654
Ag	   1.407651192665	   1.758222917066	   0.293314104090
Ag	  -0.834593161436	   2.721141598538	  -1.029385080947
Ag	   1.389296536152	  -0.990179658788	   0.855386092065
Ag	   0.999894646501	  -0.079938818371	  -1.767594565120
Ag	  -1.179680075486	  -1.768951804352	   1.993481010322
Ag	  -0.628253012321	  -2.101138311226	  -0.760780124056
Energy    = -1020.350099681848 (-1020.350099681848 :    0.000000000000)
Spin(**2) =    0.752739427641
ZPVE      =    0.003103023897
Normal mode eigenvalues : nmode = 15
 -0.000029483   0.000020163   0.000056622   0.000146594   0.000179620
  0.000200524   0.000237878   0.000278080   0.000343953   0.000419665
  0.000474433   0.000694153   0.000752392   0.000961762   0.001266117
CONNECTION : 8 - 4
