List of Equilibrium Structures

# Geometry of EQ 0, SYMMETRY = C2v 
Ag	  -0.000000000000	   1.382945000000	  -1.039876000000
Ag	  -0.000000000000	   2.812541000000	   1.332921000000
Ag	  -0.000000000000	   4.180069000000	  -1.004400000000
Ag	  -0.000000000000	  -0.000000000000	   1.422710000000
Ag	  -0.000000000000	  -1.382945000000	  -1.039876000000
Ag	  -0.000000000000	  -2.812541000000	   1.332921000000
Ag	  -0.000000000000	  -4.180069000000	  -1.004400000000
Energy    = -1020.334687823438 (-1020.334687823438 :    0.000000000000)
Spin(**2) =    0.752801958481
ZPVE      =    0.002955014860
Normal mode eigenvalues : nmode = 15
 -0.000000998   0.000013534   0.000021884   0.000042822   0.000067729
  0.000130388   0.000175449   0.000294465   0.000340725   0.000384279
  0.000640696   0.000793731   0.000892090   0.000997361   0.001181964

# Geometry of EQ 1, SYMMETRY = Cs  
Ag	   0.000399843193	   1.456846813263	  -1.347290304498
Ag	  -0.021973931443	   2.025283317442	   1.398163600123
Ag	  -0.022591077931	   4.088616984317	  -0.429819513726
Ag	   0.000417211916	  -0.596440140987	   0.527086292567
Ag	   0.022750836223	  -1.159694198303	  -2.247226729410
Ag	  -0.000510246456	  -2.592699497833	   2.386601512404
Ag	   0.021507364495	  -3.221913277906	  -0.287514857466
Energy    = -1020.342581060851 (-1020.342581060851 :    0.000000000000)
Spin(**2) =    0.752654373129
ZPVE      =    0.002970754405
Normal mode eigenvalues : nmode = 15
  0.000001122   0.000015430   0.000024970   0.000026883   0.000040083
  0.000152607   0.000270001   0.000280233   0.000318442   0.000419274
  0.000552353   0.000712991   0.000843284   0.001039670   0.001357205

# Geometry of EQ 2, SYMMETRY = D5h 
Ag	  -1.245838519947	   2.023115602871	  -0.369165450366
Ag	   0.836883265019	   0.706715707681	   1.048488620535
Ag	   1.109058191767	   1.250366815853	  -1.728366622327
Ag	  -1.878931459723	  -0.000273466888	   1.500278768333
Ag	  -0.837072441046	  -0.706727647872	  -1.048342871472
Ag	   0.084610618856	  -2.023377657700	   1.296238071580
Ag	   1.931290345079	  -1.249819353946	  -0.699130516286
Energy    = -1020.370456505979 (-1020.370456505979 :    0.000000000000)
Spin(**2) =    0.751976859194
ZPVE      =    0.003412275009
Normal mode eigenvalues : nmode = 15
  0.000073475   0.000073592   0.000215643   0.000215761   0.000250640
  0.000293559   0.000293676   0.000339156   0.000412577   0.000412696
  0.000511375   0.000511908   0.000869046   0.000869473   0.000992357

# Geometry of EQ 3, SYMMETRY = Cs  
Ag	   0.012629217285	   2.089426880425	   0.035808779086
Ag	   0.030498550101	   2.597719924018	   2.727218840146
Ag	  -0.004926710092	   1.629098972439	  -2.651990224395
Ag	   0.010739178350	  -0.027803705149	   1.896047512871
Ag	  -0.008584265508	  -0.531631567988	  -0.995069691922
Ag	  -0.010602557571	  -2.583831466754	   0.843562805286
Ag	  -0.029753412577	  -3.172979036984	  -1.855578021071
Energy    = -1020.352604784736 (-1020.352604784736 :    0.000000000000)
Spin(**2) =    0.753186416158
ZPVE      =    0.003030662503
Normal mode eigenvalues : nmode = 15
  0.000003881   0.000019473   0.000025173   0.000032951   0.000079126
  0.000135279   0.000205742   0.000244257   0.000361423   0.000486563
  0.000554517   0.000669229   0.000871699   0.001153806   0.001381757

# Geometry of EQ 4, SYMMETRY = Cs  
Ag	  -0.688489604214	   1.194964911812	  -1.255986245617
Ag	   0.188746858364	   0.837878270987	   1.520336492069
Ag	   1.831435126963	   2.132504368578	  -0.357296721306
Ag	  -2.544181451180	   0.897859037720	   0.866277637167
Ag	  -1.140237619715	  -1.320015038399	   0.073010630042
Ag	   1.507969560394	  -0.572685963499	  -0.667886334282
Ag	   0.844757129397	  -3.170505587204	  -0.178455458065
Energy    = -1020.358978194413 (-1020.358978194413 :    0.000000000000)
Spin(**2) =    0.752475932591
ZPVE      =    0.003221919922
Normal mode eigenvalues : nmode = 15
  0.000000643   0.000049306   0.000071750   0.000157310   0.000208559
  0.000231525   0.000247945   0.000284556   0.000382125   0.000408322
  0.000546002   0.000555938   0.000840697   0.001066092   0.001272126

# Geometry of EQ 5, SYMMETRY = C3v 
Ag	  -0.462561197141	   0.399209930096	  -1.251018775382
Ag	   0.057694815168	   1.247599484190	   1.464981722707
Ag	   1.783978926247	   2.003533335930	  -0.591999052552
Ag	  -2.560116550252	   0.777746706841	   0.623008138031
Ag	  -0.876179738140	  -1.420942121465	   0.958709292000
Ag	   1.793093224237	  -0.667728586693	   0.212179019146
Ag	   0.264090519886	  -2.339418748898	  -1.415860343933
Energy    = -1020.365041814851 (-1020.365041814851 :    0.000000000000)
Spin(**2) =    0.752270878714
ZPVE      =    0.003380438906
Normal mode eigenvalues : nmode = 15
  0.000050944   0.000051047   0.000168131   0.000225089   0.000225362
  0.000298452   0.000298684   0.000317953   0.000402736   0.000463523
  0.000463815   0.000513170   0.000957968   0.000958148   0.000980442

# Geometry of EQ 6, SYMMETRY = C2  
Ag	   2.164673506549	   1.456739756728	   1.029852046136
Ag	  -2.225347008595	   1.377361345341	  -1.010932856949
Ag	  -0.057339389295	   2.752184971096	   0.016696882219
Ag	   1.924324380079	  -1.386948478287	   1.498313562576
Ag	  -0.000517646922	  -0.000006284682	   0.000766022714
Ag	   0.058858987092	  -2.752137302792	  -0.019135671248
Ag	  -1.864652828907	  -1.447194007396	  -1.515559985449
Energy    = -1020.352366266738 (-1020.352366266738 :    0.000000000000)
Spin(**2) =    0.752955835144
ZPVE      =    0.002948001218
Normal mode eigenvalues : nmode = 15
  0.000005947   0.000006162   0.000020113   0.000036725   0.000138387
  0.000191078   0.000242287   0.000254614   0.000355309   0.000381071
  0.000448917   0.000626535   0.000684433   0.001064679   0.001279961

# Geometry of EQ 7, SYMMETRY = C2v 
Ag	   0.215739424325	   0.358954390559	  -1.463091727345
Ag	   0.126149510423	   1.627522947836	   1.067594598274
Ag	   0.592472341399	   3.037954850472	  -1.224830425639
Ag	  -0.346394581830	   0.137576493757	   3.307874489505
Ag	  -1.596390406000	  -1.778899691678	  -1.468909658477
Ag	  -0.279811901852	  -1.172055943362	   0.929525592963
Ag	   1.288235613548	  -2.211053047576	  -1.148162869279
Energy    = -1020.348980903825 (-1020.348980903825 :    0.000000000000)
Spin(**2) =    0.752907172699
ZPVE      =    0.003053550469
Normal mode eigenvalues : nmode = 15
  0.000005912   0.000008821   0.000013028   0.000122138   0.000132175
  0.000177255   0.000193815   0.000248884   0.000292781   0.000424600
  0.000535868   0.000681928   0.000734939   0.001295383   0.001302745

# Geometry of EQ 8, SYMMETRY = C1  
Ag	  -1.201021200958	   0.485885109957	   0.496885038904
Ag	   1.398929371760	   1.747416959983	   0.440298112627
Ag	  -0.732033781910	   2.548313150258	  -1.203621887727
Ag	   1.462180226791	  -1.026708163291	   0.769289250598
Ag	   0.869993985134	   0.082563885952	  -1.736664630192
Ag	  -1.160729208255	  -1.780894287992	   1.989078256214
Ag	  -0.637319392553	  -2.056576654876	  -0.755264140421
Energy    = -1020.350553793507 (-1020.350553793507 :    0.000000000000)
Spin(**2) =    0.752761445358
ZPVE      =    0.003093583916
Normal mode eigenvalues : nmode = 15
  0.000012781   0.000025529   0.000065666   0.000128441   0.000139880
  0.000176593   0.000222705   0.000241908   0.000327532   0.000439630
  0.000453572   0.000712335   0.000739989   0.000966902   0.001235972
