List of Transition Structures

# Geometry of TS 0, SYMMETRY = Cs  
Ag	  -1.618756747452	  -0.318171512958	  -0.690932814694
Ag	  -1.653817771739	   2.367696917480	  -0.124499954599
Ag	  -0.216478071648	   0.638078630160	   1.449824397390
Au	   0.437711998154	  -1.919900828498	   0.420516972708
Au	   1.135664592683	   0.360826793818	  -1.054908600808
Energy    = -708.227622051484 (-708.227622051484 :    0.000000000000)
Spin(**2) =    0.752672951411
ZPVE      =    0.001813122496
Normal mode eigenvalues : nmode = 9
 -0.000044096   0.000032273   0.000141888   0.000268193   0.000280580
  0.000403995   0.000421367   0.000879953   0.001143323
CONNECTION : 0 - 1

# Geometry of TS 1, SYMMETRY = C2v 
Ag	  -1.310233834433	  -0.285888747086	  -0.917801059319
Ag	  -2.506116445983	   1.999017963929	   0.025367054401
Ag	  -0.031614943608	   1.218594946123	   0.924439242594
Au	   0.370348394354	  -1.628699639996	   0.993544846244
Au	   1.561940829664	  -0.174494522976	  -1.025550083920
Energy    = -708.231479209552 (-708.231479209552 :    0.000000000000)
Spin(**2) =    0.752868795589
ZPVE      =    0.001814653063
Normal mode eigenvalues : nmode = 9
 -0.000011980   0.000015888   0.000189341   0.000228883   0.000232827
  0.000412529   0.000489378   0.000934662   0.001143505
CONNECTION : 0 - 0

# Geometry of TS 2, SYMMETRY = Cs  
Ag	  -2.162679911695	  -0.494619932701	  -0.991622115968
Ag	  -1.984465511690	   1.291435835878	   0.985598365981
Ag	   0.097568748671	   1.258905573895	  -0.980652457257
Au	  -0.141043087626	  -0.876758466619	   0.979381757225
Au	   2.274943762340	  -0.050433010458	   0.007294450018
Energy    = -708.228188539584 (-708.228188539584 :    0.000000000000)
Spin(**2) =    0.752441972960
ZPVE      =    0.001768101757
Normal mode eigenvalues : nmode = 9
 -0.000081553   0.000012928   0.000114253   0.000208515   0.000336037
  0.000387594   0.000486329   0.000798427   0.001151029
CONNECTION : 2 - 2

# Geometry of TS 3, SYMMETRY = Cs  
Ag	  -2.476406039851	  -0.483277539354	   0.000698675271
Ag	  -2.049071120920	   2.178468657607	   0.096535133250
Ag	   0.223915586648	   0.503025205851	   0.002497233682
Au	  -0.369483332052	  -2.174931324989	  -0.091378276893
Au	   2.755368906172	   1.105245000886	  -0.008352765310
Energy    = -708.218962753195 (-708.218962753195 :    0.000000000000)
Spin(**2) =    0.751565291208
ZPVE      =    0.001686465015
Normal mode eigenvalues : nmode = 9
 -0.000114884   0.000005142   0.000035094   0.000125916   0.000169514
  0.000472467   0.000632735   0.000834500   0.001281464
CONNECTION : 0 - 3

# Geometry of TS 4, SYMMETRY = Cs  
Ag	  -2.050884268979	   0.738913982889	  -0.110391344489
Ag	  -4.607604117094	   1.334970366188	  -0.575561740377
Ag	   1.499889150525	   0.557362993567	   1.474847383185
Au	   0.266772578826	  -0.465245285741	  -0.680182652044
Au	   2.976150656719	  -1.037472056904	  -0.108711646273
Energy    = -708.210950475879 (-708.210950475879 :    0.000000000000)
Spin(**2) =    0.752242479446
ZPVE      =    0.001534719721
Normal mode eigenvalues : nmode = 9
 -0.000008744   0.000001364   0.000006926   0.000015681   0.000180219
  0.000408210   0.000496048   0.001075721   0.001196595
CONNECTION : 0 - 2

# Geometry of TS 5, SYMMETRY = C2v 
Ag	  -1.852101689943	  -0.353222494172	   0.564592076047
Ag	  -3.418526783957	   1.826452470891	  -0.169054258862
Ag	  -0.681415569413	   1.736979553014	  -0.663938775597
Au	   0.859418074014	  -0.429090451185	   0.069015623528
Au	   3.176949969301	  -1.652589078552	   0.199385334892
Energy    = -708.225443664352 (-708.225443664352 :    0.000000000000)
Spin(**2) =    0.752340960768
ZPVE      =    0.001744525249
Normal mode eigenvalues : nmode = 9
 -0.000004582   0.000007697   0.000032028   0.000196028   0.000242269
  0.000392316   0.000618790   0.000996654   0.001205067
CONNECTION : 0 - 0

# Geometry of TS 6, SYMMETRY = Cs  
Ag	  -0.836562284118	   0.505301238717	   0.148891193128
Ag	  -3.203758649911	   1.983405125371	   0.649143026402
Ag	  -2.355894165548	   1.520070809535	  -1.839688372654
Au	   1.381621100049	  -0.879971889385	  -0.301530650102
Au	   3.098917999527	  -2.000275284240	   1.343184803235
Energy    = -708.209663705210 (-708.209663705210 :    0.000000000000)
Spin(**2) =    0.752278370997
ZPVE      =    0.001611839149
Normal mode eigenvalues : nmode = 9
 -0.000001535   0.000001851   0.000006696   0.000023788   0.000182058
  0.000504630   0.000659281   0.000905767   0.001375017
CONNECTION : 4 - 0

# Geometry of TS 7, SYMMETRY = C1  
Ag	  -0.664645046744	   0.551068193561	  -0.540585762051
Ag	  -2.565526236886	   2.132138853435	   0.701197987292
Ag	  -3.154341590526	   1.138041595106	  -1.677026916633
Au	   1.762252764607	  -0.382554759869	  -0.005049201403
Au	   2.706584109548	  -2.310163882231	   1.521463892799
Energy    = -708.208891493237 (-708.208891493237 :    0.000000000000)
Spin(**2) =    0.752043903364
ZPVE      =    0.001581192290
Normal mode eigenvalues : nmode = 9
 -0.000004456   0.000000418   0.000003378   0.000031349   0.000194538
  0.000334699   0.000667722   0.000984064   0.001404996
CONNECTION : 4 - 4

# Geometry of TS 8, SYMMETRY = Cs  
Ag	  -2.586623891489	  -0.919794110011	   0.002280806124
Ag	  -2.333860639169	   1.810290373120	  -0.022548370405
Ag	   0.376256205966	   1.550692515958	  -0.008492229806
Au	   0.076172709639	  -1.191123041404	   0.014224713906
Au	   2.552379615058	  -0.121535737665	   0.014535080180
Energy    = -708.234142786191 (-708.234142786191 :    0.000000000000)
Spin(**2) =    0.753211987778
ZPVE      =    0.001798413116
Normal mode eigenvalues : nmode = 9
 -0.000062910   0.000004296   0.000029061   0.000230652   0.000355643
  0.000576704   0.000674683   0.000833992   0.001101587
CONNECTION : 0 - 2

# Geometry of TS 9, SYMMETRY = Cs  
Ag	  -3.161197784752	  -2.027779363045	   0.322657099352
Ag	  -2.685101960078	   0.594532474142	  -0.020716926492
Ag	   3.208947236306	   2.683834143831	  -0.358345454429
Au	  -0.534924799486	  -1.041596064453	   0.164831939297
Au	   1.256601308013	   0.919538809517	  -0.108426657721
Energy    = -708.215501034080 (-708.215501034080 :    0.000000000000)
Spin(**2) =    0.753146167371
ZPVE      =    0.001527992610
Normal mode eigenvalues : nmode = 9
 -0.000021521   0.000003570   0.000006057   0.000008616   0.000216291
  0.000434791   0.000507852   0.000994496   0.001126315
CONNECTION : 5 - 6

# Geometry of TS 10, SYMMETRY = Cs  
Ag	  -3.162777572620	  -2.022301772529	   0.322204491513
Ag	  -1.984513834594	   0.899918171830	  -0.052790394595
Ag	   3.011898113434	   2.521477182548	  -0.340675361039
Au	  -0.576371593219	  -1.337262723557	   0.193957321058
Au	   0.796088887003	   1.066699141708	  -0.122696056940
Energy    = -708.215731169639 (-708.215731169639 :    0.000000000000)
Spin(**2) =    0.752990828166
ZPVE      =    0.001521702819
Normal mode eigenvalues : nmode = 9
 -0.000101578   0.000005775   0.000007402   0.000030257   0.000215035
  0.000232938   0.000661436   0.000947240   0.001081939
CONNECTION : 7 - 5

# Geometry of TS 11, SYMMETRY = C2v 
Ag	  -1.731751821927	  -0.438290841080	   0.300167274306
Ag	  -2.711974102234	   2.038041838389	  -0.256505448978
Ag	  -0.020424217609	   1.639979196410	  -0.238767383125
Au	   0.409549750484	  -2.079537305068	   0.627648106882
Au	   2.086222800111	  -0.043663266472	   0.098468918139
Energy    = -708.238774328864 (-708.238774328864 :    0.000000000000)
Spin(**2) =    0.752655937369
ZPVE      =    0.001846589117
Normal mode eigenvalues : nmode = 9
 -0.000034878   0.000009901   0.000028441   0.000250973   0.000365215
  0.000563107   0.000675761   0.000821839   0.001285653
CONNECTION : 0 - 0

# Geometry of TS 12, SYMMETRY = C1  
Ag	  -1.771044284898	  -0.982307099701	  -0.427818419547
Ag	  -0.822624688629	   2.687266792368	  -0.356991677087
Ag	  -0.654736050498	   0.602047551656	   1.477770474593
Au	   0.690957597344	  -1.932123646363	   0.225117523273
Au	   0.777009530685	   0.587763076816	  -0.932557579586
Energy    = -708.227151010707 (-708.227151010707 :    0.000000000000)
Spin(**2) =    0.752178761585
ZPVE      =    0.001729808094
Normal mode eigenvalues : nmode = 9
 -0.000032815   0.000006366   0.000041112   0.000240072   0.000284948
  0.000431450   0.000543103   0.000917411   0.001026250
CONNECTION : 2 - 1

# Geometry of TS 13, SYMMETRY = Cs  
Ag	  -2.987901098708	  -1.254003991140	   0.320224151870
Ag	  -1.490355482559	   1.101951191088	   0.063023502961
Ag	   0.846005089137	   2.532841836898	  -0.136322664223
Au	  -0.312955117925	  -1.345504672333	   0.242048823537
Au	   1.976829018871	   0.081245257665	   0.042037653076
Energy    = -708.234592560755 (-708.234592560755 :    0.000000000000)
Spin(**2) =    0.752680435421
ZPVE      =    0.001799765869
Normal mode eigenvalues : nmode = 9
 -0.000045932   0.000008339   0.000027194   0.000215411   0.000414665
  0.000550963   0.000690249   0.000732917   0.001137223
CONNECTION : 5 - 2

# Geometry of TS 14, SYMMETRY = C1  
Ag	  -2.725908922801	  -2.022532256879	   0.687719424975
Ag	  -1.117600674207	   1.623850923068	  -0.919431281254
Ag	   0.513644126136	   1.887190815092	   1.214713066037
Au	  -0.459722528063	  -0.806307453595	   0.242282472323
Au	   1.821210407770	   0.434327594489	  -0.694272214864
Energy    = -708.221615941495 (-708.221615941495 :    0.000000000000)
Spin(**2) =    0.752668584260
ZPVE      =    0.001672899608
Normal mode eigenvalues : nmode = 9
 -0.000029174   0.000010823   0.000022916   0.000062986   0.000279696
  0.000427255   0.000546879   0.000967943   0.001221163
CONNECTION : 8 - 2

# Geometry of TS 15, SYMMETRY = Cs  
Ag	  -1.607926650123	  -0.497114963052	  -0.629006085425
Ag	  -1.255241385071	   2.300896292026	  -0.356918961702
Ag	  -0.206353835430	   0.462490531560	   1.526604963158
Au	   0.360072670643	  -2.040556225505	   0.525599034732
Au	   0.929011303975	   0.736931039746	  -1.080758629125
Energy    = -708.231242862072 (-708.231242862072 :    0.000000000000)
Spin(**2) =    0.752500521560
ZPVE      =    0.001836438431
Normal mode eigenvalues : nmode = 9
 -0.000031625   0.000041269   0.000182508   0.000287879   0.000290950
  0.000350684   0.000448445   0.000861791   0.001128781
CONNECTION : 1 - 9

# Geometry of TS 16, SYMMETRY = C2v 
Ag	  -1.353389485152	  -1.084779343482	  -0.499746209580
Ag	  -0.089470433179	   1.391175926311	  -0.707164497351
Ag	   0.258573042554	  -0.259741797092	   1.512172996377
Au	  -0.998825770051	  -2.706737651011	   1.702018145718
Au	   0.402674749835	   3.622729540045	  -2.021760113522
Energy    = -708.225035370221 (-708.225035370221 :    0.000000000000)
Spin(**2) =    0.752051918855
ZPVE      =    0.001724926959
Normal mode eigenvalues : nmode = 9
 -0.000008693   0.000003158   0.000022429   0.000140028   0.000255476
  0.000413625   0.000580426   0.001033142   0.001324253
CONNECTION : 3 - 3

# Geometry of TS 17, SYMMETRY = C1  
Ag	  -2.014884466465	  -0.155693436957	  -0.653828133131
Ag	  -1.020425163463	   2.386155957272	  -0.460513124908
Ag	  -0.494012724661	   0.217758735720	   1.564642012321
Au	   0.928289500973	  -1.882307250033	   0.530081520897
Au	   0.820594957618	   0.396732668767	  -0.994861953536
Energy    = -708.227801829137 (-708.227801829137 :    0.000000000000)
Spin(**2) =    0.752337797490
ZPVE      =    0.001788745666
Normal mode eigenvalues : nmode = 9
 -0.000032578   0.000035854   0.000111599   0.000190738   0.000305540
  0.000375458   0.000580018   0.000813160   0.001083954
CONNECTION : 2 - 1

# Geometry of TS 18, SYMMETRY = Cs  
Ag	  -0.424647090926	   0.640536541100	  -0.046880027765
Ag	  -2.822525667485	   2.113688158339	   0.178817097377
Ag	  -0.513622464708	   3.325310572020	  -0.386836302088
Au	   0.439911497983	  -3.677669220858	   0.369919193434
Au	   1.405207725128	  -1.273336050597	  -0.115019960968
Energy    = -708.209578880911 (-708.209578880911 :    0.000000000000)
Spin(**2) =    0.752337828298
ZPVE      =    0.001611310736
Normal mode eigenvalues : nmode = 9
 -0.000005160   0.000002069   0.000002634   0.000027608   0.000201039
  0.000472021   0.000699319   0.000843953   0.001434505
CONNECTION : 4 - 0

# Geometry of TS 19, SYMMETRY = Cs  
Ag	  -2.586423744553	  -1.314398638754	  -0.444851656849
Ag	  -2.817115067144	   0.693688884892	   1.280514879166
Ag	   1.694113724558	   1.567974018897	  -1.180477787312
Au	  -0.414205354814	   0.341713439662	  -0.034678330451
Au	   2.155252850772	  -0.172448082522	   0.910504362664
Energy    = -708.219221601989 (-708.219221601989 :    0.000000000000)
Spin(**2) =    0.752567111749
ZPVE      =    0.001632188490
Normal mode eigenvalues : nmode = 9
 -0.000198515   0.000009836   0.000014312   0.000130388   0.000199810
  0.000369350   0.000467516   0.000926474   0.001268885
CONNECTION : 2 - 2

# Geometry of TS 20, SYMMETRY = Cs  
Ag	  -2.605820739871	  -0.405113445217	  -0.895209235935
Ag	  -3.153410847678	  -0.264420606076	   1.732310025487
Ag	   2.477170926610	   0.694864304566	  -1.926704742610
Au	  -0.622964609550	   0.254913325597	   0.938169874373
Au	   1.936647679308	   0.836286043305	   0.682445545896
Energy    = -708.217792637728 (-708.217792637728 :    0.000000000000)
Spin(**2) =    0.752337765258
ZPVE      =    0.001628740395
Normal mode eigenvalues : nmode = 9
 -0.000013829   0.000003905   0.000013116   0.000034050   0.000282195
  0.000421032   0.000722893   0.000779718   0.001261554
CONNECTION : 2 - 6

# Geometry of TS 21, SYMMETRY = C1  
Ag	  -0.811885693731	   0.616206176407	   1.094694961539
Ag	  -1.594713338938	   0.754062910238	  -1.499884951669
Ag	   1.347643941734	  -0.727626274936	  -0.206859495533
Au	  -0.880016598638	  -2.065566493511	   0.631180349664
Au	   0.865843484950	   1.917765691374	  -0.780968418780
Energy    = -708.238651909270 (-708.238651909270 :    0.000000000000)
Spin(**2) =    0.751870426419
ZPVE      =    0.001822201349
Normal mode eigenvalues : nmode = 9
 -0.000044873   0.000019677   0.000164882   0.000183366   0.000287002
  0.000488683   0.000606913   0.000896431   0.000970808
CONNECTION : 10 - 9

# Geometry of TS 22, SYMMETRY = Cs  
Ag	  -2.478032950266	  -0.166452411240	   0.523143613590
Ag	  -0.466603033352	   0.769039471801	  -1.283373577801
Ag	   0.277112497235	   0.085231931071	   1.250589817019
Au	  -0.550614045720	  -1.963522744607	  -0.527308433171
Au	   1.437699636111	   2.238350427751	   0.022468902005
Energy    = -708.238286919692 (-708.238286919692 :    0.000000000000)
Spin(**2) =    0.752343623097
ZPVE      =    0.001817799340
Normal mode eigenvalues : nmode = 9
 -0.000105587   0.000015621   0.000151488   0.000263435   0.000310389
  0.000416518   0.000443776   0.000946599   0.001080599
CONNECTION : 9 - 9

# Geometry of TS 23, SYMMETRY = C2v 
Ag	  -3.694207198874	  -2.133487411721	   0.324174694826
Ag	   0.331053645550	   0.807051369810	  -1.431642473020
Ag	   0.637063038534	   0.748532997657	   1.261311502439
Au	  -1.495880138830	  -0.602506344705	   0.109754197347
Au	   2.441532757626	   2.143056063731	  -0.278077599950
Energy    = -708.235103174604 (-708.235103174604 :    0.000000000000)
Spin(**2) =    0.752210470352
ZPVE      =    0.001731533415
Normal mode eigenvalues : nmode = 9
 -0.000002371   0.000006285   0.000035237   0.000186311   0.000239819
  0.000446399   0.000623397   0.000975380   0.001085756
CONNECTION : 9 - 9

# Geometry of TS 24, SYMMETRY = Cs  
Ag	  -1.883710219335	  -0.268866963133	  -0.272734080027
Ag	  -1.805978545010	   2.205827170314	  -1.499470319694
Ag	   2.230902746862	  -0.587264998686	   0.638651714556
Au	  -0.084471814982	  -1.965074788607	   0.905574799912
Au	   0.470129627849	   1.110221589681	  -0.533859669527
Energy    = -708.237945361471 (-708.237945361471 :    0.000000000000)
Spin(**2) =    0.752618488194
ZPVE      =    0.001808678588
Normal mode eigenvalues : nmode = 9
 -0.000040758   0.000010514   0.000024605   0.000224385   0.000423617
  0.000559687   0.000688631   0.000758718   0.001104601
CONNECTION : 9 - 11

# Geometry of TS 25, SYMMETRY = Cs  
Ag	  -1.606003569784	   0.014125997038	   0.007340456988
Ag	  -0.952989111022	   2.640925641823	   0.084927991410
Ag	   1.038522380551	  -0.905824603404	  -0.055029678927
Au	  -1.022701068653	  -2.644991235452	  -0.087790913336
Au	   1.619620212179	   1.718365671651	   0.025568439455
Energy    = -708.245133787970 (-708.245133787970 :    0.000000000000)
Spin(**2) =    0.752565863174
ZPVE      =    0.001825545350
Normal mode eigenvalues : nmode = 9
 -0.000054601   0.000004733   0.000031420   0.000264978   0.000277733
  0.000549277   0.000647528   0.000934795   0.001274673
CONNECTION : 9 - 3

# Geometry of TS 26, SYMMETRY = C2h 
Ag	  -0.184651112008	   0.164517524548	  -0.005033229448
Ag	  -2.002171323963	   4.194259267944	   0.538881983238
Ag	   1.632720761184	  -3.865235899920	  -0.548726703066
Au	  -0.592998521999	  -2.482176541279	  -0.166144633013
Au	   0.223549040057	   2.811237120366	   0.156038877879
Energy    = -708.208337381991 (-708.208337381991 :    0.000000000000)
Spin(**2) =    0.751979296832
ZPVE      =    0.001412429938
Normal mode eigenvalues : nmode = 9
 -0.000001864   0.000001913   0.000005254   0.000014832   0.000016446
  0.000252377   0.000841205   0.000874819   0.001194325
CONNECTION : 3 - 3

# Geometry of TS 27, SYMMETRY = Cs  
Ag	  -1.925875725641	  -0.389366814402	  -1.942804062741
Ag	  -1.673385554471	   2.289687573318	  -1.315941143464
Ag	   1.437097856951	   0.486903727734	   2.169689067791
Au	   0.691408638371	  -1.887718627329	   0.989192623621
Au	  -0.309683111209	   0.463140815459	   0.085383836444
Energy    = -708.230194010891 (-708.230194010891 :    0.000000000000)
Spin(**2) =    0.752231001362
ZPVE      =    0.001785311091
Normal mode eigenvalues : nmode = 9
 -0.000010981   0.000015231   0.000037263   0.000219587   0.000358076
  0.000385938   0.000588139   0.000806251   0.001325620
CONNECTION : 11 - 2

# Geometry of TS 28, SYMMETRY = Cs  
Ag	  -1.715266329334	   0.105428118957	  -2.127982181428
Ag	  -1.350943795507	   2.744682492660	  -1.872655062430
Ag	   1.208293157207	  -0.398598735768	   1.760432001194
Au	   0.890147401635	  -3.002853549074	   1.567625124153
Au	  -0.105358638616	   1.046183682788	  -0.089257436266
Energy    = -708.213450351520 (-708.213450351520 :    0.000000000000)
Spin(**2) =    0.752329061364
ZPVE      =    0.001588573283
Normal mode eigenvalues : nmode = 9
 -0.000004889   0.000001538   0.000003284   0.000015838   0.000305442
  0.000371703   0.000671092   0.000998168   0.001180736
CONNECTION : 12 - 11

# Geometry of TS 29, SYMMETRY = Cs  
Ag	  -1.851083669280	  -0.144920805529	   0.220145827156
Ag	  -2.688147780180	   2.379817279314	   0.577436333008
Ag	   0.999280291971	  -0.215096470297	  -0.219068702627
Au	  -0.540921576327	  -2.448549273653	  -0.196944552002
Au	   3.157321577079	   1.251350741828	  -0.406552609944
Energy    = -708.211827283936 (-708.211827283936 :    0.000000000000)
Spin(**2) =    0.751379227546
ZPVE      =    0.001550192020
Normal mode eigenvalues : nmode = 9
 -0.000005677   0.000004169   0.000005044   0.000031676   0.000178378
  0.000289164   0.000411528   0.001090272   0.001504651
CONNECTION : 3 - 9

# Geometry of TS 30, SYMMETRY = C2v 
Ag	  -0.464231046690	  -0.433829411523	   0.061908411209
Ag	  -2.016704986324	   1.473333633010	  -1.311964220981
Ag	   2.263113002433	   0.168525036341	   0.426657064470
Au	  -1.493317829521	  -2.634966904355	   0.945347612651
Au	   0.638012655482	   1.921779656097	  -0.883786422140
Energy    = -708.226808351650 (-708.226808351650 :    0.000000000000)
Spin(**2) =    0.751784008713
ZPVE      =    0.001731490952
Normal mode eigenvalues : nmode = 9
 -0.000016614   0.000004822   0.000033644   0.000153929   0.000214872
  0.000372061   0.000622957   0.000768452   0.001666472
CONNECTION : 9 - 9

# Geometry of TS 31, SYMMETRY = C2v 
Ag	  -2.282562380446	  -1.429460911098	   0.199623291725
Ag	  -2.283337239195	   1.300565204472	   0.010759072235
Ag	   0.076396654174	   2.684981916454	  -0.054259087163
Au	   0.138071515637	  -0.080166296679	   0.132099604420
Au	   2.383053858652	  -1.359390290974	   0.242788586008
Energy    = -708.227183253969 (-708.227183253969 :    0.000000000000)
Spin(**2) =    0.752337961679
ZPVE      =    0.001762833401
Normal mode eigenvalues : nmode = 9
 -0.000010088   0.000005847   0.000046282   0.000171111   0.000306703
  0.000413815   0.000685877   0.000835433   0.001244600
CONNECTION : 2 - 2

# Geometry of TS 32, SYMMETRY = C1  
Ag	  -2.299237996961	  -1.344045930392	   0.361755995697
Ag	  -1.616468407521	   1.271304152238	  -0.039904035811
Ag	  -0.960283440792	   3.846761133352	   0.344766887708
Au	   0.307732290731	  -0.722441884485	   0.010225249794
Au	   2.599879963354	  -1.935047848527	  -0.145832630170
Energy    = -708.213946939249 (-708.213946939249 :    0.000000000000)
Spin(**2) =    0.751642655378
ZPVE      =    0.001607717907
Normal mode eigenvalues : nmode = 9
 -0.000004568   0.000003149   0.000009762   0.000030805   0.000284547
  0.000336602   0.000606619   0.000930741   0.001330919
CONNECTION : 2 - 0

# Geometry of TS 33, SYMMETRY = Cs  
Ag	  -2.475899315166	  -2.449461807532	   0.194971178483
Ag	  -0.420701695587	   3.424287584324	  -1.394885250415
Ag	   2.142440742083	   0.153566757531	   0.415648643243
Au	   0.016132404435	  -1.592459671130	   0.509822196817
Au	  -0.308644644721	   0.970780557812	  -0.488377138063
Energy    = -708.219504583004 (-708.219504583004 :    0.000000000000)
Spin(**2) =    0.752101333345
ZPVE      =    0.001599810929
Normal mode eigenvalues : nmode = 9
 -0.000013656   0.000008786   0.000015441   0.000030241   0.000249899
  0.000315284   0.000684710   0.000918607   0.001167998
CONNECTION : 11 - 7

# Geometry of TS 34, SYMMETRY = C2  
Ag	  -2.329057700578	   0.315239277124	   0.499050061920
Ag	  -1.358680223939	   0.815991478807	  -1.921792995132
Ag	   2.324937659810	  -0.618393813476	   0.713670614226
Au	  -0.036392559920	  -1.287594006961	  -0.525204696687
Au	   0.352520315662	   1.281470485509	   0.471456645739
Energy    = -708.224348421772 (-708.224348421772 :    0.000000000000)
Spin(**2) =    0.752367226426
ZPVE      =    0.001715797773
Normal mode eigenvalues : nmode = 9
 -0.000003253   0.000020990   0.000074991   0.000211404   0.000257566
  0.000315296   0.000468651   0.000876807   0.001133497
CONNECTION : 11 - 11

# Geometry of TS 35, SYMMETRY = C2v 
Ag	  -2.649387575958	  -0.480462493107	  -0.292919513645
Ag	  -1.641958687297	   1.837033736587	  -1.269781864085
Ag	   2.536394499269	  -0.716532774963	   0.739047062603
Au	  -0.148763912597	  -1.223179143432	   0.518505141140
Au	   0.857043167630	   1.089854095922	  -0.457671195948
Energy    = -708.229563005306 (-708.229563005306 :    0.000000000000)
Spin(**2) =    0.752759843378
ZPVE      =    0.001796232227
Normal mode eigenvalues : nmode = 9
 -0.000056432   0.000008995   0.000026136   0.000259138   0.000433869
  0.000562063   0.000634505   0.000757244   0.001019346
CONNECTION : 11 - 11

# Geometry of TS 36, SYMMETRY = Cs  
Ag	  -2.199065369344	  -0.409466685766	  -0.374400724289
Ag	  -0.655005770945	   1.442961185049	  -1.659136339030
Ag	   2.714555161123	  -1.934154751957	   0.425557943535
Au	   0.573216784261	  -0.518020051594	  -0.104852471622
Au	  -1.480373314053	   1.925393725271	   0.950011221471
Energy    = -708.219010664588 (-708.219010664588 :    0.000000000000)
Spin(**2) =    0.752372927353
ZPVE      =    0.001673097819
Normal mode eigenvalues : nmode = 9
 -0.000053316   0.000009182   0.000012604   0.000155413   0.000288350
  0.000387511   0.000462865   0.000950472   0.001211723
CONNECTION : 9 - 8

# Geometry of TS 37, SYMMETRY = C2v 
Ag	  -0.373446918312	   0.655877678723	   1.453292769657
Ag	  -1.321993084659	   0.197774746348	  -1.433643709774
Ag	   1.339488988788	  -0.668289191772	  -0.159809403620
Au	  -1.162222717735	  -1.847475668196	   0.411662215006
Au	   0.669608007555	   1.999534259715	  -0.800526915160
Energy    = -708.241363641373 (-708.241363641373 :    0.000000000000)
Spin(**2) =    0.751820463008
ZPVE      =    0.001806039295
Normal mode eigenvalues : nmode = 9
 -0.000039905   0.000104639   0.000142782   0.000155026   0.000227827
  0.000430426   0.000552077   0.000748024   0.001082573
CONNECTION : 10 - 10

# Geometry of TS 38, SYMMETRY = Cs  
Ag	  -1.171752765539	   1.116773768552	  -0.297495246426
Ag	  -3.434845397562	   1.762567887457	  -1.465494037406
Ag	   2.482158610210	  -1.380484185058	   0.899424611275
Au	  -0.196921631802	  -1.034016915509	   1.174408823117
Au	   1.274688675740	   0.041872865568	  -1.073664520500
Energy    = -708.211158457616 (-708.211158457616 :    0.000000000000)
Spin(**2) =    0.754218886922
ZPVE      =    0.001631308504
Normal mode eigenvalues : nmode = 9
 -0.000008724   0.000004142   0.000009106   0.000133933   0.000271389
  0.000368800   0.000429064   0.000920455   0.001291809
CONNECTION : 11 - 11

# Geometry of TS 39, SYMMETRY = Cs  
Ag	  -1.682081264650	  -2.618132091658	   0.550740353123
Ag	  -0.425572612193	   1.993302914689	  -1.229591800197
Ag	   0.576496609817	   1.898859156335	   1.260517812620
Au	  -1.448176625715	  -0.004024743794	   0.554343838434
Au	   1.181626483537	  -0.231257572091	  -0.511851353047
Energy    = -708.215022019991 (-708.215022019991 :    0.000000000000)
Spin(**2) =    0.753022313827
ZPVE      =    0.001640138445
Normal mode eigenvalues : nmode = 9
 -0.000037563   0.000011339   0.000039298   0.000093198   0.000251195
  0.000324564   0.000462132   0.000984162   0.001157973
CONNECTION : 13 - 8

# Geometry of TS 40, SYMMETRY = C2v 
Ag	  -2.662794121146	  -1.825261582427	   1.177416581253
Ag	  -0.623047405546	   0.570792203643	  -2.342948307530
Ag	   1.092808268226	   0.894848555838	   2.049297233128
Au	  -0.811164138728	  -0.190929667125	   0.330076314956
Au	   1.206489987990	   1.589298153566	  -0.589682970871
Energy    = -708.227508927748 (-708.227508927748 :    0.000000000000)
Spin(**2) =    0.751975561650
ZPVE      =    0.001677896909
Normal mode eigenvalues : nmode = 9
 -0.000002711   0.000005767   0.000034771   0.000173681   0.000222313
  0.000341947   0.000689871   0.000753874   0.001202393
CONNECTION : 11 - 11

# Geometry of TS 41, SYMMETRY = C1  
Ag	  -2.534875304421	  -2.285531561150	  -0.282408142857
Ag	  -3.661423865033	   0.049047264662	   0.327259158985
Ag	   3.570445324207	   2.191057538872	  -0.643697945536
Au	  -0.913002395940	  -0.098976768175	   0.167852322649
Au	   1.480461777944	   0.979517394766	   0.469601239380
Energy    = -708.219079509987 (-708.219079509987 :    0.000000000000)
Spin(**2) =    0.752020095213
ZPVE      =    0.001589462894
Normal mode eigenvalues : nmode = 9
 -0.000000347   0.000004017   0.000007888   0.000029460   0.000242582
  0.000351161   0.000640232   0.000928172   0.001253286
CONNECTION : 6 - 6

# Geometry of TS 42, SYMMETRY = Cs  
Ag	  -2.407774808032	   1.279370787357	  -2.511472377991
Ag	  -0.576985095601	   3.088866044878	  -1.802371995312
Ag	   0.410144779079	  -1.088390491858	   1.293032609736
Au	   1.781341587921	  -2.949322390673	   2.542920742190
Au	  -0.507418954928	   0.583463382147	  -0.615131780972
Energy    = -708.214203193811 (-708.214203193811 :    0.000000000000)
Spin(**2) =    0.751994163609
ZPVE      =    0.001525259049
Normal mode eigenvalues : nmode = 9
 -0.000000629   0.000001922   0.000003030   0.000008145   0.000180306
  0.000334919   0.000532933   0.001088577   0.001328912
CONNECTION : 12 - 12

# Geometry of TS 43, SYMMETRY = Cs  
Ag	  -1.808335012266	  -1.816007335503	   0.008447413389
Ag	  -0.910093232175	   3.981756953384	  -1.508814304080
Ag	   0.500532921401	   2.215414371917	  -0.079924554934
Au	   0.054723591085	  -3.016411713783	   1.481003790500
Au	   0.365464322749	  -0.326004612528	   0.723446506065
Energy    = -708.210731289769 (-708.210731289769 :    0.000000000000)
Spin(**2) =    0.751887398271
ZPVE      =    0.001549753663
Normal mode eigenvalues : nmode = 9
 -0.000001374   0.000001128   0.000011008   0.000019152   0.000196823
  0.000379713   0.000566170   0.001016069   0.001182842
CONNECTION : 2 - 2

# Geometry of TS 44, SYMMETRY = Cs  
Ag	  -2.351253285466	  -0.208079310158	  -0.403987372437
Ag	  -1.220217203035	   2.258366631926	  -1.287773490174
Ag	   2.917347962553	   0.234236985161	   0.355731264336
Au	  -0.685619999329	  -2.100569517149	   0.732822162016
Au	   0.293070016312	   0.322758631225	  -0.159612933672
Energy    = -708.216092135340 (-708.216092135340 :    0.000000000000)
Spin(**2) =    0.751946970513
ZPVE      =    0.001558106160
Normal mode eigenvalues : nmode = 9
 -0.005525886   0.000004964   0.000038180   0.000088414   0.000129175
  0.000328914   0.000615643   0.000766364   0.001104953
CONNECTION : 11 - 2

# Geometry of TS 45, SYMMETRY = Cs  
Ag	  -1.965422426294	  -0.324159920018	  -0.412473272069
Ag	  -0.981544872883	   2.188334064532	  -1.026872089758
Ag	   3.213162308194	   1.127406458087	   0.290426628444
Au	  -2.025809017203	  -2.813951485466	   0.403504698649
Au	   0.712941499222	   0.329084303871	  -0.017406335202
Energy    = -708.214843605012 (-708.214843605012 :    0.000000000000)
Spin(**2) =    0.751858628368
ZPVE      =    0.001616763494
Normal mode eigenvalues : nmode = 9
 -0.000016700   0.000010688   0.000011297   0.000017202   0.000234402
  0.000361925   0.000676675   0.000963220   0.001288476
CONNECTION : 2 - 9

# Geometry of TS 46, SYMMETRY = C2v 
Ag	  -3.739032487217	  -3.091727612824	   0.286621005133
Ag	   0.403656786837	  -0.573863068123	   0.008766201352
Ag	   3.188035930652	   3.394462112229	  -0.271077745418
Au	  -2.244954371769	  -0.926361702484	   0.130113586149
Au	   0.928734436789	   2.045290164010	  -0.127023632599
Energy    = -708.208617287526 (-708.208617287526 :    0.000000000000)
Spin(**2) =    0.752359758281
ZPVE      =    0.001453323856
Normal mode eigenvalues : nmode = 9
 -0.000006429   0.000002121   0.000005943   0.000009342   0.000011218
  0.000531346   0.000766641   0.000988995   0.000999360
CONNECTION : 7 - 3

# Geometry of TS 47, SYMMETRY = C2v 
Ag	  -3.192283368007	  -0.467014275707	   0.086950254522
Ag	  -0.731622289619	   0.734054942554	  -0.064681324777
Ag	   0.685933624788	   3.062822326014	  -0.360247865857
Au	  -0.934128320051	  -1.956073457207	   0.277973858021
Au	   1.987626651434	   0.703216410727	  -0.058821964750
Energy    = -708.229672025695 (-708.229672025695 :    0.000000000000)
Spin(**2) =    0.752400406266
ZPVE      =    0.001790053710
Normal mode eigenvalues : nmode = 9
 -0.000022537   0.000013759   0.000020161   0.000199489   0.000262492
  0.000507708   0.000595010   0.000842150   0.001473315
CONNECTION : 3 - 5
