List of Equilibrium Structures

# Geometry of EQ 0, SYMMETRY = Cs  
Ag	  -2.186419000000	  -0.547299000000	  -0.000000000000
Ag	  -2.542907000000	   2.161159000000	  -0.000000000000
Ag	  -0.000000000000	   1.172196000000	   0.000000000000
Au	   0.343463000000	  -1.673743000000	  -0.000000000000
Au	   2.470187000000	   0.016217000000	   0.000000000000
Energy    = -708.243894614956 (-708.243894614956 :    0.000000000000)
Spin(**2) =    0.752758284428
ZPVE      =    0.001926713569
Normal mode eigenvalues : nmode = 9
  0.000017934   0.000031846   0.000131559   0.000185905   0.000304135
  0.000464251   0.000753999   0.000784319   0.001231300

# Geometry of EQ 1, SYMMETRY = Cs  
Ag	  -1.711100327868	  -0.469175777716	  -0.559900746637
Ag	  -1.170870533392	   2.308963040824	  -0.414448528028
Ag	  -0.311404630470	   0.485168003188	   1.576990147698
Au	   0.485945828606	  -1.930318297050	   0.393695048528
Au	   0.926991767126	   0.568009705527	  -1.010815599919
Energy    = -708.231789051398 (-708.231789051398 :    0.000000000000)
Spin(**2) =    0.752079711019
ZPVE      =    0.001878170773
Normal mode eigenvalues : nmode = 9
  0.000053487   0.000060764   0.000187952   0.000228805   0.000260140
  0.000298281   0.000459793   0.000775741   0.001138328

# Geometry of EQ 2, SYMMETRY = Cs  
Ag	  -2.821965395997	  -1.299714441230	   0.287475838818
Ag	  -2.036213272168	   1.367897582462	  -0.017718444786
Ag	   0.693342367263	   1.961293225774	  -0.095098965323
Au	  -0.211302091192	  -0.724354903601	   0.213126842435
Au	   2.407760800912	  -0.188591841227	   0.143226196076
Energy    = -708.244160469838 (-708.244160469838 :    0.000000000000)
Spin(**2) =    0.752197169588
ZPVE      =    0.001943234718
Normal mode eigenvalues : nmode = 9
  0.000019966   0.000042790   0.000132566   0.000200504   0.000393695
  0.000430112   0.000698979   0.000770254   0.001188739

# Geometry of EQ 3, SYMMETRY = C2v 
Ag	  -2.162831771907	  -0.191621378547	   0.007887956437
Ag	  -0.642574268436	   2.119984100148	   0.075415448653
Ag	   0.674156437866	  -0.399352257284	  -0.037959692300
Au	  -0.876877932047	  -2.604729046891	  -0.101134612247
Au	   2.084576377793	   1.898320054238	   0.030807195049
Energy    = -708.254663528173 (-708.254663528173 :    0.000000000000)
Spin(**2) =    0.752014415683
ZPVE      =    0.001987792041
Normal mode eigenvalues : nmode = 9
  0.000020099   0.000041895   0.000172373   0.000179204   0.000253537
  0.000531311   0.000743612   0.000834897   0.001378661

# Geometry of EQ 4, SYMMETRY = Cs  
Ag	  -0.788572625855	   0.482005486105	  -0.039082317103
Ag	  -3.098331515852	   1.914575919926	   0.759624138874
Ag	  -2.497687011779	   1.606779726054	  -1.816775445252
Au	   1.441802060878	  -0.914966531477	  -0.371404066917
Au	   3.032446232073	  -1.962305869155	   1.442739044504
Energy    = -708.209675781531 (-708.209675781531 :    0.000000000000)
Spin(**2) =    0.752234167742
ZPVE      =    0.001626748567
Normal mode eigenvalues : nmode = 9
  0.000001037   0.000001817   0.000008506   0.000025276   0.000184473
  0.000464740   0.000675459   0.000900295   0.001403584

# Geometry of EQ 5, SYMMETRY = C2v 
Ag	  -3.095891955320	  -0.768197562634	   0.159964002542
Ag	  -1.121217577858	   1.158520368863	  -0.111534675340
Ag	   0.991890095150	   2.934603772612	  -0.364712161448
Au	  -0.507024772824	  -1.554553596627	   0.230355664036
Au	   1.547770509394	   0.306632964168	  -0.032899872633
Energy    = -708.239607655919 (-708.239607655919 :    0.000000000000)
Spin(**2) =    0.753202014285
ZPVE      =    0.001859564652
Normal mode eigenvalues : nmode = 9
  0.000017686   0.000019637   0.000123103   0.000174411   0.000275685
  0.000468034   0.000640195   0.000856557   0.001091900

# Geometry of EQ 6, SYMMETRY = Cs  
Ag	  -2.676543207326	  -2.271844200274	   0.347296587139
Ag	  -3.539093308346	   0.231048050290	   0.036199656264
Ag	   3.265992242958	   2.649779530941	  -0.356327447216
Au	  -0.809592207880	  -0.293395267032	   0.071968954412
Au	   1.700842017353	   0.519525755053	  -0.060531117977
Energy    = -708.219126185461 (-708.219126185461 :    0.000000000000)
Spin(**2) =    0.752100332793
ZPVE      =    0.001600728852
Normal mode eigenvalues : nmode = 9
  0.000000487   0.000002363   0.000014260   0.000023611   0.000243148
  0.000364626   0.000645166   0.000918622   0.001254529

# Geometry of EQ 7, SYMMETRY = C2v 
Ag	  -2.543140804189	  -3.174461673288	   0.452114396676
Ag	  -1.775082345045	   1.702396798182	  -0.153035408470
Ag	   3.171242997949	   2.256535801861	  -0.310351472966
Au	  -1.168188012152	  -0.931637882844	   0.154197902899
Au	   0.851608458733	   0.994966848897	  -0.115526003529
Energy    = -708.220983506312 (-708.220983506312 :    0.000000000000)
Spin(**2) =    0.752141608619
ZPVE      =    0.001585240536
Normal mode eigenvalues : nmode = 9
  0.000005244   0.000008924   0.000010566   0.000014997   0.000195136
  0.000358554   0.000696085   0.000867787   0.001170872

# Geometry of EQ 8, SYMMETRY = Cs  
Ag	  -2.596606012097	  -2.227700415613	   0.944675261829
Ag	  -0.696533942147	   1.829462785042	  -1.122190468393
Ag	   0.336534207262	   1.716636128833	   1.364231947224
Au	  -0.602788497602	  -0.728980795608	   0.183508692315
Au	   1.761686835385	   0.449329960827	  -0.746066582041
Energy    = -708.222361222397 (-708.222361222397 :    0.000000000000)
Spin(**2) =    0.753039456793
ZPVE      =    0.001746395257
Normal mode eigenvalues : nmode = 9
  0.000012954   0.000016649   0.000082760   0.000169970   0.000243307
  0.000245641   0.000442251   0.000996740   0.001255963

# Geometry of EQ 9, SYMMETRY = Cs  
Ag	  -1.177030148324	  -0.243774252533	  -0.150395738353
Ag	  -1.913892933294	   2.058585607657	  -1.450058368670
Ag	   1.568304232217	  -0.571639359845	   0.506644674118
Au	  -0.292959375412	  -2.461172597807	   1.133298708029
Au	   0.742450020194	   1.712842612098	  -0.801326829902
Energy    = -708.250391968987 (-708.250391968987 :    0.000000000000)
Spin(**2) =    0.752455693148
ZPVE      =    0.001916488260
Normal mode eigenvalues : nmode = 9
  0.000014527   0.000034308   0.000147199   0.000188331   0.000273494
  0.000471867   0.000730343   0.000780829   0.001217812

# Geometry of EQ 10, SYMMETRY = C2v 
Ag	  -0.542702227865	   0.680808595229	   1.269994376146
Ag	  -1.517137968706	   0.320309357222	  -1.321501670300
Ag	   1.492008560323	  -0.702756807397	  -0.051375724747
Au	  -1.040502506951	  -1.879790002837	   0.389676535467
Au	   0.759768418838	   1.918850682603	  -0.815818560456
Energy    = -708.241952256135 (-708.241952256135 :    0.000000000000)
Spin(**2) =    0.751629268395
ZPVE      =    0.001885074919
Normal mode eigenvalues : nmode = 9
  0.000034249   0.000039157   0.000236617   0.000293816   0.000294523
  0.000315488   0.000465674   0.000762232   0.001038312

# Geometry of EQ 11, SYMMETRY = Cs  
Ag	  -2.160271996014	  -0.269833152953	  -0.322477763358
Ag	  -1.692856942829	   2.201047098361	  -1.476572347446
Ag	   2.452303790857	  -0.555390957192	   0.663277613902
Au	  -0.028912569505	  -1.713000850747	   0.789247468662
Au	   0.383065208532	   0.843891283537	  -0.416295341696
Energy    = -708.240103278451 (-708.240103278451 :    0.000000000000)
Spin(**2) =    0.752768394516
ZPVE      =    0.001875287751
Normal mode eigenvalues : nmode = 9
  0.000016374   0.000031249   0.000119010   0.000160194   0.000376823
  0.000429508   0.000632670   0.000803111   0.001108948

# Geometry of EQ 12, SYMMETRY = C1  
Ag	  -2.092990395604	   1.052109542599	  -2.699264150775
Ag	  -1.053123501177	   3.218692249962	  -1.534375638355
Ag	   0.790397195214	  -0.902776530405	   1.269111990613
Au	   1.488631734419	  -3.188054513058	   2.363862325569
Au	  -0.433607524411	   0.734016582753	  -0.492357329396
Energy    = -708.214237267211 (-708.214237267211 :    0.000000000000)
Spin(**2) =    0.752013000434
ZPVE      =    0.001542889831
Normal mode eigenvalues : nmode = 9
  0.000000941   0.000001133   0.000006283   0.000006817   0.000190060
  0.000339151   0.000539200   0.001084827   0.001313069

# Geometry of EQ 13, SYMMETRY = C2  
Ag	  -0.961819052763	  -2.452657157213	   0.266421399816
Ag	  -0.331066793268	   1.988677877539	  -1.251606779910
Ag	   0.655171585948	   1.897665678978	   1.212016408120
Au	  -1.621450052398	   0.191084246318	   0.633797991155
Au	   0.869979492118	  -0.513024210689	  -0.398705122766
Energy    = -708.224351142693 (-708.224351142693 :    0.000000000000)
Spin(**2) =    0.752364731483
ZPVE      =    0.001735689704
Normal mode eigenvalues : nmode = 9
  0.000001959   0.000021508   0.000117724   0.000195141   0.000251945
  0.000274973   0.000465576   0.000873010   0.001140802
