List of Equilibrium Structures

# Geometry of EQ 0, SYMMETRY = Cs  
Cu	  -2.306736000000	   0.441873000000	  -0.000000000000
Cu	  -1.835904000000	   2.776114000000	   0.000000000000
Cu	  -0.000000000000	   1.230924000000	   0.000000000000
Au	  -0.500185000000	  -1.366315000000	  -0.000000000000
Au	   2.020901000000	  -0.266830000000	   0.000000000000
Energy    = -859.450897349890 (-859.450897349890 :    0.000000000000)
Spin(**2) =    0.752996463286
ZPVE      =    0.002575229983
Normal mode eigenvalues : nmode = 9
  0.000031298   0.000071828   0.000213955   0.000279836   0.000535351
  0.000617512   0.001431995   0.001530912   0.002452178

# Geometry of EQ 1, SYMMETRY = C2v 
Cu	  -1.284362848819	   0.444784045962	  -0.936823815418
Cu	  -1.828510128351	   2.587598237526	   0.013472874197
Cu	  -0.076966620591	   1.219420683301	   0.936133104489
Au	  -0.553205245816	  -1.387110535390	   0.835543417325
Au	   1.294539145983	  -0.167597172489	  -0.859935342545
Energy    = -859.440668910076 (-859.440668910076 :    0.000000000000)
Spin(**2) =    0.752651467353
ZPVE      =    0.002543838376
Normal mode eigenvalues : nmode = 9
  0.000022144   0.000078069   0.000245672   0.000474578   0.000478900
  0.000589785   0.000881449   0.001811154   0.002285189

# Geometry of EQ 2, SYMMETRY = C2v 
Cu	  -2.695853175268	  -0.835757785360	  -0.189612117059
Cu	   0.367408219030	   2.876254346425	   0.118980783434
Cu	  -1.052735655550	   0.927602358283	  -0.027160989919
Au	  -0.293532053261	  -1.548233797996	  -0.034581419731
Au	   1.515437618465	   0.643894842136	   0.147237437897
Energy    = -859.444155527091 (-859.444155527091 :    0.000000000000)
Spin(**2) =    0.754655320383
ZPVE      =    0.002483766914
Normal mode eigenvalues : nmode = 9
  0.000026771   0.000038095   0.000188137   0.000222058   0.000468019
  0.000928631   0.001074528   0.001503862   0.002348317

# Geometry of EQ 3, SYMMETRY = C2v 
Cu	  -1.977420202412	   0.703609460483	   0.012104612270
Cu	  -0.041547113739	   2.150421904229	  -0.016530546570
Cu	   0.291951426903	  -0.314378179519	  -0.001012537477
Au	  -1.710117563498	  -1.822463572162	   0.029990432812
Au	   2.305389351229	   1.178411113695	  -0.032030540807
Energy    = -859.470043920515 (-859.470043920515 :    0.000000000000)
Spin(**2) =    0.753037704667
ZPVE      =    0.002674542538
Normal mode eigenvalues : nmode = 9
  0.000034730   0.000072995   0.000239427   0.000321719   0.000423446
  0.000967302   0.001443801   0.001689140   0.002475871

# Geometry of EQ 4, SYMMETRY = Cs  
Cu	  -1.301139206506	   1.470040031074	   1.186175075971
Cu	  -2.509094209691	   1.412712743472	  -0.963151421705
Cu	   0.794819418086	   0.257941524900	   1.521183249486
Au	  -0.398723452678	   0.118729549653	  -0.822145075086
Au	   1.909600121508	  -1.153668362196	  -0.294141836368
Energy    = -859.446222371070 (-859.446222371070 :    0.000000000000)
Spin(**2) =    0.753670620791
ZPVE      =    0.002541526917
Normal mode eigenvalues : nmode = 9
  0.000038998   0.000056297   0.000209199   0.000366540   0.000517962
  0.000837833   0.001326288   0.001459114   0.001878782

# Geometry of EQ 5, SYMMETRY = Cs  
Cu	  -2.661226875443	   1.603315801965	   0.879006374056
Cu	  -2.258745583815	   1.701689562050	  -1.483933776667
Cu	   1.147225302586	  -0.544111734382	   1.514576310919
Au	  -0.564305458515	   0.578626342495	   0.049082325411
Au	   1.715128615188	  -0.523753972124	  -0.958731233714
Energy    = -859.428257005118 (-859.428257005118 :    0.000000000000)
Spin(**2) =    0.753378095582
ZPVE      =    0.002414068822
Normal mode eigenvalues : nmode = 9
  0.000011702   0.000032416   0.000057502   0.000288014   0.000649785
  0.000776684   0.001068478   0.001542579   0.002222871

# Geometry of EQ 6, SYMMETRY = Cs  
Cu	   0.107787935607	  -1.092029112452	   0.011306539506
Cu	  -1.306835718496	   0.945713511362	   0.065755828603
Cu	  -0.331589512711	   3.122225598772	  -0.143434124263
Au	  -2.389110380972	  -1.312775166548	   0.291181420435
Au	   1.297823676576	   1.152631168871	  -0.224809664276
Energy    = -859.462875041164 (-859.462875041164 :    0.000000000000)
Spin(**2) =    0.753387609452
ZPVE      =    0.002613154370
Normal mode eigenvalues : nmode = 9
  0.000024321   0.000064306   0.000217300   0.000322415   0.000497487
  0.000897472   0.001389261   0.001502837   0.002419627

# Geometry of EQ 7, SYMMETRY = Cs  
Cu	  -1.239014096853	   1.259657068688	  -1.442167261432
Cu	  -1.659535904985	   3.413560706409	  -0.336077559446
Cu	  -0.607855054144	   1.612770681302	   0.818455359045
Au	   1.030478159884	  -2.765771069540	   0.904828465173
Au	  -0.108956838696	  -0.659712980852	  -0.182328121719
Energy    = -859.426895858148 (-859.426895858148 :    0.000000000000)
Spin(**2) =    0.752819138923
ZPVE      =    0.002394536880
Normal mode eigenvalues : nmode = 9
  0.000004497   0.000016271   0.000058742   0.000330667   0.000531871
  0.000806443   0.000964542   0.001889166   0.002160964

# Geometry of EQ 8, SYMMETRY = C2v 
Cu	  -4.025739220967	  -1.298478880572	  -0.540185423189
Cu	  -1.224226315658	   2.255827929794	   0.225870550689
Cu	   3.210738418322	   1.073823934242	   0.335171859737
Au	  -1.900246991858	  -0.122700132350	  -0.204284096111
Au	   0.788170167713	   0.759392095198	   0.121938103215
Energy    = -859.410923190081 (-859.410923190081 :    0.000000000000)
Spin(**2) =    0.753460788962
ZPVE      =    0.002072288213
Normal mode eigenvalues : nmode = 9
  0.000011118   0.000015187   0.000016185   0.000017381   0.000196529
  0.000776751   0.001378435   0.001552999   0.001858124

# Geometry of EQ 9, SYMMETRY = C2v 
Cu	   0.190026484722	  -0.927586616047	   0.400223758210
Cu	  -0.791569364683	   0.397227784999	  -1.400793390775
Cu	  -0.971685787654	   1.740809312381	   0.629634980458
Au	  -2.374268527065	  -0.449734197774	   0.427273791352
Au	   1.389830557263	   1.257422341695	  -0.368958199771
Energy    = -859.459679104058 (-859.459679104058 :    0.000000000000)
Spin(**2) =    0.752678790814
ZPVE      =    0.002636892849
Normal mode eigenvalues : nmode = 9
  0.000064282   0.000088534   0.000347275   0.000549224   0.000705556
  0.000751369   0.000880564   0.001409797   0.001977868

# Geometry of EQ 10, SYMMETRY = Cs  
Cu	  -2.652163176945	  -2.949896324030	  -0.289180107562
Cu	   1.516045800631	   2.923079339524	   0.688377857704
Cu	   0.760289557567	   2.745667471231	  -1.499889581262
Au	  -1.231698959609	  -1.300515206071	   0.835328492184
Au	   0.049057369609	   0.928186144077	   0.178459949836
Energy    = -859.410113705908 (-859.410113705908 :    0.000000000000)
Spin(**2) =    0.753243782750
ZPVE      =    0.002113762465
Normal mode eigenvalues : nmode = 9
  0.000001005   0.000004890   0.000025403   0.000031589   0.000391526
  0.000713117   0.001032745   0.001565685   0.002344947

# Geometry of EQ 11, SYMMETRY = C1  
Cu	  -1.639408659836	  -0.918721281006	   1.157584130639
Cu	   1.020826099015	   2.254551747722	  -1.548754200649
Cu	  -0.477455820864	   3.584238095329	  -0.373058456415
Au	  -0.881011149342	  -3.186729036351	   0.711574255643
Au	  -0.644874468966	   1.082426474320	   0.052654270795
Energy    = -859.417279539453 (-859.417279539453 :    0.000000000000)
Spin(**2) =    0.752692262261
ZPVE      =    0.002182508544
Normal mode eigenvalues : nmode = 9
  0.000000081   0.000002086   0.000012408   0.000021572   0.000570705
  0.000713142   0.001048024   0.002060098   0.002314993

# Geometry of EQ 12, SYMMETRY = Cs  
Cu	  -0.524770911420	   0.005940592787	   1.873614694240
Cu	  -2.348659074867	   1.491467690504	  -2.155894250383
Cu	   1.192163573347	   1.284112965896	   0.876012687895
Au	  -0.724150425432	   0.438684157718	  -0.710188249847
Au	   1.245107420009	  -1.301872234818	   0.449669642523
Energy    = -859.422946592366 (-859.422946592366 :    0.000000000000)
Spin(**2) =    0.753954402627
ZPVE      =    0.002337521811
Normal mode eigenvalues : nmode = 9
  0.000020732   0.000034620   0.000113559   0.000197243   0.000537062
  0.000587191   0.000719407   0.001877219   0.002200486
