List of Transition Structures

# Geometry of TS 0, SYMMETRY = C1  
Cu	  -1.600034182313	   0.400365399348	  -0.703776968528
Cu	  -1.869349165771	   2.667096854961	   0.019659493962
Cu	   0.024706539036	   1.358726693094	   0.713960117148
Au	  -0.552803207678	  -1.415574560954	   0.749778070911
Au	   1.375556016730	  -0.194848386446	  -0.779620713488
Energy    = -859.439691935211 (-859.439691935211 :    0.000000000000)
Spin(**2) =    0.752791749421
ZPVE      =    0.002431441631
Normal mode eigenvalues : nmode = 9
 -0.000068060   0.000033167   0.000050934   0.000406993   0.000597958
  0.000645134   0.001195234   0.001794953   0.002281081
CONNECTION : 0 - 1

# Geometry of TS 1, SYMMETRY = Cs  
Cu	  -2.228193586019	   0.552675929614	  -0.950333583906
Cu	  -1.677559142801	   1.837525407287	   0.922975721961
Cu	   0.123087119228	   1.356785629603	  -0.734737447783
Au	  -0.718973122133	  -0.613895012246	   0.864237750793
Au	   1.879714731726	  -0.317325954254	  -0.102142441064
Energy    = -859.436510307750 (-859.436510307750 :    0.000000000000)
Spin(**2) =    0.752839167989
ZPVE      =    0.002397385764
Normal mode eigenvalues : nmode = 9
 -0.000024809   0.000036281   0.000207129   0.000263009   0.000522888
  0.000719360   0.001043273   0.001447152   0.002309048
CONNECTION : 0 - 0

# Geometry of TS 2, SYMMETRY = C1  
Cu	  -2.515821789838	  -0.394505702225	  -0.159266162901
Cu	  -0.924078884612	   3.361274177068	   0.039775361910
Cu	  -0.621139949011	   1.106399047750	  -0.000143637464
Au	  -0.314218676143	  -1.538830566430	  -0.037245587291
Au	   1.753335299594	   0.281429043837	   0.156880025739
Energy    = -859.414873948749 (-859.414873948749 :    0.000000000000)
Spin(**2) =    0.751920761963
ZPVE      =    0.002209103253
Normal mode eigenvalues : nmode = 9
 -0.000265320   0.000004256   0.000036861   0.000171536   0.000286515
  0.000506905   0.001140508   0.001731097   0.002765285
CONNECTION : 2 - 0

# Geometry of TS 3, SYMMETRY = Cs  
Cu	  -2.506355546425	   0.544396033038	   0.019801900072
Cu	  -1.447731240919	   2.642452549587	  -0.008442594075
Cu	   0.037259993609	   0.704982249980	  -0.005808047239
Au	  -1.139679536537	  -1.552220350110	   0.022096343496
Au	   2.434582330282	   0.476155517506	  -0.027647602253
Energy    = -859.434305883914 (-859.434305883914 :    0.000000000000)
Spin(**2) =    0.751530379411
ZPVE      =    0.002448565872
Normal mode eigenvalues : nmode = 9
 -0.000087547   0.000016997   0.000073420   0.000219122   0.000385536
  0.001039785   0.001208979   0.001904580   0.002631473
CONNECTION : 0 - 3

# Geometry of TS 4, SYMMETRY = Cs  
Cu	  -1.540693746532	   0.504220113934	   0.789695935870
Cu	  -1.265990794184	   2.732821915259	  -0.080499828077
Cu	  -0.341336358729	   0.838650758926	  -1.245296012226
Au	  -0.551104515282	  -1.620006381733	  -0.374526232817
Au	   1.077201414726	   0.360079593623	   0.910626137255
Energy    = -859.439012863019 (-859.439012863019 :    0.000000000000)
Spin(**2) =    0.752508656645
ZPVE      =    0.002510162334
Normal mode eigenvalues : nmode = 9
 -0.000060046   0.000137716   0.000143674   0.000499422   0.000601725
  0.000636554   0.000867159   0.001746646   0.002234867
CONNECTION : 3 - 1

# Geometry of TS 5, SYMMETRY = C1  
Cu	  -1.970418136401	   1.493027886167	   0.214481297520
Cu	  -3.796365947767	   2.476467343937	  -0.792350280957
Cu	   1.109376714269	   0.214555489240	   1.399351021761
Au	  -0.235180695009	  -0.025826470799	  -0.667656909689
Au	   2.270664064907	  -1.342458248549	  -0.153825128638
Energy    = -859.407149058617 (-859.407149058617 :    0.000000000000)
Spin(**2) =    0.752605848830
ZPVE      =    0.002068375789
Normal mode eigenvalues : nmode = 9
 -0.000021674   0.000001913   0.000013724   0.000023690   0.000166178
  0.000872832   0.001057808   0.001857237   0.002362980
CONNECTION : 0 - 4

# Geometry of TS 6, SYMMETRY = Cs  
Cu	  -1.838537992255	   0.400738118589	   0.016201772645
Cu	  -1.982723099943	   2.780948078121	   0.016015913401
Cu	   0.146598363428	   1.707844112456	  -0.009157734687
Au	  -0.606042940203	  -1.782045433710	   0.002976156964
Au	   1.658781668973	  -0.291718875458	  -0.026036108321
Energy    = -859.444079199984 (-859.444079199984 :    0.000000000000)
Spin(**2) =    0.753174888632
ZPVE      =    0.002471543099
Normal mode eigenvalues : nmode = 9
 -0.000074173   0.000012716   0.000064847   0.000412595   0.000519606
  0.000724879   0.001338166   0.001693970   0.002668567
CONNECTION : 0 - 0

# Geometry of TS 7, SYMMETRY = Cs  
Cu	  -1.260172002599	   1.326456756106	  -1.433126361752
Cu	  -1.529599523696	   3.335691957235	  -0.038545538731
Cu	  -0.516226777930	   1.383710928698	   0.843516972255
Au	   1.015106807778	  -2.587382525181	   1.052670449643
Au	  -0.157614201151	  -0.761381857945	  -0.436125283369
Energy    = -859.426733884150 (-859.426733884150 :    0.000000000000)
Spin(**2) =    0.753128533703
ZPVE      =    0.002364446769
Normal mode eigenvalues : nmode = 9
 -0.000009770   0.000020116   0.000054548   0.000333697   0.000548370
  0.000751392   0.001032364   0.001860433   0.002085882
CONNECTION : 7 - 0

# Geometry of TS 8, SYMMETRY = C2v 
Cu	  -2.748780135278	  -0.615232164892	  -0.175420718215
Cu	   0.132134722190	   2.887018963031	   0.132395178564
Cu	  -0.741534523345	   0.668066431002	  -0.003534523992
Au	  -0.563231942567	  -1.851484221710	  -0.093090259124
Au	   1.762136832413	   0.975390956050	   0.154514017394
Energy    = -859.439793143537 (-859.439793143537 :    0.000000000000)
Spin(**2) =    0.754898764236
ZPVE      =    0.002454377233
Normal mode eigenvalues : nmode = 9
 -0.000033830   0.000025880   0.000032248   0.000390900   0.000418019
  0.000981646   0.001196470   0.001485054   0.002931191
CONNECTION : 2 - 3

# Geometry of TS 9, SYMMETRY = C1  
Cu	  -2.800353312767	   0.248551723725	   0.240989053013
Cu	  -1.724471701897	   2.317196267379	  -0.252994928458
Cu	   0.424697111080	   1.465550560017	   0.308280707673
Au	  -0.607609257005	  -0.798874123595	  -0.249504558559
Au	   2.085813160589	  -0.416658427531	  -0.046770273669
Energy    = -859.437408651574 (-859.437408651574 :    0.000000000000)
Spin(**2) =    0.753961144231
ZPVE      =    0.002400144223
Normal mode eigenvalues : nmode = 9
 -0.000140740   0.000010529   0.000045900   0.000345357   0.000461691
  0.001196294   0.001341193   0.001567609   0.001940961
CONNECTION : 4 - 0

# Geometry of TS 10, SYMMETRY = C1  
Cu	  -3.207939008180	   0.173344596450	  -0.194484254964
Cu	  -1.233272477874	   1.599325043629	   0.149927960754
Cu	   1.081677376916	   2.155593940488	   0.340812927621
Au	  -0.951405519484	  -0.869706457434	  -0.265830575146
Au	   1.689015628623	  -0.242791123134	  -0.030426058261
Energy    = -859.436012909557 (-859.436012909557 :    0.000000000000)
Spin(**2) =    0.753887385014
ZPVE      =    0.002363786651
Normal mode eigenvalues : nmode = 9
 -0.000083786   0.000004044   0.000041159   0.000401681   0.000512644
  0.001020510   0.001272876   0.001382443   0.002109664
CONNECTION : 4 - 2

# Geometry of TS 11, SYMMETRY = Cs  
Cu	  -3.339921192513	  -1.758540779020	  -0.567250128848
Cu	  -0.610040399727	   2.377990455718	   0.287877793892
Cu	   2.688655295304	   1.629063065857	   0.390587067078
Au	  -2.067791620000	   0.299799291948	  -0.147546979769
Au	   0.707173916943	   0.267453965489	   0.036332247646
Energy    = -859.408250060672 (-859.408250060672 :    0.000000000000)
Spin(**2) =    0.754524995456
ZPVE      =    0.002039344516
Normal mode eigenvalues : nmode = 9
 -0.000048372   0.000004496   0.000017112   0.000033600   0.000289656
  0.000579766   0.001410812   0.001666669   0.001815111
CONNECTION : 8 - 6

# Geometry of TS 12, SYMMETRY = Cs  
Cu	  -2.539488156684	   1.343999445156	  -1.046891459055
Cu	  -1.676083632161	   2.576567456372	   0.706399549728
Cu	  -0.509339864291	   0.567500398023	   0.016793223911
Au	   0.296298231343	  -1.583192052301	   1.058899176150
Au	   1.806689421785	  -0.089109247249	  -0.735200490732
Energy    = -859.422268797109 (-859.422268797109 :    0.000000000000)
Spin(**2) =    0.752357448883
ZPVE      =    0.002301529438
Normal mode eigenvalues : nmode = 9
 -0.000065952   0.000004069   0.000018391   0.000255853   0.000507303
  0.000654476   0.000877223   0.001834125   0.002881236
CONNECTION : 0 - 0

# Geometry of TS 13, SYMMETRY = C1  
Cu	  -0.398333489891	  -0.661506682610	  -0.760078701472
Cu	  -0.392912646133	   2.849046183754	   0.102524622289
Cu	  -0.794968766052	   0.778690181359	   1.156451079758
Au	  -1.195944975516	  -1.713060603724	   1.365274235591
Au	   0.333654180000	   1.443926180125	  -1.875780998115
Energy    = -859.458095447464 (-859.458095447464 :    0.000000000000)
Spin(**2) =    0.753601084800
ZPVE      =    0.002478225778
Normal mode eigenvalues : nmode = 9
 -0.000123469   0.000001373   0.000059043   0.000370737   0.000485097
  0.001046430   0.001268526   0.001925397   0.002463913
CONNECTION : 3 - 6

# Geometry of TS 14, SYMMETRY = Cs  
Cu	  -2.301935423865	  -0.331100303331	  -0.792710479343
Cu	  -0.128665989235	   2.505284231760	  -0.457929706735
Cu	  -0.951884932508	   0.708289198339	   0.874258789866
Au	  -0.328783710627	  -1.636776561104	   0.050434003927
Au	   1.551995009654	   0.818063397821	   0.340811086906
Energy    = -859.436257822519 (-859.436257822519 :    0.000000000000)
Spin(**2) =    0.753897946149
ZPVE      =    0.002424126024
Normal mode eigenvalues : nmode = 9
 -0.000102441   0.000015317   0.000023200   0.000361395   0.000798148
  0.000857668   0.001082379   0.001786125   0.002167582
CONNECTION : 3 - 2

# Geometry of TS 15, SYMMETRY = Cs  
Cu	  -1.078059061243	   0.647925453896	  -0.845595377726
Cu	  -0.082205292420	   2.114966840014	   0.914272760338
Cu	   0.267671682627	  -0.357401127977	   0.849229719340
Au	  -1.744695675127	  -1.647745613127	   0.001678731631
Au	   1.505544244644	   1.137855173916	  -0.927064413351
Energy    = -859.455078282146 (-859.455078282146 :    0.000000000000)
Spin(**2) =    0.752798144125
ZPVE      =    0.002508159217
Normal mode eigenvalues : nmode = 9
 -0.000076796   0.000023316   0.000226966   0.000489327   0.000591560
  0.000816739   0.000964505   0.001800625   0.002094673
CONNECTION : 3 - 3

# Geometry of TS 16, SYMMETRY = C2v 
Cu	  -1.838943501369	   0.711722670668	   0.811133251082
Cu	  -2.811559053829	   2.676181584683	  -0.221035031896
Cu	  -0.685386177911	   1.775093282926	  -0.952159445204
Au	   0.391570341224	  -0.284638807629	   0.089947444961
Au	   2.322394391890	  -2.062592730644	   0.272113781051
Energy    = -859.426724404174 (-859.426724404174 :    0.000000000000)
Spin(**2) =    0.752523076054
ZPVE      =    0.002364845672
Normal mode eigenvalues : nmode = 9
 -0.000004113   0.000012440   0.000056816   0.000328180   0.000525199
  0.000848384   0.000906704   0.001872322   0.002240045
CONNECTION : 7 - 7

# Geometry of TS 17, SYMMETRY = C1  
Cu	   0.028804222312	  -0.564321093768	   0.655078655900
Cu	  -1.038668846247	   0.730145558015	  -1.176794660049
Cu	  -0.657789873348	   2.216734917996	   0.610173287463
Au	  -2.454988964868	  -0.739333022381	   0.342105473719
Au	   1.500719462157	   1.172539640146	  -0.430562757034
Energy    = -859.454397797182 (-859.454397797182 :    0.000000000000)
Spin(**2) =    0.753049613887
ZPVE      =    0.002511925087
Normal mode eigenvalues : nmode = 9
 -0.000051023   0.000045987   0.000183455   0.000315558   0.000575338
  0.000874339   0.001263034   0.001820655   0.001992839
CONNECTION : 9 - 6

# Geometry of TS 18, SYMMETRY = Cs  
Cu	   0.932902895352	  -1.091632936266	  -0.281247750667
Cu	  -0.976597213698	   0.353187489810	   0.144553443937
Cu	  -0.769535769190	   2.772520368246	   0.009962620253
Au	  -3.157397622379	  -0.623560267908	   0.349878274372
Au	   1.348703709928	   1.405251346120	  -0.223146587888
Energy    = -859.435088194577 (-859.435088194577 :    0.000000000000)
Spin(**2) =    0.752390309369
ZPVE      =    0.002358759867
Normal mode eigenvalues : nmode = 9
 -0.000065560   0.000005036   0.000043515   0.000247471   0.000391884
  0.000782516   0.001176712   0.001575014   0.003034335
CONNECTION : 6 - 6

# Geometry of TS 19, SYMMETRY = C2v 
Cu	  -0.278710329364	  -0.817171567024	  -0.604788245924
Cu	  -1.707379406112	   0.304754484032	   0.932189415033
Cu	   1.336943389708	   3.818359434047	  -0.650311020451
Au	  -2.092040943877	  -2.182019690610	   0.547618362717
Au	   0.119263289648	   1.691843339557	  -0.224708511370
Energy    = -859.440763822516 (-859.440763822516 :    0.000000000000)
Spin(**2) =    0.752873302474
ZPVE      =    0.002359087447
Normal mode eigenvalues : nmode = 9
 -0.000006423   0.000008487   0.000054407   0.000268830   0.000435095
  0.001003768   0.001242716   0.001747167   0.002039977
CONNECTION : 6 - 6

# Geometry of TS 20, SYMMETRY = C1  
Cu	  -1.551491858309	   1.259698596966	  -0.385844079490
Cu	  -0.388028681180	   3.208879181089	   0.317975634901
Cu	   0.329546261591	  -2.877378078955	  -0.551750944523
Au	  -0.643258195306	  -0.939221925302	   0.529351214811
Au	   1.121488371692	   1.243622952929	   0.082789594524
Energy    = -859.411549423748 (-859.411549423748 :    0.000000000000)
Spin(**2) =    0.753851724274
ZPVE      =    0.002156619793
Normal mode eigenvalues : nmode = 9
 -0.000062287   0.000007465   0.000020471   0.000149002   0.000282236
  0.000832705   0.001056969   0.001818216   0.001925777
CONNECTION : 2 - 6

# Geometry of TS 21, SYMMETRY = Cs  
Cu	  -2.756018077271	  -3.082406379487	   0.200768830706
Cu	   1.582308690119	   3.119123622098	   0.121266024529
Cu	  -0.090545101019	   2.270317263421	  -1.271892165577
Au	  -1.331089397000	  -1.099713646938	   0.239324999713
Au	   0.436068838583	   0.856439104395	   0.725396005248
Energy    = -859.406372533433 (-859.406372533433 :    0.000000000000)
Spin(**2) =    0.754955854595
ZPVE      =    0.002013666342
Normal mode eigenvalues : nmode = 9
 -0.000030192   0.000002866   0.000011970   0.000013204   0.000378289
  0.000699741   0.000861257   0.001670293   0.002213069
CONNECTION : 10 - 2

# Geometry of TS 22, SYMMETRY = C2h 
Cu	  -1.771138502962	  -0.685972561588	   1.514437196855
Cu	   1.318401377223	   1.444267041018	  -1.517431479906
Cu	  -0.226315958717	   0.379075876151	  -0.001493663693
Au	  -2.030064113132	  -1.016868130675	  -0.980902091242
Au	   1.577373096077	   1.775098501822	   0.977911458220
Energy    = -859.440968170641 (-859.440968170641 :    0.000000000000)
Spin(**2) =    0.754462287797
ZPVE      =    0.002412714251
Normal mode eigenvalues : nmode = 9
 -0.000045438   0.000014233   0.000042626   0.000261132   0.000473888
  0.000815715   0.001271194   0.001397491   0.003157943
CONNECTION : 6 - 6

# Geometry of TS 23, SYMMETRY = C1  
Cu	  -0.916637750962	   0.440763927370	   1.732482023891
Cu	  -2.502931321870	   1.486157312423	  -1.776964976850
Cu	   1.232461698187	   1.130016037446	   1.071284097384
Au	  -0.606182457144	   0.345057898831	  -0.802011990507
Au	   1.288752502507	  -1.296239689172	   0.403130838382
Energy    = -859.420640802230 (-859.420640802230 :    0.000000000000)
Spin(**2) =    0.753668565359
ZPVE      =    0.002236665381
Normal mode eigenvalues : nmode = 9
 -0.000091117   0.000007693   0.000039675   0.000188201   0.000315033
  0.000801019   0.001115749   0.001867041   0.002073496
CONNECTION : 12 - 4

# Geometry of TS 24, SYMMETRY = C1  
Cu	  -0.537094681882	   0.150118882985	   1.986164206479
Cu	  -2.077455283801	   1.665881576834	  -1.895561610210
Cu	   0.693004261013	   1.551713282748	   0.556512260592
Au	  -0.812449564672	  -0.051863278945	  -0.755671106709
Au	   1.229457940060	  -1.210094976722	   0.736476242150
Energy    = -859.420659156751 (-859.420659156751 :    0.000000000000)
Spin(**2) =    0.754142318270
ZPVE      =    0.002208956358
Normal mode eigenvalues : nmode = 9
 -0.000078134   0.000012698   0.000047209   0.000170247   0.000313715
  0.000796622   0.000872923   0.001913569   0.002108262
CONNECTION : 4 - 12

# Geometry of TS 25, SYMMETRY = Cs  
Cu	  -2.715336485476	  -0.705736276007	  -1.964040499556
Cu	  -1.658458786581	   1.399784532694	  -0.759663637957
Cu	   2.285190491935	   1.626528110478	   2.361779495668
Au	  -0.754699729263	  -0.904213942468	  -0.471032945191
Au	   0.394798811789	   1.280732834219	   0.821347825083
Energy    = -859.409505307498 (-859.409505307498 :    0.000000000000)
Spin(**2) =    0.754812787262
ZPVE      =    0.002015080687
Normal mode eigenvalues : nmode = 9
 -0.000132842   0.000013115   0.000045031   0.000154703   0.000254151
  0.000326287   0.001104318   0.001576864   0.001793731
CONNECTION : 6 - 2

# Geometry of TS 26, SYMMETRY = Cs  
Cu	  -2.189729990161	  -1.857641888602	  -1.778159244365
Cu	  -1.708550439323	   2.224198561966	  -0.633268253549
Cu	   2.109777717520	   0.652748700341	   2.039570358657
Au	  -0.974364392957	  -0.184667146828	  -0.515037392277
Au	   0.314361407329	   1.862457032040	   0.875284769582
Energy    = -859.409542999830 (-859.409542999830 :    0.000000000000)
Spin(**2) =    0.753531281474
ZPVE      =    0.002088885595
Normal mode eigenvalues : nmode = 9
 -0.000023513   0.000012486   0.000032731   0.000041492   0.000280889
  0.000647334   0.001343060   0.001605562   0.001914544
CONNECTION : 6 - 8

# Geometry of TS 27, SYMMETRY = C2v 
Cu	  -1.588566899748	   1.605319644519	   1.134120050026
Cu	  -2.002969307125	   1.164285937925	  -1.171763591278
Cu	   0.286768191679	   0.701009994862	   2.295377509946
Au	   0.075796642338	   0.074976552285	  -0.169624433510
Au	   1.724434043577	  -1.439836642689	  -1.460189542882
Energy    = -859.424899222298 (-859.424899222298 :    0.000000000000)
Spin(**2) =    0.753328349178
ZPVE      =    0.002360690742
Normal mode eigenvalues : nmode = 9
 -0.000008747   0.000016018   0.000060149   0.000318356   0.000684795
  0.000790011   0.000981977   0.001843067   0.001886797
CONNECTION : 4 - 4

# Geometry of TS 28, SYMMETRY = C1  
Cu	  -0.822865627397	   1.559984628866	   1.014922923395
Cu	  -2.127380279271	   0.950823495051	  -0.897804537660
Cu	  -0.768914886283	   0.939449698574	   3.255088409289
Au	   0.183532744657	   0.008298210089	  -0.762680753859
Au	   2.031090719013	  -1.352800545689	  -1.981606048866
Energy    = -859.406832503286 (-859.406832503286 :    0.000000000000)
Spin(**2) =    0.751925881626
ZPVE      =    0.002142361558
Normal mode eigenvalues : nmode = 9
 -0.000023614   0.000007346   0.000017742   0.000038784   0.000494609
  0.000773504   0.000980997   0.001533869   0.002425570
CONNECTION : 4 - 7

# Geometry of TS 29, SYMMETRY = Cs  
Cu	  -1.102533055270	   1.466061987482	   1.093955210387
Cu	  -3.024605758468	   1.772986509306	  -0.640722437795
Cu	   0.828480980052	  -0.035380857691	   0.636010902076
Au	  -1.066236653478	   0.264921100963	  -1.077177468021
Au	   2.860357157876	  -1.362833253153	   0.615853785649
Energy    = -859.415850268058 (-859.415850268058 :    0.000000000000)
Spin(**2) =    0.754430518216
ZPVE      =    0.002092173085
Normal mode eigenvalues : nmode = 9
 -0.000373422   0.000010791   0.000055278   0.000058219   0.000190559
  0.000518217   0.000992200   0.001689994   0.002613712
CONNECTION : 4 - 6

# Geometry of TS 30, SYMMETRY = C2v 
Cu	   2.376688360510	  -2.750560085617	  -0.973589212745
Cu	  -0.762085687917	   0.315621571673	  -0.743725694580
Cu	  -3.560076786142	   3.503932508174	   0.400050072363
Au	  -1.718530818665	   1.961298020297	   0.829516386056
Au	   1.106338294793	  -1.012153389271	   0.175129388387
Energy    = -859.403072824119 (-859.403072824119 :    0.000000000000)
Spin(**2) =    0.753953956798
ZPVE      =    0.001991846765
Normal mode eigenvalues : nmode = 9
 -0.000005943   0.000006290   0.000009916   0.000023022   0.000024751
  0.000954045   0.001552692   0.001689020   0.001871885
CONNECTION : 8 - 3

# Geometry of TS 31, SYMMETRY = Cs  
Cu	  -1.562722802551	   2.662662375143	   0.114510714682
Cu	  -2.651344635935	   0.848330232748	  -0.827248595815
Cu	   1.086897009628	  -1.176248463563	   1.597530322276
Au	  -0.444056836572	   0.376223784186	   0.377874035953
Au	   2.066689936148	  -0.605212441613	  -0.634746484796
Energy    = -859.418923115561 (-859.418923115561 :    0.000000000000)
Spin(**2) =    0.753145926300
ZPVE      =    0.002240869970
Normal mode eigenvalues : nmode = 9
 -0.000072144   0.000017367   0.000020901   0.000121858   0.000602275
  0.000653928   0.000991916   0.001692837   0.002383315
CONNECTION : 5 - 5

# Geometry of TS 32, SYMMETRY = Cs  
Cu	  -1.808794883869	   2.850093120832	  -0.865301436162
Cu	  -2.669897656953	   0.922304984629	   0.138765378979
Cu	   1.091850681604	  -2.392639452210	   1.314098451466
Au	  -0.129342249583	   1.103168352660	  -0.216653914920
Au	   2.011646779523	  -0.377171519004	   0.257011512938
Energy    = -859.408751474213 (-859.408751474213 :    0.000000000000)
Spin(**2) =    0.753156206194
ZPVE      =    0.002120200168
Normal mode eigenvalues : nmode = 9
 -0.000031452   0.000006922   0.000016724   0.000043140   0.000432467
  0.000781882   0.001050690   0.001504914   0.002283989
CONNECTION : 4 - 10

# Geometry of TS 33, SYMMETRY = Cs  
Cu	  -2.518003113543	   1.512010615030	   0.958137427796
Cu	  -2.382648075132	   1.762121435435	  -1.438608305843
Cu	   0.993462386410	  -0.463370672207	   1.537196081291
Au	  -0.525429859643	   0.587615714119	  -0.182018902960
Au	   1.810694661906	  -0.582611092374	  -0.874706300282
Energy    = -859.428084631838 (-859.428084631838 :    0.000000000000)
Spin(**2) =    0.753492301712
ZPVE      =    0.002367282240
Normal mode eigenvalues : nmode = 9
 -0.000019557   0.000035641   0.000051637   0.000311275   0.000664175
  0.000725531   0.001082276   0.001510450   0.002197270
CONNECTION : 4 - 5

# Geometry of TS 34, SYMMETRY = Cs  
Cu	  -2.787924497457	   1.700814442311	   0.768237345702
Cu	  -2.051752924602	   1.569972023667	  -1.507697749602
Cu	   1.304462735612	  -0.601217553319	   1.458060639764
Au	  -0.615656765905	   0.572856332812	   0.339735915674
Au	   1.528947452352	  -0.426659245466	  -1.058336151533
Energy    = -859.427959307887 (-859.427959307887 :    0.000000000000)
Spin(**2) =    0.753028236779
ZPVE      =    0.002357863666
Normal mode eigenvalues : nmode = 9
 -0.000018659   0.000030964   0.000048889   0.000280620   0.000609666
  0.000805913   0.001047814   0.001559930   0.002217019
CONNECTION : 5 - 6

# Geometry of TS 35, SYMMETRY = C1  
Cu	  -1.764653792401	   1.189959146413	   1.415531919388
Cu	  -0.991481904965	   1.713347068796	  -0.763735272439
Cu	   0.734215156825	   0.965322523572	   0.699581808959
Au	  -1.085587477675	  -0.858646936966	   0.011832821114
Au	   1.602970688936	  -0.904226314916	  -0.735291284731
Energy    = -859.436409568233 (-859.436409568233 :    0.000000000000)
Spin(**2) =    0.752912175988
ZPVE      =    0.002447314878
Normal mode eigenvalues : nmode = 9
 -0.000022393   0.000059725   0.000245243   0.000312693   0.000432147
  0.000764372   0.001238509   0.001377451   0.002224471
CONNECTION : 0 - 3

# Geometry of TS 36, SYMMETRY = Cs  
Cu	  -1.598494856666	   0.972554421600	   2.089774828906
Cu	  -1.835968742160	   1.383477346135	  -2.646898446501
Cu	   0.473311996726	  -0.036083843534	   1.643151620164
Au	  -1.057963312570	   0.856332589804	  -0.412631909223
Au	   1.397190914664	  -0.360514514005	  -0.673396093339
Energy    = -859.418017646272 (-859.418017646272 :    0.000000000000)
Spin(**2) =    0.752150011939
ZPVE      =    0.002275253106
Normal mode eigenvalues : nmode = 9
 -0.000111011   0.000019532   0.000059814   0.000237341   0.000332495
  0.000687552   0.001196886   0.001857173   0.001987313
CONNECTION : 6 - 4

# Geometry of TS 37, SYMMETRY = Cs  
Cu	  -0.223389760692	  -1.617570414724	   0.132759987677
Cu	   0.751831529384	   2.936071178282	  -1.411953285093
Cu	  -1.080363084080	   3.238175666744	  -0.016192022287
Au	  -1.895986971870	  -2.572893541052	   1.618917899525
Au	  -0.174015712718	   0.831983110759	  -0.323532579800
Energy    = -859.417279997389 (-859.417279997389 :    0.000000000000)
Spin(**2) =    0.752710242780
ZPVE      =    0.002183303223
Normal mode eigenvalues : nmode = 9
 -0.000000390   0.000002379   0.000010863   0.000022531   0.000582207
  0.000717194   0.001071102   0.002033962   0.002314775
CONNECTION : 11 - 5

# Geometry of TS 38, SYMMETRY = Cs  
Cu	  -0.393871864933	   1.840676374837	  -1.711809531221
Cu	  -2.143510715009	   1.557710076192	   0.141681357753
Cu	  -0.010124971360	   2.210788250307	   0.795999097383
Au	   0.179585826937	  -2.542257335802	   0.784221330830
Au	  -0.216962010429	  -0.206412959535	  -0.247381373137
Energy    = -859.418109292252 (-859.418109292252 :    0.000000000000)
Spin(**2) =    0.754352405556
ZPVE      =    0.002232360375
Normal mode eigenvalues : nmode = 9
 -0.000037332   0.000018233   0.000088274   0.000309506   0.000359009
  0.000547688   0.000854885   0.001554673   0.002337379
CONNECTION : 4 - 4

# Geometry of TS 39, SYMMETRY = Cs  
Cu	  -0.492715187918	  -0.057454938791	   1.870785179197
Cu	  -2.376667552060	   1.421519482530	  -2.292833265211
Cu	   1.241330532217	   1.229802717055	   0.860413660492
Au	  -0.822201436285	   0.655981303510	  -0.599072804106
Au	   1.289944225686	  -1.331515392221	   0.493921754054
Energy    = -859.422627722047 (-859.422627722047 :    0.000000000000)
Spin(**2) =    0.753509426722
ZPVE      =    0.002280978921
Normal mode eigenvalues : nmode = 9
 -0.000041024   0.000022274   0.000023153   0.000301236   0.000573031
  0.000722527   0.000786895   0.001802137   0.002168356
CONNECTION : 6 - 12

# Geometry of TS 40, SYMMETRY = C1  
Cu	  -0.790501669002	  -1.051712374931	   1.239898237729
Cu	   1.160080419171	   2.633406979791	  -1.357184599360
Cu	  -0.858514492809	   3.484490747384	  -0.593505201574
Au	  -1.734371227116	  -3.253670337357	   0.827642755733
Au	  -0.398617030236	   1.003250985128	  -0.116851192516
Energy    = -859.417181060450 (-859.417181060450 :    0.000000000000)
Spin(**2) =    0.752617413943
ZPVE      =    0.002166938694
Normal mode eigenvalues : nmode = 9
 -0.000000719   0.000004010   0.000006103   0.000036372   0.000522418
  0.000650386   0.000942458   0.002193907   0.002365333
CONNECTION : 11 - 11

# Geometry of TS 41, SYMMETRY = Cs  
Cu	  -0.988864406416	   1.185898841194	   1.867185920528
Cu	  -2.842263735871	   1.377242741650	  -1.961876375347
Cu	   0.927260558406	  -0.039461694205	   1.064903171231
Au	  -0.961447618380	   0.645794964980	  -0.574160435777
Au	   2.705005783896	  -1.251141681544	  -0.062837756204
Energy    = -859.416419290566 (-859.416419290566 :    0.000000000000)
Spin(**2) =    0.753078158066
ZPVE      =    0.002188308480
Normal mode eigenvalues : nmode = 9
 -0.000011260   0.000010633   0.000022219   0.000025601   0.000463045
  0.000648331   0.001248618   0.001640906   0.002601213
CONNECTION : 4 - 6

# Geometry of TS 42, SYMMETRY = C1  
Cu	  -2.246743732680	  -3.288682193208	   0.047675437433
Cu	   1.952632037507	   2.473007665245	   0.490949446909
Cu	   0.587732062815	   3.104480047369	  -1.274477239387
Au	  -1.764319855180	  -0.955956461153	   0.622003779513
Au	  -0.087769921209	   1.013672366480	   0.026945186429
Energy    = -859.410055948918 (-859.410055948918 :    0.000000000000)
Spin(**2) =    0.753284051547
ZPVE      =    0.002094128964
Normal mode eigenvalues : nmode = 9
 -0.000000830   0.000009158   0.000009995   0.000042696   0.000388710
  0.000691878   0.001022194   0.001566996   0.002354255
CONNECTION : 10 - 10
