List of Equilibrium Structures

# Geometry of EQ 0, SYMMETRY = Cs  
Au	   0.324176000000	  -1.827948000000	  -0.000000000000
Au	   2.434606000000	  -0.098025000000	  -0.000000000000
Au	   0.000000000000	   1.038756000000	   0.000000000000
Ag	  -2.191850000000	  -0.639482000000	   0.000000000000
Ag	  -2.445252000000	   2.130763000000	   0.000000000000
Energy    = -697.956975554361 (-697.956975554361 :    0.000000000000)
Spin(**2) =    0.752719016667
ZPVE      =    0.001877587614
Normal mode eigenvalues : nmode = 9
  0.000018367   0.000038915   0.000104239   0.000161262   0.000357931
  0.000425251   0.000669948   0.000740624   0.001173571

# Geometry of EQ 1, SYMMETRY = Cs  
Au	   0.408716601010	  -2.673531246988	   0.005860291796
Au	   1.635231003967	  -0.272395093276	  -0.030984525677
Au	   0.119563526040	   2.020903832400	  -0.021240846724
Ag	  -1.192562231405	  -0.454660947946	   0.017943056618
Ag	  -2.594719581625	   1.935867474915	   0.024621583085
Energy    = -697.959400957724 (-697.959400957724 :    0.000000000000)
Spin(**2) =    0.753210973451
ZPVE      =    0.001843237106
Normal mode eigenvalues : nmode = 9
  0.000016022   0.000028514   0.000105248   0.000174096   0.000262652
  0.000454818   0.000664911   0.000778612   0.001113994

# Geometry of EQ 2, SYMMETRY = C2v 
Au	  -0.117588867232	  -1.042658119147	   0.898410664458
Au	   2.302590549086	  -0.202968901126	  -0.052795725087
Au	   0.105140213517	   1.179282250041	  -0.905808529290
Ag	  -2.164843304559	  -0.529755616078	  -1.007495530806
Ag	  -1.924064481928	   1.144940596284	   1.086081481091
Energy    = -697.942741529818 (-697.942741529818 :    0.000000000000)
Spin(**2) =    0.752212297098
ZPVE      =    0.001770567306
Normal mode eigenvalues : nmode = 9
  0.000013696   0.000030914   0.000125971   0.000173586   0.000308790
  0.000373470   0.000419262   0.000718472   0.001112366

# Geometry of EQ 3, SYMMETRY = C2v 
Au	   0.642151134464	  -1.727734671643	   0.050096681585
Au	   1.555541187365	   0.916718225020	  -0.173441571114
Au	  -1.192342049894	   0.394166076670	   0.035278772087
Ag	  -2.031636034428	  -2.193478993298	   0.250449002777
Ag	  -0.255547700744	   2.947788959713	  -0.184145844916
Energy    = -697.953317423600 (-697.953317423600 :    0.000000000000)
Spin(**2) =    0.752486784040
ZPVE      =    0.001807072612
Normal mode eigenvalues : nmode = 9
  0.000016781   0.000027049   0.000107908   0.000142912   0.000337639
  0.000392358   0.000533449   0.000834908   0.001055793

# Geometry of EQ 4, SYMMETRY = Cs  
Au	   0.071918398134	  -1.495937717994	   0.181513016520
Au	   1.838024670836	   0.558109336142	  -0.157536275044
Au	  -0.800711206380	   1.141392962641	  -0.107925895780
Ag	  -1.807132444362	  -3.303326989221	   0.495010692986
Ag	  -1.342164184777	   3.695447882728	  -0.402332147558
Energy    = -697.930831132063 (-697.930831132063 :    0.000000000000)
Spin(**2) =    0.752193683839
ZPVE      =    0.001612256448
Normal mode eigenvalues : nmode = 9
  0.000008303   0.000011406   0.000017990   0.000023892   0.000220342
  0.000282160   0.000597477   0.001003858   0.001191274

# Geometry of EQ 5, SYMMETRY = C2v 
Au	  -0.588601340509	  -2.165119643267	  -0.262533039535
Au	   1.278727885023	  -0.060473809553	  -0.721132010423
Au	   0.044721596153	   2.300655774806	   0.293564190168
Ag	  -0.446242892080	  -0.106085440417	   1.609423403704
Ag	  -1.585731574120	   0.364593762124	  -0.871225162687
Energy    = -697.956188461210 (-697.956188461210 :    0.000000000000)
Spin(**2) =    0.751860390286
ZPVE      =    0.001847885572
Normal mode eigenvalues : nmode = 9
  0.000035738   0.000053209   0.000171636   0.000212283   0.000332412
  0.000344847   0.000390195   0.000767376   0.001062206

# Geometry of EQ 6, SYMMETRY = C2v 
Au	   1.472544055386	  -1.132246805700	   1.524782808376
Au	   1.983874915860	  -0.583531853155	  -1.117130471845
Au	  -0.376977710027	   0.121351029271	  -0.000274397766
Ag	  -2.207987215039	   1.366692102112	  -1.524419556744
Ag	  -2.719114703436	   0.817198228608	   1.120736407301
Energy    = -697.945087625429 (-697.945087625429 :    0.000000000000)
Spin(**2) =    0.752573875867
ZPVE      =    0.001811485622
Normal mode eigenvalues : nmode = 9
  0.000004545   0.000015217   0.000046597   0.000217366   0.000313745
  0.000385406   0.000626460   0.000751015   0.001391525

# Geometry of EQ 7, SYMMETRY = C1  
Au	   3.151982192466	  -2.029323745681	   1.359691157817
Au	   1.580500765850	  -0.225297339715	   0.299950482176
Au	  -0.887714979055	   0.430583239479	  -0.345067707449
Ag	  -2.917496913175	   0.584592927787	  -2.192648175439
Ag	  -3.184586523307	   1.854564909347	   0.145456270889
Energy    = -697.933344893891 (-697.933344893891 :    0.000000000000)
Spin(**2) =    0.751893234433
ZPVE      =    0.001606533105
Normal mode eigenvalues : nmode = 9
  0.000000209   0.000004337   0.000005538   0.000033293   0.000231172
  0.000407009   0.000597627   0.000953911   0.001282319

# Geometry of EQ 8, SYMMETRY = Cs  
Au	  -1.534366980901	  -2.567562183630	   0.129611210561
Au	   2.395329993966	   1.133284218957	  -0.265007220729
Au	  -0.181085424030	   1.964494744673	  -0.025221675462
Ag	   0.510853966337	  -0.811204945239	  -0.074676403849
Ag	  -2.172766253005	   0.076360779142	   0.174936474455
Energy    = -697.969944343182 (-697.969944343182 :    0.000000000000)
Spin(**2) =    0.752386993802
ZPVE      =    0.001918765845
Normal mode eigenvalues : nmode = 9
  0.000015738   0.000038939   0.000123430   0.000182374   0.000247293
  0.000481612   0.000718197   0.000803733   0.001310608

# Geometry of EQ 9, SYMMETRY = C2v 
Au	  -0.873276539407	  -2.590404883744	  -0.061541245721
Au	   2.066450700701	   1.814441853969	   0.015492607936
Au	   0.588211390984	  -0.382389212816	  -0.022788739180
Ag	  -2.231825698918	  -0.173390205743	   0.012881103319
Ag	  -0.687740279214	   2.140311508253	   0.053149595462
Energy    = -697.967006315935 (-697.967006315935 :    0.000000000000)
Spin(**2) =    0.751874318950
ZPVE      =    0.001942969821
Normal mode eigenvalues : nmode = 9
  0.000019961   0.000052371   0.000137230   0.000183612   0.000337450
  0.000449648   0.000726529   0.000747943   0.001229525

# Geometry of EQ 10, SYMMETRY = Cs  
Au	  -2.935224584901	  -1.938848731622	  -0.613928528466
Au	   2.957378460340	   2.021955994062	   0.843805768334
Au	   0.540989113065	   1.206027859107	   0.200194528504
Ag	  -0.364435807744	  -1.374256966488	   0.087629864158
Ag	  -2.077027180763	   0.689185844941	  -0.517701632531
Energy    = -697.951376792500 (-697.951376792500 :    0.000000000000)
Spin(**2) =    0.752186326111
ZPVE      =    0.001761821544
Normal mode eigenvalues : nmode = 9
  0.000001455   0.000007458   0.000031021   0.000154034   0.000281020
  0.000488598   0.000628615   0.000987291   0.001099849

# Geometry of EQ 11, SYMMETRY = Cs  
Au	   1.551781579386	  -2.705229882969	  -0.563842160353
Au	   0.056321478332	  -0.417552535775	  -0.155674858691
Au	  -1.327460592333	   1.796438084726	   0.131218292265
Ag	   0.085153654605	  -2.411478453384	   1.666357708499
Ag	  -1.636451697493	   3.965425304804	  -1.375947105179
Energy    = -697.937529706814 (-697.937529706814 :    0.000000000000)
Spin(**2) =    0.752167202819
ZPVE      =    0.001640514665
Normal mode eigenvalues : nmode = 9
  0.000002515   0.000003135   0.000025472   0.000033067   0.000210889
  0.000439462   0.000637791   0.000905213   0.001232299

# Geometry of EQ 12, SYMMETRY = Cs  
Au	  -0.128551354257	  -0.696271842460	   1.413375357293
Au	   1.698486744914	  -0.742037855557	  -0.790750005784
Au	   0.113048711013	   1.616847794480	  -0.439284695110
Ag	  -1.077588130138	  -0.744735356348	  -1.157032558145
Ag	  -2.235021770810	   1.047312734254	   0.929562425903
Energy    = -697.940427239709 (-697.940427239709 :    0.000000000000)
Spin(**2) =    0.752598027222
ZPVE      =    0.001728454281
Normal mode eigenvalues : nmode = 9
  0.000022766   0.000055634   0.000061231   0.000186706   0.000200542
  0.000386494   0.000388795   0.000744884   0.001091866

# Geometry of EQ 13, SYMMETRY = Cs  
Au	  -0.082508790532	  -0.178784778952	   0.906688325626
Au	   1.601420662496	  -1.938333473833	  -0.200149275460
Au	  -1.643282886401	   1.449892669458	  -0.772919291177
Ag	   0.110394460448	  -0.382652688583	  -1.911174960235
Ag	  -1.784789337128	   1.598718481880	   1.995947561610
Energy    = -697.962711214114 (-697.962711214114 :    0.000000000000)
Spin(**2) =    0.752713607694
ZPVE      =    0.001868701809
Normal mode eigenvalues : nmode = 9
  0.000016328   0.000039243   0.000135217   0.000151903   0.000340429
  0.000415779   0.000648368   0.000753774   0.001125728

# Geometry of EQ 14, SYMMETRY = Cs  
Au	   0.631820098105	   0.021108446706	  -0.046540441956
Au	   2.583816719390	  -1.384719286721	   0.861937866366
Au	  -1.080245679087	   1.763098692149	  -1.258680719945
Ag	  -1.975209258944	  -0.914156478705	  -0.712834937480
Ag	  -1.717640319451	   0.787993684715	   1.370002605633
Energy    = -697.943793329717 (-697.943793329717 :    0.000000000000)
Spin(**2) =    0.752494267242
ZPVE      =    0.001776885508
Normal mode eigenvalues : nmode = 9
  0.000016418   0.000017117   0.000085394   0.000204095   0.000227414
  0.000270968   0.000435729   0.000947942   0.001354892

# Geometry of EQ 15, SYMMETRY = C2v 
Au	  -0.886762592078	  -1.481772623187	   1.319563631474
Au	   1.684117227390	  -0.796867621536	   0.507360631429
Au	  -1.256715008321	   2.169721241340	  -1.533935249063
Ag	  -0.488911082883	  -0.440490903134	  -1.306862522203
Ag	  -0.263894942633	   1.261126860348	   0.841917886565
Energy    = -697.960195188050 (-697.960195188050 :    0.000000000000)
Spin(**2) =    0.752554674774
ZPVE      =    0.001856744890
Normal mode eigenvalues : nmode = 9
  0.000014960   0.000020095   0.000147768   0.000263712   0.000270305
  0.000416594   0.000482938   0.000942998   0.001041167

# Geometry of EQ 16, SYMMETRY = Cs  
Au	  -2.219331012405	  -0.780764047998	   0.085117319040
Au	   0.290466900481	   0.310477077782	  -0.004259765892
Au	   2.656361904297	   1.314146185538	  -0.115301432352
Ag	  -1.582108102746	   1.202515308869	   1.869504394299
Ag	  -0.442516015155	  -1.712803880509	  -1.786963133861
Energy    = -697.948527674617 (-697.948527674617 :    0.000000000000)
Spin(**2) =    0.751632801843
ZPVE      =    0.001722691593
Normal mode eigenvalues : nmode = 9
  0.000000998   0.000007592   0.000048478   0.000170957   0.000265974
  0.000321449   0.000647726   0.000745046   0.001319564

# Geometry of EQ 17, SYMMETRY = Cs  
Au	  -0.479958348623	   0.532054560718	   0.838259871724
Au	   1.567057194280	  -1.007214330199	  -0.513216042333
Au	   0.310752202922	   1.154381789757	  -1.876507049900
Ag	  -1.053784880777	  -1.155236455312	  -1.306544466909
Ag	  -2.021076310418	   0.933429426396	   2.898610993779
Energy    = -697.935415767317 (-697.935415767317 :    0.000000000000)
Spin(**2) =    0.753331335194
ZPVE      =    0.001691811725
Normal mode eigenvalues : nmode = 9
  0.000005936   0.000017295   0.000048741   0.000116512   0.000267666
  0.000334259   0.000363897   0.000961678   0.001250605

# Geometry of EQ 18, SYMMETRY = Cs  
Au	  -0.901624087663	  -2.455206035665	  -0.651500175971
Au	   1.946756733010	   1.608667766971	   0.877130391470
Au	   0.174675712075	  -0.159188097692	   0.058685651980
Ag	  -3.436529702301	  -2.365961673983	  -1.365425636512
Ag	   1.074176154589	   4.088055669237	   1.060869873514
Energy    = -697.926039616278 (-697.926039616278 :    0.000000000000)
Spin(**2) =    0.752035737440
ZPVE      =    0.001481239505
Normal mode eigenvalues : nmode = 9
  0.000001145   0.000001597   0.000001908   0.000019486   0.000040702
  0.000364013   0.000857543   0.000957967   0.001066709

# Geometry of EQ 19, SYMMETRY = C2h 
Au	  -1.546884637180	  -1.840869610387	   1.114519369376
Au	   1.091701093538	   2.164244374875	  -1.115640626989
Au	  -0.227599130253	   0.161688348272	  -0.000568031657
Ag	  -1.498450705304	  -1.633650624965	  -1.644096985783
Ag	   1.043052953342	   1.957156572117	   1.642979596872
Energy    = -697.950312380961 (-697.950312380961 :    0.000000000000)
Spin(**2) =    0.752139953384
ZPVE      =    0.001792378043
Normal mode eigenvalues : nmode = 9
  0.000004329   0.000014479   0.000050439   0.000200035   0.000325738
  0.000374578   0.000571273   0.000745782   0.001391934
