List of Transition Structures

# Geometry of TS 0, SYMMETRY = Cs  
Au	   0.353342977890	  -2.272872437704	   0.004293600447
Au	   2.088485437881	  -0.221807358386	  -0.039006421496
Au	   0.024054964374	   1.512537655594	  -0.016057945065
Ag	  -1.762150356349	  -0.541132947136	   0.027522445443
Ag	  -2.582053023800	   2.127339087629	   0.023248320671
Energy    = -697.953231313277 (-697.953231313277 :    0.000000000000)
Spin(**2) =    0.752904899100
ZPVE      =    0.001798787379
Normal mode eigenvalues : nmode = 9
 -0.000027747   0.000013540   0.000029128   0.000206400   0.000422368
  0.000547485   0.000670767   0.000688352   0.001160805
CONNECTION : 1 - 0

# Geometry of TS 1, SYMMETRY = C1  
Au	  -0.074664447319	  -1.129931087122	   0.807042894430
Au	   2.343530293123	  -0.208440268745	  -0.084109196247
Au	   0.115708658079	   1.206474640974	  -0.761295121409
Ag	  -2.210873240409	  -0.654074447403	  -0.855498062803
Ag	  -2.052021263479	   1.390035162293	   0.893859486031
Energy    = -697.942174469211 (-697.942174469211 :    0.000000000000)
Spin(**2) =    0.752431793084
ZPVE      =    0.001716643883
Normal mode eigenvalues : nmode = 9
 -0.000038566   0.000015340   0.000045845   0.000198189   0.000259721
  0.000469374   0.000574740   0.000755023   0.001061949
CONNECTION : 0 - 2

# Geometry of TS 2, SYMMETRY = Cs  
Au	   0.604746326464	  -1.884566629374	   0.061944644515
Au	   1.914937006731	   0.492727232984	  -0.169671630402
Au	  -0.806289436656	   0.658523294887	  -0.006172279215
Ag	  -2.070624190958	  -1.833063872512	   0.230973247863
Ag	  -1.521089705581	   3.170443974015	  -0.117073982763
Energy    = -697.935505724960 (-697.935505724960 :    0.000000000000)
Spin(**2) =    0.752137361252
ZPVE      =    0.001619338967
Normal mode eigenvalues : nmode = 9
 -0.000033408   0.000006351   0.000031105   0.000104324   0.000209284
  0.000317385   0.000624785   0.000825946   0.001152488
CONNECTION : 0 - 3

# Geometry of TS 3, SYMMETRY = Cs  
Au	   0.174969110037	  -1.518922681090	   0.179698348601
Au	   1.720019837705	   0.736465390375	  -0.174438691049
Au	  -0.977751947906	   0.976076363359	  -0.078846818166
Ag	  -1.838647487156	  -3.169742321646	   0.479583994342
Ag	  -0.956909512690	   3.580187249003	  -0.405996833730
Energy    = -697.930483248015 (-697.930483248015 :    0.000000000000)
Spin(**2) =    0.752304645166
ZPVE      =    0.001564249429
Normal mode eigenvalues : nmode = 9
 -0.000016572   0.000001603   0.000017445   0.000022972   0.000229089
  0.000276566   0.000649951   0.001038679   0.001145679
CONNECTION : 4 - 3

# Geometry of TS 4, SYMMETRY = C1  
Au	  -0.186184209782	  -2.421002409551	  -0.163184306116
Au	   1.045439137838	  -0.094370788136	  -0.704211915760
Au	   0.263388026027	   2.326006325786	   0.239092754621
Ag	  -0.837938084406	  -0.237125839753	   1.403516696326
Ag	  -1.908475551687	   0.982676730762	  -0.779013669969
Energy    = -697.948534610267 (-697.948534610267 :    0.000000000000)
Spin(**2) =    0.751980308412
ZPVE      =    0.001718303937
Normal mode eigenvalues : nmode = 9
 -0.000027715   0.000016840   0.000034007   0.000220311   0.000284196
  0.000436652   0.000567735   0.000853383   0.000970620
CONNECTION : 5 - 1

# Geometry of TS 5, SYMMETRY = C2v 
Au	   1.234578579193	  -1.741434044370	   1.169281887801
Au	   2.238512713731	   0.018465654990	  -0.760193642816
Au	  -0.357256666849	   0.111208672766	   0.002675496072
Ag	  -2.811405856833	   0.231608398931	  -1.168646203465
Ag	  -2.182748769246	   1.984215317683	   0.756882462405
Energy    = -697.935222627979 (-697.935222627979 :    0.000000000000)
Spin(**2) =    0.752623524548
ZPVE      =    0.001705951868
Normal mode eigenvalues : nmode = 9
 -0.000066320   0.000009540   0.000012977   0.000204801   0.000277072
  0.000396136   0.000512169   0.000829359   0.001346305
CONNECTION : 6 - 6

# Geometry of TS 6, SYMMETRY = Cs  
Au	   2.186672701090	  -1.129139220031	   1.964660165024
Au	   1.784746233016	  -0.907382993192	  -0.627939789892
Au	  -0.576906574966	   0.227077080974	  -0.888961408174
Ag	  -2.955904824409	   1.374287789739	  -1.519571055312
Ag	  -2.316927534731	   1.039221342504	   1.071812088355
Energy    = -697.931468787591 (-697.931468787591 :    0.000000000000)
Spin(**2) =    0.752224635004
ZPVE      =    0.001630522989
Normal mode eigenvalues : nmode = 9
 -0.000010795   0.000003743   0.000007954   0.000034364   0.000303696
  0.000455001   0.000685307   0.000779426   0.001278780
CONNECTION : 0 - 7

# Geometry of TS 7, SYMMETRY = Cs  
Au	   0.404309901577	  -1.738213003374	  -1.045549794954
Au	   1.650558837397	  -0.310967462030	   0.981704355792
Au	  -0.043977176132	   1.105126000450	  -0.872937348346
Ag	  -1.210120318630	  -0.468214548878	   0.952126356884
Ag	  -2.424541926229	   1.968453032938	  -0.019144010278
Energy    = -697.936323843348 (-697.936323843348 :    0.000000000000)
Spin(**2) =    0.753446786893
ZPVE      =    0.001699671617
Normal mode eigenvalues : nmode = 9
 -0.000166727   0.000015302   0.000137120   0.000166034   0.000228084
  0.000243700   0.000509729   0.000901812   0.001109438
CONNECTION : 1 - 1

# Geometry of TS 8, SYMMETRY = Cs  
Au	  -0.590447797847	  -3.117382136234	   0.043149261551
Au	   2.051064388556	   0.503776228011	  -0.228237383840
Au	  -0.018983212702	   2.240721558907	  -0.042664266468
Ag	  -0.498733422011	  -0.524800166930	   0.018811024482
Ag	  -2.566670638009	   1.453868535348	   0.205140923376
Energy    = -697.935822573266 (-697.935822573266 :    0.000000000000)
Spin(**2) =    0.751450447521
ZPVE      =    0.001676208259
Normal mode eigenvalues : nmode = 9
 -0.000026825   0.000006848   0.000033118   0.000123457   0.000153776
  0.000376686   0.000595133   0.000838895   0.001480832
CONNECTION : 1 - 8

# Geometry of TS 9, SYMMETRY = Cs  
Au	  -0.264785685295	  -2.191227305633	  -0.058470924849
Au	   2.747435008054	   0.773674560771	  -0.017454280621
Au	   0.177299406545	   0.501952844438	   0.003756235137
Ag	  -2.456831479457	  -0.578424323897	   0.005791999320
Ag	  -2.081437249847	   2.098088224324	   0.066376971011
Energy    = -697.939523556438 (-697.939523556438 :    0.000000000000)
Spin(**2) =    0.752007084905
ZPVE      =    0.001739549014
Normal mode eigenvalues : nmode = 9
 -0.000032033   0.000005138   0.000045895   0.000142347   0.000266397
  0.000435255   0.000686587   0.000885696   0.001184814
CONNECTION : 0 - 9

# Geometry of TS 10, SYMMETRY = Cs  
Au	  -1.602848317791	  -3.197783015243	  -0.483467177075
Au	   2.861164071308	   1.684928056076	   0.416760639519
Au	   0.514090708109	   0.593296446657	   0.119673705671
Ag	  -1.948397179115	  -0.601584920755	  -0.198792686435
Ag	  -1.702329282500	   2.125207433265	   0.145825518326
Energy    = -697.930189095203 (-697.930189095203 :    0.000000000000)
Spin(**2) =    0.751513642094
ZPVE      =    0.001626687047
Normal mode eigenvalues : nmode = 9
 -0.000008449   0.000007949   0.000009372   0.000027151   0.000242865
  0.000360922   0.000660852   0.000954363   0.001341801
CONNECTION : 8 - 9

# Geometry of TS 11, SYMMETRY = Cs  
Au	   1.468629583363	  -2.929602309419	  -0.212123230023
Au	   0.366165705805	  -0.437132655200	  -0.666517885179
Au	  -1.134996844405	   1.650356617923	  -0.058746645238
Ag	  -0.211408814556	  -1.777527402831	   1.578229307629
Ag	  -2.112160312229	   4.050089768624	  -0.644641988087
Energy    = -697.936505486933 (-697.936505486933 :    0.000000000000)
Spin(**2) =    0.752289816147
ZPVE      =    0.001577090432
Normal mode eigenvalues : nmode = 9
 -0.000012677   0.000004047   0.000010656   0.000023247   0.000212133
  0.000399216   0.000607033   0.000987638   0.001153368
CONNECTION : 11 - 1

# Geometry of TS 12, SYMMETRY = Cs  
Au	  -0.142371561347	  -2.430423269994	  -0.134243395752
Au	   1.704657003468	  -0.483602095841	   0.048083699148
Au	   1.194146350479	   2.154179388686	   0.174310283304
Ag	  -0.888413085665	   0.276429817970	  -0.014491225181
Ag	  -3.491789388950	   1.039600178277	  -0.077459802423
Energy    = -697.933037681046 (-697.933037681046 :    0.000000000000)
Spin(**2) =    0.751384903704
ZPVE      =    0.001584906917
Normal mode eigenvalues : nmode = 9
 -0.000122851   0.000004607   0.000035827   0.000117692   0.000229171
  0.000238660   0.000508927   0.000731372   0.001307926
CONNECTION : 1 - 1

# Geometry of TS 13, SYMMETRY = Cs  
Au	   2.545818934680	  -3.186367285638	   0.433397276631
Au	   0.920239921083	  -1.154518298923	   0.291935784341
Au	  -0.405840284522	   1.123060044022	   0.556037033321
Ag	  -2.294164081789	   0.724508144304	  -1.323678546919
Ag	  -2.389825171459	   3.049501415344	   0.038508011715
Energy    = -697.931063430507 (-697.931063430507 :    0.000000000000)
Spin(**2) =    0.752227988558
ZPVE      =    0.001543841710
Normal mode eigenvalues : nmode = 9
 -0.000012265   0.000003481   0.000005675   0.000012972   0.000207597
  0.000457343   0.000476435   0.001030677   0.001173372
CONNECTION : 7 - 1

# Geometry of TS 14, SYMMETRY = Cs  
Au	  -0.106201744297	  -0.804058560635	   1.301366195772
Au	   1.852720896750	  -0.625586478116	  -0.625512570129
Au	   0.137599395856	   1.527852978054	  -0.566574707382
Ag	  -1.476673353932	  -0.634019991139	  -1.070869567026
Ag	  -2.206211085495	   1.084652261806	   0.979983009126
Energy    = -697.938618353427 (-697.938618353427 :    0.000000000000)
Spin(**2) =    0.752557795261
ZPVE      =    0.001711445164
Normal mode eigenvalues : nmode = 9
 -0.000040458   0.000069407   0.000092758   0.000166487   0.000256836
  0.000361027   0.000449978   0.000680224   0.001086075
CONNECTION : 12 - 2

# Geometry of TS 15, SYMMETRY = C2v 
Au	   0.055970208060	  -1.305310211975	   0.021736112853
Au	   2.562109365865	  -0.243809581396	   0.016661156782
Au	   0.391394535491	   1.397647160530	  -0.015237873958
Ag	  -2.613402132983	  -0.987881216004	   0.007656776937
Ag	  -2.274391976431	   1.743417848848	  -0.030816172618
Energy    = -697.945686239848 (-697.945686239848 :    0.000000000000)
Spin(**2) =    0.753064926310
ZPVE      =    0.001777094108
Normal mode eigenvalues : nmode = 9
 -0.000057195   0.000006846   0.000030077   0.000240256   0.000338595
  0.000557286   0.000680186   0.000790420   0.001020387
CONNECTION : 0 - 0

# Geometry of TS 16, SYMMETRY = Cs  
Au	  -0.656581303600	  -1.420645346995	   0.188144981067
Au	   0.892792907502	   0.838800424227	  -0.110361529284
Au	   2.938320119864	   2.435367203939	  -0.341379225833
Ag	  -3.211027506182	  -2.213931455353	   0.331953899358
Ag	  -1.841824217582	   0.964473174187	  -0.068358125309
Energy    = -697.935122461182 (-697.935122461182 :    0.000000000000)
Spin(**2) =    0.751967762808
ZPVE      =    0.001578731729
Normal mode eigenvalues : nmode = 9
 -0.000039031   0.000006192   0.000006521   0.000032144   0.000205733
  0.000335402   0.000708646   0.000897038   0.001215835
CONNECTION : 13 - 1

# Geometry of TS 17, SYMMETRY = Cs  
Au	   0.053133985913	  -0.763200119174	   0.666304014381
Au	   2.607563115477	  -0.588134628250	   0.207648638054
Au	  -0.238868312145	   1.423779599070	  -1.085182306508
Ag	  -2.239082552139	  -0.614684527540	  -0.928581480959
Ag	  -1.981512128224	   1.091079885875	   1.158203495393
Energy    = -697.933504530176 (-697.933504530176 :    0.000000000000)
Spin(**2) =    0.752570613253
ZPVE      =    0.001679411585
Normal mode eigenvalues : nmode = 9
 -0.000038418   0.000009083   0.000032781   0.000129591   0.000264825
  0.000429809   0.000474638   0.000886636   0.001205139
CONNECTION : 2 - 14

# Geometry of TS 18, SYMMETRY = Cs  
Au	   0.423894815416	  -0.395632891544	   0.381930302029
Au	   2.797539308244	  -1.288512017151	   0.893344205983
Au	  -1.305685276308	   1.809589452755	  -1.557317434631
Ag	  -2.018991140736	  -0.763677413775	  -0.814528882990
Ag	  -1.695523597739	   1.187073079689	   1.114964169975
Energy    = -697.938372174824 (-697.938372174824 :    0.000000000000)
Spin(**2) =    0.752295196847
ZPVE      =    0.001712584097
Normal mode eigenvalues : nmode = 9
 -0.000045596   0.000005913   0.000015117   0.000198885   0.000257276
  0.000460291   0.000502380   0.000889467   0.001302071
CONNECTION : 14 - 10

# Geometry of TS 19, SYMMETRY = Cs  
Au	   0.532983389364	  -2.713462486617	  -0.014756759756
Au	   1.267969190820	  -0.154127455550	  -0.042390044628
Au	   0.336157832178	   2.340867261556	  -0.025266612555
Ag	  -1.413397056612	  -0.740986040946	   0.031277988963
Ag	  -2.347484037770	   1.823892740661	   0.047334987063
Energy    = -697.955066152926 (-697.955066152926 :    0.000000000000)
Spin(**2) =    0.752549131000
ZPVE      =    0.001784014868
Normal mode eigenvalues : nmode = 9
 -0.000049064   0.000008012   0.000033868   0.000205658   0.000359141
  0.000517059   0.000667189   0.000801580   0.001123263
CONNECTION : 1 - 9

# Geometry of TS 20, SYMMETRY = Cs  
Au	  -1.512169129163	  -0.911674019221	   0.182280858381
Au	   0.883996975212	   0.269487581452	  -0.142941367114
Au	   1.524810157048	   2.835898205639	  -0.342140352597
Ag	  -1.291575368094	  -3.574698827354	   0.289801268348
Ag	  -1.228833317010	   1.937171078585	   0.009199152081
Energy    = -697.938678508498 (-697.938678508498 :    0.000000000000)
Spin(**2) =    0.752487506803
ZPVE      =    0.001627865261
Normal mode eigenvalues : nmode = 9
 -0.000015130   0.000008574   0.000036875   0.000086870   0.000200630
  0.000332097   0.000699365   0.000931455   0.000981590
CONNECTION : 13 - 1

# Geometry of TS 21, SYMMETRY = Cs  
Au	  -0.683073178716	  -1.659793439768	   1.439180092811
Au	   1.410390404864	  -0.256377787773	   0.108121896783
Au	  -0.489317462754	   2.001051065184	  -1.480498981665
Ag	  -1.132686316769	  -0.633211224830	  -1.116711108580
Ag	  -0.904079337738	   1.097171597164	   1.068300461015
Energy    = -697.954780066510 (-697.954780066510 :    0.000000000000)
Spin(**2) =    0.752250436608
ZPVE      =    0.001819372543
Normal mode eigenvalues : nmode = 9
 -0.000035615   0.000052600   0.000116147   0.000243952   0.000354445
  0.000371432   0.000460191   0.000884790   0.001050532
CONNECTION : 5 - 15

# Geometry of TS 22, SYMMETRY = C2  
Au	  -0.708251174995	  -2.054678751464	  -0.483256884888
Au	   1.457224707054	  -0.534409004541	  -1.218080702822
Au	  -1.404659779117	   2.282105772134	   1.311315492278
Ag	  -0.165751214820	  -0.142824603184	   1.405747622965
Ag	  -0.802333220131	   1.005990606162	  -1.019525968437
Energy    = -697.959884578202 (-697.959884578202 :    0.000000000000)
Spin(**2) =    0.752514388559
ZPVE      =    0.001769347427
Normal mode eigenvalues : nmode = 9
 -0.000016635   0.000013020   0.000021017   0.000210432   0.000339840
  0.000460433   0.000654944   0.000932741   0.001047276
CONNECTION : 8 - 15

# Geometry of TS 23, SYMMETRY = Cs  
Au	   0.425292766380	  -2.726303805408	  -0.071134068506
Au	  -0.106185669583	  -0.358275180779	  -1.242735377679
Au	  -0.921378644383	   2.016086665160	   1.257582097874
Ag	  -0.253417280099	  -0.605226181908	   1.509581203671
Ag	  -0.768081854322	   2.229902522041	  -1.457094296258
Energy    = -697.958541096521 (-697.958541096521 :    0.000000000000)
Spin(**2) =    0.752566362577
ZPVE      =    0.001795682979
Normal mode eigenvalues : nmode = 9
 -0.000044370   0.000009340   0.000029265   0.000207203   0.000344334
  0.000554045   0.000676251   0.000839455   0.001115663
CONNECTION : 8 - 13

# Geometry of TS 24, SYMMETRY = C2v 
Au	   0.372942727112	  -1.054731151089	  -0.489547488145
Au	   1.572179706961	  -3.191314895693	  -1.445173172067
Au	  -1.807029287783	   2.815485422767	   1.235462050547
Ag	  -0.039450617675	   0.737517223849	   1.554923677179
Ag	  -1.395768854140	   1.026614043853	  -0.807567686290
Energy    = -697.951284805545 (-697.951284805545 :    0.000000000000)
Spin(**2) =    0.752070045133
ZPVE      =    0.001741688893
Normal mode eigenvalues : nmode = 9
 -0.000001796   0.000005987   0.000028171   0.000153708   0.000273380
  0.000505793   0.000591517   0.000996245   0.001133197
CONNECTION : 10 - 10

# Geometry of TS 25, SYMMETRY = Cs  
Au	   0.551296760291	  -1.200890693403	   0.008347713863
Au	   3.158774153212	  -0.975370230856	   0.032660969665
Au	  -0.456239569569	   1.338513783922	  -0.000816106199
Ag	  -2.184021710647	  -0.773070940671	  -0.016771136915
Ag	  -2.948129633284	   2.214882081006	  -0.023421440415
Energy    = -697.933523895011 (-697.933523895011 :    0.000000000000)
Spin(**2) =    0.752346065942
ZPVE      =    0.001615986997
Normal mode eigenvalues : nmode = 9
 -0.000015039   0.000011309   0.000026763   0.000034636   0.000238553
  0.000326321   0.000681674   0.001006510   0.001038434
CONNECTION : 13 - 0

# Geometry of TS 26, SYMMETRY = C2v 
Au	  -1.659552334514	  -2.573298133716	   0.128511013249
Au	   2.005379910677	   1.077798564834	  -0.230346234832
Au	  -0.321153314233	   2.435134713417	   0.006588394855
Ag	   0.700211769440	  -1.274318904560	  -0.105257982387
Ag	  -1.706920729008	   0.130056373922	   0.140147194098
Energy    = -697.964493348558 (-697.964493348558 :    0.000000000000)
Spin(**2) =    0.752567526524
ZPVE      =    0.001826777868
Normal mode eigenvalues : nmode = 9
 -0.000037106   0.000007814   0.000033897   0.000246526   0.000268660
  0.000528017   0.000612492   0.000958623   0.001338932
CONNECTION : 8 - 8

# Geometry of TS 27, SYMMETRY = C1  
Au	  -0.347141255262	   0.374746844373	   1.018809844502
Au	   1.575368100267	  -0.927536683933	  -0.551849296025
Au	   0.314151156291	   1.123487963355	  -1.992058850861
Ag	  -1.159528723242	  -1.011698006875	  -1.220649197916
Ag	  -2.181615169187	   0.989840093057	   2.764139860671
Energy    = -697.935071425084 (-697.935071425084 :    0.000000000000)
Spin(**2) =    0.752891361285
ZPVE      =    0.001662232215
Normal mode eigenvalues : nmode = 9
 -0.000023144   0.000013712   0.000018597   0.000160103   0.000207778
  0.000396651   0.000433761   0.000961367   0.001232506
CONNECTION : 1 - 17

# Geometry of TS 28, SYMMETRY = Cs  
Au	   1.254238835258	  -0.984503168131	   1.662392393729
Au	   2.115308474388	  -0.729759651909	  -0.934988724059
Au	  -0.327975449273	   0.156388920269	  -0.234074150739
Ag	  -2.320400485816	   1.343470121360	  -1.589395507080
Ag	  -2.568832031804	   0.803866479551	   1.099760777480
Energy    = -697.944973884551 (-697.944973884551 :    0.000000000000)
Spin(**2) =    0.752558344581
ZPVE      =    0.001779388659
Normal mode eigenvalues : nmode = 9
 -0.000007627   0.000015508   0.000042394   0.000217752   0.000308954
  0.000378218   0.000623557   0.000756641   0.001386411
CONNECTION : 0 - 6

# Geometry of TS 29, SYMMETRY = C1  
Au	   0.133264684000	   0.255792778732	  -0.171850524897
Au	   2.664322401848	  -0.734378631666	   0.544624329584
Au	   1.922137416735	  -1.001270803607	  -1.940174328225
Ag	  -2.126368628343	   1.535124386238	   0.372086174363
Ag	  -4.471675874242	   0.548796270299	   1.195314349176
Energy    = -697.910920799314 (-697.910920799314 :    0.000000000000)
Spin(**2) =    0.752035326703
ZPVE      =    0.001356762719
Normal mode eigenvalues : nmode = 9
 -0.000781859   0.000000675   0.000002738   0.000012557   0.000023559
  0.000221089   0.000640442   0.000950286   0.001154541
CONNECTION : 6 - 6

# Geometry of TS 30, SYMMETRY = Cs  
Au	  -2.163252428847	  -2.679569089672	   0.060046870519
Au	   2.730611993201	   2.412392851400	  -0.292179436962
Au	   0.346489372562	   1.350618758570	   0.045796370991
Ag	   0.191108031295	  -1.361355423033	  -0.242865642678
Ag	  -2.086991665839	   0.073285516636	   0.368844223108
Energy    = -697.951355312880 (-697.951355312880 :    0.000000000000)
Spin(**2) =    0.752275805562
ZPVE      =    0.001748948380
Normal mode eigenvalues : nmode = 9
 -0.000002370   0.000008511   0.000031390   0.000154478   0.000284942
  0.000478992   0.000661980   0.000977215   0.001065323
CONNECTION : 8 - 10

# Geometry of TS 31, SYMMETRY = Cs  
Au	  -0.132313630138	  -0.274031348713	   1.594269266204
Au	   1.119500532644	  -1.648396342670	  -0.402595066770
Au	  -1.092094265489	   1.031156091725	  -0.571992096049
Ag	   0.166550718237	  -0.343710048038	  -2.563197615960
Ag	  -1.860409246370	   1.783821857667	   1.961907872939
Energy    = -697.950011080469 (-697.950011080469 :    0.000000000000)
Spin(**2) =    0.752764707295
ZPVE      =    0.001772533764
Normal mode eigenvalues : nmode = 9
 -0.000036765   0.000012070   0.000025730   0.000250675   0.000381771
  0.000509905   0.000602774   0.000776300   0.001052663
CONNECTION : 13 - 3

# Geometry of TS 32, SYMMETRY = C2v 
Au	  -0.578918480434	  -1.181227772490	   0.166266229323
Au	   1.368753743317	   0.735643835631	   0.403449910721
Au	  -1.388697367100	   1.301608454691	  -0.672420276786
Ag	  -1.229099951497	  -3.688097624040	   0.509370871534
Ag	   0.546128592471	   3.169532702673	  -0.428429694377
Energy    = -697.934915794565 (-697.934915794565 :    0.000000000000)
Spin(**2) =    0.753218302926
ZPVE      =    0.001610158387
Normal mode eigenvalues : nmode = 9
 -0.000006078   0.000004186   0.000014376   0.000069158   0.000292434
  0.000418455   0.000421027   0.000939178   0.001198327
CONNECTION : 3 - 3

# Geometry of TS 33, SYMMETRY = C1  
Au	  -0.350807465006	  -0.925045975029	   0.316885302804
Au	   1.739908073059	   0.843563554651	  -0.132660246716
Au	  -0.937167580576	   1.027338706639	  -1.562776546719
Ag	  -1.521083415352	  -3.192748507694	   0.844690783928
Ag	  -0.212683075371	   2.584351817894	   0.512097747115
Energy    = -697.932029762070 (-697.932029762070 :    0.000000000000)
Spin(**2) =    0.752826237337
ZPVE      =    0.001586606855
Normal mode eigenvalues : nmode = 9
 -0.000018582   0.000001281   0.000025901   0.000044390   0.000238435
  0.000382148   0.000468845   0.000972702   0.001208715
CONNECTION : 17 - 3

# Geometry of TS 34, SYMMETRY = C2v 
Au	  -0.520364121059	   0.263478783791	   0.487217776178
Au	   1.211098231453	  -1.808407245377	   0.292069316478
Au	  -1.469721471894	   1.584016120412	  -1.676920153032
Ag	   0.305547541136	  -0.529457259901	  -2.003395057631
Ag	  -1.325326070756	   1.039209811043	   2.919420478373
Energy    = -697.942479279310 (-697.942479279310 :    0.000000000000)
Spin(**2) =    0.751567897549
ZPVE      =    0.001682085629
Normal mode eigenvalues : nmode = 9
 -0.000047435   0.000009333   0.000040863   0.000134563   0.000302256
  0.000352738   0.000615524   0.000819061   0.001088409
CONNECTION : 13 - 13

# Geometry of TS 35, SYMMETRY = Cs  
Au	  -0.679503462029	   0.269766034937	   0.951161483277
Au	   1.063641018426	  -1.697257209179	   0.400043994749
Au	  -1.013754885649	   1.638180025608	  -3.129629794685
Ag	   0.204802629974	  -0.168755934534	  -1.693231318658
Ag	  -1.373951191845	   0.506907293136	   3.490047995684
Energy    = -697.929149725954 (-697.929149725954 :    0.000000000000)
Spin(**2) =    0.752072412236
ZPVE      =    0.001592317899
Normal mode eigenvalues : nmode = 9
 -0.000012650   0.000007641   0.000014534   0.000019609   0.000209489
  0.000306422   0.000586851   0.000965265   0.001420680
CONNECTION : 1 - 13

# Geometry of TS 36, SYMMETRY = Cs  
Au	   0.094242448465	  -2.697256065491	   0.194979127606
Au	   2.018336676686	  -0.810179504886	  -0.103677644556
Au	  -0.300253375334	   2.557952052905	  -0.200805045183
Ag	  -0.627052202504	  -0.100952266888	   0.039216545633
Ag	  -2.809044229328	   1.606619803474	   0.066486575596
Energy    = -697.945476518619 (-697.945476518619 :    0.000000000000)
Spin(**2) =    0.752909241716
ZPVE      =    0.001766255467
Normal mode eigenvalues : nmode = 9
 -0.000019236   0.000012130   0.000028108   0.000166822   0.000241998
  0.000431418   0.000620142   0.000794919   0.001575877
CONNECTION : 8 - 1

# Geometry of TS 37, SYMMETRY = C1  
Au	  -1.227464818632	  -1.794512338072	  -0.868870672906
Au	   2.721954465077	   1.424214725784	   0.459503757458
Au	   0.707516713696	  -0.110946567525	  -0.010621616884
Ag	  -1.904105781881	  -0.176132712584	   1.258192740892
Ag	  -1.436081004121	   1.465945952322	  -0.841010886744
Energy    = -697.943022538301 (-697.943022538301 :    0.000000000000)
Spin(**2) =    0.752258250553
ZPVE      =    0.001726139089
Normal mode eigenvalues : nmode = 9
 -0.000030513   0.000013246   0.000031432   0.000146689   0.000277082
  0.000380016   0.000534013   0.000923783   0.001324695
CONNECTION : 9 - 14

# Geometry of TS 38, SYMMETRY = Cs  
Au	  -2.417638875979	  -0.324096037762	  -0.993889404261
Au	   2.068920117752	   0.296079075230	  -0.342754373706
Au	   4.436567698359	   0.794555117447	   0.623601019313
Ag	  -4.823545871600	  -0.275235581429	   0.065507416578
Ag	  -0.402483494382	   0.317266486426	   0.644728663890
Energy    = -697.920395681780 (-697.920395681780 :    0.000000000000)
Spin(**2) =    0.752031435080
ZPVE      =    0.001447368719
Normal mode eigenvalues : nmode = 9
 -0.000004143   0.000002557   0.000005744   0.000007575   0.000010220
  0.000471321   0.000781738   0.000966316   0.001081881
CONNECTION : 10 - 13

# Geometry of TS 39, SYMMETRY = C2v 
Au	  -0.099455531961	  -2.169548015393	  -0.463414486356
Au	   1.970710628535	   0.995646075473	  -0.371111812063
Au	  -0.641422706309	   0.428008567752	   0.148153259838
Ag	  -2.618585823706	  -1.416197242188	   0.277888345576
Ag	   0.250573007589	   2.970659674271	   0.405678014821
Energy    = -697.946491800838 (-697.946491800838 :    0.000000000000)
Spin(**2) =    0.752251056396
ZPVE      =    0.001747999439
Normal mode eigenvalues : nmode = 9
 -0.000023956   0.000015764   0.000029115   0.000227100   0.000298906
  0.000399917   0.000538387   0.000832772   0.001258754
CONNECTION : 9 - 3

# Geometry of TS 40, SYMMETRY = Cs  
Au	  -2.198870354630	  -0.826109002353	   0.044190666457
Au	   0.265321042861	   0.368384424008	   0.073323284804
Au	   2.653277170966	   1.292075347029	  -0.182983242673
Ag	  -1.661627197217	   1.028462375725	   1.986807888506
Ag	  -0.355226987508	  -1.529242500735	  -1.873241215859
Energy    = -697.948521104588 (-697.948521104588 :    0.000000000000)
Spin(**2) =    0.751650192453
ZPVE      =    0.001712712142
Normal mode eigenvalues : nmode = 9
 -0.000002301   0.000008129   0.000048062   0.000171058   0.000264733
  0.000324545   0.000650903   0.000746029   0.001315861
CONNECTION : 13 - 16

# Geometry of TS 41, SYMMETRY = Cs  
Au	  -1.459785392693	  -2.944645650863	   0.130446904205
Au	   2.141332862888	   3.210414216474	   0.083445430132
Au	   0.362644758089	  -0.936018208668	   0.233032046119
Ag	  -2.165230569050	  -0.242785030349	  -0.310365985270
Ag	  -0.017142085084	   1.721603733323	  -0.139365073372
Energy    = -697.932211258537 (-697.932211258537 :    0.000000000000)
Spin(**2) =    0.752559897698
ZPVE      =    0.001648632455
Normal mode eigenvalues : nmode = 9
 -0.000015335   0.000006126   0.000028175   0.000085991   0.000181393
  0.000359241   0.000632732   0.000980918   0.001212846
CONNECTION : 9 - 8

# Geometry of TS 42, SYMMETRY = Cs  
Au	  -0.868873881806	  -2.519650031402	  -0.653844986083
Au	   1.899014858726	   1.614086882586	   0.864692770754
Au	   0.184486301908	  -0.209608496579	   0.052774441578
Ag	  -3.393923293336	  -2.177061859893	  -1.319636622423
Ag	   1.041115588647	   4.100802565216	   1.053207717995
Energy    = -697.926033920717 (-697.926033920717 :    0.000000000000)
Spin(**2) =    0.752009724508
ZPVE      =    0.001469892563
Normal mode eigenvalues : nmode = 9
 -0.000001546   0.000001480   0.000002045   0.000021101   0.000040019
  0.000365214   0.000863571   0.000949421   0.001065303
CONNECTION : 11 - 18

# Geometry of TS 43, SYMMETRY = Cs  
Au	  -2.325922507389	  -1.359491196617	  -0.153204847362
Au	  -0.081336134234	   0.053769998399	  -0.134915006522
Au	   1.882347905741	   1.737187037448	   0.404291694194
Ag	  -0.362514647629	   1.726669755245	   2.027865601945
Ag	  -0.409700942016	  -1.824564950790	  -2.095940061022
Energy    = -697.950211304812 (-697.950211304812 :    0.000000000000)
Spin(**2) =    0.752070649964
ZPVE      =    0.001761231833
Normal mode eigenvalues : nmode = 9
 -0.000008051   0.000014535   0.000046479   0.000199736   0.000323158
  0.000370771   0.000567898   0.000752036   0.001379672
CONNECTION : 19 - 13

# Geometry of TS 44, SYMMETRY = Cs  
Au	   2.808887821956	  -1.252190432464	   0.341969139021
Au	   1.391907366899	   0.924820961608	   0.028826582034
Au	  -0.968448576556	  -0.475908334088	  -0.002181873212
Ag	  -3.513729297146	  -1.100459547024	  -0.121926423839
Ag	  -1.000450778387	   2.241196948434	  -0.268450383587
Energy    = -697.933429964132 (-697.933429964132 :    0.000000000000)
Spin(**2) =    0.752082450274
ZPVE      =    0.001595850165
Normal mode eigenvalues : nmode = 9
 -0.000026701   0.000007167   0.000012740   0.000025628   0.000262593
  0.000316547   0.000698610   0.000955392   0.001130622
CONNECTION : 0 - 13

# Geometry of TS 45, SYMMETRY = Cs  
Au	   0.749380724427	  -2.035769821194	  -0.320803328497
Au	   0.849575627780	   0.687539695184	   0.799791093659
Au	  -0.945985552735	   0.149927711380	  -1.335381712384
Ag	  -1.279399672470	  -1.139765978406	   1.160079188246
Ag	  -0.655404590240	   2.675527989493	  -0.325448200606
Energy    = -697.940832153518 (-697.940832153518 :    0.000000000000)
Spin(**2) =    0.752268502795
ZPVE      =    0.001698982693
Normal mode eigenvalues : nmode = 9
 -0.000025212   0.000013867   0.000121286   0.000190386   0.000247811
  0.000318558   0.000414301   0.000896316   0.001066624
CONNECTION : 13 - 13

# Geometry of TS 46, SYMMETRY = C1  
Au	  -0.426013163243	  -2.624090456593	  -0.533486875194
Au	   1.222029041061	   1.643401797452	   0.623084364626
Au	   0.130726521070	  -0.096915984877	  -1.255809571251
Ag	  -0.690980747165	  -0.478048096539	   1.278488335498
Ag	  -1.517595114954	   1.893112337011	  -0.134039213262
Energy    = -697.940049500391 (-697.940049500391 :    0.000000000000)
Spin(**2) =    0.752849152410
ZPVE      =    0.001705608241
Normal mode eigenvalues : nmode = 9
 -0.001816084   0.000015242   0.000116450   0.000207601   0.000241712
  0.000329342   0.000442058   0.000855239   0.001061115
CONNECTION : 9 - 13

# Geometry of TS 47, SYMMETRY = Cs  
Au	  -0.149831391961	  -2.928350698763	   1.266969598129
Au	   1.917929377639	   3.330523704372	  -1.116679538277
Au	  -0.201049522954	  -0.356788676305	   0.180723032629
Ag	  -2.463314558476	  -1.796015796065	   0.515148251761
Ag	  -0.385567367490	   2.088091063224	  -0.867924303823
Energy    = -697.930028962678 (-697.930028962678 :    0.000000000000)
Spin(**2) =    0.752048492222
ZPVE      =    0.001605647094
Normal mode eigenvalues : nmode = 9
 -0.000005273   0.000002333   0.000009007   0.000022393   0.000228658
  0.000425116   0.000676264   0.001007558   0.001180584
CONNECTION : 8 - 9

# Geometry of TS 48, SYMMETRY = Cs  
Au	  -0.609374686958	   0.263841027567	   0.219056965367
Au	   1.640514084409	  -1.076583730984	   0.060786017338
Au	  -2.958026042661	   1.647853848439	  -0.095255158461
Ag	   2.097396431252	  -1.426359365807	  -2.538587229123
Ag	  -1.969275677155	   1.140088430748	   2.372391765238
Energy    = -697.937013378612 (-697.937013378612 :    0.000000000000)
Spin(**2) =    0.752286034276
ZPVE      =    0.001621259580
Normal mode eigenvalues : nmode = 9
 -0.000009821   0.000003426   0.000015818   0.000039523   0.000222994
  0.000452780   0.000696898   0.000806738   0.001246930
CONNECTION : 11 - 19

# Geometry of TS 49, SYMMETRY = Cs  
Au	   1.553412921143	  -2.670972118112	   0.526801532816
Au	   0.941011655550	  -0.036276415178	   0.225417723186
Au	  -0.109107565624	   2.337475051686	  -0.162714769879
Ag	  -0.959271055939	  -1.992501848592	  -0.106408087699
Ag	  -2.696701532621	   2.589877847601	  -0.780984521881
Energy    = -697.934542140467 (-697.934542140467 :    0.000000000000)
Spin(**2) =    0.751762059674
ZPVE      =    0.001578642563
Normal mode eigenvalues : nmode = 9
 -0.000015377   0.000002452   0.000007166   0.000035001   0.000242945
  0.000367755   0.000686727   0.000853103   0.001187843
CONNECTION : 11 - 9

# Geometry of TS 50, SYMMETRY = C1  
Au	  -0.266514690386	  -0.745523761822	   1.476436079423
Au	   1.719196498407	  -0.664977904387	  -0.864473937487
Au	   0.177559718706	   1.592483083572	  -0.436410998772
Ag	  -1.041269773899	  -0.783010142070	  -1.135223486005
Ag	  -2.218597552117	   1.082144199083	   0.915542867001
Energy    = -697.940291235770 (-697.940291235770 :    0.000000000000)
Spin(**2) =    0.752565698670
ZPVE      =    0.001680213078
Normal mode eigenvalues : nmode = 9
 -0.000026853   0.000016622   0.000053477   0.000208024   0.000265373
  0.000356417   0.000471123   0.000780244   0.001079390
CONNECTION : 12 - 8

# Geometry of TS 51, SYMMETRY = C1  
Au	  -0.352585561280	   0.125517424612	   0.982609354721
Au	   1.646561770146	  -1.126857743431	  -0.530023285245
Au	  -0.230710602306	   1.364298463270	  -1.488882472200
Ag	  -0.819757383843	  -1.290278321979	  -1.572327637932
Ag	  -1.920518365336	   1.384735168889	   2.649227347011
Energy    = -697.932810399349 (-697.932810399349 :    0.000000000000)
Spin(**2) =    0.752443037055
ZPVE      =    0.001655752744
Normal mode eigenvalues : nmode = 9
 -0.000037343   0.000011534   0.000024842   0.000103939   0.000223611
  0.000353481   0.000557253   0.000950530   0.001198466
CONNECTION : 17 - 13

# Geometry of TS 52, SYMMETRY = Cs  
Au	  -0.298695946303	  -1.393550271536	   2.155535371404
Au	   2.786957429486	   1.189763139880	  -1.209182189181
Au	   1.102850373584	  -0.014512206278	   0.328549292529
Ag	  -3.530062161142	   0.856574898503	  -1.514258942996
Ag	  -1.690675494899	  -0.157160086218	   0.195226992413
Energy    = -697.930663263021 (-697.930663263021 :    0.000000000000)
Spin(**2) =    0.751275375270
ZPVE      =    0.001577604340
Normal mode eigenvalues : nmode = 9
 -0.000006175   0.000001725   0.000016297   0.000042915   0.000256833
  0.000287624   0.000431923   0.001012430   0.001385652
CONNECTION : 9 - 1

# Geometry of TS 53, SYMMETRY = C2v 
Au	   0.199468831926	  -1.735086091007	   0.783365749393
Au	   0.575818803863	  -0.172711897758	  -1.322259277025
Au	  -0.919019294548	   1.883098299197	  -0.577228315218
Ag	   0.717466285203	  -4.021838828929	   1.968871090649
Ag	  -1.844390203950	   4.274141035905	  -1.150637371255
Energy    = -697.923007412805 (-697.923007412805 :    0.000000000000)
Spin(**2) =    0.752067085091
ZPVE      =    0.001441742414
Normal mode eigenvalues : nmode = 9
 -0.000005966   0.000005073   0.000008816   0.000008898   0.000015577
  0.000481293   0.000551719   0.001043913   0.001103780
CONNECTION : 4 - 18

# Geometry of TS 54, SYMMETRY = C2v 
Au	  -0.424138338818	  -1.305303960515	   0.133457777136
Au	   1.824430716640	   0.107240228816	  -0.361494051604
Au	  -0.450380636387	   1.543573203812	  -0.119415113016
Ag	  -1.460789106834	  -3.698029477578	   0.518483530329
Ag	  -1.529187401160	   3.948205479761	  -0.162302751726
Energy    = -697.929080790468 (-697.929080790468 :    0.000000000000)
Spin(**2) =    0.751563051012
ZPVE      =    0.001480592426
Normal mode eigenvalues : nmode = 9
 -0.000015528   0.000006303   0.000007915   0.000010911   0.000144626
  0.000300932   0.000546227   0.000939051   0.001184235
CONNECTION : 4 - 4
