List of Equilibrium Structures

# Geometry of EQ 0, SYMMETRY = Cs  
Au	  -0.430652000000	  -1.689739000000	  -0.000000000000
Au	   2.042069000000	  -0.510490000000	   0.000000000000
Au	  -0.000000000000	   1.234784000000	   0.000000000000
Cu	  -2.268645000000	   0.094476000000	  -0.000000000000
Cu	  -2.121079000000	   2.535528000000	   0.000000000000
Energy    = -798.759941276485 (-798.759941276485 :    0.000000000000)
Spin(**2) =    0.753202608346
ZPVE      =    0.002301988345
Normal mode eigenvalues : nmode = 9
  0.000031162   0.000056718   0.000075340   0.000269266   0.000416516
  0.000656246   0.001037696   0.001276674   0.001970982

# Geometry of EQ 1, SYMMETRY = Cs  
Au	  -0.529240744862	  -2.436097326066	   0.003613032156
Au	   1.360542304760	  -0.481093734826	   0.038591991937
Au	   0.309539539678	   2.092355189968	   0.015143079891
Cu	  -1.213615443992	  -0.009529449678	  -0.012705954894
Cu	  -2.195483744858	   2.215984875762	  -0.034230927210
Energy    = -798.768298694299 (-798.768298694299 :    0.000000000000)
Spin(**2) =    0.753759835964
ZPVE      =    0.002318957314
Normal mode eigenvalues : nmode = 9
  0.000021497   0.000061804   0.000157899   0.000224308   0.000381322
  0.000511022   0.001094734   0.001238239   0.002262704

# Geometry of EQ 2, SYMMETRY = C2v 
Au	  -0.666265724211	  -0.945800631273	   0.832265188339
Au	   1.906164435251	  -0.580636090546	  -0.045018708247
Au	   0.107578328935	   1.346112948932	  -0.802363656123
Cu	  -2.237969841019	   0.195839119660	  -0.918891304690
Cu	  -1.746770455111	   1.426602879962	   1.040225755064
Energy    = -798.748522770737 (-798.748522770737 :    0.000000000000)
Spin(**2) =    0.751831318706
ZPVE      =    0.002249051081
Normal mode eigenvalues : nmode = 9
  0.000016662   0.000118032   0.000193759   0.000222965   0.000498029
  0.000644493   0.000717270   0.000747808   0.002154687

# Geometry of EQ 3, SYMMETRY = C2v 
Au	  -0.069587798255	  -1.742592349284	  -0.069201395198
Au	   1.548625647128	   0.571562488513	   0.264192864657
Au	  -1.245970800290	   0.824873413925	  -0.052086053189
Cu	  -2.537968030408	  -1.335284051714	  -0.336283011409
Cu	   0.338243796918	   2.777192823014	   0.256298300175
Energy    = -798.755383689322 (-798.755383689322 :    0.000000000000)
Spin(**2) =    0.752676196254
ZPVE      =    0.002210000050
Normal mode eigenvalues : nmode = 9
  0.000022138   0.000036537   0.000104677   0.000156391   0.000466493
  0.000670639   0.000749742   0.001490475   0.001742525

# Geometry of EQ 4, SYMMETRY = C2v 
Au	  -1.087102848501	  -1.320825320726	  -1.026709605977
Au	   1.531490422718	  -0.923360590888	  -0.055721496672
Au	  -0.935990120886	   2.431614275748	   1.127385815777
Cu	  -0.596269713682	  -0.076209206081	   1.237780183925
Cu	  -0.014552970694	   1.070002449123	  -0.799805136467
Energy    = -798.781470736190 (-798.781470736190 :    0.000000000000)
Spin(**2) =    0.752319832788
ZPVE      =    0.002484022138
Normal mode eigenvalues : nmode = 9
  0.000016900   0.000142379   0.000159733   0.000426702   0.000486970
  0.000540327   0.001018672   0.001714762   0.001947900

# Geometry of EQ 5, SYMMETRY = Cs  
Au	  -0.573990821268	  -2.328221374780	  -0.458725985146
Au	   0.529232962600	  -0.060084167632	  -1.549387449499
Au	  -1.590134571042	   2.084684551395	   1.728595179327
Cu	  -1.037845471366	  -0.086967731177	   0.581905965003
Cu	  -0.105569098917	   2.055147722190	  -0.302387709677
Energy    = -798.788171440647 (-798.788171440647 :    0.000000000000)
Spin(**2) =    0.752551204274
ZPVE      =    0.002445868865
Normal mode eigenvalues : nmode = 9
  0.000024676   0.000073390   0.000166996   0.000212476   0.000429344
  0.000518995   0.001292099   0.001570737   0.002375619

# Geometry of EQ 6, SYMMETRY = C2v 
Au	   0.520265840712	  -1.728442546139	  -1.296282817982
Au	   1.800208354165	  -0.577944529163	   0.848874082837
Au	  -0.590409432977	   0.365396710298	   0.007124852341
Cu	  -1.687026170974	   2.293646840460	   1.150792531813
Cu	  -2.794309665348	   1.284658613217	  -0.718142552129
Energy    = -798.742476497147 (-798.742476497147 :    0.000000000000)
Spin(**2) =    0.753070494537
ZPVE      =    0.002202478781
Normal mode eigenvalues : nmode = 9
  0.000009185   0.000026871   0.000060966   0.000273247   0.000333799
  0.000572556   0.001040519   0.001121798   0.002262884

# Geometry of EQ 7, SYMMETRY = Cs  
Au	   1.869273271160	  -2.737285963316	  -1.488930163122
Au	   1.162978993114	  -0.559907234823	  -0.218011337147
Au	  -0.922641834564	   0.860816405573	   0.543851002037
Cu	  -2.621157932630	   1.618328117893	   2.276619562844
Cu	  -2.524328244168	   2.815756051609	   0.278741462226
Energy    = -798.730287298276 (-798.730287298276 :    0.000000000000)
Spin(**2) =    0.752448879355
ZPVE      =    0.001976582089
Normal mode eigenvalues : nmode = 9
  0.000000235   0.000005434   0.000006997   0.000042926   0.000333730
  0.000784797   0.000805438   0.001148434   0.002324975

# Geometry of EQ 8, SYMMETRY = Cs  
Au	  -1.628596926221	  -0.728855177274	  -0.179887029489
Au	   0.643221674870	   0.872223972164	   0.116299977448
Au	   3.087311034572	   1.767248117064	   0.324849978334
Cu	  -3.553417724903	  -2.237697474225	  -0.451134330067
Cu	  -1.692277490342	   1.757140152328	   0.145664687768
Energy    = -798.734500597398 (-798.734500597398 :    0.000000000000)
Spin(**2) =    0.752355299539
ZPVE      =    0.001950266066
Normal mode eigenvalues : nmode = 9
  0.000006442   0.000010467   0.000015834   0.000018889   0.000195749
  0.000688274   0.000954465   0.001457323   0.001861086

# Geometry of EQ 9, SYMMETRY = Cs  
Au	   0.530970942712	  -3.047229063310	  -0.341063822835
Au	  -0.246104011535	  -0.363995416199	  -0.153542525183
Au	  -0.966409427903	   2.167079302063	  -0.042043550035
Cu	  -0.196232899300	  -1.955908348424	   1.763760216433
Cu	  -1.110991372755	   3.935339966972	  -1.724584612860
Energy    = -798.735211247048 (-798.735211247048 :    0.000000000000)
Spin(**2) =    0.752657198942
ZPVE      =    0.002007551054
Normal mode eigenvalues : nmode = 9
  0.000005013   0.000005550   0.000030418   0.000042697   0.000189894
  0.000706364   0.000932673   0.001608983   0.001915990

# Geometry of EQ 10, SYMMETRY = C2v 
Au	  -1.842365683274	  -1.919622935109	  -0.069760481917
Au	   2.343926788796	   1.326895227886	   0.010750636993
Au	   0.347075328013	  -0.420340775219	  -0.034736175424
Cu	  -2.032034108292	   0.650476218534	   0.025003010178
Cu	  -0.099955921410	   2.149236794393	   0.060217611419
Energy    = -798.773297906000 (-798.773297906000 :    0.000000000000)
Spin(**2) =    0.752993336005
ZPVE      =    0.002380787271
Normal mode eigenvalues : nmode = 9
  0.000045776   0.000051005   0.000172042   0.000341708   0.000371178
  0.000700924   0.001287073   0.001417977   0.001483387

# Geometry of EQ 11, SYMMETRY = Cs  
Au	  -3.192145404686	  -1.713707413391	  -0.403085489214
Au	   3.018238679130	   1.583929481612	   0.440171910829
Au	   0.600398758400	   0.602479789533	   0.069694421497
Cu	  -0.716078373959	  -1.557278728774	   0.097342070286
Cu	  -1.892541690622	   0.478748207560	  -0.438722531176
Energy    = -798.765452209306 (-798.765452209306 :    0.000000000000)
Spin(**2) =    0.751948261952
ZPVE      =    0.002287164785
Normal mode eigenvalues : nmode = 9
  0.000000910   0.000009134   0.000050386   0.000201864   0.000499710
  0.000732291   0.001128346   0.001826801   0.001960088

# Geometry of EQ 12, SYMMETRY = Cs  
Au	  -0.864216116411	  -0.671820858193	   0.101898302606
Au	   0.002096208298	   1.969551224193	  -0.221667315496
Au	  -1.923562769311	   1.320698284611	   1.602249643733
Cu	  -1.698581584241	  -2.916388285781	   0.477590147747
Cu	   1.719162776000	   2.156331709868	  -1.931963490979
Energy    = -798.721461395465 (-798.721461395465 :    0.000000000000)
Spin(**2) =    0.752947247260
ZPVE      =    0.001901865831
Normal mode eigenvalues : nmode = 9
  0.000010618   0.000016886   0.000025108   0.000035119   0.000241380
  0.000303147   0.000671006   0.001769115   0.001864907

# Geometry of EQ 13, SYMMETRY = Cs  
Au	   0.232873983960	  -2.920569394135	  -0.591186177626
Au	  -0.057344231394	  -0.396251445422	  -0.194400757280
Au	   0.652584454047	   2.329194885126	   0.022086470538
Cu	  -1.223326846037	   1.199973756235	   1.484143137054
Cu	  -1.700948675447	   1.507828915325	  -0.825506428539
Energy    = -798.748278966708 (-798.748278966708 :    0.000000000000)
Spin(**2) =    0.753541039353
ZPVE      =    0.002205275444
Normal mode eigenvalues : nmode = 9
  0.000009497   0.000027559   0.000100886   0.000195953   0.000461726
  0.000679146   0.000731493   0.001222985   0.002150211

# Geometry of EQ 14, SYMMETRY = Cs  
Au	  -0.463673006207	  -2.607768468677	  -1.553999280487
Au	  -0.622170951514	  -0.062191739925	  -0.295886810737
Au	  -1.865050436288	   4.005693734038	   0.586690838628
Cu	   0.907802102369	  -1.912023179383	   0.384724815245
Cu	  -0.513653799892	   2.030486606144	   1.009891700067
Energy    = -798.742551836031 (-798.742551836031 :    0.000000000000)
Spin(**2) =    0.751768722504
ZPVE      =    0.002093598170
Normal mode eigenvalues : nmode = 9
  0.000000856   0.000004884   0.000025322   0.000028637   0.000202738
  0.000871340   0.000966191   0.001846232   0.002251148

# Geometry of EQ 15, SYMMETRY = Cs  
Au	   0.044572161369	  -1.863360555554	  -0.092985280374
Au	   0.218874010824	   1.031547010749	   0.158560423302
Au	  -1.934963034255	  -0.441004530220	   1.450931275507
Cu	  -1.650067498063	  -0.247190385294	  -1.058429954400
Cu	   1.209578315725	   3.126636616941	  -0.498543287946
Energy    = -798.739362749219 (-798.739362749219 :    0.000000000000)
Spin(**2) =    0.752769804292
ZPVE      =    0.002122317321
Normal mode eigenvalues : nmode = 9
  0.000006826   0.000035011   0.000056613   0.000106920   0.000281333
  0.000634287   0.000702945   0.001683775   0.002054535

# Geometry of EQ 16, SYMMETRY = C2v 
Au	  -1.638841415632	  -1.761382345684	   0.939214772268
Au	   2.303940802935	   1.198039277551	  -0.652349481517
Au	   0.014919258244	   0.093446656458	   0.054140340633
Cu	  -4.009887152438	  -1.254979061014	   1.080364145681
Cu	   2.303276296234	   3.489248307114	  -1.457602516142
Energy    = -798.715776215502 (-798.715776215502 :    0.000000000000)
Spin(**2) =    0.753006191763
ZPVE      =    0.001769311722
Normal mode eigenvalues : nmode = 9
  0.000002531   0.000003264   0.000007541   0.000016552   0.000050972
  0.000369661   0.000984321   0.001707357   0.001748108

# Geometry of EQ 17, SYMMETRY = Cs  
Au	   0.839628074640	  -3.262838656968	  -1.102880686880
Au	  -0.013221580804	  -0.914986344169	  -0.409261723542
Au	  -0.907959496228	   1.600923723358	   0.244051227349
Cu	  -0.682512953316	  -0.302768756429	   1.916195425222
Cu	  -1.224700813067	   3.614956475317	  -1.145578536629
Energy    = -798.734249833735 (-798.734249833735 :    0.000000000000)
Spin(**2) =    0.752515406040
ZPVE      =    0.001982944186
Normal mode eigenvalues : nmode = 9
  0.000003360   0.000008968   0.000026807   0.000035382   0.000265033
  0.000671884   0.000969612   0.001404992   0.001810414

# Geometry of EQ 18, SYMMETRY = C2h 
Au	   0.392197114332	  -2.477822376186	  -0.733470174395
Au	  -0.357995651443	  -0.016070540665	  -0.084317207748
Au	  -1.108493531043	   2.445382967645	   0.566013502704
Cu	  -0.169777065036	  -1.848604780778	   1.672067281702
Cu	  -0.546104288991	   1.817293640445	  -1.839724639914
Energy    = -798.750279197276 (-798.750279197276 :    0.000000000000)
Spin(**2) =    0.753788203173
ZPVE      =    0.002212647865
Normal mode eigenvalues : nmode = 9
  0.000006191   0.000028226   0.000054378   0.000298288   0.000580179
  0.000608492   0.000748306   0.001399983   0.001846172

# Geometry of EQ 19, SYMMETRY = Cs  
Au	   0.356084147988	  -1.144590684482	  -1.244487299581
Au	  -0.810777835707	   0.794241198856	   0.358148369522
Au	  -1.883773279673	   2.604194216966	   1.837299270862
Cu	  -1.432928067064	  -1.696581979896	   0.463947752883
Cu	   1.006293548794	   1.301109323255	  -1.386800806078
Energy    = -798.748098237519 (-798.748098237519 :    0.000000000000)
Spin(**2) =    0.752361373595
ZPVE      =    0.002127566514
Normal mode eigenvalues : nmode = 9
 -0.000000599   0.000013982   0.000046890   0.000228984   0.000493585
  0.000614977   0.001012111   0.001369035   0.001610061
