List of Transition Structures

# Geometry of TS 0, SYMMETRY = Cs  
Au	  -0.501643603130	  -1.971598476063	   0.003637064705
Au	   1.793562666678	  -0.539785745134	   0.047232062493
Au	   0.088083430880	   1.553574364384	   0.011355918849
Cu	  -1.955168768899	   0.092552917510	  -0.027431940258
Cu	  -2.203140725526	   2.529815939301	  -0.034793105786
Energy    = -798.758458836306 (-798.758458836306 :    0.000000000000)
Spin(**2) =    0.753608199890
ZPVE      =    0.002244035169
Normal mode eigenvalues : nmode = 9
 -0.000030864   0.000022304   0.000052717   0.000337133   0.000484316
  0.000598057   0.001119938   0.001253770   0.002110356
CONNECTION : 0 - 1

# Geometry of TS 1, SYMMETRY = C1  
Au	  -0.618396285670	  -1.020579041626	   0.804117439637
Au	   1.935375402659	  -0.598078896064	  -0.103245398140
Au	   0.096717160347	   1.333899484040	  -0.666120809975
Cu	  -2.262416872706	   0.091615345566	  -0.782245049113
Cu	  -1.929586404639	   1.857702108081	   0.747493817594
Energy    = -798.745853942386 (-798.745853942386 :    0.000000000000)
Spin(**2) =    0.752401306035
ZPVE      =    0.002166204016
Normal mode eigenvalues : nmode = 9
 -0.000106676   0.000021634   0.000127725   0.000236193   0.000362945
  0.000705607   0.000881482   0.001090775   0.002054004
CONNECTION : 0 - 2

# Geometry of TS 2, SYMMETRY = Cs  
Au	  -0.120524789881	  -1.811787861410	  -0.079348149617
Au	   1.677636590713	   0.247798406760	   0.259646907051
Au	  -0.942979769935	   0.950781501445	  -0.007852427206
Cu	  -2.481061352796	  -1.084390113372	  -0.315448826561
Cu	  -0.911377678096	   3.362157066574	   0.143002496333
Energy    = -798.733761054837 (-798.733761054837 :    0.000000000000)
Spin(**2) =    0.751869592947
ZPVE      =    0.002026162933
Normal mode eigenvalues : nmode = 9
 -0.000053069   0.000016113   0.000043813   0.000138646   0.000265025
  0.000603277   0.000673347   0.001547050   0.001978871
CONNECTION : 3 - 0

# Geometry of TS 3, SYMMETRY = C1  
Au	  -0.740598828660	  -1.790053735854	  -1.114293434299
Au	   1.119600509463	  -0.336991569772	   0.286825410718
Au	  -0.084380088921	   2.087550864514	   1.098990978738
Cu	  -1.435344179070	  -0.086779419564	   0.596071672997
Cu	  -1.637584412818	   1.790832860671	  -0.867594628148
Energy    = -798.758992868477 (-798.758992868477 :    0.000000000000)
Spin(**2) =    0.752801887315
ZPVE      =    0.002263756616
Normal mode eigenvalues : nmode = 9
 -0.000074428   0.000016256   0.000159365   0.000249312   0.000367500
  0.000802334   0.000967756   0.001459996   0.001939843
CONNECTION : 4 - 1

# Geometry of TS 4, SYMMETRY = Cs  
Au	  -0.312801961587	  -1.676785946486	   0.954605409410
Au	   1.370459651548	  -0.486199912725	  -0.909370722984
Au	  -0.083101990179	   1.274970236679	   0.974734593758
Cu	  -1.198344048095	  -0.008714878595	  -0.852750102612
Cu	  -2.044469740962	   2.278350056291	  -0.156807955694
Energy    = -798.743125412239 (-798.743125412239 :    0.000000000000)
Spin(**2) =    0.753114399771
ZPVE      =    0.002149921374
Normal mode eigenvalues : nmode = 9
 -0.000155105   0.000028465   0.000119164   0.000231606   0.000410316
  0.000412471   0.000836120   0.001548584   0.001873126
CONNECTION : 1 - 1

# Geometry of TS 5, SYMMETRY = C2v 
Au	   0.350510410015	  -1.975924255136	  -1.008366875753
Au	   1.975432893727	  -0.334608506515	   0.561445170692
Au	  -0.583185328206	   0.356751534880	   0.003053748062
Cu	  -2.621789615279	   1.246973413814	   1.183079269515
Cu	  -1.899275360257	   2.371366812958	  -0.739211312507
Energy    = -798.733216632661 (-798.733216632661 :    0.000000000000)
Spin(**2) =    0.752528362922
ZPVE      =    0.002081216826
Normal mode eigenvalues : nmode = 9
 -0.000070759   0.000010582   0.000019555   0.000249568   0.000278457
  0.000558470   0.000994799   0.001131112   0.002376772
CONNECTION : 6 - 6

# Geometry of TS 6, SYMMETRY = Cs  
Au	   1.236077145658	  -1.909825314465	  -1.875500505913
Au	   1.369846461349	  -1.042704742590	   0.610284720155
Au	  -0.616965096152	   0.678533173685	   0.745739552765
Cu	  -2.365529515619	   2.386403000953	   1.353799266126
Cu	  -2.401735995245	   1.552152882417	  -0.834323033130
Energy    = -798.728625831018 (-798.728625831018 :    0.000000000000)
Spin(**2) =    0.752441497862
ZPVE      =    0.002007131314
Normal mode eigenvalues : nmode = 9
 -0.000011564   0.000005755   0.000011657   0.000046609   0.000469535
  0.000695373   0.000882444   0.001081414   0.002315567
CONNECTION : 0 - 7

# Geometry of TS 7, SYMMETRY = Cs  
Au	  -1.385433797087	  -2.495504459047	   0.007097957369
Au	   1.812187406342	   0.020639881216	   0.036871952142
Au	   0.232487652825	   2.256112393706	  -0.002761859940
Cu	  -0.724416911084	  -0.184589641282	  -0.000024379653
Cu	  -2.203082440272	   1.784961380567	  -0.030772448037
Energy    = -798.750997437665 (-798.750997437665 :    0.000000000000)
Spin(**2) =    0.751602253597
ZPVE      =    0.002202978659
Normal mode eigenvalues : nmode = 9
 -0.000051258   0.000012968   0.000054861   0.000182772   0.000275108
  0.000460814   0.001083934   0.001581377   0.002792477
CONNECTION : 5 - 1

# Geometry of TS 8, SYMMETRY = C2  
Au	  -0.536436859521	  -1.114182302243	   0.197870339111
Au	   2.140930671557	  -0.633050140854	  -0.013169821255
Au	   0.376373260843	   1.439318713223	  -0.202571741554
Cu	  -2.770580580149	  -0.101226640575	  -0.279082992072
Cu	  -1.988593492737	   2.073699370452	   0.296954215773
Energy    = -798.744500132296 (-798.744500132296 :    0.000000000000)
Spin(**2) =    0.753474854759
ZPVE      =    0.002136014829
Normal mode eigenvalues : nmode = 9
 -0.000117644   0.000009908   0.000033785   0.000266743   0.000317685
  0.000778319   0.001324137   0.001330420   0.001483596
CONNECTION : 0 - 0

# Geometry of TS 9, SYMMETRY = Cs  
Au	  -1.712614578680	  -0.585459511997	  -0.163744945689
Au	   0.926714986367	   0.246918513159	   0.044021895254
Au	   2.716516117077	   2.139034401008	   0.360227725416
Cu	  -3.738151050756	  -1.963030469881	  -0.422157175106
Cu	  -0.970772474023	   1.827096067705	   0.181652500124
Energy    = -798.732238655927 (-798.732238655927 :    0.000000000000)
Spin(**2) =    0.752820311848
ZPVE      =    0.001903992005
Normal mode eigenvalues : nmode = 9
 -0.000030714   0.000006918   0.000009226   0.000026670   0.000232891
  0.000669956   0.000864691   0.001480212   0.001825666
CONNECTION : 1 - 8

# Geometry of TS 10, SYMMETRY = Cs  
Au	   0.474867378601	  -3.103689789601	   0.013855193032
Au	  -0.115990353887	  -0.453806433496	  -0.673822532468
Au	  -0.908531800945	   2.010219633307	  -0.114919361918
Cu	  -0.328387297890	  -1.369288905767	   1.620243821664
Cu	  -1.390216015154	   4.298185050717	  -0.834945898432
Energy    = -798.734161560435 (-798.734161560435 :    0.000000000000)
Spin(**2) =    0.752711670132
ZPVE      =    0.001934266746
Normal mode eigenvalues : nmode = 9
 -0.000014916   0.000005968   0.000020430   0.000022999   0.000198015
  0.000688235   0.000851437   0.001639123   0.001886868
CONNECTION : 9 - 1

# Geometry of TS 11, SYMMETRY = Cs  
Au	  -0.787804132782	  -1.179166134069	   0.591618801090
Au	   1.784548800608	  -0.225789404906	   0.395273045693
Au	   0.029395617740	   1.241275712135	  -1.131527449135
Cu	  -2.416586277249	   0.329268529268	  -0.817170913366
Cu	  -1.246817264478	   1.276529524310	   1.068023790060
Energy    = -798.746683965430 (-798.746683965430 :    0.000000000000)
Spin(**2) =    0.751732014412
ZPVE      =    0.002143422581
Normal mode eigenvalues : nmode = 9
 -0.000044658   0.000049934   0.000123412   0.000260673   0.000486368
  0.000609523   0.000705640   0.000917469   0.002035040
CONNECTION : 5 - 2

# Geometry of TS 12, SYMMETRY = Cs  
Au	  -1.090002386181	  -1.848237296694	  -0.073364095442
Au	   2.594348934606	   0.232175488482	  -0.030738574522
Au	   0.046129203120	   0.660634483011	   0.006365535236
Cu	  -2.555410104332	   0.195394941898	   0.011658926708
Cu	  -1.773372647214	   2.424591383301	   0.086078208014
Energy    = -798.743833692021 (-798.743833692021 :    0.000000000000)
Spin(**2) =    0.751972039232
ZPVE      =    0.002196084225
Normal mode eigenvalues : nmode = 9
 -0.000030762   0.000015212   0.000058788   0.000259724   0.000330366
  0.000712422   0.000980354   0.001505177   0.002013046
CONNECTION : 0 - 10

# Geometry of TS 13, SYMMETRY = C1  
Au	  -2.637866004725	  -2.382617146291	  -0.411981093395
Au	   2.939467461452	   1.180790382505	   0.316625526610
Au	   0.404906421586	   0.608380458057	   0.091774917750
Cu	  -2.063497973388	  -0.027559019666	  -0.130173118213
Cu	  -1.421316904921	   2.285564325393	   0.133753767250
Energy    = -798.738463921965 (-798.738463921965 :    0.000000000000)
Spin(**2) =    0.751602452201
ZPVE      =    0.002062111817
Normal mode eigenvalues : nmode = 9
 -0.000002651   0.000002210   0.000016171   0.000033550   0.000441892
  0.000540376   0.000990743   0.001419022   0.002639056
CONNECTION : 10 - 11

# Geometry of TS 14, SYMMETRY = Cs  
Au	  -0.374117984463	  -2.552540708270	  -0.011705434910
Au	   0.986631587076	  -0.253377513218	   0.002924359306
Au	   0.592563330151	   2.384254806611	   0.014971776937
Cu	  -1.556441231488	  -0.275198183983	  -0.003439557620
Cu	  -1.916893790558	   2.078481154023	   0.007660078161
Energy    = -798.760740403784 (-798.760740403784 :    0.000000000000)
Spin(**2) =    0.753653874487
ZPVE      =    0.002206667915
Normal mode eigenvalues : nmode = 9
 -0.000084415   0.000007447   0.000045318   0.000314406   0.000429039
  0.000832147   0.001047470   0.001191778   0.002006096
CONNECTION : 1 - 10

# Geometry of TS 15, SYMMETRY = Cs  
Au	  -0.008308320920	  -1.057355474874	  -0.165999746383
Au	   2.549757607748	  -1.627128534549	   0.022693610370
Au	  -0.380730026477	   1.645144377276	   0.233661774893
Cu	  -2.311613003913	   0.069710597643	  -0.235835901461
Cu	  -2.627413256437	   2.634188034512	   0.145480262583
Energy    = -798.733397889129 (-798.733397889129 :    0.000000000000)
Spin(**2) =    0.753372816182
ZPVE      =    0.002017056700
Normal mode eigenvalues : nmode = 9
 -0.000015131   0.000013282   0.000039925   0.000154234   0.000319242
  0.000530718   0.000845622   0.001402861   0.001799168
CONNECTION : 0 - 1

# Geometry of TS 16, SYMMETRY = C1  
Au	  -1.107089936674	  -1.664197381798	  -0.877832920555
Au	   1.146998611243	  -0.088517528317	  -1.149787623748
Au	  -1.528642453837	   2.086216468929	   1.648863748360
Cu	  -0.509568345315	  -0.155648356170	   1.060876324979
Cu	  -0.780004875414	   1.486705797352	  -0.682119529029
Energy    = -798.779067026858 (-798.779067026858 :    0.000000000000)
Spin(**2) =    0.752472197736
ZPVE      =    0.002366721450
Normal mode eigenvalues : nmode = 9
 -0.000079379   0.000023835   0.000121620   0.000327124   0.000466894
  0.000535411   0.001395788   0.001703389   0.001999872
CONNECTION : 4 - 5

# Geometry of TS 17, SYMMETRY = C2v 
Au	  -0.989010639671	  -1.522815121810	  -1.111387651285
Au	   1.468756000736	  -0.274878406508	   0.290309490520
Au	  -0.131349214887	   2.200868997621	   1.226629135291
Cu	  -1.020540439193	  -0.193529450112	   1.074762002273
Cu	  -0.430280938028	   0.971575587980	  -0.997383216216
Energy    = -798.776940784887 (-798.776940784887 :    0.000000000000)
Spin(**2) =    0.751904181128
ZPVE      =    0.002388559960
Normal mode eigenvalues : nmode = 9
 -0.000016932   0.000029352   0.000172766   0.000320926   0.000644458
  0.000707510   0.000985653   0.001623361   0.001919592
CONNECTION : 4 - 4

# Geometry of TS 18, SYMMETRY = C2v 
Au	  -1.163468493361	  -2.550487630732	   0.321580753179
Au	   0.964893468096	   0.592163452864	  -1.781209417051
Au	  -1.765558128081	   1.547251044421	   1.616896294420
Cu	  -0.653585701639	  -0.131490831407	   0.051927157954
Cu	  -0.160588145006	   2.207122964846	  -0.209194788489
Energy    = -798.763984708940 (-798.763984708940 :    0.000000000000)
Spin(**2) =    0.751043932390
ZPVE      =    0.002181637076
Normal mode eigenvalues : nmode = 9
 -0.000580823   0.000023586   0.000071566   0.000155261   0.000355832
  0.000547573   0.000866220   0.001430846   0.002600266
CONNECTION : 5 - 5

# Geometry of TS 19, SYMMETRY = Cs  
Au	  -0.020832838566	  -3.002032558455	  -1.327136721348
Au	  -0.014954350976	  -0.371024349075	  -1.130610840981
Au	  -1.383417966755	   2.659794245873	   1.830233714454
Cu	  -1.081442818371	   0.298342844650	   1.039558412066
Cu	  -0.277659025316	   2.079478817003	  -0.412044564182
Energy    = -798.764938809566 (-798.764938809566 :    0.000000000000)
Spin(**2) =    0.752375039315
ZPVE      =    0.002270361682
Normal mode eigenvalues : nmode = 9
 -0.000010345   0.000016106   0.000053249   0.000217209   0.000492248
  0.000694960   0.001140680   0.001773415   0.001882218
CONNECTION : 11 - 5

# Geometry of TS 20, SYMMETRY = Cs  
Au	  -0.812078382111	  -0.621133932397	   0.059538202947
Au	  -0.021925303402	   2.037409787301	  -0.182384368700
Au	  -1.945479077874	   1.293146934456	   1.618523008625
Cu	  -1.647148810408	  -2.861691674690	   0.436696732548
Cu	   1.648324573803	   1.816827885321	  -1.932373575404
Energy    = -798.721379482248 (-798.721379482248 :    0.000000000000)
Spin(**2) =    0.752822388750
ZPVE      =    0.001861087480
Normal mode eigenvalues : nmode = 9
 -0.000013840   0.000012317   0.000021731   0.000039928   0.000241868
  0.000299474   0.000675007   0.001791638   0.001871717
CONNECTION : 12 - 3

# Geometry of TS 21, SYMMETRY = C2  
Au	  -1.271504654587	  -0.810744406921	   0.495709247971
Au	   0.140419649427	   1.499689166194	  -0.470523854657
Au	  -1.700513214868	   1.661538683325	   1.503429574139
Cu	  -1.734228246173	  -3.200848791497	   0.421321715589
Cu	   1.787519466211	   2.514924348892	  -1.949936683037
Energy    = -798.719050330986 (-798.719050330986 :    0.000000000000)
Spin(**2) =    0.752129419112
ZPVE      =    0.001741517773
Normal mode eigenvalues : nmode = 9
 -0.000032357   0.000002592   0.000011522   0.000017105   0.000161994
  0.000321319   0.000650576   0.001663639   0.001816608
CONNECTION : 12 - 12

# Geometry of TS 22, SYMMETRY = Cs  
Au	  -0.966690561468	  -2.246419751129	  -0.184709009340
Au	   1.421658426697	  -0.970724484558	   0.175943043554
Au	  -0.012771715238	   2.608583047754	   0.186266073362
Cu	  -0.799906214012	   0.240547836115	  -0.033955798484
Cu	  -2.420596935971	   2.032572351811	  -0.143544309099
Energy    = -798.759585049637 (-798.759585049637 :    0.000000000000)
Spin(**2) =    0.754867906151
ZPVE      =    0.002262876989
Normal mode eigenvalues : nmode = 9
 -0.000024778   0.000018066   0.000051938   0.000224426   0.000355113
  0.000515600   0.001166946   0.001351981   0.002949499
CONNECTION : 1 - 5

# Geometry of TS 23, SYMMETRY = Cs  
Au	  -0.555920740362	  -2.839929452382	  -0.158447664047
Au	   0.489936259983	  -0.294596103387	  -0.118964190421
Au	   0.259373086562	   3.793218264011	   0.106178648239
Cu	  -1.970249099691	  -0.697513244956	   0.067052161019
Cu	  -1.001446506490	   1.703379536706	   0.104181045197
Energy    = -798.745047226276 (-798.745047226276 :    0.000000000000)
Spin(**2) =    0.753832273233
ZPVE      =    0.002109513455
Normal mode eigenvalues : nmode = 9
 -0.000034212   0.000006090   0.000037456   0.000109196   0.000269511
  0.000701468   0.000996082   0.001570879   0.002208810
CONNECTION : 10 - 5

# Geometry of TS 24, SYMMETRY = C1  
Au	   0.124247799507	  -2.877706761606	  -0.465010313272
Au	   0.119203414661	  -0.306918115545	  -0.316980343492
Au	   0.665461451434	   2.355949589052	  -0.035630755500
Cu	  -1.492701980826	   0.577622486419	   1.466612055848
Cu	  -1.684468774050	   1.632672356847	  -0.638579421711
Energy    = -798.746049555051 (-798.746049555051 :    0.000000000000)
Spin(**2) =    0.753276957468
ZPVE      =    0.002143626092
Normal mode eigenvalues : nmode = 9
 -0.000072648   0.000013018   0.000035134   0.000262871   0.000318779
  0.000706621   0.001043743   0.001264669   0.002024179
CONNECTION : 13 - 10

# Geometry of TS 25, SYMMETRY = Cs  
Au	   1.074414464032	  -3.526428963397	  -1.442127940370
Au	   0.266539100650	  -1.230401208817	  -0.511312894590
Au	  -0.018719260358	   1.114301970518	   0.689347244403
Cu	  -1.278208747304	   3.298413061318	   1.339173543946
Cu	  -2.312283646294	   1.725734695541	  -0.064668731513
Energy    = -798.727725564646 (-798.727725564646 :    0.000000000000)
Spin(**2) =    0.752962279492
ZPVE      =    0.001901929637
Normal mode eigenvalues : nmode = 9
 -0.000021572   0.000003567   0.000009884   0.000013714   0.000316084
  0.000649240   0.000912199   0.001113579   0.002193913
CONNECTION : 1 - 7

# Geometry of TS 26, SYMMETRY = Cs  
Au	  -0.611803959001	  -1.351551802104	  -0.332156903615
Au	   1.080990294715	  -0.226363611131	   1.541554422000
Au	  -1.189607322210	   1.313839959757	  -0.471471667043
Cu	  -2.345854106789	  -0.455139065808	  -1.913563919715
Cu	   0.429011837127	   2.161332746025	   1.281855342720
Energy    = -798.752891098477 (-798.752891098477 :    0.000000000000)
Spin(**2) =    0.753177883096
ZPVE      =    0.002162273518
Normal mode eigenvalues : nmode = 9
 -0.000046091   0.000013175   0.000032706   0.000337899   0.000451567
  0.000630579   0.001052498   0.001388317   0.001668182
CONNECTION : 5 - 3

# Geometry of TS 27, SYMMETRY = C2v 
Au	  -0.470283601357	  -1.976032713410	  -0.489736618785
Au	   0.785901225638	  -0.022817705732	  -1.911050129885
Au	  -1.573079502732	   2.232481011963	   1.711125511372
Cu	  -1.325239092009	  -0.155486638514	   0.975859410869
Cu	  -0.195606029535	   1.586415045687	  -0.286198173564
Energy    = -798.781153785327 (-798.781153785327 :    0.000000000000)
Spin(**2) =    0.752888831437
ZPVE      =    0.002334381199
Normal mode eigenvalues : nmode = 9
 -0.000073936   0.000007789   0.000063002   0.000309426   0.000383039
  0.000504574   0.001152414   0.001939376   0.002600575
CONNECTION : 5 - 5

# Geometry of TS 28, SYMMETRY = C1  
Au	  -0.538594359888	  -1.979879582407	  -0.023124937195
Au	   1.203194270296	   1.859132706261	  -2.534685077578
Au	  -1.077956513623	   0.446265437785	   1.017342529974
Cu	  -2.404649108535	   1.262881573904	   2.896139142870
Cu	   0.039698711763	   0.076158864453	  -1.355671658057
Energy    = -798.734506495479 (-798.734506495479 :    0.000000000000)
Spin(**2) =    0.751878862569
ZPVE      =    0.001941821014
Normal mode eigenvalues : nmode = 9
 -0.000014293   0.000008088   0.000016076   0.000023188   0.000291926
  0.000460078   0.000594202   0.001643448   0.002569827
CONNECTION : 5 - 1

# Geometry of TS 29, SYMMETRY = Cs  
Au	  -0.222023823177	  -2.784206410872	  -1.379077032183
Au	  -0.926411085546	  -0.115678163172	  -0.675616332135
Au	  -1.698058358867	   4.136742177875	   0.853719721505
Cu	   0.783146338770	  -1.492286478526	   0.490711764297
Cu	  -0.714960071172	   1.919987874692	   0.710261878526
Energy    = -798.742272357675 (-798.742272357675 :    0.000000000000)
Spin(**2) =    0.751754797498
ZPVE      =    0.002042647310
Normal mode eigenvalues : nmode = 9
 -0.000007401   0.000005522   0.000020191   0.000020604   0.000196579
  0.000715281   0.000887306   0.001846472   0.002451908
CONNECTION : 5 - 14

# Geometry of TS 30, SYMMETRY = C1  
Au	  -1.859034220175	  -1.278102070213	  -0.610743332139
Au	   1.952739380341	   1.598187733354	   0.340235905265
Au	   0.596116347288	  -0.726141905866	   0.366364302270
Cu	  -1.719600240513	   0.797938255861	   0.825102683392
Cu	  -0.253574863104	   1.394762517349	  -0.929484957538
Energy    = -798.756671166122 (-798.756671166122 :    0.000000000000)
Spin(**2) =    0.753177900261
ZPVE      =    0.002179204879
Normal mode eigenvalues : nmode = 9
 -0.000079092   0.000005341   0.000079238   0.000313654   0.000409743
  0.000636216   0.001105755   0.001285546   0.001813726
CONNECTION : 4 - 10

# Geometry of TS 31, SYMMETRY = C2v 
Au	   0.499183161927	  -1.701477886271	  -1.089182437986
Au	   0.087234257813	   0.804773452328	   0.019843205964
Au	  -2.464234606096	   0.703313115629	   1.097111337551
Cu	  -1.700753004620	  -1.373558591775	  -0.007713822333
Cu	   1.611913006069	   2.662702234541	   0.042862421838
Energy    = -798.740902158894 (-798.740902158894 :    0.000000000000)
Spin(**2) =    0.751852846953
ZPVE      =    0.002013644968
Normal mode eigenvalues : nmode = 9
 -0.000437523   0.000011322   0.000058053   0.000132827   0.000258341
  0.000264725   0.001037825   0.001601567   0.002012332
CONNECTION : 5 - 5

# Geometry of TS 32, SYMMETRY = C1  
Au	   0.322682082362	  -1.739718466480	  -0.305889924097
Au	   0.026323353140	   1.010432278274	   0.216265632436
Au	  -2.088762762291	  -0.303678582672	   1.557590851949
Cu	  -1.809934781151	  -0.572133419525	  -0.898492809381
Cu	   1.583034923030	   2.700850514856	  -0.506553045872
Energy    = -798.737491446825 (-798.737491446825 :    0.000000000000)
Spin(**2) =    0.752114045705
ZPVE      =    0.002097442597
Normal mode eigenvalues : nmode = 9
 -0.000034082   0.000011635   0.000045215   0.000194675   0.000252842
  0.000394543   0.001161750   0.001615721   0.002022263
CONNECTION : 5 - 15

# Geometry of TS 33, SYMMETRY = C1  
Au	  -0.072778621692	  -1.990320758107	   0.021195064068
Au	   0.499637747466	   0.781444882834	   0.026709013728
Au	  -1.999408841469	  -0.504605528041	   1.499374910839
Cu	  -1.632579182032	  -0.201461785742	  -0.964633248064
Cu	   1.238471712824	   3.010695513515	  -0.519725035536
Energy    = -798.739105795722 (-798.739105795722 :    0.000000000000)
Spin(**2) =    0.752572030721
ZPVE      =    0.002103324470
Normal mode eigenvalues : nmode = 9
 -0.000026765   0.000020133   0.000038792   0.000179906   0.000271563
  0.000581391   0.000842814   0.001664441   0.002030035
CONNECTION : 1 - 15

# Geometry of TS 34, SYMMETRY = Cs  
Au	  -2.379489072627	  -0.876498939631	   0.891618953061
Au	   2.392223008499	   1.563055144747	   0.939474790950
Au	   0.290717141374	   0.295970437917	   0.146168054338
Cu	  -0.710900209380	  -1.840786012520	  -0.846315903388
Cu	  -1.774678899602	   0.252430706028	  -1.365545512738
Energy    = -798.748139816331 (-798.748139816331 :    0.000000000000)
Spin(**2) =    0.753133559688
ZPVE      =    0.002170928244
Normal mode eigenvalues : nmode = 9
 -0.000023905   0.000017529   0.000018862   0.000298037   0.000469721
  0.000727643   0.000899892   0.001196222   0.002148407
CONNECTION : 11 - 13

# Geometry of TS 35, SYMMETRY = Cs  
Au	   1.969570704399	  -1.974718069752	   0.664091141416
Au	   1.363675274749	   0.563123292435	   0.389796410374
Au	  -1.288450176126	   0.006553756069	  -0.177667853502
Cu	  -3.647536287663	   0.153302482574	  -0.716873881557
Cu	  -0.363916700255	   2.347490863135	  -0.096425111686
Energy    = -798.730374069194 (-798.730374069194 :    0.000000000000)
Spin(**2) =    0.752688405305
ZPVE      =    0.001966664484
Normal mode eigenvalues : nmode = 9
 -0.000027504   0.000012606   0.000018469   0.000039842   0.000309753
  0.000556847   0.000879291   0.001555424   0.001890983
CONNECTION : 8 - 0

# Geometry of TS 36, SYMMETRY = Cs  
Au	   0.304931072105	  -1.189129463742	  -0.676570665561
Au	   1.508307895238	   0.881534090698	   1.012415968847
Au	  -1.394215711755	   0.644370074177	   1.340458660676
Cu	  -2.158135155833	  -0.519813552885	  -0.802388598615
Cu	  -0.227545284665	   1.278791176208	  -0.810994660318
Energy    = -798.754038383810 (-798.754038383810 :    0.000000000000)
Spin(**2) =    0.751679654358
ZPVE      =    0.002180926577
Normal mode eigenvalues : nmode = 9
 -0.000209557   0.000024975   0.000127885   0.000169259   0.000472554
  0.000665669   0.000940052   0.001335767   0.001778082
CONNECTION : 5 - 5

# Geometry of TS 37, SYMMETRY = Cs  
Au	  -0.477675842385	  -2.571069599317	  -1.564546853612
Au	  -0.600378284471	  -0.046370722487	  -0.264425449128
Au	  -1.893691317857	   3.957059993398	   0.528999077489
Cu	   0.908673195737	  -1.925349457300	   0.381316386694
Cu	  -0.493673842559	   2.039926737904	   1.050078101270
Energy    = -798.742551002370 (-798.742551002370 :    0.000000000000)
Spin(**2) =    0.751806241930
ZPVE      =    0.002087894488
Normal mode eigenvalues : nmode = 9
 -0.000000744   0.000005179   0.000023968   0.000030003   0.000204734
  0.000878948   0.001008478   0.001844222   0.002207228
CONNECTION : 10 - 14

# Geometry of TS 38, SYMMETRY = C1  
Au	  -1.862301226070	  -2.017347972002	  -0.351533731032
Au	   1.947624597422	   1.147921232875	   0.982770615067
Au	  -0.269588164249	   0.261777062949	  -0.692481647045
Cu	  -2.098681559769	   0.016483293379	   1.025129675206
Cu	   0.999592756503	   2.377810913288	  -0.972410310951
Energy    = -798.742454959689 (-798.742454959689 :    0.000000000000)
Spin(**2) =    0.752389201873
ZPVE      =    0.002119132029
Normal mode eigenvalues : nmode = 9
 -0.000068740   0.000012573   0.000034127   0.000109317   0.000275227
  0.000783134   0.000966373   0.001702974   0.001952116
CONNECTION : 5 - 10

# Geometry of TS 39, SYMMETRY = Cs  
Au	  -1.658254652537	  -1.713466817008	   0.924833649246
Au	   2.373690970535	   1.171843670688	  -0.652659856003
Au	   0.084876001529	   0.061318930278	   0.055841537821
Cu	  -4.026221002206	  -1.175928733619	   1.055514518991
Cu	   1.942555086513	   3.442877480144	  -1.392055248809
Energy    = -798.715740110247 (-798.715740110247 :    0.000000000000)
Spin(**2) =    0.752908994914
ZPVE      =    0.001744522882
Normal mode eigenvalues : nmode = 9
 -0.000006457   0.000002826   0.000004986   0.000019602   0.000048113
  0.000367444   0.000999741   0.001690989   0.001745483
CONNECTION : 16 - 9

# Geometry of TS 40, SYMMETRY = Cs  
Au	   0.339961671679	  -1.647914329165	  -1.296048818302
Au	   1.887027505675	  -0.679593479451	   0.766721494896
Au	  -0.472871772176	   0.476359388442	   0.199944407006
Cu	  -1.824832962606	   2.375202987003	   1.087634189754
Cu	  -2.680555516993	   1.113260521848	  -0.765885176468
Energy    = -798.742280708681 (-798.742280708681 :    0.000000000000)
Spin(**2) =    0.752984967218
ZPVE      =    0.002157992510
Normal mode eigenvalues : nmode = 9
 -0.000014838   0.000028254   0.000054326   0.000265220   0.000334154
  0.000567145   0.001012096   0.001147976   0.002257267
CONNECTION : 6 - 0

# Geometry of TS 41, SYMMETRY = C2v 
Au	  -0.342819458517	  -2.097104293192	  -0.079595601940
Au	   1.792041305749	   0.925383851977	   0.331493737914
Au	  -0.920702680431	   0.598991373295	  -0.041335046966
Cu	  -2.667698976309	  -1.176411968880	  -0.347587200823
Cu	   0.172522624606	   2.844893361255	   0.199944816847
Energy    = -798.750295852809 (-798.750295852809 :    0.000000000000)
Spin(**2) =    0.752591355237
ZPVE      =    0.002171879853
Normal mode eigenvalues : nmode = 9
 -0.000029967   0.000025486   0.000033948   0.000296965   0.000327116
  0.000760973   0.000799123   0.001534545   0.001956868
CONNECTION : 3 - 10

# Geometry of TS 42, SYMMETRY = C2  
Au	  -3.260074800314	  -1.565068722709	   0.593669697971
Au	   0.536735674944	   3.512878170124	  -0.147650967476
Au	   1.370739836097	  -1.155668995499	  -0.370801438214
Cu	  -0.942678022724	  -0.811825581501	   0.524546182698
Cu	   0.328620127083	   1.115437454041	  -0.536842769943
Energy    = -798.746221767179 (-798.746221767179 :    0.000000000000)
Spin(**2) =    0.750834436623
ZPVE      =    0.002059489178
Normal mode eigenvalues : nmode = 9
 -0.000043986   0.000005506   0.000021100   0.000041022   0.000365327
  0.000403605   0.000645829   0.002045345   0.002774566
CONNECTION : 5 - 5

# Geometry of TS 43, SYMMETRY = Cs  
Au	   0.435275590728	  -2.688085600391	  -0.662668248755
Au	  -0.360361413617	  -0.135945838255	   0.118631987635
Au	  -1.055661508878	   2.393034548742	   0.328995762124
Cu	  -0.117044287944	  -2.054840467422	   1.683787277916
Cu	  -0.890975149068	   3.221123798422	  -1.966221073395
Energy    = -798.734376924294 (-798.734376924294 :    0.000000000000)
Spin(**2) =    0.752887973245
ZPVE      =    0.001975516065
Normal mode eigenvalues : nmode = 9
 -0.000021023   0.000006636   0.000023080   0.000037422   0.000197996
  0.000730527   0.000942260   0.001583660   0.001901134
CONNECTION : 9 - 18

# Geometry of TS 44, SYMMETRY = Cs  
Au	  -2.343179296562	  -0.079823900054	  -0.183081974688
Au	   0.287974851254	   0.586576085362	   0.097041017173
Au	   2.797161425022	   1.134652057404	   0.352415470717
Cu	  -2.354820606425	  -2.522703389397	  -0.518868031014
Cu	  -1.530895805311	   2.311358736739	   0.208286801807
Energy    = -798.733972641164 (-798.733972641164 :    0.000000000000)
Spin(**2) =    0.752775567456
ZPVE      =    0.001971508692
Normal mode eigenvalues : nmode = 9
 -0.000013953   0.000010885   0.000025131   0.000043845   0.000287793
  0.000637430   0.001013355   0.001426145   0.001730985
CONNECTION : 17 - 5

# Geometry of TS 45, SYMMETRY = C1  
Au	   0.543344216934	  -2.016691785051	  -0.718758479500
Au	  -1.204778117983	  -0.339912506138	   0.844493158864
Au	  -0.268032200414	   1.818511162539	  -0.464986551161
Cu	   0.044783713086	  -2.344778177780	   1.681908522763
Cu	  -1.104084380399	   3.618157747528	  -1.840130945443
Energy    = -798.722715283606 (-798.722715283606 :    0.000000000000)
Spin(**2) =    0.752102055516
ZPVE      =    0.001863532104
Normal mode eigenvalues : nmode = 9
 -0.000025685   0.000002931   0.000004313   0.000026464   0.000173324
  0.000456062   0.000884848   0.001804500   0.001887762
CONNECTION : 9 - 5

# Geometry of TS 46, SYMMETRY = Cs  
Au	  -1.282490542488	  -1.092901575435	  -0.217566197103
Au	   0.637222755545	   0.897130871834	   0.118645278126
Au	   3.025048686774	   1.926310669676	   0.341948820958
Cu	  -3.678753396820	  -1.611952686305	  -0.374201659704
Cu	  -1.844786935037	   1.311472310289	   0.086967041718
Energy    = -798.732836249726 (-798.732836249726 :    0.000000000000)
Spin(**2) =    0.752662773340
ZPVE      =    0.001922338766
Normal mode eigenvalues : nmode = 9
 -0.000043071   0.000004945   0.000010011   0.000031851   0.000210422
  0.000618135   0.001001419   0.001576300   0.001797940
CONNECTION : 1 - 8

# Geometry of TS 47, SYMMETRY = Cs  
Au	   0.839297988442	  -3.407283577912	  -1.010515203958
Au	   0.012764614616	  -1.009514102892	  -0.436970743621
Au	  -0.852914428583	   1.573401818372	   0.046515688181
Cu	  -0.625955932980	  -0.202380156890	   1.835516448673
Cu	  -1.361959010272	   3.781062460435	  -0.932020483757
Energy    = -798.734215355536 (-798.734215355536 :    0.000000000000)
Spin(**2) =    0.752355590501
ZPVE      =    0.001930504188
Normal mode eigenvalues : nmode = 9
 -0.000003176   0.000005258   0.000020428   0.000028075   0.000236217
  0.000695802   0.000939751   0.001401945   0.001839579
CONNECTION : 8 - 17

# Geometry of TS 48, SYMMETRY = Cs  
Au	   0.286275656301	  -2.958985698840	   0.105767713132
Au	   0.050422692916	  -0.542929290181	  -1.022373657568
Au	  -0.879526656561	   1.599153524561	   0.333097121037
Cu	  -0.617727561279	  -0.828093415428	   1.384369939721
Cu	  -0.828210900158	   3.466141320990	  -1.298335410789
Energy    = -798.736327761583 (-798.736327761583 :    0.000000000000)
Spin(**2) =    0.753931745573
ZPVE      =    0.001991175505
Normal mode eigenvalues : nmode = 9
 -0.000061060   0.000009588   0.000052841   0.000132091   0.000345672
  0.000474622   0.000985743   0.001388679   0.001531109
CONNECTION : 1 - 5

# Geometry of TS 49, SYMMETRY = Cs  
Au	   0.828502776106	  -3.997011190615	   0.621431162631
Au	   0.132315943614	  -0.022222485781	  -0.496182106337
Au	  -1.225440974036	   2.243958614731	  -0.278991226285
Cu	  -0.467534388594	  -1.964488017831	   0.886797780911
Cu	  -1.256610125867	   4.475049520602	  -1.230529905405
Energy    = -798.725464032522 (-798.725464032522 :    0.000000000000)
Spin(**2) =    0.752297796770
ZPVE      =    0.001849949651
Normal mode eigenvalues : nmode = 9
 -0.000004888   0.000001519   0.000003985   0.000011506   0.000034351
  0.000565397   0.001082570   0.001788108   0.002164127
CONNECTION : 9 - 1

# Geometry of TS 50, SYMMETRY = Cs  
Au	   0.367486507221	  -2.355137394074	  -0.821097995458
Au	  -0.398367500756	   0.021299010489	   0.107382025051
Au	  -1.114928802319	   2.547370307844	   0.477325994481
Cu	  -0.124273988468	  -1.963637155761	   1.654776845080
Cu	  -0.520089637861	   1.670284141963	  -1.837818106805
Energy    = -798.750194149693 (-798.750194149693 :    0.000000000000)
Spin(**2) =    0.753506356040
ZPVE      =    0.002171989346
Normal mode eigenvalues : nmode = 9
 -0.000010615   0.000027495   0.000049343   0.000290316   0.000567579
  0.000620967   0.000733498   0.001396964   0.001845436
CONNECTION : 5 - 18

# Geometry of TS 51, SYMMETRY = C2v 
Au	  -0.145508542138	  -1.589885955058	   0.944688709271
Au	  -0.115052952626	  -0.442730409179	  -1.448840251585
Au	  -0.730615330478	   2.047805142853	  -0.767727152441
Cu	   0.141011095608	  -3.609766570036	   2.257963970186
Cu	  -1.138601039148	   4.329864232522	  -1.483559569906
Energy    = -798.713098941735 (-798.713098941735 :    0.000000000000)
Spin(**2) =    0.752948090262
ZPVE      =    0.001725230995
Normal mode eigenvalues : nmode = 9
 -0.000007021   0.000007639   0.000010654   0.000012918   0.000024689
  0.000537802   0.000617039   0.001764202   0.001822820
CONNECTION : 12 - 16

# Geometry of TS 52, SYMMETRY = Cs  
Au	   0.380662357511	  -2.708877966905	  -1.605491492851
Au	  -0.216289979717	  -0.527904518224	  -0.379278219387
Au	  -0.860468904089	   1.815268668227	   0.956757184175
Cu	  -0.545452189671	  -0.390133950294	   2.165669211812
Cu	  -0.548624706211	   1.731826677668	  -1.557087921402
Energy    = -798.748097691771 (-798.748097691771 :    0.000000000000)
Spin(**2) =    0.752362023317
ZPVE      =    0.002126837311
Normal mode eigenvalues : nmode = 9
 -0.000000893   0.000013929   0.000046865   0.000228829   0.000493331
  0.000614504   0.001011523   0.001368333   0.001608908
CONNECTION : 5 - 5

# Geometry of TS 53, SYMMETRY = C1  
Au	  -0.933412157669	  -1.400721197970	   0.057305818036
Au	   0.328151851034	   1.078477924698	   0.000720193807
Au	   2.854694222240	   1.651963445577	   0.201772457665
Cu	  -3.231006824623	  -0.948171541294	  -0.626743226555
Cu	  -2.162186523007	   1.048510959054	   0.322738041046
Energy    = -798.730012604199 (-798.730012604199 :    0.000000000000)
Spin(**2) =    0.752850286174
ZPVE      =    0.001929139825
Normal mode eigenvalues : nmode = 9
 -0.000304171   0.000004326   0.000016111   0.000032119   0.000298477
  0.000701062   0.000845892   0.001334907   0.001900487
CONNECTION : 1 - 1
