List of Equilibrium Structures

# Geometry of EQ 0, SYMMETRY = Cs  
Cu	  -1.685523000000	  -1.067956000000	   0.000000000000
Au	  -2.631875000000	   1.300113000000	   0.000000000000
Au	  -0.000000000000	   0.890339000000	   0.000000000000
Au	   0.709573000000	  -1.935452000000	  -0.000000000000
Au	   2.541038000000	   0.137034000000	  -0.000000000000
Energy    = -738.085968920853 (-738.085968920853 :    0.000000000000)
Spin(**2) =    0.752871743621
ZPVE      =    0.002131888186
Normal mode eigenvalues : nmode = 9
  0.000028352   0.000049893   0.000096720   0.000197525   0.000327464
  0.000435367   0.000958032   0.001272946   0.001613967

# Geometry of EQ 1, SYMMETRY = C2v 
Cu	  -0.736140088351	  -0.665518227416	  -0.010856847308
Au	  -2.593733267337	   1.057570793923	  -0.022441412282
Au	  -0.016021192937	   1.870104898081	   0.017317426009
Au	   0.847010850369	  -2.643622095746	  -0.004736101704
Au	   1.844711249589	  -0.131552644939	   0.027566760103
Energy    = -738.091274038841 (-738.091274038841 :    0.000000000000)
Spin(**2) =    0.753156443801
ZPVE      =    0.002138211353
Normal mode eigenvalues : nmode = 9
  0.000016991   0.000073140   0.000117147   0.000170066   0.000363144
  0.000458198   0.000687029   0.001077183   0.002166997

# Geometry of EQ 2, SYMMETRY = Cs  
Cu	   0.111164857435	  -3.674331041961	  -0.523762145495
Au	  -2.391032009669	   2.748304001138	   0.733482299708
Au	  -0.193380606714	   1.464974805892	   0.280057020476
Au	  -0.216977230223	  -1.293898322145	  -0.128653426001
Au	   2.085798165349	   0.115184128917	  -0.192821155114
Energy    = -738.041660758430 (-738.041660758430 :    0.000000000000)
Spin(**2) =    0.752898876527
ZPVE      =    0.001793747898
Normal mode eigenvalues : nmode = 9
  0.000011561   0.000018613   0.000026521   0.000034466   0.000245158
  0.000300084   0.000609798   0.001205094   0.001767788

# Geometry of EQ 3, SYMMETRY = C2v 
Cu	  -0.703812229830	  -0.930578681633	  -0.975219504715
Au	  -2.254409144017	   0.340844111778	   0.694794484342
Au	  -0.020375741518	   1.489176971870	  -0.564395396546
Au	   0.057071469928	  -1.065956195415	   1.452571955246
Au	   1.863132533131	  -0.594314651529	  -0.647605269165
Energy    = -738.073161191939 (-738.073161191939 :    0.000000000000)
Spin(**2) =    0.751411165464
ZPVE      =    0.002075031495
Normal mode eigenvalues : nmode = 9
  0.000021412   0.000120837   0.000123928   0.000179289   0.000259244
  0.000370873   0.000856994   0.001035409   0.001618843

# Geometry of EQ 4, SYMMETRY = Cs  
Cu	  -1.996986189289	   0.732525239865	   1.827605954168
Au	  -3.457945078682	   0.893278104629	  -0.173110234732
Au	  -0.823876785027	   0.023109706270	  -0.255145834779
Au	   3.747184322321	  -1.626526532231	  -1.293620685977
Au	   1.664384951318	  -0.744638135122	   0.012610084917
Energy    = -738.053171038065 (-738.053171038065 :    0.000000000000)
Spin(**2) =    0.751605432439
ZPVE      =    0.001850927768
Normal mode eigenvalues : nmode = 9
  0.000002447   0.000002737   0.000025424   0.000030704   0.000200750
  0.000563366   0.000860258   0.001099378   0.001923593

# Geometry of EQ 5, SYMMETRY = Cs  
Cu	  -2.274711705169	  -1.894380707853	  -0.061476713229
Au	  -2.074478162658	   0.632818131741	   0.048097503791
Au	   0.508005685293	   1.650204635390	   0.073304303532
Au	   0.115561966237	  -1.146103007179	  -0.046943227832
Au	   2.594438851853	  -0.084960194946	  -0.019370420084
Energy    = -738.069785974101 (-738.069785974101 :    0.000000000000)
Spin(**2) =    0.752953297715
ZPVE      =    0.002011360377
Normal mode eigenvalues : nmode = 9
  0.000019325   0.000043530   0.000093956   0.000161848   0.000364954
  0.000538664   0.000624904   0.000889870   0.001697515

# Geometry of EQ 6, SYMMETRY = Cs  
Cu	   0.459441228267	  -1.954927723529	   0.299983901016
Au	  -1.128009777802	  -0.118681426320	   0.862661626590
Au	   0.768939663328	   0.108650219588	  -1.096431669746
Au	  -2.845960984636	  -0.576812742496	   2.770559292831
Au	   1.852422148388	   1.615378602316	  -2.948459146075
Energy    = -738.054584553019 (-738.054584553019 :    0.000000000000)
Spin(**2) =    0.751551035967
ZPVE      =    0.001857558599
Normal mode eigenvalues : nmode = 9
  0.000002684   0.000013791   0.000019268   0.000025424   0.000216509
  0.000573804   0.000932442   0.000978377   0.001879321

# Geometry of EQ 7, SYMMETRY = Cs  
Cu	  -1.214297763552	  -1.346526354442	   0.921874819616
Au	  -2.175589025652	   0.803260971823	  -0.019282805900
Au	   0.593987206540	   0.254165947172	  -0.003184384139
Au	  -1.039389648238	  -1.397603420841	  -1.607660273123
Au	   2.938121303190	   0.847293905120	   0.855232883170
Energy    = -738.062798995123 (-738.062798995123 :    0.000000000000)
Spin(**2) =    0.752326165990
ZPVE      =    0.002008637727
Normal mode eigenvalues : nmode = 9
  0.000005777   0.000026956   0.000085470   0.000116488   0.000281508
  0.000532663   0.000734371   0.001176617   0.001817032
