List of Transition Structures

# Geometry of TS 0, SYMMETRY = Cs  
Cu	  -1.342474830084	  -0.904905794764	  -0.020922625995
Au	  -2.714883962962	   1.244069957584	  -0.022840581791
Au	  -0.043621140317	   1.278053349820	   0.012962836759
Au	   0.759660616505	  -2.280103302164	  -0.002872351632
Au	   2.274532316856	  -0.013036210483	   0.033672722663
Energy    = -738.083330854204 (-738.083330854204 :    0.000000000000)
Spin(**2) =    0.753188025281
ZPVE      =    0.002071915120
Normal mode eigenvalues : nmode = 9
 -0.000036143   0.000018799   0.000050941   0.000227126   0.000395072
  0.000486316   0.000891905   0.001116976   0.002039731
CONNECTION : 0 - 1

# Geometry of TS 1, SYMMETRY = C1  
Cu	  -0.568270797697	  -3.727461449610	  -0.771081851662
Au	  -2.305531551117	   2.956125016381	   0.732663223753
Au	  -0.448713813238	   1.226531607516	   0.209168403840
Au	   0.174824639531	  -1.518067453179	  -0.029864006830
Au	   2.080904522526	   0.386950278893	  -0.140885769088
Energy    = -738.038901131439 (-738.038901131439 :    0.000000000000)
Spin(**2) =    0.751841377857
ZPVE      =    0.001638656931
Normal mode eigenvalues : nmode = 9
 -0.000037271   0.000005230   0.000008172   0.000023558   0.000186228
  0.000301716   0.000570161   0.001143013   0.001699383
CONNECTION : 2 - 0

# Geometry of TS 2, SYMMETRY = C1  
Cu	  -0.716147000155	  -0.805809142639	  -0.916654673399
Au	  -2.139799766157	   0.302201709971	   0.891447388662
Au	   0.068420227180	   1.608005785171	  -0.973681056408
Au	  -0.087744503386	  -1.359622030165	   1.503707704793
Au	   1.808484042522	  -0.420698322342	  -0.504819363645
Energy    = -738.071906651915 (-738.071906651915 :    0.000000000000)
Spin(**2) =    0.753332490311
ZPVE      =    0.002043605009
Normal mode eigenvalues : nmode = 9
 -0.000025342   0.000003227   0.000122785   0.000219249   0.000371491
  0.000456607   0.000994602   0.001319668   0.001467913
CONNECTION : 3 - 1

# Geometry of TS 3, SYMMETRY = C1  
Cu	  -2.130094378138	  -0.425367041307	   1.141437478360
Au	  -2.598966824754	   1.300401146706	  -0.575773794801
Au	  -0.160409997984	   0.137324345270	  -0.334388786543
Au	   1.529372251837	  -1.848875073997	  -1.017701316710
Au	   2.293311949040	   0.160594623328	   0.786426419694
Energy    = -738.052884166927 (-738.052884166927 :    0.000000000000)
Spin(**2) =    0.752467636605
ZPVE      =    0.001862607164
Normal mode eigenvalues : nmode = 9
 -0.000130676   0.000001606   0.000020008   0.000194171   0.000272103
  0.000381088   0.000755193   0.001026931   0.001921153
CONNECTION : 0 - 0

# Geometry of TS 4, SYMMETRY = Cs  
Cu	  -2.290814950751	   0.800177225195	   1.653872160223
Au	  -3.012383672443	   0.661591301227	  -0.723785627171
Au	  -0.490916917724	  -0.023328913446	   0.135522582823
Au	   2.763064332176	  -1.377876997311	  -1.743469507928
Au	   1.964264208741	  -0.736484615663	   0.677860392056
Energy    = -738.050956057592 (-738.050956057592 :    0.000000000000)
Spin(**2) =    0.752042812399
ZPVE      =    0.001861766474
Normal mode eigenvalues : nmode = 9
 -0.000012501   0.000005388   0.000019701   0.000042030   0.000245077
  0.000705117   0.000802201   0.000970617   0.001940205
CONNECTION : 4 - 0

# Geometry of TS 5, SYMMETRY = Cs  
Cu	  -2.180067791413	  -1.649994007308	  -0.052075513450
Au	  -2.256846013034	   0.870795689402	   0.060384020007
Au	   0.394222078110	   1.413861672737	   0.063395065797
Au	   0.291348919853	  -1.320139048461	  -0.056030944358
Au	   2.684555806479	   0.009553693630	  -0.015672627997
Energy    = -738.067575122644 (-738.067575122644 :    0.000000000000)
Spin(**2) =    0.753270821338
ZPVE      =    0.001967926360
Normal mode eigenvalues : nmode = 9
 -0.000046799   0.000013300   0.000035152   0.000257318   0.000297619
  0.000591603   0.000853579   0.001073841   0.001510523
CONNECTION : 0 - 5

# Geometry of TS 6, SYMMETRY = Cs  
Cu	  -0.781085166566	  -0.705796439100	   0.817853472309
Au	  -1.738546749973	   0.926848772468	  -1.031675039381
Au	  -0.007610771141	   1.817526727445	   1.004056138591
Au	   0.946534988198	  -2.510650326926	   0.142062359173
Au	   0.926535250817	  -0.040946009978	  -0.925447105876
Energy    = -738.069469937908 (-738.069469937908 :    0.000000000000)
Spin(**2) =    0.753213385399
ZPVE      =    0.001996357748
Normal mode eigenvalues : nmode = 9
 -0.000080794   0.000024436   0.000141431   0.000224107   0.000397656
  0.000446148   0.000479513   0.001271707   0.001603361
CONNECTION : 1 - 1

# Geometry of TS 7, SYMMETRY = Cs  
Cu	   0.936151990219	  -1.585551450941	  -1.701295865533
Au	  -2.710554945195	   3.305592656400	   0.955683155516
Au	  -1.239242032877	   1.339209462422	   0.071744050073
Au	   2.011921003726	  -2.878695112940	   0.137495396627
Au	   0.347551535462	  -0.693572831033	   0.543223088131
Energy    = -738.053095367002 (-738.053095367002 :    0.000000000000)
Spin(**2) =    0.751680017668
ZPVE      =    0.001809832595
Normal mode eigenvalues : nmode = 9
 -0.000004320   0.000003374   0.000019437   0.000020767   0.000201705
  0.000547913   0.000846470   0.001118634   0.001900095
CONNECTION : 1 - 4

# Geometry of TS 8, SYMMETRY = Cs  
Cu	   0.418729790601	  -3.523552249382	  -0.538755875484
Au	  -2.339218132057	   2.820026931098	   0.738088886150
Au	  -0.207541911303	   1.439248578218	   0.278540456904
Au	  -0.449711362472	  -1.291925552834	  -0.101400878846
Au	   1.973314791409	  -0.083564135259	  -0.208169995155
Energy    = -738.041411271110 (-738.041411271110 :    0.000000000000)
Spin(**2) =    0.753382350821
ZPVE      =    0.001746068688
Normal mode eigenvalues : nmode = 9
 -0.000020925   0.000012325   0.000020545   0.000035412   0.000246741
  0.000297313   0.000621626   0.001222720   0.001785333
CONNECTION : 2 - 0

# Geometry of TS 9, SYMMETRY = C2v 
Cu	  -0.670978567946	  -0.879242807548	  -0.911026746542
Au	  -1.982706194338	   0.551870042671	   0.757803773697
Au	  -0.244111410770	   1.642877658917	  -1.007514420700
Au	   0.049528577824	  -1.583298449296	   1.442486812534
Au	   1.789874482921	  -0.493034889670	  -0.321603149831
Energy    = -738.071877236846 (-738.071877236846 :    0.000000000000)
Spin(**2) =    0.753615364686
ZPVE      =    0.002030436367
Normal mode eigenvalues : nmode = 9
 -0.000003023   0.000003298   0.000092063   0.000212054   0.000372745
  0.000482746   0.001008474   0.001298812   0.001469453
CONNECTION : 3 - 3

# Geometry of TS 10, SYMMETRY = C1  
Cu	  -1.269734418519	  -1.020497857997	   0.190575529452
Au	  -2.290526767797	   1.249300420974	  -0.155768219176
Au	   0.362812036389	   0.997384909271	   0.071706194229
Au	  -0.757657904380	  -3.337251685567	  -0.469279028550
Au	   2.888320054310	   1.435142213323	   0.362765524044
Energy    = -738.054275721108 (-738.054275721108 :    0.000000000000)
Spin(**2) =    0.750764987207
ZPVE      =    0.001856366755
Normal mode eigenvalues : nmode = 9
 -0.000034853   0.000007292   0.000018449   0.000040160   0.000298495
  0.000441957   0.000549618   0.001163662   0.002433182
CONNECTION : 1 - 1

# Geometry of TS 11, SYMMETRY = C2v 
Cu	  -2.429179493711	  -1.892641644274	  -0.035617565940
Au	  -1.581365958706	   0.487554286858	   0.069602029805
Au	   0.571334416026	   2.154000860375	   0.103065436175
Au	   0.086537450291	  -1.640222527693	  -0.088683975617
Au	   2.221490221657	   0.048887881882	  -0.054754478244
Energy    = -738.063485647138 (-738.063485647138 :    0.000000000000)
Spin(**2) =    0.754252612886
ZPVE      =    0.001952647410
Normal mode eigenvalues : nmode = 9
 -0.000034842   0.000014435   0.000040757   0.000371751   0.000457085
  0.000475208   0.000636439   0.000753552   0.001715283
CONNECTION : 5 - 5

# Geometry of TS 12, SYMMETRY = Cs  
Cu	   0.216643455493	  -1.711631445884	   0.405541006141
Au	  -1.295507715578	   0.207173580721	   0.851431509311
Au	   0.644446375727	   0.289619367944	  -1.072688270733
Au	  -2.664438184933	  -0.920894934014	   2.778085843657
Au	   2.040462956992	   1.374904986296	  -3.002223819215
Energy    = -738.054076303466 (-738.054076303466 :    0.000000000000)
Spin(**2) =    0.751666675344
ZPVE      =    0.001801027134
Normal mode eigenvalues : nmode = 9
 -0.000015427   0.000005363   0.000008560   0.000028042   0.000212860
  0.000593489   0.000840845   0.001043934   0.001848569
CONNECTION : 6 - 1

# Geometry of TS 13, SYMMETRY = C1  
Cu	  -2.258215617396	  -0.840332282388	  -0.030484285870
Au	  -4.093915988253	   0.355044002415	   1.034461945287
Au	   2.355984816901	   0.712933656560	  -1.530642485173
Au	   0.137226479855	  -0.279433076309	  -0.145136131629
Au	   2.792133308893	  -0.624134300281	   0.671800957383
Energy    = -738.036820461229 (-738.036820461229 :    0.000000000000)
Spin(**2) =    0.752041725470
ZPVE      =    0.001704957045
Normal mode eigenvalues : nmode = 9
 -0.000020463   0.000000563   0.000003997   0.000032671   0.000133195
  0.000267994   0.000842902   0.001048981   0.002283855
CONNECTION : 0 - 0

# Geometry of TS 14, SYMMETRY = Cs  
Cu	   0.472725314213	  -2.209026220507	   0.492898781156
Au	  -0.837199907917	  -0.067451053653	   0.528135528433
Au	   1.225220814638	  -0.460499486527	  -1.184790771707
Au	  -2.706667938191	  -0.116170362949	   2.305315304207
Au	   0.952753994798	   1.926754053189	  -2.253244837477
Energy    = -738.051624579688 (-738.051624579688 :    0.000000000000)
Spin(**2) =    0.751998361380
ZPVE      =    0.001848580835
Normal mode eigenvalues : nmode = 9
 -0.000022353   0.000009959   0.000016489   0.000041837   0.000311330
  0.000540197   0.000843740   0.001073835   0.001719232
CONNECTION : 0 - 6

# Geometry of TS 15, SYMMETRY = C2v 
Cu	   0.597149855444	  -1.780324856611	   0.107393587384
Au	  -1.176684641094	  -0.248224497539	   0.972888700735
Au	   0.552728817655	   0.427078667440	  -1.062287811365
Au	  -2.934028859496	  -0.643329874325	   2.878876873696
Au	   2.067667105038	   1.318407490592	  -3.008557345834
Energy    = -738.054332915877 (-738.054332915877 :    0.000000000000)
Spin(**2) =    0.751461129845
ZPVE      =    0.001751636168
Normal mode eigenvalues : nmode = 9
 -0.000007745   0.000004950   0.000007272   0.000008815   0.000172205
  0.000599519   0.000889656   0.000944554   0.001893488
CONNECTION : 6 - 6

# Geometry of TS 16, SYMMETRY = Cs  
Cu	  -1.974736910056	  -1.930764851997	  -0.087389100661
Au	  -2.264331009263	   0.541341453253	   0.038867787654
Au	   0.034338430736	   2.056797969052	   0.110425049060
Au	   0.250328490783	  -0.669407549479	  -0.027185821072
Au	   2.823217633361	  -0.840388163673	  -0.041106468806
Energy    = -738.055348961536 (-738.055348961536 :    0.000000000000)
Spin(**2) =    0.751806665009
ZPVE      =    0.001916753406
Normal mode eigenvalues : nmode = 9
 -0.000023450   0.000014569   0.000043830   0.000169887   0.000266939
  0.000523644   0.000684617   0.001126192   0.001702049
CONNECTION : 0 - 5

# Geometry of TS 17, SYMMETRY = Cs  
Cu	  -1.625084570445	  -2.981145957883	  -0.049150499906
Au	  -1.887156802313	   1.587646795361	  -0.045738214940
Au	   0.765237281413	   1.822242176750	   0.032844321248
Au	  -0.558285554366	  -0.833078998574	  -0.012671910050
Au	   2.174106281265	  -0.438085158506	   0.068327749828
Energy    = -738.041673898721 (-738.041673898721 :    0.000000000000)
Spin(**2) =    0.751455389855
ZPVE      =    0.001764238560
Normal mode eigenvalues : nmode = 9
 -0.000102005   0.000012249   0.000055531   0.000093495   0.000218289
  0.000275551   0.000663376   0.000746649   0.002076905
CONNECTION : 5 - 5

# Geometry of TS 18, SYMMETRY = Cs  
Cu	  -2.211961366511	  -0.761295965014	   1.022164417395
Au	  -3.228412268569	   1.420060941321	   0.422024515267
Au	  -0.633352236119	   0.757242079079	  -0.210371839323
Au	   3.389512613320	  -2.103282388410	  -0.381212095653
Au	   1.816974478524	  -0.034976283566	  -0.734265714094
Energy    = -738.051262755488 (-738.051262755488 :    0.000000000000)
Spin(**2) =    0.751577002348
ZPVE      =    0.001811984294
Normal mode eigenvalues : nmode = 9
 -0.000002844   0.000003071   0.000020593   0.000026736   0.000214155
  0.000581663   0.000806500   0.001056968   0.001901285
CONNECTION : 4 - 4

# Geometry of TS 19, SYMMETRY = C2v 
Cu	   0.422885536650	  -3.907818934115	  -0.725736257755
Au	  -0.593222202641	   3.167494668085	   0.695963149930
Au	  -1.401700212229	   0.794813299961	  -0.466151284911
Au	   0.080798449312	  -1.539261168652	  -0.250047664117
Au	   0.886811605081	   0.845005706555	   0.914274650429
Energy    = -738.035078040440 (-738.035078040440 :    0.000000000000)
Spin(**2) =    0.754320620699
ZPVE      =    0.001669044308
Normal mode eigenvalues : nmode = 9
 -0.000176617   0.000010218   0.000036135   0.000071919   0.000207628
  0.000214146   0.000608867   0.000886789   0.001708601
CONNECTION : 5 - 5

# Geometry of TS 20, SYMMETRY = C2v 
Cu	  -3.756874225164	  -0.772220149496	  -0.623195760301
Au	  -1.411490020769	  -0.361441953223	  -0.215717470432
Au	   0.613968923107	   1.363800020321	  -0.780731031097
Au	   0.766302115529	  -1.352902796320	   1.077413792048
Au	   2.729700094992	   0.361936433786	   0.502376738940
Energy    = -738.035781342686 (-738.035781342686 :    0.000000000000)
Spin(**2) =    0.752436600555
ZPVE      =    0.001686441166
Normal mode eigenvalues : nmode = 9
 -0.000029879   0.000009448   0.000017033   0.000018383   0.000353778
  0.000419339   0.000458588   0.000763457   0.001952381
CONNECTION : 5 - 5

# Geometry of TS 21, SYMMETRY = C1  
Cu	  -1.558113368552	  -1.350982002788	   0.696552649772
Au	  -2.249183521447	   0.982927920229	   0.136737651998
Au	   0.430876060839	   0.313692368193	   0.137665571111
Au	  -0.661045214896	  -1.540235023076	  -1.632935644648
Au	   2.906282679614	   0.752175594599	   0.655591217936
Energy    = -738.061478538962 (-738.061478538962 :    0.000000000000)
Spin(**2) =    0.751887685675
ZPVE      =    0.001974991446
Normal mode eigenvalues : nmode = 9
 -0.000019250   0.000003583   0.000037127   0.000247991   0.000271833
  0.000342158   0.001155945   0.001197930   0.001707078
CONNECTION : 7 - 0

# Geometry of TS 22, SYMMETRY = C1  
Cu	  -1.036875918758	  -1.352771263036	   0.799372345515
Au	  -2.239576646301	   0.743305738430	  -0.154614256550
Au	   0.465755924759	   0.605158649047	   0.182099749847
Au	  -1.265485535505	  -1.441837472370	  -1.693570171994
Au	   2.944998811366	   0.603723205083	   0.860323779354
Energy    = -738.061572034296 (-738.061572034296 :    0.000000000000)
Spin(**2) =    0.752161583853
ZPVE      =    0.001989352394
Normal mode eigenvalues : nmode = 9
 -0.000035420   0.000017331   0.000028791   0.000221936   0.000271817
  0.000540106   0.000833889   0.001229896   0.001744882
CONNECTION : 7 - 1

# Geometry of TS 23, SYMMETRY = Cs  
Cu	  -2.114724402903	  -2.100631637774	  -0.090582601186
Au	  -2.527231650418	   0.383384345894	   0.090220271668
Au	   0.980406717193	   1.877771383906	   0.112032890155
Au	  -0.053570945565	  -0.667226851919	  -0.040024172602
Au	   2.583936917249	  -0.335718382958	  -0.078034941865
Energy    = -738.060593087579 (-738.060593087579 :    0.000000000000)
Spin(**2) =    0.753206131479
ZPVE      =    0.001945957230
Normal mode eigenvalues : nmode = 9
 -0.000028262   0.000020968   0.000042306   0.000227383   0.000279752
  0.000520190   0.000670920   0.000986410   0.001862885
CONNECTION : 5 - 0

# Geometry of TS 24, SYMMETRY = Cs  
Cu	  -4.309959536344	  -0.466332320533	   1.200740966245
Au	  -2.148869309500	  -1.171644018311	   0.291231632498
Au	   0.264355105840	  -0.258636687913	  -0.186224806709
Au	   2.153836972630	   0.903062808563	  -1.852185862980
Au	   2.909453402917	   0.151129075345	   0.540049517122
Energy    = -738.029341203993 (-738.029341203993 :    0.000000000000)
Spin(**2) =    0.752319391965
ZPVE      =    0.001538444097
Normal mode eigenvalues : nmode = 9
 -0.000399708   0.000003252   0.000008900   0.000030277   0.000041311
  0.000198698   0.000748495   0.001096789   0.001606404
CONNECTION : 0 - 0

# Geometry of TS 25, SYMMETRY = Cs  
Cu	  -0.171231124398	  -1.986825133249	   0.916389138249
Au	  -1.136202363404	   0.300862523796	   0.654195732732
Au	   0.238790062740	   1.443024224145	  -1.284320266992
Au	  -2.042767135759	  -1.533315845379	   2.499875822975
Au	   2.218242838369	   0.849861160254	  -2.897826422347
Energy    = -738.051102838626 (-738.051102838626 :    0.000000000000)
Spin(**2) =    0.751675060438
ZPVE      =    0.001753349723
Normal mode eigenvalues : nmode = 9
 -0.000011655  -0.000001018   0.000003002   0.000024590   0.000222717
  0.000589593   0.000813858   0.001016193   0.001885038
CONNECTION : 4 - 1
