List of Transition Structures

# Geometry of TS 0, SYMMETRY = C2v 
Au	   0.057292618842	   1.578983419636	  -1.906409270146
Au	  -0.109923936278	   2.377597285374	   0.684492349099
Au	  -0.075151881866	  -0.177111665163	   1.473936662787
Au	   0.089796845510	  -0.976236429973	  -1.118232109277
Au	   0.037986353793	  -2.803232609876	   0.866213367534
Energy    = -677.375635802379 (-677.375635802379 :    0.000000000000)
Spin(**2) =    0.753822118166
ZPVE      =    0.001743912966
Normal mode eigenvalues : nmode = 9
 -0.000038557   0.000014060   0.000036744   0.000229857   0.000325258
  0.000460153   0.000618064   0.000722379   0.001070425
CONNECTION : 0 - 0

# Geometry of TS 1, SYMMETRY = C1  
Au	   0.467642162618	   1.075076218325	  -1.200456526946
Au	   0.271522895500	   1.831539332654	   1.447980154883
Au	  -1.446565135689	  -0.046945008646	   0.469551261172
Au	  -0.204130682025	  -1.586233169668	  -1.621501222631
Au	   0.911530759598	  -1.273437372657	   0.904427333519
Energy    = -677.350799662252 (-677.350799662252 :    0.000000000000)
Spin(**2) =    0.752305362839
ZPVE      =    0.001550039378
Normal mode eigenvalues : nmode = 9
 -0.000044748   0.000016200   0.000073171   0.000134574   0.000231021
  0.000262846   0.000420388   0.000668951   0.000924158
CONNECTION : 1 - 0

# Geometry of TS 2, SYMMETRY = C2v 
Au	  -0.152207285747	   0.868961326132	  -2.293000457855
Au	   0.061925070824	   2.435056782099	   2.117913599703
Au	   0.012861633895	   0.503243838891	   0.438236396292
Au	  -0.042196977608	  -1.651790913804	  -1.437168631046
Au	   0.119617558640	  -2.155471033319	   1.174020092913
Energy    = -677.359941040781 (-677.359941040781 :    0.000000000000)
Spin(**2) =    0.751346361590
ZPVE      =    0.001656481125
Normal mode eigenvalues : nmode = 9
 -0.000022979   0.000010666   0.000053260   0.000125984   0.000179524
  0.000312249   0.000617735   0.000791962   0.001266972
CONNECTION : 0 - 0

# Geometry of TS 3, SYMMETRY = Cs  
Au	  -0.404468985513	  -0.136609702818	  -3.687994462439
Au	   0.359575794071	   1.638229649570	   3.035707312464
Au	   0.074796305335	   1.026220040650	   0.523211812416
Au	  -0.154965847570	  -1.001892268341	  -1.262279930803
Au	   0.125062733680	  -1.525947719065	   1.391356268364
Energy    = -677.354364257591 (-677.354364257591 :    0.000000000000)
Spin(**2) =    0.752352469813
ZPVE      =    0.001592768621
Normal mode eigenvalues : nmode = 9
 -0.000027096   0.000003693   0.000017050   0.000035410   0.000245755
  0.000290490   0.000654895   0.000951509   0.001214390
CONNECTION : 0 - 2

# Geometry of TS 4, SYMMETRY = Cs  
Au	  -0.097491968029	   1.350902653371	  -1.303357919126
Au	   0.207870855728	   1.975993494500	   1.308860223227
Au	   0.040102251761	  -0.620487833689	   0.555886784617
Au	  -0.356703108938	  -0.475085856244	  -3.127970802225
Au	   0.206221969478	  -2.231322457936	   2.566582713504
Energy    = -677.355254616017 (-677.355254616017 :    0.000000000000)
Spin(**2) =    0.751791347416
ZPVE      =    0.001607822312
Normal mode eigenvalues : nmode = 9
 -0.000023828   0.000006761   0.000019539   0.000041956   0.000231559
  0.000327375   0.000574372   0.001004134   0.001213153
CONNECTION : 0 - 2

# Geometry of TS 5, SYMMETRY = C2v 
Au	  -0.064091961641	   1.385472046300	  -0.112563622507
Au	  -0.185473596088	   3.968479809838	  -0.323213757938
Au	   0.727828427797	  -0.862066813217	   1.232023494596
Au	  -0.635286217296	  -1.112743502735	  -1.071212414927
Au	   0.157023347226	  -3.379141540191	   0.274967300782
Energy    = -677.354881132864 (-677.354881132864 :    0.000000000000)
Spin(**2) =    0.752860981253
ZPVE      =    0.001597400463
Normal mode eigenvalues : nmode = 9
 -0.000025502   0.000008683   0.000038802   0.000131056   0.000162198
  0.000271339   0.000525027   0.000847978   0.001192851
CONNECTION : 0 - 0

# Geometry of TS 6, SYMMETRY = Cs  
Au	   0.095107253347	   1.773411539845	  -0.165607681050
Au	  -0.811079980912	   4.167106749931	  -0.642583995429
Au	   1.696466441864	  -1.714001016671	   0.595134659411
Au	  -0.669560370665	  -0.741239858959	  -0.083448716057
Au	  -0.310933343632	  -3.485277414147	   0.296506733133
Energy    = -677.343159882017 (-677.343159882017 :    0.000000000000)
Spin(**2) =    0.753507832187
ZPVE      =    0.001496938049
Normal mode eigenvalues : nmode = 9
 -0.000022036   0.000003927   0.000005978   0.000021278   0.000153436
  0.000369167   0.000531881   0.000931201   0.001129380
CONNECTION : 3 - 0

# Geometry of TS 7, SYMMETRY = Cs  
Au	  -0.390331245078	   2.063675717099	   0.353990384573
Au	  -1.034795275686	   4.140727204735	  -1.104091613072
Au	   1.916793687212	  -2.588037319790	   0.092603801315
Au	   0.132469569329	  -0.487149831746	   0.208953196940
Au	  -0.624136735777	  -3.129215770294	   0.448545230249
Energy    = -677.345155591966 (-677.345155591966 :    0.000000000000)
Spin(**2) =    0.751799125977
ZPVE      =    0.001501374312
Normal mode eigenvalues : nmode = 9
 -0.000005941   0.000002733   0.000005364   0.000041942   0.000186340
  0.000206996   0.000595941   0.000899415   0.001247339
CONNECTION : 3 - 3

# Geometry of TS 8, SYMMETRY = C2  
Au	  -0.372794826410	  -0.272388308606	  -3.838084652788
Au	   0.331632984114	   2.518384187786	   2.914107576007
Au	   0.279696283468	   0.481226480264	   1.284303568191
Au	  -0.278071802079	  -0.570488478924	  -1.247528575693
Au	   0.039537360922	  -2.156733880524	   0.887203084294
Energy    = -677.352678654476 (-677.352678654476 :    0.000000000000)
Spin(**2) =    0.751185921072
ZPVE      =    0.001486684733
Normal mode eigenvalues : nmode = 9
 -0.000053153   0.000005235   0.000009789   0.000013980   0.000182428
  0.000280311   0.000500837   0.000868456   0.001274145
CONNECTION : 2 - 2

# Geometry of TS 9, SYMMETRY = Cs  
Au	   0.588736177688	   2.277494651038	  -0.102411370544
Au	  -1.666513986958	   3.441153641970	  -0.743270432887
Au	   1.631802721707	  -2.629657272590	   0.649679211579
Au	   0.398331198219	  -0.314213196352	   0.124753976953
Au	  -0.952356110647	  -2.774777824062	   0.071249614909
Energy    = -677.345833979181 (-677.345833979181 :    0.000000000000)
Spin(**2) =    0.752203868054
ZPVE      =    0.001532630215
Normal mode eigenvalues : nmode = 9
 -0.000006814   0.000002876   0.000007046   0.000037086   0.000175807
  0.000349967   0.000635084   0.000791715   0.001233924
CONNECTION : 3 - 4

# Geometry of TS 10, SYMMETRY = C2v 
Au	   0.209747164780	  -0.266543718633	  -0.178231615017
Au	   0.767248623345	   1.439707624508	   1.826002321518
Au	  -2.334581817482	   0.550410363672	  -0.492602648886
Au	  -1.300092160960	  -1.428730511113	  -2.057460758183
Au	   2.657678190322	  -0.294843758427	   0.902293700561
Energy    = -677.367980990775 (-677.367980990775 :    0.000000000000)
Spin(**2) =    0.754195518393
ZPVE      =    0.001710909420
Normal mode eigenvalues : nmode = 9
 -0.000015095   0.000015715   0.000045395   0.000179368   0.000288178
  0.000357249   0.000501706   0.000719205   0.001362158
CONNECTION : 4 - 0

# Geometry of TS 11, SYMMETRY = Cs  
Au	   1.632398886760	   3.831454254238	   0.955390720836
Au	   0.428006473658	   2.593403474561	  -0.975160350891
Au	   0.026247846300	   0.163864980241	  -0.064036057913
Au	  -1.118487224281	  -4.402012947112	   0.711337734194
Au	  -0.968165982440	  -2.186709761933	  -0.627531046220
Energy    = -677.338228093130 (-677.338228093130 :    0.000000000000)
Spin(**2) =    0.751677267770
ZPVE      =    0.001446959056
Normal mode eigenvalues : nmode = 9
 -0.000006751   0.000002164   0.000003998   0.000009606   0.000033947
  0.000371170   0.000786284   0.000901379   0.001144524
CONNECTION : 3 - 2
