List of Equilibrium Structures

# Geometry of EQ 0, SYMMETRY = C2v 
Au	  -0.000000000000	   1.367923000000	  -1.453839000000
Au	  -0.000000000000	   2.665780000000	   0.943286000000
Au	  -0.000000000000	   0.000000000000	   1.021107000000
Au	  -0.000000000000	  -1.367923000000	  -1.453839000000
Au	  -0.000000000000	  -2.665780000000	   0.943286000000
Energy    = -677.381721128947 (-677.381721128947 :    0.000000000000)
Spin(**2) =    0.752849697482
ZPVE      =    0.001795146221
Normal mode eigenvalues : nmode = 9
  0.000018538   0.000044978   0.000085363   0.000157734   0.000288477
  0.000370195   0.000605546   0.000684723   0.001120779

# Geometry of EQ 1, SYMMETRY = C2v 
Au	   0.418043995913	   1.103974372297	  -1.249065319948
Au	   0.371570316842	   1.639378030954	   1.532489728986
Au	  -1.503532096711	  -0.032362295992	   0.325211726667
Au	  -0.227940181524	  -1.636434751047	  -1.563448108951
Au	   0.941857965483	  -1.074555356205	   0.954812973239
Energy    = -677.351758980028 (-677.351758980028 :    0.000000000000)
Spin(**2) =    0.751740138962
ZPVE      =    0.001598614346
Normal mode eigenvalues : nmode = 9
  0.000032979   0.000044663   0.000095376   0.000131692   0.000171112
  0.000276229   0.000323979   0.000600065   0.000938952

# Geometry of EQ 2, SYMMETRY = Cs  
Au	  -0.392641707190	   0.092512933967	  -3.616234200098
Au	   0.351162445594	   2.275528036954	   2.857501079290
Au	   0.104217454338	   0.662630389512	   0.849662844747
Au	  -0.158570252197	  -1.030397883230	  -1.289847894118
Au	   0.095832059465	  -2.000273477207	   1.198919170183
Energy    = -677.356476599273 (-677.356476599273 :    0.000000000000)
Spin(**2) =    0.751880203022
ZPVE      =    0.001673873644
Normal mode eigenvalues : nmode = 9
  0.000007042   0.000019226   0.000027015   0.000039394   0.000267953
  0.000291221   0.000547811   0.000974656   0.001322141

# Geometry of EQ 3, SYMMETRY = Cs  
Au	   0.335565160026	   2.168863288395	  -0.150810464530
Au	  -1.532848903951	   3.884125117193	  -0.786588179849
Au	   1.734207327866	  -2.600162164088	   0.700764170618
Au	   0.269685633281	  -0.425716505111	   0.110688055128
Au	  -0.806609217216	  -3.027109736388	   0.125947418642
Energy    = -677.346049785479 (-677.346049785479 :    0.000000000000)
Spin(**2) =    0.751766218984
ZPVE      =    0.001549712696
Normal mode eigenvalues : nmode = 9
  0.000002323   0.000002466   0.000015792   0.000031220   0.000164349
  0.000325118   0.000596449   0.000849722   0.001242699

# Geometry of EQ 4, SYMMETRY = D2h 
Au	   1.145344170818	   2.425841592231	   0.010028494442
Au	  -1.500073190990	   2.149912619815	  -0.569600742036
Au	   1.500143146378	  -2.149752284922	   0.569618979483
Au	  -0.000197864067	   0.000029939235	  -0.000051990204
Au	  -1.145216262132	  -2.426031866358	  -0.009993741677
Energy    = -677.368634670557 (-677.368634670557 :    0.000000000000)
Spin(**2) =    0.755245850857
ZPVE      =    0.001763564817
Normal mode eigenvalues : nmode = 9
  0.000007682   0.000015067   0.000056066   0.000170562   0.000295990
  0.000375746   0.000533332   0.000697258   0.001391495
