List of Transition Structures

# Geometry of TS 0, SYMMETRY = Cs  
Au	  -0.554553604002	   1.347483642395	  -1.191941018767
Au	   0.438235341507	   1.965735435577	   1.304048987689
Au	   0.837602529495	   3.670711630340	  -0.736577623713
Au	  -1.443205462383	  -0.000264911858	   1.251210813725
Au	  -0.554449960545	  -1.347163530980	  -1.192387660441
Au	   0.438477094736	  -1.966072168701	   1.303397072225
Au	   0.837894061193	  -3.670430096771	  -0.737749570714
Energy    = -948.348460195464 (-948.348460195464 :    0.000000000000)
Spin(**2) =    0.753220467977
ZPVE      =    0.002600115041
Normal mode eigenvalues : nmode = 15
 -0.000016146   0.000002165   0.000010943   0.000024037   0.000047864
  0.000089707   0.000163117   0.000243468   0.000244456   0.000277204
  0.000585747   0.000632417   0.000663288   0.000832471   0.000981989
CONNECTION : 1 - 0

# Geometry of TS 1, SYMMETRY = Cs  
Au	   0.018015407529	   1.211019903574	  -1.567286052137
Au	   0.000282997349	   2.818910029790	   1.834402200044
Au	   0.024227984833	   3.804682998120	  -0.617216915973
Au	  -0.005974185228	   0.251779963992	   0.970919607284
Au	   0.002107799899	  -1.445303635522	  -1.261850706246
Au	  -0.022707298989	  -2.477932577790	   1.351882396545
Au	  -0.015952705395	  -4.163156682159	  -0.710849529518
Energy    = -948.346975740069 (-948.346975740069 :    0.000000000000)
Spin(**2) =    0.753181809861
ZPVE      =    0.002594375772
Normal mode eigenvalues : nmode = 15
 -0.000046493   0.000005554   0.000008391   0.000020058   0.000047709
  0.000060915   0.000120534   0.000192892   0.000301300   0.000351135
  0.000464628   0.000683569   0.000765603   0.000820294   0.001031491
CONNECTION : 2 - 0

# Geometry of TS 2, SYMMETRY = C1  
Au	  -0.489377251510	   0.968922367708	  -1.095099346977
Au	   0.199438776482	   1.678911415307	   1.627583177398
Au	   1.458071800549	   2.741038599756	  -0.590440430938
Au	  -1.994102698656	  -0.003040622775	   1.136901770208
Au	  -1.254936312499	  -1.678116608824	  -0.965848265422
Au	   0.851455440517	  -0.818508560115	   0.761900128443
Au	   1.229450245118	  -2.889206591055	  -0.874996032713
Energy    = -948.360311136514 (-948.360311136514 :    0.000000000000)
Spin(**2) =    0.752842642812
ZPVE      =    0.002659783090
Normal mode eigenvalues : nmode = 15
 -0.000006100   0.000008528   0.000027851   0.000045847   0.000096584
  0.000139240   0.000189179   0.000224666   0.000251960   0.000303272
  0.000376902   0.000488639   0.000686316   0.000877453   0.000970595
CONNECTION : 3 - 1

# Geometry of TS 3, SYMMETRY = Cs  
Au	  -0.043649055392	   1.092042886976	  -1.315032375531
Au	   0.043707695355	   2.670477467122	   0.892479504842
Au	   0.002012052877	   4.872671391629	  -0.479948749923
Au	   0.046728257298	  -0.052018030447	   1.274342860025
Au	  -0.046748886112	  -1.569921380021	  -1.097884162340
Au	   0.043352590195	  -2.772885685504	   1.494887837724
Au	  -0.045402654220	  -4.240366649751	  -0.768843914798
Energy    = -948.345390831694 (-948.345390831694 :    0.000000000000)
Spin(**2) =    0.753071689846
ZPVE      =    0.002576339787
Normal mode eigenvalues : nmode = 15
 -0.000020235   0.000004284   0.000013309   0.000015167   0.000049239
  0.000058576   0.000077380   0.000176734   0.000259113   0.000312449
  0.000560590   0.000632609   0.000694991   0.001033618   0.001056718
CONNECTION : 4 - 0

# Geometry of TS 4, SYMMETRY = Cs  
Au	  -2.101866840918	   0.114793193890	  -1.713926346564
Au	   0.152114085859	   2.944671720365	   0.259178826893
Au	   1.334524709455	   4.985936374762	   1.318114538163
Au	   0.004275362433	   0.310705774978	   0.019725654779
Au	  -0.966590456946	  -2.142341329027	  -0.888801264502
Au	   1.268053866710	  -1.926061531223	   0.949414400354
Au	   0.309489273410	  -4.287704203755	   0.056295190889
Energy    = -948.336028141211 (-948.336028141211 :    0.000000000000)
Spin(**2) =    0.752103638264
ZPVE      =    0.002479422195
Normal mode eigenvalues : nmode = 15
 -0.000011321   0.000002742   0.000004402   0.000005441   0.000015644
  0.000043333   0.000049373   0.000169542   0.000267023   0.000317650
  0.000407663   0.000669146   0.000738108   0.001089430   0.001200662
CONNECTION : 5 - 4

# Geometry of TS 5, SYMMETRY = Cs  
Au	  -0.418592803207	   1.324525053969	  -1.202211976951
Au	   0.709164551797	   2.222787762505	   1.278211665670
Au	  -0.000814818482	   3.954180205576	  -0.675447489487
Au	   0.365570436891	  -0.427243458735	   0.924292538583
Au	  -0.746163234118	  -1.289639432777	  -1.520783354289
Au	  -1.154142473105	  -2.804335934225	   1.113883925564
Au	   1.244978340214	  -2.980274196317	   0.082055690919
Energy    = -948.338813760101 (-948.338813760101 :    0.000000000000)
Spin(**2) =    0.752433001352
ZPVE      =    0.002481493004
Normal mode eigenvalues : nmode = 15
 -0.000051656   0.000002717   0.000013444   0.000031047   0.000046327
  0.000053060   0.000137539   0.000139398   0.000147802   0.000247281
  0.000367664   0.000604904   0.000747720   0.001034373   0.001038521
CONNECTION : 2 - 2

# Geometry of TS 6, SYMMETRY = C1  
Au	  -0.470349255851	   1.476003180962	  -1.460008266846
Au	   0.321053267036	   2.205565815842	   1.015629709677
Au	   0.374212459654	   4.053619438444	  -0.936103954220
Au	  -0.600019790460	  -0.162392074861	   1.862013110038
Au	  -0.300194260312	  -1.114195218091	  -0.811018141342
Au	   0.429956460935	  -2.663928314827	   1.372531593953
Au	   0.245341118992	  -3.794672827477	  -1.043043051257
Energy    = -948.349069708344 (-948.349069708344 :    0.000000000000)
Spin(**2) =    0.752661623269
ZPVE      =    0.002598260561
Normal mode eigenvalues : nmode = 15
 -0.000036635   0.000003714   0.000010674   0.000022877   0.000037937
  0.000098209   0.000107993   0.000207334   0.000259321   0.000310860
  0.000536186   0.000620435   0.000680394   0.000931864   0.001064043
CONNECTION : 0 - 2

# Geometry of TS 7, SYMMETRY = C1  
Au	   1.512983933370	   1.772220374053	  -1.831132335667
Au	  -0.150881654300	   1.169394387419	   1.081227855377
Au	  -1.129098128406	   2.276107933153	  -1.135742415772
Au	   0.534099238726	  -0.192285512380	   3.283352892316
Au	  -0.024349798777	  -0.387546313475	  -1.407102979531
Au	  -0.072635057309	  -1.664541655196	   1.130740073850
Au	  -0.670118533303	  -2.973349213585	  -1.121342090577
Energy    = -948.373089948029 (-948.373089948029 :    0.000000000000)
Spin(**2) =    0.752185460258
ZPVE      =    0.002725169538
Normal mode eigenvalues : nmode = 15
 -0.000021947   0.000013130   0.000018436   0.000036261   0.000069592
  0.000098807   0.000134710   0.000202402   0.000290872   0.000340197
  0.000405791   0.000547057   0.000749912   0.001119624   0.001209033
CONNECTION : 2 - 6

# Geometry of TS 8, SYMMETRY = C1  
Au	   0.119873626208	   0.204942021720	  -2.721891838045
Au	   0.339641793925	   3.000880933191	   1.878322860719
Au	   0.082734216241	   1.853542900617	  -0.553830250751
Au	  -0.025134350692	   0.340161485196	   1.935861252423
Au	  -1.057783890658	  -0.698083330813	  -0.432346490644
Au	  -0.190428686476	  -2.336302075923	   1.523638069129
Au	   0.731097291451	  -2.365141933976	  -1.629752602838
Energy    = -948.365882355421 (-948.365882355421 :    0.000000000000)
Spin(**2) =    0.752015243276
ZPVE      =    0.002666953323
Normal mode eigenvalues : nmode = 15
 -0.000046364   0.000004229   0.000029929   0.000038568   0.000078541
  0.000103585   0.000173496   0.000184943   0.000196530   0.000322572
  0.000526709   0.000582254   0.000670723   0.000969572   0.001029678
CONNECTION : 3 - 2

# Geometry of TS 9, SYMMETRY = Cs  
Au	  -0.051881663372	   1.184763140871	  -1.035416986739
Au	   0.008547701221	   2.727048401821	   1.174181410744
Au	  -0.094081711413	   3.921778246654	  -1.271636825026
Au	   0.060531436771	   0.045160436322	   1.694588378275
Au	  -0.004185487616	  -1.466619014998	  -0.614974493117
Au	   0.100083028718	  -2.650564223545	   1.865331079619
Au	  -0.019013304306	  -3.761566987122	  -1.812071563756
Energy    = -948.338496382112 (-948.338496382112 :    0.000000000000)
Spin(**2) =    0.751859722756
ZPVE      =    0.002598971196
Normal mode eigenvalues : nmode = 15
 -0.000038813   0.000008693   0.000012222   0.000035446   0.000038444
  0.000039189   0.000082110   0.000194539   0.000257420   0.000320274
  0.000459517   0.000558801   0.000852354   0.000938094   0.001240505
CONNECTION : 2 - 0

# Geometry of TS 10, SYMMETRY = Cs  
Au	  -0.192863761407	   0.533852307986	  -1.000700940139
Au	   0.291611066644	   1.745270944294	   1.502234190935
Au	  -0.133556174126	   3.193577144805	  -0.708690752068
Au	   0.257345259204	  -1.086504579259	   1.340694396232
Au	  -0.217940124578	  -2.134858379528	  -1.117306196435
Au	   0.707592469117	   0.238306164749	   3.666415021813
Au	  -0.712188734854	  -2.489643603049	  -3.682644720332
Energy    = -948.367315354079 (-948.367315354079 :    0.000000000000)
Spin(**2) =    0.751535039780
ZPVE      =    0.002661818118
Normal mode eigenvalues : nmode = 15
 -0.000009051   0.000003713   0.000018283   0.000038187   0.000045042
  0.000084336   0.000119400   0.000150391   0.000225321   0.000377751
  0.000479924   0.000576228   0.000775015   0.001097170   0.001190652
CONNECTION : 5 - 2

# Geometry of TS 11, SYMMETRY = Cs  
Au	  -0.034287573683	   1.302325755722	  -0.416074325750
Au	   0.015330978349	   3.552643962674	   1.208621772142
Au	  -0.112847185855	   3.812134566882	  -1.432962582172
Au	   0.087801842935	  -0.324979449462	   1.754535389816
Au	  -0.029718011138	  -1.303648181621	  -0.957480704277
Au	   0.090962017943	  -3.030579732239	   1.176741072081
Au	  -0.017242068556	  -4.007896921953	  -1.333379621834
Energy    = -948.344290961722 (-948.344290961722 :    0.000000000000)
Spin(**2) =    0.752406777740
ZPVE      =    0.002587461743
Normal mode eigenvalues : nmode = 15
 -0.000011755   0.000004793   0.000008019   0.000024839   0.000047420
  0.000065869   0.000103135   0.000219387   0.000243039   0.000318298
  0.000479658   0.000576870   0.000699934   0.000879448   0.001260900
CONNECTION : 2 - 0

# Geometry of TS 12, SYMMETRY = C1  
Au	  -0.874191277988	   0.684692104538	  -0.775973474731
Au	   0.855491930151	   1.692808315246	   1.312011922211
Au	   1.392047362548	   1.959474102630	  -1.392484726891
Au	  -1.267354187383	   0.032836504134	   2.041370249074
Au	  -1.660196873751	  -1.824234890026	  -0.044024219137
Au	   1.058426867471	  -1.015127226242	   0.742987338262
Au	   0.495776178942	  -1.530448910283	  -1.883886088797
Energy    = -948.360382501263 (-948.360382501263 :    0.000000000000)
Spin(**2) =    0.752145747422
ZPVE      =    0.002598151035
Normal mode eigenvalues : nmode = 15
 -0.000030671   0.000007039   0.000029295   0.000085864   0.000108196
  0.000140537   0.000151459   0.000179704   0.000249756   0.000317381
  0.000344033   0.000437705   0.000676315   0.000739835   0.000915830
CONNECTION : 3 - 8

# Geometry of TS 13, SYMMETRY = C1  
Au	   0.498443131115	   0.482847101595	  -2.654030842101
Au	  -1.239170866567	   2.014927773038	   1.451102097571
Au	   0.703927312384	   2.121566154987	  -0.524682178517
Au	   0.973850173893	   0.424689590823	   1.949053366541
Au	  -0.772288896308	  -0.184198020753	  -0.279065499348
Au	   0.574056018967	  -2.158554841432	   1.210242755001
Au	  -0.738816873479	  -2.701277758240	  -1.152618699146
Energy    = -948.355080757186 (-948.355080757186 :    0.000000000000)
Spin(**2) =    0.752515459268
ZPVE      =    0.002538931790
Normal mode eigenvalues : nmode = 15
 -0.000024813   0.000005409   0.000008458   0.000017153   0.000084669
  0.000087854   0.000153427   0.000187813   0.000223819   0.000339937
  0.000367102   0.000613838   0.000645043   0.000774234   0.001037048
CONNECTION : 10 - 2

# Geometry of TS 14, SYMMETRY = C2v 
Au	   0.045136642304	   1.234559780598	  -2.885139210314
Au	   0.006119870652	   3.183534879854	   1.965329493590
Au	   0.017809065258	   1.634944504243	  -0.247550774672
Au	  -0.022117024828	   0.492659286931	   2.262018071570
Au	   0.007284881720	  -0.949879532106	  -1.353896593221
Au	  -0.032295722585	  -1.976149643082	   1.205302066529
Au	  -0.021937712518	  -3.619669276426	  -0.946062053484
Energy    = -948.378624607075 (-948.378624607075 :    0.000000000000)
Spin(**2) =    0.752131113431
ZPVE      =    0.002704184552
Normal mode eigenvalues : nmode = 15
 -0.000026801   0.000005666   0.000011324   0.000042502   0.000042981
  0.000124269   0.000160120   0.000166207   0.000274444   0.000398935
  0.000430399   0.000450684   0.000884508   0.000966459   0.001299890
CONNECTION : 2 - 2

# Geometry of TS 15, SYMMETRY = C1  
Au	  -0.835888578867	   1.126112728984	  -2.922249270763
Au	   1.493230144878	   1.822284692752	   1.833606498491
Au	   0.637996503063	   1.418617788120	  -0.682197284444
Au	  -0.573750114822	   0.102758607776	   1.687151790538
Au	  -1.132630473427	  -0.780698577251	  -1.074587005855
Au	  -1.051498824580	  -2.493792524050	   1.005897422464
Au	   1.462541343760	  -1.195282716325	   0.152378849565
Energy    = -948.371580416130 (-948.371580416130 :    0.000000000000)
Spin(**2) =    0.752069765882
ZPVE      =    0.002687547657
Normal mode eigenvalues : nmode = 15
 -0.000022607   0.000018962   0.000021810   0.000052956   0.000084997
  0.000123128   0.000146156   0.000208893   0.000213584   0.000292170
  0.000407259   0.000589557   0.000644009   0.000980211   0.001120692
CONNECTION : 3 - 9

# Geometry of TS 16, SYMMETRY = C1  
Au	  -0.705067646219	   0.676360343915	   0.023978986394
Au	   0.501327569819	   2.736639665938	   1.328493582536
Au	   0.249091724427	   2.624742896726	  -1.490728729139
Au	  -0.029017420413	   0.202782710810	   2.649781387123
Au	  -0.066126470521	  -0.894114940258	  -2.032808644100
Au	  -0.077863280120	  -1.842271224446	   0.824013315800
Au	   0.127655523030	  -3.504139452676	  -1.302728898604
Energy    = -948.357295917450 (-948.357295917450 :    0.000000000000)
Spin(**2) =    0.752445489725
ZPVE      =    0.002579780858
Normal mode eigenvalues : nmode = 15
 -0.000045340   0.000004370   0.000020707   0.000026632   0.000039064
  0.000065801   0.000140205   0.000165885   0.000263404   0.000283791
  0.000404533   0.000563902   0.000800880   0.000948755   0.001113424
CONNECTION : 2 - 3

# Geometry of TS 17, SYMMETRY = Cs  
Au	   1.266604462466	   0.154128669351	  -1.165395672343
Au	  -0.544573661163	   1.491493618597	   0.563615244857
Au	   1.445417283378	   2.790206247735	  -0.660911020276
Au	  -2.431090261447	  -0.124358703815	   1.646609895197
Au	  -0.959877008469	  -1.359118208010	  -0.264799318855
Au	   0.518646567231	  -0.662186619564	   2.018536624471
Au	   0.704872618017	  -2.290165004297	  -2.137654753047
Energy    = -948.372406743162 (-948.372406743162 :    0.000000000000)
Spin(**2) =    0.752144363450
ZPVE      =    0.002704706479
Normal mode eigenvalues : nmode = 15
 -0.000022356   0.000012774   0.000023414   0.000042623   0.000074788
  0.000100798   0.000170402   0.000209074   0.000246120   0.000305082
  0.000403661   0.000603467   0.000631769   0.001099411   0.001136361
CONNECTION : 6 - 9

# Geometry of TS 18, SYMMETRY = Cs  
Au	   0.219530523561	   0.416078962186	  -3.042006099516
Au	  -0.010833087648	   1.976003717663	   1.438191499628
Au	   0.189978161685	   2.516316878102	  -1.233420545869
Au	  -0.219077092498	  -0.155071469830	   3.182757754797
Au	   0.020568644289	  -0.058236974312	  -0.346129970056
Au	  -0.180290628360	  -2.130209983576	   1.341468793493
Au	  -0.019876521022	  -2.564881130229	  -1.340860432479
Energy    = -948.364869268607 (-948.364869268607 :    0.000000000000)
Spin(**2) =    0.752186096501
ZPVE      =    0.002616914359
Normal mode eigenvalues : nmode = 15
 -0.000043227   0.000006685   0.000024027   0.000027749   0.000039435
  0.000046672   0.000179054   0.000220170   0.000235257   0.000332347
  0.000493481   0.000533544   0.000727667   0.000807034   0.001232652
CONNECTION : 2 - 11

# Geometry of TS 19, SYMMETRY = Cs  
Au	  -0.937166871848	   1.058183011842	  -1.575245390919
Au	   0.299814054775	   1.467770051239	   2.123499353918
Au	   1.288858787825	   2.231984381002	  -0.331902120438
Au	  -1.914069019359	   0.302713839130	   0.850691553483
Au	  -1.095074471404	  -1.638926842024	  -0.951567239927
Au	   1.130446745334	  -0.433379853199	   0.320529057602
Au	   1.227190774682	  -2.988344587996	  -0.436004213717
Energy    = -948.362941956373 (-948.362941956373 :    0.000000000000)
Spin(**2) =    0.753112238038
ZPVE      =    0.002639458763
Normal mode eigenvalues : nmode = 15
 -0.000032819   0.000005474   0.000007335   0.000027295   0.000128336
  0.000172093   0.000181820   0.000260728   0.000315313   0.000352979
  0.000374056   0.000379515   0.000616695   0.000777842   0.001085357
CONNECTION : 3 - 3

# Geometry of TS 20, SYMMETRY = Cs  
Au	   0.409118825592	   1.237493685998	  -0.642302510041
Au	  -0.791187020328	   3.222007933087	   0.975128317520
Au	   0.718521196373	   3.842666863004	  -1.205104776256
Au	  -1.135339218339	   0.562179916821	   1.589419004465
Au	   0.044198783690	  -1.343267585611	  -0.000384044951
Au	   1.444520058239	  -3.724402530396	   0.390227947004
Au	  -0.689832625237	  -3.796678282906	  -1.106982937736
Energy    = -948.339110871057 (-948.339110871057 :    0.000000000000)
Spin(**2) =    0.752625203379
ZPVE      =    0.002421972985
Normal mode eigenvalues : nmode = 15
 -0.000360713   0.000002426   0.000003901   0.000015356   0.000024118
  0.000060683   0.000071671   0.000143344   0.000158116   0.000310412
  0.000384472   0.000601396   0.000706526   0.000945899   0.001194579
CONNECTION : 2 - 2

# Geometry of TS 21, SYMMETRY = Cs  
Au	  -0.360004725374	   1.403774531585	  -2.816079791854
Au	   1.011882722259	   1.533990252440	   2.350314074636
Au	   0.439535185341	   1.648696571297	  -0.277469765458
Au	  -1.723411003267	   0.337745817444	   0.978625613157
Au	  -0.448063880291	  -0.864466825104	  -1.353169864162
Au	   0.798420087080	  -0.907140167290	   1.236158544518
Au	   0.281641614254	  -3.152600180358	  -0.118377810836
Energy    = -948.373117638840 (-948.373117638840 :    0.000000000000)
Spin(**2) =    0.751593258654
ZPVE      =    0.002707726272
Normal mode eigenvalues : nmode = 15
 -0.000006738   0.000011370   0.000025459   0.000044658   0.000082857
  0.000114677   0.000187823   0.000200799   0.000248120   0.000253787
  0.000424810   0.000621371   0.000626585   0.001087420   0.001102180
CONNECTION : 9 - 12

# Geometry of TS 22, SYMMETRY = C2v 
Au	  -0.143588822147	   0.562543866375	  -2.778975901163
Au	  -0.083821671161	   3.157353841390	   1.907453200039
Au	  -0.121629921092	   1.962009142455	  -0.496248801503
Au	   0.056890436426	   0.476965334900	   1.969819044696
Au	   0.022805494719	  -0.856231433466	  -0.517331778392
Au	   0.186971179896	  -2.191771149922	   1.794552105348
Au	   0.082373303362	  -3.110869601720	  -1.879266869017
Energy    = -948.371258752247 (-948.371258752247 :    0.000000000000)
Spin(**2) =    0.751319633151
ZPVE      =    0.002756042677
Normal mode eigenvalues : nmode = 15
 -0.000032644   0.000007882   0.000041517   0.000043382   0.000046407
  0.000069791   0.000138039   0.000196419   0.000216589   0.000339773
  0.000484431   0.000657882   0.000901694   0.001141641   0.001152416
CONNECTION : 2 - 2

# Geometry of TS 23, SYMMETRY = C1  
Au	  -0.252355310316	   0.616965601012	  -1.243049772260
Au	  -0.303136017413	   1.691362715301	   1.495398759489
Au	   1.535557439541	   2.417773294090	  -0.448345218885
Au	  -1.203069442049	  -0.889964543618	   1.184048645892
Au	  -1.967279635280	  -1.424810735614	  -1.563795429623
Au	   1.605406618278	  -0.303466232558	   1.176564549301
Au	   0.584876347245	  -2.107860098615	  -0.600820533909
Energy    = -948.359750759856 (-948.359750759856 :    0.000000000000)
Spin(**2) =    0.752612147592
ZPVE      =    0.002552937625
Normal mode eigenvalues : nmode = 15
 -0.000017596   0.000009231   0.000023183   0.000068064   0.000091806
  0.000107637   0.000145427   0.000154096   0.000178198   0.000324920
  0.000358284   0.000551604   0.000585246   0.000726305   0.001058417
CONNECTION : 13 - 3

# Geometry of TS 24, SYMMETRY = Cs  
Au	  -0.598962165148	   1.545357666212	  -0.848356296403
Au	  -1.207978145809	   1.662935339680	   1.814904913030
Au	   1.780439549842	   1.062817462497	  -2.042857183173
Au	   1.062795859872	   0.167049304198	   1.070318023539
Au	  -1.740780912959	  -0.724359550568	   0.453994279558
Au	   0.321185188803	  -2.550164543066	   0.954014576456
Au	   0.383300625408	  -1.163635678955	  -1.402017313005
Energy    = -948.366297177183 (-948.366297177183 :    0.000000000000)
Spin(**2) =    0.751914404283
ZPVE      =    0.002655366754
Normal mode eigenvalues : nmode = 15
 -0.000037623   0.000019735   0.000021543   0.000097569   0.000112424
  0.000149052   0.000186380   0.000214300   0.000264083   0.000281436
  0.000358408   0.000395493   0.000724891   0.000781564   0.000897209
CONNECTION : 3 - 14

# Geometry of TS 25, SYMMETRY = C1  
Au	   1.354458097913	   1.745674076607	  -1.442514377051
Au	   0.330212850395	   0.664135393506	   0.818608147686
Au	  -1.442817676803	   1.548877957347	  -1.053109509340
Au	   1.181553051468	  -0.089590478958	   3.243772772207
Au	   0.057720445735	  -0.716535300423	  -1.709019238830
Au	  -1.478403559681	  -0.014885520608	   2.687803062510
Au	  -0.002723209030	  -3.137676127480	  -2.545539857187
Energy    = -948.338874992121 (-948.338874992121 :    0.000000000000)
Spin(**2) =    0.753215584220
ZPVE      =    0.002568080699
Normal mode eigenvalues : nmode = 15
 -0.000010834   0.000004144   0.000006077   0.000010421   0.000028487
  0.000106236   0.000142794   0.000156306   0.000199260   0.000319428
  0.000353841   0.000506854   0.000662861   0.001192123   0.001434806
CONNECTION : 9 - 15

# Geometry of TS 26, SYMMETRY = C1  
Au	  -1.847570373415	   1.897643851915	   0.774569511189
Au	  -0.391505648438	   2.321722195776	   3.039457774722
Au	   2.087645222568	  -0.393296492210	  -3.928259938827
Au	   0.042648590528	   0.017770212441	   1.773920675666
Au	  -1.350430249236	  -0.395390058230	  -0.626449187046
Au	   0.354679364029	  -2.371235209093	   0.623724641448
Au	   1.104533093975	  -1.077214500602	  -1.656962477156
Energy    = -948.348674959853 (-948.348674959853 :    0.000000000000)
Spin(**2) =    0.752585762862
ZPVE      =    0.002616973101
Normal mode eigenvalues : nmode = 15
 -0.000004932   0.000006630   0.000009763   0.000026157   0.000034452
  0.000084510   0.000095772   0.000196676   0.000282983   0.000340508
  0.000396603   0.000605600   0.000635926   0.001092765   0.001274826
CONNECTION : 4 - 9

# Geometry of TS 27, SYMMETRY = Cs  
Au	  -1.039235224231	   2.748910400954	   0.423308109909
Au	   0.199347150734	   1.857686269621	   2.644719031594
Au	  -1.635024775895	   1.927343205429	  -2.073936278343
Au	   0.056026243888	   0.277358052143	   0.463171335782
Au	  -0.535489470014	  -0.575341021146	  -2.059439629815
Au	   0.823613700038	  -2.187234929293	  -0.345957458601
Au	   2.130762375489	  -4.048721977705	   0.948135889475
Energy    = -948.355513266536 (-948.355513266536 :    0.000000000000)
Spin(**2) =    0.751843455949
ZPVE      =    0.002577397763
Normal mode eigenvalues : nmode = 15
 -0.000023964   0.000003910   0.000004736   0.000011003   0.000020829
  0.000044623   0.000124098   0.000177532   0.000300537   0.000383886
  0.000510528   0.000559051   0.000710437   0.000965460   0.001296933
CONNECTION : 7 - 5

# Geometry of TS 28, SYMMETRY = C1  
Au	   1.380868435211	   1.559567283595	  -1.572546992588
Au	   1.004298778829	   0.947476905140	   1.016033317763
Au	  -1.206100873551	   1.721719593737	  -0.615841385696
Au	   0.247005292210	  -1.078748206909	   2.641479362601
Au	  -0.628219855860	  -0.676264671266	  -2.030457012185
Au	  -1.678421490799	  -0.742665657702	   0.576342173611
Au	   0.880569713974	  -1.731085246615	  -0.015008463519
Energy    = -948.358397689306 (-948.358397689306 :    0.000000000000)
Spin(**2) =    0.752343276221
ZPVE      =    0.002562346447
Normal mode eigenvalues : nmode = 15
 -0.000017476   0.000005482   0.000024549   0.000077389   0.000113621
  0.000121517   0.000135385   0.000192060   0.000223785   0.000307005
  0.000371473   0.000465400   0.000617011   0.000742159   0.000907233
CONNECTION : 8 - 3

# Geometry of TS 29, SYMMETRY = Cs  
Au	   0.065280813565	  -0.027502928286	  -3.181097312488
Au	   0.079046384893	   3.026538457922	   2.275944054570
Au	   0.100328931127	   2.254250919521	  -0.318658243801
Au	  -0.028684216947	   0.321367133985	   2.013885305735
Au	  -0.002967751949	  -0.372273676064	  -0.614235309352
Au	  -0.123918686364	  -2.315454712396	   1.315965401553
Au	  -0.089085474323	  -2.886925194668	  -1.491802896225
Energy    = -948.357439006400 (-948.357439006400 :    0.000000000000)
Spin(**2) =    0.752361931187
ZPVE      =    0.002599155297
Normal mode eigenvalues : nmode = 15
 -0.000074271   0.000009815   0.000011648   0.000025176   0.000027359
  0.000044125   0.000076627   0.000186809   0.000274210   0.000304058
  0.000432194   0.000512727   0.000803104   0.001165226   0.001309102
CONNECTION : 2 - 2

# Geometry of TS 30, SYMMETRY = C2v 
Au	   0.307112959917	   0.523473885992	  -3.467839566705
Au	  -0.127543373346	   2.506808297032	   3.611680031345
Au	   0.210570385187	   1.900954185196	  -1.126734137866
Au	  -0.051487886748	   1.015470302344	   1.462682781030
Au	   0.039512084709	  -0.779814072412	  -1.123469883441
Au	  -0.218363134049	  -1.727288512637	   1.376817325391
Au	  -0.159801035666	  -3.439604085496	  -0.733135549758
Energy    = -948.353409903044 (-948.353409903044 :    0.000000000000)
Spin(**2) =    0.752187407234
ZPVE      =    0.002602109252
Normal mode eigenvalues : nmode = 15
 -0.000008354   0.000004932   0.000006220   0.000019923   0.000025085
  0.000055397   0.000092738   0.000235826   0.000300436   0.000301708
  0.000559498   0.000574762   0.000690569   0.000922644   0.001339190
CONNECTION : 2 - 2

# Geometry of TS 31, SYMMETRY = Cs  
Au	   0.552912850934	   2.276498099696	  -1.784864650469
Au	   1.934172325434	  -0.031001000311	  -2.264900570288
Au	  -1.258778293741	   2.502643481042	   0.240219432196
Au	  -2.221538927856	  -0.816709370114	   3.023908236879
Au	   0.035198093981	   0.173130655964	  -0.127455692841
Au	  -0.436087501261	  -1.923384728425	   1.471160033186
Au	   1.394121452497	  -2.181177137860	  -0.558065788672
Energy    = -948.355595157330 (-948.355595157330 :    0.000000000000)
Spin(**2) =    0.751999008936
ZPVE      =    0.002579091085
Normal mode eigenvalues : nmode = 15
 -0.000012047   0.000004774   0.000017019   0.000025139   0.000042612
  0.000049918   0.000086756   0.000179117   0.000296015   0.000331476
  0.000471146   0.000555146   0.000710766   0.000917769   0.001223690
CONNECTION : 7 - 11

# Geometry of TS 32, SYMMETRY = Cs  
Au	   0.880853926065	   1.208041084238	  -1.259034306613
Au	  -1.813895458609	   0.717282518486	  -0.672353405277
Au	  -0.243941490765	   2.186050982782	   1.106982768291
Au	   2.299319492155	   0.091499469491	   0.876574642811
Au	   0.965527829504	  -1.571840637061	  -0.924157520240
Au	  -0.348866374962	  -0.577194621251	   1.395486185641
Au	  -1.738997923378	  -2.053838796682	  -0.523497364610
Energy    = -948.363440190737 (-948.363440190737 :    0.000000000000)
Spin(**2) =    0.751787543069
ZPVE      =    0.002633198439
Normal mode eigenvalues : nmode = 15
 -0.000014642   0.000005509   0.000066544   0.000096657   0.000110019
  0.000153732   0.000182626   0.000258034   0.000267830   0.000312847
  0.000359093   0.000379860   0.000650169   0.000694021   0.000768054
CONNECTION : 14 - 8

# Geometry of TS 33, SYMMETRY = Cs  
Au	   0.833146376532	   2.551712309887	  -0.393672089684
Au	   1.322472930676	   1.612865034855	   2.321819898654
Au	  -0.369501300485	   0.738964584439	  -2.088779660533
Au	   0.462621080509	  -1.064734341058	   2.786438817877
Au	  -1.481898983367	  -1.620338520888	  -2.834813802574
Au	   0.149911307922	   0.044446889859	   0.428514918478
Au	  -0.916751411789	  -2.262915957096	  -0.219507082226
Energy    = -948.357772616579 (-948.357772616579 :    0.000000000000)
Spin(**2) =    0.752805758941
ZPVE      =    0.002556158658
Normal mode eigenvalues : nmode = 15
 -0.000041670   0.000008258   0.000018162   0.000021370   0.000028863
  0.000039700   0.000115100   0.000139114   0.000283712   0.000321730
  0.000374477   0.000481823   0.000692868   0.001155311   0.001290442
CONNECTION : 2 - 11

# Geometry of TS 34, SYMMETRY = C2v 
Au	   0.390407299995	   0.922838398264	  -2.758138995519
Au	   0.558071392637	   2.689090183130	   2.108048692834
Au	  -0.194261672586	   1.506148129199	  -0.219949808744
Au	  -2.058237769047	   2.279891042164	   1.599575400650
Au	   0.366973558153	  -1.094853725084	  -1.010878431887
Au	   1.777315972677	  -2.946683993847	   0.391466997467
Au	  -0.840268781827	  -3.356430033815	  -0.110122854789
Energy    = -948.333038973336 (-948.333038973336 :    0.000000000000)
Spin(**2) =    0.753143470509
ZPVE      =    0.002459907830
Normal mode eigenvalues : nmode = 15
 -0.000008165   0.000001165   0.000003920   0.000004663   0.000009161
  0.000025766   0.000183297   0.000188563   0.000287886   0.000301017
  0.000343306   0.000466676   0.000668148   0.001037823   0.001365224
CONNECTION : 2 - 2

# Geometry of TS 35, SYMMETRY = Cs  
Au	  -3.931882036053	   1.144888631239	  -1.888026999784
Au	   0.134080730189	   1.888777281220	   0.383932324650
Au	   1.888663641116	   3.398257306830	   1.561448321577
Au	  -1.700155619857	   0.301107966232	  -0.848529908110
Au	   2.117754725798	  -2.802094924759	  -0.842115301236
Au	   0.583442363129	  -0.749952482518	   0.183752376748
Au	   0.908096195686	  -3.180983778272	   1.449540186157
Energy    = -948.321600895733 (-948.321600895733 :    0.000000000000)
Spin(**2) =    0.751477005404
ZPVE      =    0.002428578861
Normal mode eigenvalues : nmode = 15
 -0.000010023   0.000004033   0.000004408   0.000005854   0.000016298
  0.000029227   0.000035398   0.000164563   0.000205939   0.000256888
  0.000289452   0.000666245   0.000915998   0.001025452   0.001379250
CONNECTION : 7 - 7

# Geometry of TS 36, SYMMETRY = Cs  
Au	   0.931131555100	   0.385037582794	  -2.086705939339
Au	   0.803487363749	   1.953851993724	   0.951594477432
Au	  -0.780628418891	   2.451230875105	  -1.298751888299
Au	   0.406526429145	  -0.276944674267	   2.418506120518
Au	  -0.954358820313	   0.008110632829	  -0.044480068880
Au	  -0.963728434556	  -2.405761532242	   1.201622115963
Au	   0.557570325778	  -2.115524877939	  -1.141783817394
Energy    = -948.360174312000 (-948.360174312000 :    0.000000000000)
Spin(**2) =    0.752395156383
ZPVE      =    0.002582778707
Normal mode eigenvalues : nmode = 15
 -0.000021303   0.000008240   0.000009639   0.000094678   0.000104832
  0.000124555   0.000126430   0.000175281   0.000238487   0.000249793
  0.000392580   0.000592143   0.000678703   0.000695835   0.000969133
CONNECTION : 11 - 10

# Geometry of TS 37, SYMMETRY = C1  
Au	   1.035165542421	   0.449394519495	  -1.898184360840
Au	   1.158182423379	   1.443724990565	   0.717693382674
Au	  -0.842667237919	   2.422948923698	  -1.126158168312
Au	  -0.211144932901	   0.116442100366	   2.669708851524
Au	  -1.154391014564	  -0.048669404485	  -0.080344509863
Au	  -0.249173031133	  -2.230827168379	   1.210242368402
Au	   0.264028250727	  -2.153013961260	  -1.492956563592
Energy    = -948.359862542146 (-948.359862542146 :    0.000000000000)
Spin(**2) =    0.752921090360
ZPVE      =    0.002572747249
Normal mode eigenvalues : nmode = 15
 -0.000004143   0.000003099   0.000037537   0.000044647   0.000083957
  0.000120517   0.000149992   0.000208516   0.000218395   0.000356729
  0.000437969   0.000497346   0.000604277   0.000667086   0.000960196
CONNECTION : 10 - 14

# Geometry of TS 38, SYMMETRY = C1  
Au	   0.178723092176	   1.005705064338	  -0.305442702896
Au	  -2.516021489530	  -0.238292466673	   1.119463810263
Au	  -0.001191651927	   3.522214943007	  -0.789075302318
Au	   2.504849119689	  -0.303830529012	   0.948579589712
Au	   1.292742502513	  -1.514661420710	  -1.201319115017
Au	  -0.016986376025	  -1.213948983479	   1.391844647135
Au	  -1.442115196894	  -1.257186607475	  -1.164049926874
Energy    = -948.350456055970 (-948.350456055970 :    0.000000000000)
Spin(**2) =    0.752355569112
ZPVE      =    0.002519425910
Normal mode eigenvalues : nmode = 15
 -0.000024732   0.000004960   0.000006543   0.000023884   0.000055638
  0.000081255   0.000098484   0.000130649   0.000221761   0.000332312
  0.000370743   0.000566641   0.000678357   0.000896298   0.001258288
CONNECTION : 3 - 9

# Geometry of TS 39, SYMMETRY = Cs  
Au	   0.105346894044	   1.683728420529	   0.073920762356
Au	  -1.901538214407	   3.415803516126	   0.545527638891
Au	   0.630558048734	   4.310118937400	   0.123012074454
Au	   1.623709796841	  -0.477649741922	  -0.330397154235
Au	   0.306654722486	  -2.864496260808	  -0.216831862734
Au	  -1.207602712870	  -0.646198042796	   0.188760006500
Au	   0.442871465175	  -5.421306828524	  -0.383990465218
Energy    = -948.336276729616 (-948.336276729616 :    0.000000000000)
Spin(**2) =    0.753850874969
ZPVE      =    0.002595801664
Normal mode eigenvalues : nmode = 15
 -0.000004326   0.000001273   0.000005247   0.000014376   0.000033461
  0.000049158   0.000070190   0.000252637   0.000267928   0.000372018
  0.000425095   0.000537059   0.000641271   0.001297101   0.001338923
CONNECTION : 16 - 4

# Geometry of TS 40, SYMMETRY = C1  
Au	  -2.062762967085	  -1.679221375156	  -3.735435407154
Au	   0.587294387376	   2.243765067357	   1.387477259575
Au	   2.567011327718	   3.642099509453	   0.440317630777
Au	  -1.457943436002	   0.858760980412	   2.417935294699
Au	  -0.806170956546	  -1.709343999326	  -1.467120047637
Au	   0.248928496165	  -0.422900987385	   0.776342283630
Au	   0.923643148369	  -2.933159195376	   0.180483986122
Energy    = -948.327895778001 (-948.327895778001 :    0.000000000000)
Spin(**2) =    0.751256107335
ZPVE      =    0.002441150709
Normal mode eigenvalues : nmode = 15
 -0.000003083   0.000003621   0.000004746   0.000007109   0.000014875
  0.000029528   0.000032666   0.000177980   0.000229172   0.000275085
  0.000389489   0.000498209   0.000826169   0.001151693   0.001361355
CONNECTION : 2 - 2

# Geometry of TS 41, SYMMETRY = C1  
Au	   0.563738350937	   0.374860814474	  -2.760988145046
Au	  -1.349282892811	  -0.021530267235	   1.221119176164
Au	   0.049042954177	   1.891679892391	  -0.448164801617
Au	   1.141979962579	   1.029586703111	   1.859780451043
Au	   0.761955812813	  -1.064872196664	  -0.468302561585
Au	   0.634601707978	  -1.868024252886	   2.070632778938
Au	  -1.802035895661	  -0.341700693172	  -1.474075897911
Energy    = -948.359194718658 (-948.359194718658 :    0.000000000000)
Spin(**2) =    0.752545213178
ZPVE      =    0.002538387386
Normal mode eigenvalues : nmode = 15
 -0.000017112   0.000005594   0.000025711   0.000046263   0.000093452
  0.000114477   0.000133490   0.000159582   0.000239277   0.000268879
  0.000343050   0.000549192   0.000628395   0.000752614   0.001001099
CONNECTION : 9 - 8

# Geometry of TS 42, SYMMETRY = Cs  
Au	   3.440025158977	  -0.883878915307	   2.067587955940
Au	  -2.975037089243	  -2.759165120278	   0.652515339975
Au	  -0.592705536480	   3.184015333221	  -1.534530985188
Au	   1.531496267677	  -0.395460982908	   0.389975251806
Au	   0.268412143281	   0.532791768746	  -1.923614659693
Au	  -0.555334614043	   1.491456088273	   0.541853498313
Au	  -1.116856330158	  -1.169758171736	  -0.193785401143
Energy    = -948.328239820376 (-948.328239820376 :    0.000000000000)
Spin(**2) =    0.752310646419
ZPVE      =    0.002434994525
Normal mode eigenvalues : nmode = 15
 -0.000002712   0.000002630   0.000004354   0.000006957   0.000007906
  0.000093755   0.000115834   0.000177157   0.000199894   0.000224592
  0.000301846   0.000520378   0.000784991   0.001003144   0.001296858
CONNECTION : 5 - 5

# Geometry of TS 43, SYMMETRY = C2  
Au	  -0.756242985966	   0.071664946232	  -2.756899791256
Au	   1.087381001018	   0.930761025317	   1.280056773160
Au	   0.593982892638	   1.991742700425	  -1.154533710509
Au	  -1.174075664995	  -0.020399859702	   2.607502161107
Au	  -1.276397563381	   0.033449532958	  -0.098854631695
Au	   0.304793979353	  -2.014486288657	   1.224783873376
Au	   1.220558341337	  -0.992732056570	  -1.102053674180
Energy    = -948.358864301050 (-948.358864301050 :    0.000000000000)
Spin(**2) =    0.752304526217
ZPVE      =    0.002539234081
Normal mode eigenvalues : nmode = 15
 -0.000022915   0.000007862   0.000048044   0.000054503   0.000079032
  0.000089330   0.000169511   0.000173405   0.000218799   0.000240527
  0.000313931   0.000589669   0.000617293   0.000721292   0.000971890
CONNECTION : 8 - 8

# Geometry of TS 44, SYMMETRY = C1  
Au	   0.047471466929	   0.196302418690	  -2.497327223988
Au	  -1.214454963827	   2.268515495944	   1.147051261240
Au	   1.114498637937	   1.414554387981	  -0.326389618274
Au	   0.632891843664	   0.436324532140	   2.267487856724
Au	  -1.202344396747	  -0.195943051942	   0.050432207563
Au	   1.114028520094	  -1.760327600153	   0.767832327131
Au	  -0.492091108040	  -2.359426182638	  -1.409085810393
Energy    = -948.359825495202 (-948.359825495202 :    0.000000000000)
Spin(**2) =    0.752467422411
ZPVE      =    0.002589000759
Normal mode eigenvalues : nmode = 15
 -0.000015575   0.000005010   0.000035418   0.000055752   0.000100780
  0.000120723   0.000149935   0.000193566   0.000232819   0.000303240
  0.000344400   0.000581743   0.000635878   0.000694503   0.000980721
CONNECTION : 8 - 10

# Geometry of TS 45, SYMMETRY = C2v 
Au	  -1.405914839610	  -1.971600211995	  -1.076619168327
Au	   1.306392193639	   2.063490971493	   1.028482282840
Au	  -0.196164084399	   4.074911369793	   0.375869582046
Au	   0.286427086801	  -0.265018945898	   0.138778967163
Au	  -3.424094661106	  -0.726705882211	  -2.128587690421
Au	   2.603201153569	  -0.268510460772	   1.519337150854
Au	   0.830153151108	  -2.906566840427	   0.142739875841
Energy    = -948.335044998736 (-948.335044998736 :    0.000000000000)
Spin(**2) =    0.751733587345
ZPVE      =    0.002500001644
Normal mode eigenvalues : nmode = 15
 -0.000028433   0.000001870   0.000002705   0.000003851   0.000028432
  0.000034310   0.000042057   0.000195865   0.000201177   0.000340202
  0.000369810   0.000629765   0.000866502   0.001131951   0.001354065
CONNECTION : 11 - 2

# Geometry of TS 46, SYMMETRY = Cs  
Au	   0.300943810075	   1.552155041577	  -2.630509490386
Au	   1.868766078818	   1.377734837325	   0.849757254119
Au	   2.302790207760	   2.839016521661	  -1.338030292943
Au	  -3.407393915639	  -3.470656333884	   0.439434092180
Au	  -0.144727503620	   0.082211069788	  -0.454062686686
Au	   0.546342044471	  -0.541537580204	   2.221178908099
Au	  -1.466720721851	  -1.838923556253	   0.912233215613
Energy    = -948.346666096667 (-948.346666096667 :    0.000000000000)
Spin(**2) =    0.753119620082
ZPVE      =    0.002600409489
Normal mode eigenvalues : nmode = 15
 -0.000035334   0.000002446   0.000006468   0.000013443   0.000027599
  0.000039149   0.000083251   0.000225237   0.000324761   0.000380405
  0.000490910   0.000606619   0.000791328   0.000922405   0.001283174
CONNECTION : 4 - 7

# Geometry of TS 47, SYMMETRY = Cs  
Au	   0.898337683552	   0.555872852278	  -1.999151197678
Au	   2.182775140851	   0.690953584642	   0.682070666234
Au	  -0.348567931603	   1.739918373724	   0.261863131340
Au	  -2.579850229019	   0.299236054382	   1.095205279414
Au	  -1.338003398942	  -0.823525932376	  -1.098097805471
Au	  -0.029320964401	  -0.656664908260	   1.669517439919
Au	   1.214629699569	  -1.805790024366	  -0.611406513741
Energy    = -948.361832415856 (-948.361832415856 :    0.000000000000)
Spin(**2) =    0.752299895325
ZPVE      =    0.002592101532
Normal mode eigenvalues : nmode = 15
 -0.000052674   0.000015775   0.000039840   0.000098310   0.000098498
  0.000139434   0.000159472   0.000187356   0.000254601   0.000311354
  0.000381343   0.000404191   0.000613624   0.000723707   0.000794474
CONNECTION : 14 - 14

# Geometry of TS 48, SYMMETRY = C1  
Au	  -2.937911132016	  -0.210209793099	  -1.570490831475
Au	   1.184509119052	   1.396057428850	   1.016227162606
Au	   1.611535946690	   3.796553914141	   0.181765784988
Au	  -0.959303957589	  -0.149082272283	   0.225772027611
Au	  -0.896909441621	  -1.983495866502	  -1.899582495101
Au	   0.736331902858	  -0.956960823096	   2.286152106258
Au	   1.261747562625	  -1.892862588031	  -0.239842754877
Energy    = -948.349710072312 (-948.349710072312 :    0.000000000000)
Spin(**2) =    0.752405790643
ZPVE      =    0.002575586819
Normal mode eigenvalues : nmode = 15
 -0.000016008   0.000005156   0.000010233   0.000016004   0.000024589
  0.000080179   0.000132591   0.000176000   0.000257796   0.000350649
  0.000402997   0.000614270   0.000627145   0.000968996   0.001292708
CONNECTION : 7 - 9

# Geometry of TS 49, SYMMETRY = C1  
Au	  -2.199863127894	  -0.441615578556	  -2.553028753027
Au	   0.867893201768	   1.152428094405	   0.935415619971
Au	   2.048463010952	   3.418298194612	   0.556225957321
Au	  -1.628273313807	   0.750447552506	  -0.182847737785
Au	  -0.214208875204	  -1.498914294185	  -1.103347052934
Au	  -0.512834872509	  -1.044740988856	   1.726202281471
Au	   1.638823976703	  -2.335902979941	   0.621380684980
Energy    = -948.350978991498 (-948.350978991498 :    0.000000000000)
Spin(**2) =    0.752336208868
ZPVE      =    0.002575067100
Normal mode eigenvalues : nmode = 15
 -0.000028130   0.000001379   0.000006476   0.000014535   0.000029290
  0.000092338   0.000116007   0.000216129   0.000285232   0.000326476
  0.000380740   0.000556936   0.000687438   0.001092442   0.001191721
CONNECTION : 5 - 9

# Geometry of TS 50, SYMMETRY = Cs  
Au	   0.175177192301	  -0.006302220390	  -0.803373431983
Au	   0.285802440982	   0.928483658320	   1.773916473674
Au	   1.694955682435	   2.189737660343	  -0.397782916111
Au	  -1.271870229343	  -1.243532545428	   1.620586628517
Au	  -1.375662574083	  -2.161683505578	  -0.940617017054
Au	   1.782208487856	   3.096159538342	   2.186439205216
Au	  -1.290611000146	  -2.802862585612	  -3.439167942254
Energy    = -948.351470283000 (-948.351470283000 :    0.000000000000)
Spin(**2) =    0.752386907170
ZPVE      =    0.002654600317
Normal mode eigenvalues : nmode = 15
 -0.000010421   0.000002719   0.000028339   0.000029044   0.000031436
  0.000037813   0.000086469   0.000242677   0.000297257   0.000344028
  0.000434370   0.000544165   0.000944772   0.001055829   0.001189882
CONNECTION : 2 - 4

# Geometry of TS 51, SYMMETRY = C1  
Au	   0.173455677240	   0.216427613856	  -2.632157081248
Au	  -1.259633445089	   2.063459857439	   1.083864106701
Au	   0.907998796062	   1.854555243681	  -0.577032128717
Au	   0.667228166498	   0.360788606835	   1.992300762570
Au	  -0.766785936610	  -0.541100236946	  -0.115603345053
Au	   1.672686518517	  -1.962999087348	   2.510970803072
Au	  -1.394949776616	  -1.991131997493	  -2.262342117319
Energy    = -948.349408957516 (-948.349408957516 :    0.000000000000)
Spin(**2) =    0.752831571811
ZPVE      =    0.002541665193
Normal mode eigenvalues : nmode = 15
 -0.000023000   0.000003557   0.000009925   0.000012787   0.000024533
  0.000077247   0.000089904   0.000180858   0.000239044   0.000336563
  0.000458172   0.000584448   0.000640724   0.001038662   0.001212582
CONNECTION : 2 - 9

# Geometry of TS 52, SYMMETRY = C1  
Au	  -0.449766365851	   0.994143895550	  -1.112616771680
Au	   0.381307400091	   1.569362198044	   1.541581520410
Au	   1.318294729658	   2.941893001096	  -0.639645496072
Au	  -1.903713033729	   0.047170457087	   1.317737399557
Au	  -1.713232874441	  -1.398160244194	  -1.076686073482
Au	   0.571775178641	  -1.111304443264	   0.585753236435
Au	   1.795334965640	  -3.043104864319	  -0.616122815165
Energy    = -948.350905956214 (-948.350905956214 :    0.000000000000)
Spin(**2) =    0.752655172301
ZPVE      =    0.002596418286
Normal mode eigenvalues : nmode = 15
 -0.000023096   0.000005564   0.000013276   0.000028835   0.000057984
  0.000121151   0.000150236   0.000180991   0.000249805   0.000258649
  0.000371589   0.000562437   0.000654612   0.000996983   0.001153616
CONNECTION : 9 - 1

# Geometry of TS 53, SYMMETRY = C2v 
Au	   0.947646466344	  -0.335013836522	  -1.896919234660
Au	  -1.377817887063	   2.153249273531	   1.432405408067
Au	   0.767872330522	   1.951334074549	  -0.459412842607
Au	   0.920096430050	   0.495037742948	   1.875608104334
Au	  -1.333874809097	  -0.114197132477	   0.014955109161
Au	   1.099409215419	  -1.791200837042	   0.438249618543
Au	  -1.023331746170	  -2.359209284966	  -1.404885162847
Energy    = -948.357491550470 (-948.357491550470 :    0.000000000000)
Spin(**2) =    0.753292147744
ZPVE      =    0.002540218338
Normal mode eigenvalues : nmode = 15
 -0.000011585   0.000016659   0.000019821   0.000047841   0.000051561
  0.000096273   0.000116868   0.000160195   0.000182644   0.000368743
  0.000469521   0.000537911   0.000630818   0.000666040   0.001056131
CONNECTION : 13 - 13

# Geometry of TS 54, SYMMETRY = C1  
Au	  -1.239552059887	   0.719450181275	  -0.705027580938
Au	  -0.075834221934	   1.750751009831	   1.601767226022
Au	   1.599188910073	   2.249157989542	  -0.548599617732
Au	  -1.294346311647	  -0.688205888262	   1.812064830213
Au	  -0.044025560185	  -1.113050237880	  -2.325841426290
Au	   1.279616065430	  -0.337682104353	   0.078095587709
Au	  -0.225046821834	  -2.580420950155	   0.087541981016
Energy    = -948.360195801265 (-948.360195801265 :    0.000000000000)
Spin(**2) =    0.752247286813
ZPVE      =    0.002570803967
Normal mode eigenvalues : nmode = 15
 -0.000022842   0.000003653   0.000006985   0.000039514   0.000101002
  0.000137474   0.000149987   0.000201297   0.000280333   0.000322457
  0.000354761   0.000526471   0.000675132   0.000728612   0.000962011
CONNECTION : 8 - 3

# Geometry of TS 55, SYMMETRY = C2v 
Au	  -0.244383566389	   2.242450864414	  -4.085629229902
Au	  -0.150607744869	   1.947989145529	   1.230585776471
Au	  -0.188353523715	   1.977472301331	  -1.515824631786
Au	   0.074478901328	  -0.505466307773	   2.445191275339
Au	   0.029870742298	  -0.382213975200	  -0.241994602191
Au	   0.278714786203	  -2.697650593555	   3.798016936489
Au	   0.200280405142	  -2.582581434726	  -1.630344524413
Energy    = -948.322231838527 (-948.322231838527 :    0.000000000000)
Spin(**2) =    0.751348315652
ZPVE      =    0.002496566131
Normal mode eigenvalues : nmode = 15
 -0.000003579   0.000002003   0.000003822   0.000008449   0.000032864
  0.000035158   0.000043034   0.000083516   0.000256531   0.000338732
  0.000403389   0.000592284   0.000898409   0.001166697   0.001337550
CONNECTION : 4 - 4

# Geometry of TS 56, SYMMETRY = C1  
Au	   0.129689332705	   0.191085570615	  -2.559894714378
Au	  -1.223840516374	   2.077997427433	   1.232706848360
Au	   1.051004859706	   1.225407944411	  -0.245260785062
Au	   1.025689228550	   0.597258137209	   2.428771250556
Au	  -1.458616115103	  -0.152631652687	  -0.231051692978
Au	   0.926387827345	  -1.532847756124	   0.775336337477
Au	  -0.450314616827	  -2.406269670836	  -1.400606243976
Energy    = -948.359208977542 (-948.359208977542 :    0.000000000000)
Spin(**2) =    0.752855330513
ZPVE      =    0.002576024084
Normal mode eigenvalues : nmode = 15
 -0.000001348   0.000001922   0.000044131   0.000052343   0.000078895
  0.000115936   0.000140561   0.000180956   0.000218903   0.000283736
  0.000339682   0.000654639   0.000679053   0.000758950   0.000929182
CONNECTION : 17 - 8

# Geometry of TS 57, SYMMETRY = C2v 
Au	  -0.780020551714	   1.367816012931	  -1.178093987006
Au	   0.636192936807	   1.401816863418	   1.223321282971
Au	   1.009717870021	   3.342189752058	  -0.642957624006
Au	  -1.811702972733	  -0.000691473655	   1.068256549706
Au	  -0.761713350216	  -1.401882840965	  -1.149265842782
Au	   0.654111596446	  -1.367910272662	   1.252322309646
Au	   1.053414471390	  -3.341338041128	  -0.573581688529
Energy    = -948.358385638222 (-948.358385638222 :    0.000000000000)
Spin(**2) =    0.752683984559
ZPVE      =    0.002681176196
Normal mode eigenvalues : nmode = 15
 -0.000008493   0.000008799   0.000020380   0.000090293   0.000106470
  0.000135150   0.000167102   0.000199120   0.000271043   0.000295377
  0.000434605   0.000552656   0.000710863   0.000777529   0.000926036
CONNECTION : 1 - 1

# Geometry of TS 58, SYMMETRY = C1  
Au	  -1.980634627556	   1.517493592620	  -1.454435715060
Au	  -0.163406060055	   1.232776512034	   0.585831624850
Au	   0.689000196844	   2.282127241586	  -1.894943904152
Au	   2.208716123712	  -2.331706829435	   2.872303774424
Au	  -2.011444867194	  -0.832864007635	   0.016408325382
Au	   0.403663145613	  -1.450655286059	   1.222148001715
Au	   0.854106088650	  -0.417171223119	  -1.347311107162
Energy    = -948.337072472860 (-948.337072472860 :    0.000000000000)
Spin(**2) =    0.751410733373
ZPVE      =    0.002503356586
Normal mode eigenvalues : nmode = 15
 -0.000022142   0.000005144   0.000008091   0.000017795   0.000084240
  0.000112723   0.000133576   0.000171501   0.000227782   0.000311640
  0.000328086   0.000512034   0.000578257   0.000832477   0.001128758
CONNECTION : 3 - 3

# Geometry of TS 59, SYMMETRY = C1  
Au	  -0.119053854547	   0.716138306774	  -1.666874009018
Au	  -0.224964820503	   0.919066582491	   1.269776869502
Au	   1.463139910175	   2.432413760802	  -0.301921927983
Au	  -1.991619480793	  -1.087165834317	   1.432843968024
Au	  -1.870758776655	  -1.314832853005	  -1.591305781029
Au	   2.385354812886	  -0.044804810075	   0.855446172024
Au	   0.357902209447	  -1.620815152669	   0.002035708487
Energy    = -948.359212790581 (-948.359212790581 :    0.000000000000)
Spin(**2) =    0.752931928796
ZPVE      =    0.002568584085
Normal mode eigenvalues : nmode = 15
 -0.000002320   0.000001812   0.000025319   0.000061117   0.000065243
  0.000114569   0.000151443   0.000201034   0.000211171   0.000273383
  0.000350450   0.000659815   0.000684702   0.000764575   0.000935163
CONNECTION : 9 - 17

# Geometry of TS 60, SYMMETRY = C1  
Au	  -0.481063747981	  -0.005499447993	  -1.310553488279
Au	   1.212032915178	   1.128130526692	   0.811766637021
Au	   2.282940520009	  -0.508461037677	  -1.058186227968
Au	  -0.605918167050	  -0.834638201685	   1.504219542335
Au	   0.439116118152	  -2.498358349873	  -0.357258434972
Au	  -0.464394209054	   1.469917808548	   2.896282818437
Au	  -2.382713429273	   1.248908701977	  -2.486269846590
Energy    = -948.351840157880 (-948.351840157880 :    0.000000000000)
Spin(**2) =    0.752595636710
ZPVE      =    0.002584661951
Normal mode eigenvalues : nmode = 15
 -0.000016750   0.000000452   0.000008084   0.000018600   0.000061256
  0.000103670   0.000133848   0.000158897   0.000261508   0.000286964
  0.000389448   0.000594548   0.000690615   0.000992459   0.001273249
CONNECTION : 9 - 9

# Geometry of TS 61, SYMMETRY = C1  
Au	   2.071417121103	   0.937222227826	   0.277640162034
Au	  -2.225614920413	   3.566870356055	  -0.629050602604
Au	  -0.517808636550	   2.055014780459	   0.532414104123
Au	   0.046475746244	  -0.766581325847	   0.682418710224
Au	   0.770492323331	   1.013301564492	   2.751688600027
Au	   0.456384992086	  -2.275355157459	  -1.432719202821
Au	  -0.601346625790	  -4.530472445535	  -2.182390770980
Energy    = -948.313755478429 (-948.313755478429 :    0.000000000000)
Spin(**2) =    0.752987407312
ZPVE      =    0.002359473207
Normal mode eigenvalues : nmode = 15
 -0.000022689   0.000000932   0.000001964   0.000006801   0.000009890
  0.000013387   0.000082473   0.000128009   0.000189375   0.000195564
  0.000398118   0.000548765   0.000824032   0.001060554   0.001362082
CONNECTION : 9 - 18

# Geometry of TS 62, SYMMETRY = C1  
Au	   0.787787855329	   0.487385600940	  -1.490282716481
Au	  -0.167690497464	   2.563136854109	   0.002206525941
Au	  -0.636123287832	   4.985188221596	   0.726646121056
Au	   0.876280675542	   0.399048627735	   1.328635093564
Au	  -0.384796773885	  -1.927792935542	  -1.470155775261
Au	   0.279389988461	  -2.207637114509	   1.144992465521
Au	  -0.754847960151	  -4.299329254321	  -0.242040714340
Energy    = -948.340890598021 (-948.340890598021 :    0.000000000000)
Spin(**2) =    0.753909960088
ZPVE      =    0.002559451080
Normal mode eigenvalues : nmode = 15
 -0.000031352   0.000000751   0.000003916   0.000009969   0.000028957
  0.000036127   0.000135489   0.000183880   0.000315036   0.000323488
  0.000470654   0.000594074   0.000711459   0.001033298   0.001248710
CONNECTION : 4 - 4

# Geometry of TS 63, SYMMETRY = Cs  
Au	  -0.128920151289	   0.039052502946	  -1.908512534517
Au	   0.200576136779	   2.251250931063	  -0.320458570670
Au	   0.504698667407	   4.644782227643	   0.659631402572
Au	   0.061472893748	  -0.083123714169	   0.996337791109
Au	  -1.576230307899	  -1.975510592675	  -0.548481889616
Au	  -0.131526910146	  -2.638378968837	   1.854140132898
Au	   1.069929671397	  -2.238072385955	  -0.732655331780
Energy    = -948.334314911481 (-948.334314911481 :    0.000000000000)
Spin(**2) =    0.751935832194
ZPVE      =    0.002456793572
Normal mode eigenvalues : nmode = 15
 -0.000079326   0.000004486   0.000006057   0.000033304   0.000054887
  0.000056065   0.000115290   0.000146781   0.000157264   0.000295445
  0.000363848   0.000412856   0.000760897   0.000938680   0.001179463
CONNECTION : 3 - 3

# Geometry of TS 64, SYMMETRY = Cs  
Au	   0.974461025110	   1.047880505094	   1.131943803825
Au	  -1.979874217962	   3.911783975657	  -1.675887401209
Au	  -0.919811771031	   1.738506512180	  -0.786316310867
Au	   1.638564304691	  -1.548167022254	   1.560970768907
Au	  -0.220027168618	  -0.965480508253	  -0.330182617077
Au	   2.549506895303	  -3.860681026182	   2.277575194185
Au	  -2.042819067493	  -0.323842436234	  -2.178102437764
Energy    = -948.336368444248 (-948.336368444248 :    0.000000000000)
Spin(**2) =    0.752028898147
ZPVE      =    0.002573346924
Normal mode eigenvalues : nmode = 15
 -0.000016322   0.000001693   0.000007573   0.000022795   0.000039914
  0.000047524   0.000087921   0.000142129   0.000227049   0.000355501
  0.000441986   0.000533506   0.000826102   0.001138806   0.001286640
CONNECTION : 5 - 4

# Geometry of TS 65, SYMMETRY = Cs  
Au	   0.391346233512	   0.414421653907	  -1.446551935026
Au	  -0.005054214246	   2.351517085966	   0.361553389445
Au	   0.201345005811	   4.888054771856	  -0.072581379192
Au	  -0.297697247226	  -0.318592259754	   1.108634396601
Au	   0.150777740126	  -2.197645895421	  -0.902984877976
Au	  -0.947750758599	  -0.998960802917	   3.519586196514
Au	   0.507033240630	  -4.138794553620	  -2.567654790375
Energy    = -948.326610355796 (-948.326610355796 :    0.000000000000)
Spin(**2) =    0.751389463178
ZPVE      =    0.002487183754
Normal mode eigenvalues : nmode = 15
 -0.000000893   0.000003180   0.000005249   0.000008704   0.000025006
  0.000027756   0.000037867   0.000105067   0.000179582   0.000302481
  0.000469268   0.000596713   0.000977813   0.001165086   0.001324827
CONNECTION : 5 - 5

# Geometry of TS 66, SYMMETRY = C1  
Au	   0.339810375836	   1.304570954977	  -2.868609770645
Au	  -0.169321695653	   2.227079570154	  -0.333713051971
Au	   0.481777415533	   3.583054314164	   1.743891162313
Au	  -0.197088858777	  -0.548022252913	  -0.034762817752
Au	  -1.969354659947	   0.528251072293	  -1.775684033936
Au	  -0.255940223386	  -2.797416225845	   1.310227627602
Au	   1.770117646397	  -4.297517432819	   1.958651884391
Energy    = -948.314488378387 (-948.314488378387 :    0.000000000000)
Spin(**2) =    0.751779775618
ZPVE      =    0.002340719721
Normal mode eigenvalues : nmode = 15
 -0.000022639   0.000000752   0.000002180   0.000002921   0.000004934
  0.000018880   0.000024956   0.000117141   0.000227254   0.000257212
  0.000372163   0.000672424   0.000783992   0.001058632   0.001337077
CONNECTION : 5 - 18

# Geometry of TS 67, SYMMETRY = Cs  
Au	   2.333138879305	   1.790162839270	  -1.621274355977
Au	   0.417104935451	   3.101298844430	  -0.256253765649
Au	  -1.416388022102	   4.370482489807	   1.050117490634
Au	   0.478070791403	   0.341401313662	  -0.332257341473
Au	  -1.702572169540	  -2.524133570690	   1.170297690069
Au	   0.470052890796	  -2.280064450932	  -0.359612775091
Au	  -0.579407305308	  -4.799147465541	   0.348984057495
Energy    = -948.316675253918 (-948.316675253918 :    0.000000000000)
Spin(**2) =    0.753427387721
ZPVE      =    0.002427201069
Normal mode eigenvalues : nmode = 15
 -0.000017439   0.000001989   0.000002722   0.000006875   0.000014594
  0.000032427   0.000040113   0.000128474   0.000259609   0.000285968
  0.000395632   0.000543189   0.000880578   0.001032027   0.001323193
CONNECTION : 2 - 19

# Geometry of TS 68, SYMMETRY = C1  
Au	   2.253625919853	   2.024766700599	  -1.750125915099
Au	   0.254350286719	   3.065490526982	  -0.280669352425
Au	  -1.081428534892	   5.016024580863	   0.771097606662
Au	   0.906513805435	   0.336952060615	  -0.151494592491
Au	  -1.596131710684	  -3.619844369932	   1.747455011785
Au	  -0.097531648612	  -2.065514682216	   0.082622684405
Au	  -0.639398117823	  -4.757874816885	  -0.418884442835
Energy    = -948.316104354617 (-948.316104354617 :    0.000000000000)
Spin(**2) =    0.751296157952
ZPVE      =    0.002323739094
Normal mode eigenvalues : nmode = 15
 -0.000022142   0.000000296   0.000001273   0.000003109   0.000008178
  0.000024560   0.000025895   0.000114480   0.000217981   0.000260592
  0.000339211   0.000548810   0.000833627   0.001104375   0.001334458
CONNECTION : 19 - 2

# Geometry of TS 69, SYMMETRY = Cs  
Au	  -0.182651563479	   1.331277658063	  -0.035190409587
Au	  -1.544569549029	   5.975420151830	   1.031440248119
Au	  -0.486224158828	   3.926066608420	  -0.182905366594
Au	   1.415222036455	  -0.826236048802	   0.513374936449
Au	   0.631589583128	  -3.344098720935	  -0.198492224936
Au	  -0.872853141620	  -1.175225759885	  -0.901009270679
Au	   1.039486793378	  -5.887203888694	  -0.227216912764
Energy    = -948.316949590613 (-948.316949590613 :    0.000000000000)
Spin(**2) =    0.751624283068
ZPVE      =    0.002398862355
Normal mode eigenvalues : nmode = 15
 -0.000005845   0.000000246   0.000001074   0.000006272   0.000011425
  0.000032746   0.000035675   0.000095093   0.000238747   0.000334860
  0.000354730   0.000609248   0.000807603   0.001195680   0.001275358
CONNECTION : 20 - 20

# Geometry of TS 70, SYMMETRY = C1  
Au	   0.215335779298	   2.002436759282	  -2.263931689414
Au	   2.477344747368	   1.485228565553	  -0.948065836699
Au	   0.180867997031	   1.261268012194	   0.554165948528
Au	  -0.993395144847	  -0.456892267085	   2.145027494854
Au	   0.624967279732	  -0.667951543722	  -1.400776330416
Au	  -2.645244203789	  -0.585251684282	   4.152500985853
Au	   0.140123545198	  -3.038837841951	  -2.238919572712
Energy    = -948.314227212182 (-948.314227212182 :    0.000000000000)
Spin(**2) =    0.751807726886
ZPVE      =    0.002328125039
Normal mode eigenvalues : nmode = 15
 -0.000011908   0.000001504   0.000003406   0.000006248   0.000008775
  0.000013043   0.000063835   0.000122726   0.000130912   0.000233907
  0.000338854   0.000553097   0.000832944   0.001124585   0.001334399
CONNECTION : 18 - 2

# Geometry of TS 71, SYMMETRY = Cs  
Au	   0.082260821652	   2.018155430405	  -1.910773156547
Au	   2.354854263077	   1.303727687251	  -0.698644733030
Au	  -0.087168246553	   0.519008365876	   0.470059161223
Au	  -1.459028226116	  -0.479088107772	   2.451960774764
Au	   0.816721801886	  -0.693173472841	  -1.938773289052
Au	  -2.443379776928	   0.291555672413	   4.747341376185
Au	   0.735739362975	  -2.960185575345	  -3.121169133555
Energy    = -948.315874170679 (-948.315874170679 :    0.000000000000)
Spin(**2) =    0.751400386566
ZPVE      =    0.002373526939
Normal mode eigenvalues : nmode = 15
 -0.000007246   0.000001975   0.000002736   0.000010713   0.000011590
  0.000022538   0.000096382   0.000127205   0.000161110   0.000227583
  0.000230741   0.000606739   0.000812697   0.001129966   0.001396731
CONNECTION : 18 - 18

# Geometry of TS 72, SYMMETRY = Cs  
Au	  -0.310586356740	   1.467764850190	   0.139871740372
Au	  -1.486254494567	   3.893978383184	   0.495339675801
Au	   1.159510212827	   3.693336139017	  -0.018869190585
Au	   1.117711432263	  -0.740495724602	  -0.252460585049
Au	  -0.312518693854	  -2.987122167863	  -0.104280279410
Au	  -1.835367806683	  -0.745310699909	   0.309917866228
Au	   1.667505706755	  -4.582150780002	  -0.569518227344
Energy    = -948.332791320122 (-948.332791320122 :    0.000000000000)
Spin(**2) =    0.753884139732
ZPVE      =    0.002541150582
Normal mode eigenvalues : nmode = 15
 -0.000020550   0.000000859   0.000001820   0.000012141   0.000026684
  0.000035289   0.000054089   0.000206612   0.000274018   0.000331496
  0.000537967   0.000599385   0.000708197   0.001114559   0.001293234
CONNECTION : 4 - 2

# Geometry of TS 73, SYMMETRY = Cs  
Au	   1.946312128153	   1.059498850809	  -1.288843044264
Au	   0.659081587291	   3.262307813810	  -0.398037643762
Au	  -0.621857855831	   5.320233051727	   0.486428075055
Au	  -0.280208705230	   0.741046075169	   0.198203635808
Au	  -1.739137397885	  -4.023981266169	   1.110870911700
Au	  -0.372450116700	  -1.861386837712	   0.225079120620
Au	   0.408260360204	  -4.497717687617	  -0.333700055151
Energy    = -948.319369333276 (-948.319369333276 :    0.000000000000)
Spin(**2) =    0.752530037699
ZPVE      =    0.002451319738
Normal mode eigenvalues : nmode = 15
 -0.000003806   0.000001143   0.000005139   0.000005411   0.000009567
  0.000034175   0.000050111   0.000136874   0.000257963   0.000280762
  0.000363882   0.000619173   0.000804671   0.001178118   0.001330340
CONNECTION : 19 - 4

# Geometry of TS 74, SYMMETRY = Cs  
Au	  -0.126399141665	   1.404485838900	   0.384629741223
Au	  -1.882000966702	   3.344042117826	  -0.210513845591
Au	   0.771629659331	   3.702738912387	  -0.668975457321
Au	   1.698424671947	  -0.473811640938	   0.962424166225
Au	   0.291536366266	  -2.477836998444	  -0.270130569853
Au	  -1.103258955697	  -0.856729463787	   1.445006936109
Au	   0.350068366524	  -4.642888765923	  -1.642439970779
Energy    = -948.335102710457 (-948.335102710457 :    0.000000000000)
Spin(**2) =    0.753953858391
ZPVE      =    0.002593307889
Normal mode eigenvalues : nmode = 15
 -0.000001426   0.000003295   0.000008344   0.000011953   0.000033272
  0.000047451   0.000089431   0.000240606   0.000293171   0.000307029
  0.000400263   0.000548224   0.000621466   0.001281066   0.001359529
CONNECTION : 15 - 16

# Geometry of TS 75, SYMMETRY = Cs  
Au	  -0.555500841205	   1.320183824549	  -0.113011092836
Au	  -0.345922179279	   5.454021985470	   1.004822690137
Au	  -1.652848593623	   3.687415249958	  -0.392778825655
Au	   1.317825574163	  -0.518506206078	   0.877916686275
Au	   1.010723297390	  -3.107295950140	   0.042851803552
Au	  -0.730078950141	  -1.229943497141	  -0.839234874856
Au	   0.955801692711	  -5.605875406614	  -0.580565386607
Energy    = -948.317856890074 (-948.317856890074 :    0.000000000000)
Spin(**2) =    0.752399184344
ZPVE      =    0.002426899774
Normal mode eigenvalues : nmode = 15
 -0.000005916   0.000000983   0.000001915   0.000004390   0.000014185
  0.000032385   0.000038023   0.000086509   0.000267392   0.000311068
  0.000490952   0.000571336   0.000821660   0.001143168   0.001247124
CONNECTION : 16 - 20

# Geometry of TS 76, SYMMETRY = C1  
Au	   2.258558797905	   1.412662555301	   0.914689761447
Au	  -2.330199478479	   3.447376048709	  -0.528355262884
Au	  -0.455699403267	   2.014753346927	   0.465763998020
Au	   0.683138529285	  -0.558904430056	  -0.079776854480
Au	   0.370295855630	   0.437592145015	   2.608820223795
Au	   0.445468845250	  -2.321716656603	  -1.994015247675
Au	  -0.971563146319	  -4.431763009300	  -1.387125618226
Energy    = -948.316515310438 (-948.316515310438 :    0.000000000000)
Spin(**2) =    0.752067488568
ZPVE      =    0.002400711483
Normal mode eigenvalues : nmode = 15
 -0.000003826   0.000001151   0.000006206   0.000007796   0.000011097
  0.000020888   0.000089329   0.000135813   0.000176950   0.000222887
  0.000360822   0.000590375   0.000783091   0.001081179   0.001387257
CONNECTION : 15 - 18

# Geometry of TS 77, SYMMETRY = C2v 
Au	   1.427485399996	   1.825656633921	  -0.377967764448
Au	  -0.626117144958	   0.604305070597	   1.205264978759
Au	  -1.081423309359	   1.552385403810	  -1.407831232937
Au	   2.025348814389	  -0.345464354896	   1.157897755104
Au	   0.499087611997	  -0.767292212536	  -1.171646027622
Au	  -2.398118681486	   0.121247366464	   2.992587240425
Au	   0.153737309409	  -2.990837907371	  -2.398303949308
Energy    = -948.336535001139 (-948.336535001139 :    0.000000000000)
Spin(**2) =    0.751204458312
ZPVE      =    0.002523261254
Normal mode eigenvalues : nmode = 15
 -0.000009600   0.000001025   0.000007048   0.000023568   0.000058988
  0.000065210   0.000141994   0.000176750   0.000178896   0.000234710
  0.000251222   0.000617976   0.000655129   0.001167141   0.001355054
CONNECTION : 9 - 9

# Geometry of TS 78, SYMMETRY = C1  
Au	   1.180578976264	   0.702442753320	   0.720891880791
Au	  -0.759101097810	  -0.934156379204	   1.753783753172
Au	  -1.455116932172	   0.555582340883	  -0.453382117226
Au	   3.486967235065	   1.850098073970	   0.697398506062
Au	   0.300409857841	  -1.531820722458	  -0.788873989995
Au	  -2.891327918411	   1.942825380369	   1.215239311848
Au	   0.137589879227	  -2.584971446883	  -3.145056344662
Energy    = -948.324259233464 (-948.324259233464 :    0.000000000000)
Spin(**2) =    0.751652649278
ZPVE      =    0.002380565667
Normal mode eigenvalues : nmode = 15
 -0.000028379   0.000000931   0.000002245   0.000005051   0.000007674
  0.000011573   0.000080170   0.000152258   0.000175202   0.000242080
  0.000333342   0.000602255   0.000936578   0.001055305   0.001326351
CONNECTION : 22 - 9

# Geometry of TS 79, SYMMETRY = Cs  
Au	   1.919267239300	   0.359356943799	   0.229275581600
Au	  -0.040501869749	  -0.383774647264	   1.956625909631
Au	  -1.927794119292	   0.357970694231	   0.149877952736
Au	   3.987799274411	   1.845474041428	   0.656382283085
Au	   0.011694892735	  -1.499281276589	  -0.550524103095
Au	  -4.013297513204	   1.842557399958	   0.490848922900
Au	   0.062832095787	  -2.522303155581	  -2.932485546862
Energy    = -948.323262777724 (-948.323262777724 :    0.000000000000)
Spin(**2) =    0.751277820691
ZPVE      =    0.002434902694
Normal mode eigenvalues : nmode = 15
 -0.000004598   0.000003748   0.000005725   0.000008279   0.000014596
  0.000023591   0.000026173   0.000172911   0.000222485   0.000255264
  0.000390807   0.000504609   0.000951059   0.001098951   0.001343509
CONNECTION : 22 - 5

# Geometry of TS 80, SYMMETRY = Cs  
Au	   0.127298239459	   1.270383726600	   0.380785894772
Au	  -1.387337662000	   5.896627125780	   0.323043957275
Au	  -1.351308251387	   3.356696006661	  -0.221682099023
Au	   1.835387825602	  -0.836623123669	   1.145808453239
Au	   1.129211480465	  -3.272618378167	   0.080285043788
Au	  -0.384073585756	  -1.160551804972	  -0.540835130391
Au	   0.030821953626	  -5.253913552250	  -1.167405119651
Energy    = -948.317993284648 (-948.317993284648 :    0.000000000000)
Spin(**2) =    0.752564027007
ZPVE      =    0.002387287729
Normal mode eigenvalues : nmode = 15
 -0.000008284   0.000000788   0.000001329   0.000006565   0.000014679
  0.000021216   0.000030585   0.000071550   0.000251683   0.000302604
  0.000442800   0.000670966   0.000845545   0.001133184   0.001147559
CONNECTION : 5 - 20

# Geometry of TS 81, SYMMETRY = C1  
Au	   1.516566903047	   1.695552709552	  -2.425424810854
Au	   0.797977784357	   3.434150247780	  -0.499565959782
Au	   0.085110078725	   5.061074886188	   1.381433257694
Au	   0.251487649602	   0.750044502910	  -0.261723005003
Au	  -1.065888215526	  -5.688861807571	   0.349584050306
Au	  -0.215177045018	  -1.808787294137	  -0.135661653518
Au	  -1.370077155186	  -3.443173244710	   1.591359121153
Energy    = -948.311909691347 (-948.311909691347 :    0.000000000000)
Spin(**2) =    0.752101697381
ZPVE      =    0.002378593084
Normal mode eigenvalues : nmode = 15
 -0.000009997   0.000001039   0.000001175   0.000005049   0.000012059
  0.000025765   0.000029565   0.000038472   0.000223554   0.000285598
  0.000469275   0.000674727   0.000922800   0.001033892   0.001335826
CONNECTION : 7 - 19

# Geometry of TS 82, SYMMETRY = Cs  
Au	   0.850600363912	   0.356122224095	  -1.212701777544
Au	   0.405483393518	   2.740411997906	   0.078197212131
Au	  -0.179014499171	   4.807773512865	   1.500929895006
Au	   1.865085421880	   2.644328444506	  -2.180966993682
Au	  -0.325382563940	  -1.570295628734	   0.096921654417
Au	  -2.027748086636	  -4.787917149541	   1.888859085959
Au	  -0.589024029576	  -4.190423401071	  -0.171238076290
Energy    = -948.310912929757 (-948.310912929757 :    0.000000000000)
Spin(**2) =    0.751706657905
ZPVE      =    0.002349804123
Normal mode eigenvalues : nmode = 15
 -0.000009775   0.000000727   0.000000828   0.000004091   0.000008263
  0.000021861   0.000023353   0.000044900   0.000222811   0.000283081
  0.000445889   0.000661844   0.000931994   0.001038301   0.001327632
CONNECTION : 5 - 2

# Geometry of TS 83, SYMMETRY = C1  
Au	   1.189680663525	   0.671590345476	   1.294224686206
Au	  -0.476183643661	  -1.504233635367	   1.682299102191
Au	  -1.471288902360	   0.602443203619	   0.248921002124
Au	   3.409126968471	   1.326448511249	   0.125580374780
Au	   0.671388630296	  -0.965573542458	  -0.836490420542
Au	  -3.427750335995	   2.280381327614	   0.380321443568
Au	   0.105026619732	  -2.411056210132	  -2.894855188338
Energy    = -948.326164856935 (-948.326164856935 :    0.000000000000)
Spin(**2) =    0.751094464559
ZPVE      =    0.002412745613
Normal mode eigenvalues : nmode = 15
 -0.000022201   0.000002262   0.000005345   0.000006933   0.000008527
  0.000016274   0.000097274   0.000137178   0.000206808   0.000219029
  0.000344084   0.000534010   0.000978532   0.001066728   0.001315260
CONNECTION : 22 - 9

# Geometry of TS 84, SYMMETRY = Cs  
Au	   2.440463620109	   1.414795791659	  -0.973231601632
Au	   0.620982374263	   3.322626451281	  -0.447642186490
Au	  -1.185342735784	   5.095174813857	   0.082114225931
Au	   0.024576497078	   0.647471105852	  -0.052785601667
Au	  -0.359946874784	  -4.196092902444	   1.806882524860
Au	  -0.301938861395	  -1.918397529236	   0.237185382378
Au	  -1.238794019484	  -4.365577730961	  -0.652521743375
Energy    = -948.319026094382 (-948.319026094382 :    0.000000000000)
Spin(**2) =    0.752130518359
ZPVE      =    0.002453706298
Normal mode eigenvalues : nmode = 15
 -0.000000546   0.000000978   0.000002586   0.000011567   0.000017919
  0.000033717   0.000043719   0.000138487   0.000237083   0.000280886
  0.000343687   0.000588060   0.000872613   0.001150233   0.001347230
CONNECTION : 19 - 19

# Geometry of TS 85, SYMMETRY = Cs  
Au	   1.440900387835	   0.416013591376	   0.498419127934
Au	  -0.171995995170	  -1.298128543698	   1.917790620276
Au	  -1.438012079778	   0.560437803468	   0.337583971719
Au	   3.486066899976	   1.963092001561	   0.854790887454
Au	  -0.036858426353	  -1.624305595232	  -0.790528635456
Au	  -3.348394028025	   2.302570788882	   0.472429135230
Au	   0.068293241516	  -2.319680046358	  -3.290484107160
Energy    = -948.327225529453 (-948.327225529453 :    0.000000000000)
Spin(**2) =    0.751253676850
ZPVE      =    0.002397658600
Normal mode eigenvalues : nmode = 15
 -0.000012235   0.000004832   0.000005634   0.000006981   0.000009858
  0.000012328   0.000124473   0.000137251   0.000217727   0.000237950
  0.000240313   0.000512763   0.000959859   0.000978816   0.001399154
CONNECTION : 22 - 22

# Geometry of TS 86, SYMMETRY = C1  
Au	   1.858431051417	   1.492710949263	   0.340485397989
Au	  -2.141040228899	   4.265198326288	  -0.227100366584
Au	  -0.696837646694	   2.405760214594	   0.787653793318
Au	   0.675710531590	  -0.896616166321	   0.064239339476
Au	   0.383193876823	   0.528767690155	   2.464055993861
Au	   0.703692492236	  -2.826006306821	  -1.696431682045
Au	  -0.783150076468	  -4.969814707160	  -1.732901476007
Energy    = -948.313225904625 (-948.313225904625 :    0.000000000000)
Spin(**2) =    0.752205684750
ZPVE      =    0.002397438838
Normal mode eigenvalues : nmode = 15
 -0.000006831   0.000001462   0.000001929   0.000005833   0.000017788
  0.000017977   0.000033187   0.000136751   0.000230148   0.000306923
  0.000380608   0.000522968   0.000798762   0.001160511   0.001324731
CONNECTION : 20 - 18

# Geometry of TS 87, SYMMETRY = Cs  
Au	  -0.408040069191	   0.915589029118	  -0.380560099973
Au	  -1.366414413055	   5.306957911961	   0.168946597184
Au	  -0.370533020882	   3.131531007645	   1.136157923414
Au	   0.570320052384	  -1.395310655971	   0.455136479242
Au	   0.695252155079	   0.832025538102	   2.190411119399
Au	   0.234478192185	  -3.150998939958	  -1.472816662259
Au	   0.644937103488	  -5.639793890899	  -2.097274357011
Energy    = -948.318033965490 (-948.318033965490 :    0.000000000000)
Spin(**2) =    0.752332004646
ZPVE      =    0.002402809128
Normal mode eigenvalues : nmode = 15
 -0.000002392   0.000002171   0.000005403   0.000007867   0.000010437
  0.000015460   0.000036338   0.000074562   0.000235524   0.000319670
  0.000470596   0.000598768   0.000848222   0.001123263   0.001205509
CONNECTION : 5 - 20

# Geometry of TS 88, SYMMETRY = C1  
Au	  -0.982045296732	   3.901376534752	   2.009221640195
Au	  -2.976207592753	   2.640432358408	   0.872503480505
Au	  -0.378440625629	   1.800183434743	   0.343612371731
Au	   2.800572563351	  -1.746571636014	  -1.917253660414
Au	   0.577926698857	  -2.290787677211	  -0.484874912351
Au	   1.393245659552	   0.299585098451	  -0.837235518056
Au	  -0.435051406641	  -4.604218113122	   0.014027598396
Energy    = -948.319338282906 (-948.319338282906 :    0.000000000000)
Spin(**2) =    0.751659738911
ZPVE      =    0.002443064089
Normal mode eigenvalues : nmode = 15
 -0.000000192   0.000000589   0.000002782   0.000010201   0.000014545
  0.000034301   0.000044148   0.000135512   0.000235733   0.000276664
  0.000356504   0.000559284   0.000873989   0.001168990   0.001351203
CONNECTION : 21 - 2

# Geometry of TS 89, SYMMETRY = C1  
Au	  -0.607037274217	   4.646799027966	   1.461417437509
Au	  -2.894422068159	   3.645021194394	   0.656707675364
Au	  -0.764891068298	   1.961166613958	   0.513586203177
Au	   1.336088104487	  -2.133390352096	  -1.894471066854
Au	   0.849615430987	  -2.974071791948	   0.595211045729
Au	   0.097313506784	  -0.418765984264	  -0.122987882270
Au	   1.983333368415	  -4.726758708005	  -1.209462412664
Energy    = -948.313289446951 (-948.313289446951 :    0.000000000000)
Spin(**2) =    0.753407551839
ZPVE      =    0.002286498330
Normal mode eigenvalues : nmode = 15
 -0.000236702   0.000000662   0.000001517   0.000005615   0.000009876
  0.000028556   0.000077147   0.000081049   0.000180553   0.000235051
  0.000318198   0.000543411   0.000834474   0.000929124   0.001244086
CONNECTION : 2 - 2

# Geometry of TS 90, SYMMETRY = Cs  
Au	   1.316754097485	   1.237514078825	  -0.295296184990
Au	   0.711935665747	  -0.681965897912	   1.541549193461
Au	  -1.388325367760	   0.752434762930	   0.327641426384
Au	   3.031042536745	   0.763230047079	   1.795466818646
Au	   0.062720474275	  -1.129071621039	  -1.160631405504
Au	  -3.627550168830	   1.947064476041	   0.843383606668
Au	  -0.106577237654	  -2.889205845919	  -3.052112454671
Energy    = -948.327882665969 (-948.327882665969 :    0.000000000000)
Spin(**2) =    0.752309750115
ZPVE      =    0.002403094887
Normal mode eigenvalues : nmode = 15
 -0.000004667   0.000000468   0.000003522   0.000004383   0.000005461
  0.000104789   0.000119895   0.000185257   0.000189137   0.000211142
  0.000251262   0.000539871   0.000811216   0.000981217   0.001313134
CONNECTION : 5 - 5

# Geometry of TS 91, SYMMETRY = Cs  
Au	   1.596720112203	  -0.370172445741	   0.325772745082
Au	  -1.038560111842	   3.594944222807	  -1.322912961757
Au	  -0.293336681806	   1.776323272896	   0.323620840111
Au	  -1.051800728274	  -0.915820413222	   0.919946284501
Au	   0.492085565120	   0.530954625620	   2.680074079223
Au	  -1.151468960665	  -2.573021846540	  -1.173934565764
Au	   1.446360805269	  -2.043207415835	  -1.752565421393
Energy    = -948.345843578750 (-948.345843578750 :    0.000000000000)
Spin(**2) =    0.753290540215
ZPVE      =    0.002581925695
Normal mode eigenvalues : nmode = 15
 -0.000038410   0.000002555   0.000003488   0.000013239   0.000015339
  0.000105565   0.000132533   0.000213639   0.000218362   0.000363510
  0.000461171   0.000584073   0.000711607   0.000920936   0.001335130
CONNECTION : 9 - 9

# Geometry of TS 92, SYMMETRY = Cs  
Au	  -2.008674836674	   3.603122733787	   2.286502723122
Au	  -0.754046942499	   3.686305362292	  -0.061876017641
Au	  -0.872016647019	   1.294729659814	   1.101333476377
Au	   1.739063221552	  -1.349050701523	  -2.677497449415
Au	   0.786910559592	  -2.544187963738	  -0.449875218218
Au	   0.442303045219	   0.159537086213	  -0.877376862860
Au	   0.666461599839	  -4.850456176843	   0.678790348638
Energy    = -948.315520240590 (-948.315520240590 :    0.000000000000)
Spin(**2) =    0.751946783747
ZPVE      =    0.002387849917
Normal mode eigenvalues : nmode = 15
 -0.000019149   0.000000541   0.000000577   0.000007341   0.000012501
  0.000031247   0.000043461   0.000127226   0.000224272   0.000283108
  0.000396115   0.000492518   0.000910364   0.001025449   0.001339996
CONNECTION : 2 - 2

# Geometry of TS 93, SYMMETRY = C2v 
Au	   1.193536508602	   2.442153316653	  -1.577159907450
Au	  -0.342974707264	   2.983758090284	   0.922769910947
Au	   0.768876468547	   4.901418312241	  -0.589610030899
Au	   0.077250962785	   0.496403895494	  -0.060692001009
Au	  -1.372647712038	  -4.149008072951	   1.643066018069
Au	  -0.322749278010	  -2.046197320845	   0.248618269335
Au	  -0.001292242616	  -4.628528220866	  -0.586991258985
Energy    = -948.316999914891 (-948.316999914891 :    0.000000000000)
Spin(**2) =    0.753288220837
ZPVE      =    0.002407351423
Normal mode eigenvalues : nmode = 15
 -0.000012448   0.000002377   0.000003350   0.000003879   0.000012198
  0.000042693   0.000046274   0.000157444   0.000243542   0.000311839
  0.000438249   0.000497403   0.000796840   0.000833210   0.001387658
CONNECTION : 2 - 2

# Geometry of TS 94, SYMMETRY = Cs  
Au	   2.290666383938	   1.670652097468	   0.630182064041
Au	  -2.488936781246	   3.174451515944	  -0.633121683449
Au	  -0.469311344380	   2.036040207382	   0.448719989934
Au	   0.717452753014	  -0.626807675955	   0.296488756492
Au	   0.745262421643	   0.865399692751	   2.671007646410
Au	   0.391956079467	  -2.941351343896	  -0.864887260522
Au	  -1.187089512430	  -4.178384493696	  -2.548388512902
Energy    = -948.314694454601 (-948.314694454601 :    0.000000000000)
Spin(**2) =    0.751658832647
ZPVE      =    0.002349120880
Normal mode eigenvalues : nmode = 15
 -0.000015022   0.000001631   0.000002318   0.000009039   0.000012754
  0.000021717   0.000074358   0.000101210   0.000159639   0.000220500
  0.000285511   0.000585023   0.000800650   0.001135173   0.001392438
CONNECTION : 18 - 18

# Geometry of TS 95, SYMMETRY = C2  
Au	  -2.125233634646	   1.745610951665	   1.916478285859
Au	  -0.765674730161	   3.256489439377	   0.195109101080
Au	  -0.337610498097	   0.583133398151	   0.247191947030
Au	   3.001484840637	   0.781168094026	  -3.085790663955
Au	   0.073738981460	  -2.070454339016	   0.346464905057
Au	   1.429590655041	  -0.529421700922	  -1.444000273682
Au	  -1.276295614220	  -3.766525843269	   1.824547698619
Energy    = -948.325710923092 (-948.325710923092 :    0.000000000000)
Spin(**2) =    0.752284614680
ZPVE      =    0.002398317170
Normal mode eigenvalues : nmode = 15
 -0.000005583   0.000001960   0.000002308   0.000003688   0.000006631
  0.000010303   0.000049486   0.000170167   0.000209006   0.000238063
  0.000478210   0.000623076   0.000778788   0.001008723   0.001421807
CONNECTION : 7 - 7
