List of Equilibrium Structures

# Geometry of EQ 0, SYMMETRY = C2v 
Au	   0.000000000000	   1.334880000000	  -1.077040000000
Au	   0.000000000000	   2.728708000000	   1.342317000000
Au	   0.000000000000	   4.077954000000	  -0.978372000000
Au	  -0.000000000000	   0.000000000000	   1.426191000000
Au	  -0.000000000000	  -1.334880000000	  -1.077040000000
Au	  -0.000000000000	  -2.728708000000	   1.342317000000
Au	  -0.000000000000	  -4.077954000000	  -0.978372000000
Energy    = -948.356648578274 (-948.356648578274 :    0.000000000000)
Spin(**2) =    0.752689630845
ZPVE      =    0.002737306286
Normal mode eigenvalues : nmode = 15
  0.000009078   0.000012838   0.000024808   0.000056424   0.000057061
  0.000066451   0.000166635   0.000216805   0.000262258   0.000297669
  0.000498798   0.000645366   0.000797991   0.000837507   0.001085011

# Geometry of EQ 1, SYMMETRY = C2  
Au	  -0.376697251956	   0.921768752081	  -1.097803473418
Au	   0.254383742615	   1.668916521173	   1.591986667132
Au	   1.364682206823	   2.894727482157	  -0.623511341477
Au	  -1.956143071759	  -0.000296687697	   1.155477916406
Au	  -1.271144986375	  -1.669080363624	  -0.991467434800
Au	   0.779540034210	  -0.921932048579	   0.860065313597
Au	   1.205379326446	  -2.894103655513	  -0.894746647439
Energy    = -948.360361097559 (-948.360361097559 :    0.000000000000)
Spin(**2) =    0.752901777904
ZPVE      =    0.002682591337
Normal mode eigenvalues : nmode = 15
  0.000004289   0.000005600   0.000037992   0.000038954   0.000107493
  0.000139781   0.000191724   0.000224514   0.000237085   0.000311442
  0.000366265   0.000483998   0.000685945   0.000922298   0.000927906

# Geometry of EQ 2, SYMMETRY = Cs  
Au	   0.027217720873	   1.005969445063	  -2.914458024578
Au	   0.000291971821	   3.064401539510	   2.024223242572
Au	   0.013636641910	   2.015921548505	  -0.444581587022
Au	  -0.012212150466	   0.371515698999	   1.870810058197
Au	   0.002842065578	  -0.741384367147	  -0.874714795196
Au	  -0.022321106899	  -2.271888238454	   1.410069679627
Au	  -0.009455142813	  -3.444535626464	  -1.071347573600
Energy    = -948.382310920632 (-948.382310920632 :    0.000000000000)
Spin(**2) =    0.751887463774
ZPVE      =    0.002824648458
Normal mode eigenvalues : nmode = 15
  0.000006781   0.000030114   0.000044205   0.000051527   0.000051940
  0.000083891   0.000146497   0.000207632   0.000269382   0.000401993
  0.000465258   0.000508381   0.000800736   0.001044898   0.001238951

# Geometry of EQ 3, SYMMETRY = C2v 
Au	   1.069949920247	   1.352716905763	   0.191716772507
Au	  -1.595938396441	   0.554883860945	  -0.398830433789
Au	  -0.862874588774	   3.133921855481	  -0.340785383355
Au	   2.615672978805	  -0.796301979963	   0.651776286283
Au	   0.630193434076	  -1.124193554100	  -1.317465617223
Au	  -0.045397040632	  -0.998479078568	   1.548304270508
Au	  -1.811606307276	  -2.122548009562	  -0.334714894928
Energy    = -948.374295824739 (-948.374295824739 :    0.000000000000)
Spin(**2) =    0.751951327894
ZPVE      =    0.002750326904
Normal mode eigenvalues : nmode = 15
  0.000016461   0.000022953   0.000046472   0.000057845   0.000110989
  0.000135658   0.000156502   0.000190198   0.000270792   0.000307807
  0.000372543   0.000408597   0.000654174   0.000913642   0.001141019

# Geometry of EQ 4, SYMMETRY = Cs  
Au	  -0.072061443018	   0.706653632670	  -2.063264480640
Au	   0.004290194642	   2.681066357631	  -0.185088770722
Au	   0.057834602253	   4.933487019881	   1.059171557309
Au	   0.031142601994	   0.174374161927	   0.802655242544
Au	  -0.048033890556	  -1.800133283757	  -1.105944928697
Au	   0.053749800962	  -2.383740997756	   1.716690722566
Au	  -0.026921866277	  -4.311706890585	  -0.224218342363
Energy    = -948.352147555218 (-948.352147555218 :    0.000000000000)
Spin(**2) =    0.752826220746
ZPVE      =    0.002692181975
Normal mode eigenvalues : nmode = 15
  0.000002653   0.000005451   0.000023247   0.000035710   0.000038315
  0.000061711   0.000081629   0.000243166   0.000296682   0.000343209
  0.000392713   0.000577187   0.000808873   0.001065910   0.001279571

# Geometry of EQ 5, SYMMETRY = C2v 
Au	  -2.685278659961	  -0.720004173646	  -2.262026411327
Au	   0.846694176708	   1.974015772984	   0.782284495553
Au	   1.824518920731	   4.244248829501	   1.686256269505
Au	  -0.961477169327	   0.724707472264	  -0.770743262974
Au	  -0.901997686082	  -2.100391151194	  -0.833353377241
Au	   0.964968845747	  -0.714371667807	   0.773634171956
Au	   0.912571572188	  -3.408205082120	   0.623949114536
Energy    = -948.368591558715 (-948.368591558715 :    0.000000000000)
Spin(**2) =    0.751162180173
ZPVE      =    0.002702312025
Normal mode eigenvalues : nmode = 15
  0.000000986   0.000004697   0.000026644   0.000029771   0.000045090
  0.000103339   0.000110139   0.000171795   0.000227031   0.000339029
  0.000495764   0.000610912   0.000713915   0.001173610   0.001228632

# Geometry of EQ 6, SYMMETRY = C2v 
Au	   1.528327257674	   1.751233878230	  -1.514700316688
Au	   0.305526697572	   1.193016856049	   0.913498337029
Au	  -1.295029509055	   2.174231491565	  -1.133264384002
Au	   0.417191751584	  -0.110413990702	   3.245477823423
Au	  -0.254114984433	  -0.377667833059	  -1.464286895965
Au	  -0.097568915570	  -1.621698709220	   1.094251312453
Au	  -0.604332297776	  -3.008701692874	  -1.140974876253
Energy    = -948.374783512622 (-948.374783512622 :    0.000000000000)
Spin(**2) =    0.752298678200
ZPVE      =    0.002726478128
Normal mode eigenvalues : nmode = 15
  0.000001721   0.000003201   0.000035362   0.000065726   0.000077274
  0.000130280   0.000145447   0.000189142   0.000251688   0.000316721
  0.000405160   0.000548417   0.000632748   0.001103438   0.001160258

# Geometry of EQ 7, SYMMETRY = Cs  
Au	   1.621119693309	   1.309783981760	   1.284839079530
Au	  -2.340687231593	   3.580137279525	  -1.424511254017
Au	  -0.487205748857	   2.243079360189	  -0.178887735633
Au	   2.210812954500	  -1.379587596996	   1.506209804927
Au	  -0.019801054059	  -0.419715518153	  -0.048011510648
Au	   0.564503352387	  -3.100097978338	   0.166888945109
Au	  -1.548741965684	  -2.233599527991	  -1.306526329267
Energy    = -948.357151184844 (-948.357151184844 :    0.000000000000)
Spin(**2) =    0.751888889612
ZPVE      =    0.002645300315
Normal mode eigenvalues : nmode = 15
  0.000005149   0.000005414   0.000014699   0.000028316   0.000052466
  0.000063805   0.000094015   0.000153777   0.000315445   0.000366893
  0.000429022   0.000598744   0.000678164   0.000957052   0.001276601

# Geometry of EQ 8, SYMMETRY = D5h 
Au	  -1.115830154428	   0.844444711571	  -0.665916569537
Au	   0.662956609892	   1.898019920471	   1.296017940646
Au	   1.652235020093	   1.203183665704	  -1.242778353848
Au	  -1.242157924599	  -0.030262233631	   2.043927150423
Au	  -1.431148666079	  -1.916434087092	  -0.033008132711
Au	   1.115854967996	  -0.844545852384	   0.665839114585
Au	   0.358090147116	  -1.154406124637	  -2.064080149567
Energy    = -948.367085866148 (-948.367085866148 :    0.000000000000)
Spin(**2) =    0.751439094614
ZPVE      =    0.002609224325
Normal mode eigenvalues : nmode = 15
  0.000008784   0.000008972   0.000109947   0.000110085   0.000150427
  0.000152307   0.000152492   0.000202807   0.000241032   0.000241138
  0.000331955   0.000332194   0.000617179   0.000617744   0.000754789

# Geometry of EQ 9, SYMMETRY = Cs  
Au	  -0.280516414751	   1.540167857168	  -0.535187815951
Au	  -0.621986751368	   2.369190543543	   2.019832192579
Au	   1.047778264863	   0.988316431566	  -2.829172738683
Au	   0.073772249761	  -0.189675555691	   1.725479878789
Au	  -1.725120260604	  -0.995357620831	  -0.310805078231
Au	   0.487059163689	  -2.741484737432	   0.948428557375
Au	   1.019013748417	  -0.971156918321	  -1.018573995875
Energy    = -948.373156579767 (-948.373156579767 :    0.000000000000)
Spin(**2) =    0.751816963162
ZPVE      =    0.002721412158
Normal mode eigenvalues : nmode = 15
  0.000008970   0.000011098   0.000022917   0.000047485   0.000081535
  0.000104175   0.000177494   0.000199813   0.000245644   0.000257141
  0.000413427   0.000611371   0.000626890   0.001072856   0.001097226

# Geometry of EQ 10, SYMMETRY = Cs  
Au	   0.492509072879	   0.029017113645	  -2.397351118430
Au	  -1.249961292335	   2.163603692434	   1.438605326177
Au	   0.748177122658	   1.987198327642	  -0.547130151000
Au	   0.923284775205	   0.434686961186	   1.942461650020
Au	  -1.070169341549	  -0.138930538252	  -0.010200286976
Au	   0.738125158830	  -2.100668353031	   1.014610406949
Au	  -0.581965495682	  -2.374907203607	  -1.440994826740
Energy    = -948.361060658976 (-948.361060658976 :    0.000000000000)
Spin(**2) =    0.752421930800
ZPVE      =    0.002620258613
Normal mode eigenvalues : nmode = 15
  0.000002374   0.000012014   0.000057039   0.000069835   0.000100723
  0.000100916   0.000135299   0.000223586   0.000225129   0.000268233
  0.000341182   0.000603838   0.000605028   0.000654762   0.000995479

# Geometry of EQ 11, SYMMETRY = C2h 
Au	   0.192670205782	   0.161824546929	  -2.790307135033
Au	   0.002418027408	   2.370872418593	   1.487423395039
Au	   0.185473184324	   2.410414382754	  -1.237802756708
Au	  -0.192670216315	  -0.161824554514	   2.790307426766
Au	  -0.000000000123	   0.000000002977	   0.000000147779
Au	  -0.185473184922	  -2.410414386813	   1.237803032614
Au	  -0.002418016146	  -2.370872409921	  -1.487423110458
Energy    = -948.370185355176 (-948.370185355176 :    0.000000000000)
Spin(**2) =    0.752320833002
ZPVE      =    0.002517408711
Normal mode eigenvalues : nmode = 15
  0.000002948   0.000003489   0.000017976   0.000022218   0.000055326
  0.000111782   0.000142966   0.000163618   0.000269162   0.000300863
  0.000335397   0.000505568   0.000560939   0.000825268   0.001069542

# Geometry of EQ 12, SYMMETRY = C3v 
Au	  -0.449387937064	   1.464823256573	  -2.717754118819
Au	   1.371581730940	   1.568101552033	   2.322443179194
Au	   0.356073849048	   1.655280230021	  -0.162570078404
Au	  -1.895612115176	   0.137514621389	   0.682140770282
Au	  -0.282687039022	  -0.883914032566	  -1.425487881185
Au	   0.705174621626	  -0.827858838101	   1.307789817219
Au	   0.194856889653	  -3.113946789336	  -0.006560688284
Energy    = -948.373559356049 (-948.373559356049 :    0.000000000000)
Spin(**2) =    0.751273422375
ZPVE      =    0.002772233618
Normal mode eigenvalues : nmode = 15
  0.000008076   0.000008134   0.000032862   0.000068431   0.000068513
  0.000182215   0.000182438   0.000214579   0.000214893   0.000232622
  0.000438525   0.000621175   0.000624233   0.001099689   0.001100307

# Geometry of EQ 13, SYMMETRY = C2  
Au	  -0.236882615919	   0.617877993750	  -1.253898491654
Au	  -0.374003600325	   1.688218878783	   1.490989502068
Au	   1.583706363539	   2.372808743222	  -0.392015079274
Au	  -1.176553809311	  -0.920477529274	   1.242425682112
Au	  -1.956325958475	  -1.400373669923	  -1.582468442206
Au	   1.611600648593	  -0.216281317382	   1.064820289332
Au	   0.548458971905	  -2.141773099180	  -0.569852460372
Energy    = -948.359832838988 (-948.359832838988 :    0.000000000000)
Spin(**2) =    0.752689631273
ZPVE      =    0.002552030579
Normal mode eigenvalues : nmode = 15
  0.000008558   0.000009162   0.000027192   0.000066778   0.000072599
  0.000090865   0.000139335   0.000142086   0.000167337   0.000339190
  0.000344654   0.000559403   0.000573182   0.000725415   0.001047155

# Geometry of EQ 14, SYMMETRY = C3v 
Au	  -0.749400709508	   1.479773249950	  -0.975276081673
Au	  -1.157418049845	   1.730081124538	   1.749510665018
Au	   1.891766222503	   1.025920998858	  -1.661940750741
Au	   1.088583474363	   0.204769490197	   0.930603938944
Au	  -1.677229021927	  -0.730322382734	   0.596535000411
Au	   0.393043474605	  -2.543854227032	   0.876413103860
Au	   0.210654609819	  -1.166368253777	  -1.515844875822
Energy    = -948.367958267437 (-948.367958267437 :    0.000000000000)
Spin(**2) =    0.751915009754
ZPVE      =    0.002713873447
Normal mode eigenvalues : nmode = 15
  0.000017119   0.000017207   0.000086916   0.000119310   0.000119570
  0.000171221   0.000171556   0.000184498   0.000272510   0.000311326
  0.000311651   0.000359475   0.000739182   0.000739437   0.000748611

# Geometry of EQ 15, SYMMETRY = Cs  
Au	   1.438144851365	   1.655929560794	  -1.252647055849
Au	  -0.017431543957	   0.669671116768	   0.818367208121
Au	  -1.385546347476	   1.655181726839	  -1.311763067284
Au	   1.293671461772	  -0.062374731056	   3.043320317198
Au	   0.036233808553	  -0.716925621000	  -1.723834891977
Au	  -1.419299042951	  -0.062802456129	   2.987167146418
Au	   0.054226812688	  -3.138679596229	  -2.560608656631
Energy    = -948.339273059253 (-948.339273059253 :    0.000000000000)
Spin(**2) =    0.753738774205
ZPVE      =    0.002612183411
Normal mode eigenvalues : nmode = 15
  0.000004315   0.000006258   0.000006527   0.000010189   0.000034243
  0.000109752   0.000144814   0.000150065   0.000197358   0.000321170
  0.000364260   0.000527763   0.000647016   0.001199245   0.001445793

# Geometry of EQ 16, SYMMETRY = C2v 
Au	  -0.202209790734	   1.637315931132	   0.129090178999
Au	  -1.806912041480	   3.750219567798	   0.546417248375
Au	   0.841303200944	   4.111453335217	   0.071767524548
Au	   1.475490031444	  -0.403421818909	  -0.297559377528
Au	   0.354587402400	  -2.884279096176	  -0.226849316747
Au	  -1.330028203567	  -0.788323114564	   0.203962192060
Au	   0.667769400998	  -5.422964804489	  -0.426827449694
Energy    = -948.336420968512 (-948.336420968512 :    0.000000000000)
Spin(**2) =    0.754141284425
ZPVE      =    0.002618024517
Normal mode eigenvalues : nmode = 15
  0.000001054   0.000001614   0.000006235   0.000013714   0.000032822
  0.000055213   0.000069620   0.000260635   0.000264321   0.000372433
  0.000428966   0.000556016   0.000616592   0.001298528   0.001346575

# Geometry of EQ 17, SYMMETRY = C1  
Au	   0.171884677471	   0.219065141373	  -2.618463400645
Au	  -1.200901724670	   1.892043808747	   1.339610964876
Au	   1.011206208960	   1.202711657238	  -0.261145565250
Au	   1.251791203154	   0.686913182664	   2.430170391127
Au	  -1.548253696891	  -0.119429998116	  -0.416140728784
Au	   0.690444847888	  -1.467091628158	   0.906077343867
Au	  -0.376171515906	  -2.414212163730	  -1.380108005196
Energy    = -948.359223365964 (-948.359223365964 :    0.000000000000)
Spin(**2) =    0.752894808441
ZPVE      =    0.002578070481
Normal mode eigenvalues : nmode = 15
  0.000000229   0.000001430   0.000050638   0.000059013   0.000059169
  0.000099011   0.000150233   0.000193596   0.000215716   0.000269415
  0.000348396   0.000661892   0.000707621   0.000747380   0.000925643

# Geometry of EQ 18, SYMMETRY = C1  
Au	   2.278305903818	   1.422342930779	   0.862987296832
Au	  -2.316203600704	   3.504434415172	  -0.511830181813
Au	  -0.435036877142	   2.067628993446	   0.461624715797
Au	   0.615565678691	  -0.557638725145	   0.011159482352
Au	   0.435274445580	   0.593668401246	   2.660898971809
Au	   0.292410315106	  -2.352011481236	  -1.859315031856
Au	  -0.870315865341	  -4.678424534267	  -1.625524253122
Energy    = -948.316579685633 (-948.316579685633 :    0.000000000000)
Spin(**2) =    0.751821845938
ZPVE      =    0.002422283103
Normal mode eigenvalues : nmode = 15
  0.000001011   0.000002140   0.000006065   0.000009923   0.000013308
  0.000021532   0.000086728   0.000135495   0.000172437   0.000225087
  0.000347012   0.000582774   0.000789895   0.001104655   0.001389284

# Geometry of EQ 19, SYMMETRY = Cs  
Au	   2.139102327958	   1.370319863414	  -1.493710377893
Au	   0.631250579500	   3.316852835740	  -0.404748710305
Au	  -0.861772935602	   5.130036855813	   0.671967609996
Au	   0.015943150923	   0.649290317377	  -0.003612450596
Au	  -1.850650179389	  -3.842411802166	   1.252088005029
Au	  -0.255214283754	  -1.935499147994	   0.156593908038
Au	   0.181341340367	  -4.688588922172	  -0.178576984259
Energy    = -948.319508121589 (-948.319508121589 :    0.000000000000)
Spin(**2) =    0.752193390592
ZPVE      =    0.002477038881
Normal mode eigenvalues : nmode = 15
  0.000000545   0.000001182   0.000006769   0.000009941   0.000015423
  0.000032780   0.000051721   0.000128804   0.000256161   0.000283812
  0.000356591   0.000593739   0.000838685   0.001154859   0.001346649

# Geometry of EQ 20, SYMMETRY = Cs  
Au	  -0.114321112172	   1.306874676539	   0.212245207231
Au	  -1.086327562405	   6.036863027910	   0.576330233501
Au	  -1.376136226956	   3.568987803715	  -0.192723147849
Au	   1.597181324378	  -0.802002002141	   0.979284102003
Au	   0.967563163835	  -3.271701789046	  -0.036709719920
Au	  -0.576733452937	  -1.153483523910	  -0.681033341197
Au	   0.588773866269	  -5.685538193071	  -0.857392333763
Energy    = -948.318389146566 (-948.318389146566 :    0.000000000000)
Spin(**2) =    0.752235070490
ZPVE      =    0.002439715457
Normal mode eigenvalues : nmode = 15
  0.000000829   0.000000896   0.000004618   0.000006661   0.000021282
  0.000023010   0.000037711   0.000080024   0.000257475   0.000301852
  0.000459947   0.000583273   0.000832300   0.001168227   0.001238944

# Geometry of EQ 21, SYMMETRY = C1  
Au	  -1.172986500331	   3.360010038732	   2.464882801347
Au	  -2.743179068904	   3.350144928089	   0.368831473178
Au	  -0.433514123783	   1.834592427090	   0.279362622597
Au	   2.677376279263	  -1.755003052792	  -2.041603919477
Au	   0.619251093107	  -2.350987788694	  -0.402723326646
Au	   1.222501045967	   0.260691726363	  -0.969678018589
Au	  -0.169448725312	  -4.699448278782	   0.300929367596
Energy    = -948.319361626702 (-948.319361626702 :    0.000000000000)
Spin(**2) =    0.751673029907
ZPVE      =    0.002447243398
Normal mode eigenvalues : nmode = 15
  0.000000052   0.000001179   0.000001248   0.000013317   0.000013764
  0.000032345   0.000043051   0.000135463   0.000246799   0.000266509
  0.000361130   0.000559760   0.000878357   0.001161627   0.001359828

# Geometry of EQ 22, SYMMETRY = C3  
Au	   1.221879353091	   0.736285223773	   0.795870926753
Au	  -0.183682468991	  -1.431647079669	   1.751930800531
Au	  -1.543535722527	   0.456272188642	   0.276705292941
Au	   3.588237210109	   1.779845024682	   0.783910897032
Au	   0.310010744549	  -1.288369549056	  -0.954624421155
Au	  -3.313606199378	   2.327741370991	   0.507265569578
Au	  -0.079302916848	  -2.580127179360	  -3.161058065687
Energy    = -948.328147408628 (-948.328147408628 :    0.000000000000)
Spin(**2) =    0.750893739574
ZPVE      =    0.002458576437
Normal mode eigenvalues : nmode = 15
  0.000004695   0.000004823   0.000006296   0.000006425   0.000007567
  0.000019173   0.000141420   0.000141567   0.000231177   0.000238859
  0.000239069   0.000525461   0.000995180   0.000995953   0.001403514
