List of Transition Structures

# Geometry of TS 0, SYMMETRY = C1  
Au	  -0.701153706101	  -1.482520106999	  -0.079799457702
Cu	  -1.486856178907	   0.855124304057	   0.606255576063
Cu	   0.094337168468	   0.919780227480	  -1.140377312356
Cu	   1.392227582585	  -0.180215686666	   0.584359015584
Cu	   1.813827133955	   2.100460262132	   0.029562178414
Energy    = -920.116341885509 (-920.116341885509 :    0.000000000000)
Spin(**2) =    0.753449444372
ZPVE      =    0.002624592494
Normal mode eigenvalues : nmode = 9
 -0.000071201   0.000031105   0.000136926   0.000487534   0.000781955
  0.000920083   0.001301096   0.001937833   0.002150064
CONNECTION : 1 - 0

# Geometry of TS 1, SYMMETRY = Cs  
Au	  -0.689607301967	  -1.581485929832	  -0.002826891015
Cu	  -2.074531665593	   0.519658735732	   0.023409186609
Cu	   0.017715636410	   1.636883297628	   0.002475221968
Cu	   1.455575717337	  -0.267763650427	  -0.011079471944
Cu	   2.403229613817	   1.905336546897	  -0.011978045617
Energy    = -920.120462361324 (-920.120462361324 :    0.000000000000)
Spin(**2) =    0.753776076924
ZPVE      =    0.002596303245
Normal mode eigenvalues : nmode = 9
 -0.000117316   0.000001538   0.000058041   0.000494227   0.000764618
  0.001119505   0.001391481   0.001728936   0.002562003
CONNECTION : 2 - 0

# Geometry of TS 2, SYMMETRY = Cs  
Au	  -0.181246786332	  -0.670546197239	  -0.846112153992
Cu	  -2.219931706041	   0.529574410634	   0.084893390440
Cu	  -0.081288971698	   1.423523303178	   0.750242802599
Cu	   1.804071798810	  -0.235334859960	   0.923835238434
Cu	   1.790777665261	   1.165412343387	  -0.912859277477
Energy    = -920.106104224349 (-920.106104224349 :    0.000000000000)
Spin(**2) =    0.753580661489
ZPVE      =    0.002513352778
Normal mode eigenvalues : nmode = 9
 -0.000061360   0.000034356   0.000277952   0.000375724   0.000547284
  0.000704871   0.001073578   0.001707660   0.002368476
CONNECTION : 0 - 0

# Geometry of TS 3, SYMMETRY = C1  
Au	  -0.316320606893	  -0.814238997270	   0.140449683287
Cu	  -2.449799242357	   0.531099784450	   0.003653730575
Cu	  -0.328893015199	   1.691353706501	  -0.211079824621
Cu	   2.186232211933	  -0.757244665378	  -0.169636648014
Cu	   2.021162652518	   1.561659171703	   0.236613058775
Energy    = -920.109105252114 (-920.109105252114 :    0.000000000000)
Spin(**2) =    0.754380737741
ZPVE      =    0.002546811115
Normal mode eigenvalues : nmode = 9
 -0.000145967   0.000011156   0.000049202   0.000487823   0.000880809
  0.001159290   0.001347825   0.001591887   0.001997620
CONNECTION : 3 - 0

# Geometry of TS 4, SYMMETRY = C1  
Au	  -0.299155182516	  -1.801623018706	   0.213678087099
Cu	  -1.061281686432	   1.375116203804	  -0.682047750489
Cu	  -0.069563537945	   0.493983509439	   1.247649465589
Cu	   1.392518625824	  -0.095453800694	  -0.640416886668
Cu	   1.149863781076	   2.240606106159	  -0.138862915522
Energy    = -920.118561406144 (-920.118561406144 :    0.000000000000)
Spin(**2) =    0.753999547356
ZPVE      =    0.002673018529
Normal mode eigenvalues : nmode = 9
 -0.000074239   0.000062625   0.000284249   0.000388976   0.000728632
  0.000976198   0.001359185   0.001713667   0.002232945
CONNECTION : 2 - 1

# Geometry of TS 5, SYMMETRY = Cs  
Au	  -0.288004100406	  -1.079452599718	   0.611840973117
Cu	  -1.501903160952	   1.702620733181	   0.041692242840
Cu	   0.199498500120	   0.668069408197	  -1.327797705743
Cu	   2.091248591031	  -0.523117841591	  -0.155699575551
Cu	   0.744043504467	   1.354118650978	   0.862693723280
Energy    = -920.107372459296 (-920.107372459296 :    0.000000000000)
Spin(**2) =    0.753779037842
ZPVE      =    0.002565200703
Normal mode eigenvalues : nmode = 9
 -0.000071153   0.000057709   0.000391299   0.000424568   0.000522457
  0.000708969   0.001027343   0.001684798   0.002350199
CONNECTION : 2 - 4

# Geometry of TS 6, SYMMETRY = C2v 
Au	  -1.438566328476	  -2.670524788342	  -0.989223481682
Cu	  -0.352505086414	   1.759206431773	   0.257073482945
Cu	  -0.317630588469	  -0.615692995620	  -0.329935371422
Cu	   1.697390836412	   0.642869168815	   0.255169688872
Cu	   1.656194501201	   3.006380534409	   0.839645339230
Energy    = -920.098229540173 (-920.098229540173 :    0.000000000000)
Spin(**2) =    0.753079621328
ZPVE      =    0.002445653064
Normal mode eigenvalues : nmode = 9
 -0.000036079   0.000004937   0.000043021   0.000289460   0.000501120
  0.000676876   0.001262695   0.002151290   0.002779648
CONNECTION : 2 - 2

# Geometry of TS 7, SYMMETRY = C2  
Au	  -0.838888241572	  -1.836236174294	  -0.001063859914
Cu	  -0.978590803820	   0.655152553512	  -0.398340492072
Cu	  -0.023235738940	   2.592467581972	   0.523190100313
Cu	   1.115283882823	  -0.284925093005	   0.397647447594
Cu	   1.927637557442	   1.717556837927	  -0.521906681645
Energy    = -920.122710568988 (-920.122710568988 :    0.000000000000)
Spin(**2) =    0.754862607283
ZPVE      =    0.002647405270
Normal mode eigenvalues : nmode = 9
 -0.000155223   0.000015877   0.000047682   0.000513424   0.000595346
  0.001284290   0.001669956   0.001892480   0.002295410
CONNECTION : 2 - 2

# Geometry of TS 8, SYMMETRY = C2v 
Au	  -0.919862844887	  -1.624307820407	  -0.395751983655
Cu	  -0.695480929752	   0.886399817342	  -0.699868210831
Cu	   0.237638493860	   2.086421870258	   1.267473966628
Cu	   0.929952527962	  -0.211326285406	   0.618130546053
Cu	   1.649959408759	   1.706828124329	  -0.790457803916
Energy    = -920.116299082621 (-920.116299082621 :    0.000000000000)
Spin(**2) =    0.754166590281
ZPVE      =    0.002594741916
Normal mode eigenvalues : nmode = 9
 -0.001354743   0.000018366   0.000300594   0.000502138   0.000785834
  0.000803566   0.000910934   0.001871459   0.002276531
CONNECTION : 2 - 2

# Geometry of TS 9, SYMMETRY = C2v 
Au	  -0.998345040619	  -0.015719085295	   0.095697173724
Cu	  -3.314934523281	  -0.886773402395	   0.274771293524
Cu	   0.783265324509	   1.602645893281	  -0.830080522618
Cu	   1.511668931818	  -0.021835049657	   0.687025084381
Cu	   3.130727307571	   1.534310644070	  -0.227413029008
Energy    = -920.099231303934 (-920.099231303934 :    0.000000000000)
Spin(**2) =    0.754084493342
ZPVE      =    0.002434487412
Normal mode eigenvalues : nmode = 9
 -0.000021791   0.000011018   0.000061016   0.000442050   0.000459661
  0.000760921   0.001310409   0.001810258   0.002299749
CONNECTION : 0 - 0

# Geometry of TS 10, SYMMETRY = C2v 
Au	   0.188432982891	  -2.364635677469	  -0.007645855806
Cu	  -1.792227180644	   1.358472663815	   0.144035509071
Cu	   0.275190728431	   2.522477369708	   0.006159287655
Cu	   0.231188611681	   0.041082373375	   0.000510278277
Cu	   2.299621513567	   1.286618976689	  -0.143532704925
Energy    = -920.105764495142 (-920.105764495142 :    0.000000000000)
Spin(**2) =    0.752333065060
ZPVE      =    0.002535298403
Normal mode eigenvalues : nmode = 9
 -0.000070965   0.000006359   0.000052599   0.000263076   0.000562153
  0.001098259   0.001306570   0.001896941   0.002910252
CONNECTION : 2 - 2

# Geometry of TS 11, SYMMETRY = Cs  
Au	  -0.707456013097	  -1.439959447033	   0.259251372270
Cu	  -0.651735979823	   1.199070029811	   0.290506855083
Cu	  -0.123530248968	  -0.029953850641	  -1.845724586912
Cu	   1.422957941754	   0.114522860543	   0.138967298325
Cu	   1.304647634395	   2.278558758360	   1.189728719170
Energy    = -920.113531005912 (-920.113531005912 :    0.000000000000)
Spin(**2) =    0.752864601930
ZPVE      =    0.002588558236
Normal mode eigenvalues : nmode = 9
 -0.000256932   0.000022870   0.000350215   0.000491938   0.000548370
  0.000829271   0.000979564   0.001898535   0.002330772
CONNECTION : 2 - 2

# Geometry of TS 12, SYMMETRY = Cs  
Au	  -1.035272311493	  -1.030913883931	  -0.604973608971
Cu	  -0.808686269925	   1.033326460609	   0.963431335272
Cu	   0.386770486553	   1.042675959054	  -1.342995336599
Cu	   1.311345780261	  -0.324533291506	   0.322854326676
Cu	   1.348048970535	   2.123460461882	   0.661209797898
Energy    = -920.122427718492 (-920.122427718492 :    0.000000000000)
Spin(**2) =    0.753498493014
ZPVE      =    0.002651855487
Normal mode eigenvalues : nmode = 9
 -0.000224593   0.000230844   0.000305776   0.000442758   0.000507196
  0.000825224   0.001088521   0.001609032   0.002339518
CONNECTION : 1 - 1

# Geometry of TS 13, SYMMETRY = C1  
Au	  -0.246145273671	  -0.982180954367	   0.414922386457
Cu	  -1.584685817410	   1.313917606448	   0.285747710921
Cu	  -0.080327180714	   0.934793978769	  -1.481045364941
Cu	   2.279129502468	  -0.711576964059	   0.273204554625
Cu	   1.035332359859	   1.330331250374	   0.575183704080
Energy    = -920.105175026132 (-920.105175026132 :    0.000000000000)
Spin(**2) =    0.753459586480
ZPVE      =    0.002536036251
Normal mode eigenvalues : nmode = 9
 -0.000042843   0.000052362   0.000234065   0.000382385   0.000610658
  0.000681786   0.001202989   0.001714776   0.002260735
CONNECTION : 4 - 0

# Geometry of TS 14, SYMMETRY = C2v 
Au	   0.501263179007	  -0.204601298909	   0.064534621159
Cu	  -2.044940534046	  -0.002483834659	   0.178276586837
Cu	  -0.922591863304	   2.074778770614	  -0.060749006329
Cu	   1.785500687598	  -2.258795470429	   0.177623000462
Cu	   1.445457649100	   2.157394602768	  -0.193115680291
Energy    = -920.096831255767 (-920.096831255767 :    0.000000000000)
Spin(**2) =    0.753644973137
ZPVE      =    0.002460092792
Normal mode eigenvalues : nmode = 9
 -0.000015521   0.000016687   0.000061915   0.000320017   0.000646437
  0.000790805   0.001517432   0.001856491   0.001992610
CONNECTION : 3 - 3

# Geometry of TS 15, SYMMETRY = C1  
Au	   0.459425037474	  -0.678894043754	   0.227326384901
Cu	  -1.943653701809	   0.018928856749	  -0.052114433115
Cu	  -0.364960501268	   1.798217884080	   0.206584011742
Cu	   1.650253900683	  -2.782982297403	   0.568244676029
Cu	   0.963624383275	   3.411022369708	  -0.783471117707
Energy    = -920.080451363266 (-920.080451363266 :    0.000000000000)
Spin(**2) =    0.752756515160
ZPVE      =    0.002250675613
Normal mode eigenvalues : nmode = 9
 -0.000022856   0.000016800   0.000026941   0.000032897   0.000562910
  0.000679800   0.001281952   0.001727421   0.002499639
CONNECTION : 0 - 3

# Geometry of TS 16, SYMMETRY = C2v 
Au	   0.147928451831	   0.355025171271	  -0.020385714511
Cu	  -2.098378710063	   1.005824407787	  -0.936080417888
Cu	  -1.805833124581	   0.913619054846	   1.463553363671
Cu	   2.341230416921	  -0.280443158044	   1.036347521500
Cu	   2.179742084247	  -0.227732706482	  -1.376865230928
Energy    = -920.100262589295 (-920.100262589295 :    0.000000000000)
Spin(**2) =    0.753989391895
ZPVE      =    0.002538841334
Normal mode eigenvalues : nmode = 9
 -0.000001131   0.000041041   0.000061488   0.000562055   0.000769501
  0.000942963   0.000967051   0.001747511   0.002255248
CONNECTION : 3 - 5

# Geometry of TS 17, SYMMETRY = Cs  
Au	  -0.741610675792	  -1.997967791882	   1.765562808186
Cu	  -0.986799135229	   0.326624633679	   0.728814655173
Cu	   1.310943184700	   2.916670822993	  -2.268671047599
Cu	   1.052218363548	  -0.794361212555	   0.397676353429
Cu	   0.768551853306	   1.434318464927	  -0.555369778050
Energy    = -920.100483693629 (-920.100483693629 :    0.000000000000)
Spin(**2) =    0.752868419154
ZPVE      =    0.002469951266
Normal mode eigenvalues : nmode = 9
 -0.000026776   0.000007252   0.000065835   0.000333557   0.000481840
  0.000867905   0.001200096   0.002066906   0.002532466
CONNECTION : 2 - 2
