List of Transition Structures

# Geometry of TS 0, SYMMETRY = C2  
Cu	   0.341596620235	   1.369653203576	  -1.596198673014
Cu	  -0.381649888431	   2.021913469634	   0.553510859273
Cu	   0.330070189049	  -0.128771799217	   1.243113334670
Cu	  -0.318817563407	  -0.811809313309	  -0.953925602072
Cu	   0.028800642551	  -2.450985560685	   0.753500081146
Energy    = -980.783228995996 (-980.783228995996 :    0.000000000000)
Spin(**2) =    0.754965483834
ZPVE      =    0.002785664602
Normal mode eigenvalues : nmode = 9
 -0.000160370   0.000029563   0.000066052   0.000653805   0.000832951
  0.001400492   0.001719693   0.001742013   0.002425069
CONNECTION : 0 - 0

# Geometry of TS 1, SYMMETRY = C1  
Cu	  -0.584502480321	   0.841748499412	  -0.953252812107
Cu	  -0.124712985894	   1.851235635926	   1.197861631885
Cu	   1.227841982895	   0.036830773138	   0.464298965574
Cu	   0.133103174501	  -1.414274330522	  -1.485524304685
Cu	  -0.651729691180	  -1.315540577956	   0.776616519329
Energy    = -980.777243977949 (-980.777243977949 :    0.000000000000)
Spin(**2) =    0.754069521413
ZPVE      =    0.002717542639
Normal mode eigenvalues : nmode = 9
 -0.000081784   0.000063165   0.000135492   0.000531326   0.000854983
  0.000981528   0.001341028   0.001974930   0.002283386
CONNECTION : 0 - 1

# Geometry of TS 2, SYMMETRY = C2v 
Cu	  -0.168770740037	   0.779000855548	  -1.998534339682
Cu	   0.020475795874	   2.145958167048	   1.872797942916
Cu	   0.004894498689	   0.429204877829	   0.374245923277
Cu	  -0.013861713457	  -1.478172348103	  -1.289837339571
Cu	   0.157262158923	  -1.875991552314	   1.041327813066
Energy    = -980.764173487848 (-980.764173487848 :    0.000000000000)
Spin(**2) =    0.752606243931
ZPVE      =    0.002592713789
Normal mode eigenvalues : nmode = 9
 -0.000170038   0.000005031   0.000048822   0.000357276   0.000561034
  0.001116467   0.001463940   0.001929224   0.002913552
CONNECTION : 0 - 0

# Geometry of TS 3, SYMMETRY = C2v 
Cu	  -1.173038391380	   1.202534626763	  -0.907998746900
Cu	   0.713472253187	   1.750172095902	   0.284729835003
Cu	  -0.641023925826	  -0.214002995050	   1.113450206447
Cu	   0.744396177321	  -0.439180531337	  -0.974564003561
Cu	   0.356193886693	  -2.299523196274	   0.484382709012
Energy    = -980.774395885744 (-980.774395885744 :    0.000000000000)
Spin(**2) =    0.753617526218
ZPVE      =    0.002670211119
Normal mode eigenvalues : nmode = 9
 -0.001689464   0.000013507   0.000361828   0.000495788   0.000546911
  0.001013484   0.001182984   0.001918227   0.002463559
CONNECTION : 0 - 0

# Geometry of TS 4, SYMMETRY = D2h 
Cu	   0.079312052244	   2.017473883081	  -1.234206866679
Cu	   0.290843253981	   2.049648889183	   1.145976123468
Cu	  -0.002551894342	   0.000237244011	   0.000233003112
Cu	  -0.290934415965	  -2.049617344782	  -1.145971539611
Cu	  -0.076668995919	  -2.017742671488	   1.233969279716
Energy    = -980.773034675971 (-980.773034675971 :    0.000000000000)
Spin(**2) =    0.754551788405
ZPVE      =    0.002661997841
Normal mode eigenvalues : nmode = 9
 -0.000099081   0.000012137   0.000037434   0.000450576   0.000791916
  0.001051549   0.001309342   0.001771028   0.003322811
CONNECTION : 0 - 0
