List of Equilibrium Structures

# Geometry of EQ 0, SYMMETRY = C2v 
Cu	  -0.000000000000	   1.220954000000	  -1.265925000000
Cu	  -0.000000000000	   2.384620000000	   0.837053000000
Cu	  -0.000000000000	  -0.000000000000	   0.857744000000
Cu	  -0.000000000000	  -1.220954000000	  -1.265925000000
Cu	  -0.000000000000	  -2.384620000000	   0.837053000000
Energy    = -980.792128978256 (-980.792128978256 :    0.000000000000)
Spin(**2) =    0.754459345697
ZPVE      =    0.002891771789
Normal mode eigenvalues : nmode = 9
  0.000048280   0.000051922   0.000389661   0.000463362   0.000733159
  0.001034247   0.001582572   0.001771866   0.002540036

# Geometry of EQ 1, SYMMETRY = C2v 
Cu	  -0.493786705929	   0.909955033926	  -1.071944594529
Cu	  -0.300212973717	   1.474687500440	   1.355345783806
Cu	   1.325190587793	   0.043080986652	   0.185761995418
Cu	   0.179075065499	  -1.478609688391	  -1.372351742002
Cu	  -0.710265973647	  -0.949113832623	   0.903188557297
Energy    = -980.780482131563 (-980.780482131563 :    0.000000000000)
Spin(**2) =    0.753084438662
ZPVE      =    0.002822391143
Normal mode eigenvalues : nmode = 9
  0.000194780   0.000198453   0.000337841   0.000502860   0.000539623
  0.000857084   0.000924412   0.001619901   0.002400916
