List of Transition Structures

# Geometry of TS 0, SYMMETRY = Cs  
Cu	   0.270496115904	   0.767143527084	  -1.638829517726
Cu	   0.464278828140	   1.447773505415	   0.722648879581
Cu	  -1.749034743809	   1.244310360738	  -0.357958953062
Cu	   1.265504048647	  -0.399092001082	   2.121444624863
Cu	   1.352599280720	  -0.967233786130	  -0.261482006731
Cu	  -0.839282076817	  -0.660107038769	   0.862708152168
Cu	  -0.764561452777	  -1.432794567255	  -1.448531179089
Energy    = -1373.178158257424 (-1373.178158257424 :    0.000000000000)
Spin(**2) =    0.752920237050
ZPVE      =    0.004757718711
Normal mode eigenvalues : nmode = 15
 -0.000037340   0.000100526   0.000267904   0.000392058   0.000451500
  0.000591099   0.000601428   0.000762699   0.000869046   0.001070268
  0.001121327   0.001243336   0.001790162   0.001930755   0.002040832
CONNECTION : 1 - 0

# Geometry of TS 1, SYMMETRY = Cs  
Cu	   0.574887470672	   1.515779379220	  -1.154978435034
Cu	  -0.147630021941	   1.619861852241	   1.328343520941
Cu	  -1.686641532592	   0.862960865221	  -0.610663964562
Cu	   1.451961022661	  -0.059682794746	   0.539471691654
Cu	   0.749822480454	  -2.391151898401	   0.248014788799
Cu	  -0.834696443876	  -0.719611880315	   1.089890264161
Cu	  -0.107702975378	  -0.828155523221	  -1.440077865946
Energy    = -1373.177317143779 (-1373.177317143779 :    0.000000000000)
Spin(**2) =    0.752725811161
ZPVE      =    0.004698641106
Normal mode eigenvalues : nmode = 15
 -0.000269962   0.000134636   0.000221226   0.000412655   0.000442524
  0.000492352   0.000598363   0.000632406   0.000765207   0.001079997
  0.001163696   0.001303568   0.001683787   0.001951372   0.002083258
CONNECTION : 0 - 0

# Geometry of TS 2, SYMMETRY = C1  
Cu	   2.966453742591	   0.360246363892	  -1.258118957490
Cu	  -0.477296656855	   1.752421073925	   1.799258832030
Cu	  -0.973601662088	   0.318834900719	   0.005823712063
Cu	   1.242418167063	   1.297523798090	   0.127826219815
Cu	   0.788864925315	  -0.684730226500	  -1.367770509738
Cu	  -2.307487211134	  -1.097122257103	   1.373218707144
Cu	  -1.239351304884	  -1.947173653026	  -0.680238003818
Energy    = -1373.148021673110 (-1373.148021673110 :    0.000000000000)
Spin(**2) =    0.753829669015
ZPVE      =    0.004385909161
Normal mode eigenvalues : nmode = 15
 -0.000088255   0.000023643   0.000077313   0.000083096   0.000206325
  0.000362819   0.000473167   0.000561465   0.000709307   0.000922219
  0.001228505   0.001395575   0.001971245   0.002155991   0.002771553
CONNECTION : 2 - 1

# Geometry of TS 3, SYMMETRY = Cs  
Cu	   2.868988296814	   0.021944051690	  -1.355708718130
Cu	   0.196368821962	   2.817436836746	   1.446515200589
Cu	  -0.741018378703	   0.755226268832	   0.651089155955
Cu	   1.563740297963	   1.410321376632	   0.084351225059
Cu	   0.645823771341	  -0.695527456009	  -0.801625479738
Cu	  -2.845467538476	  -3.090936298484	   0.370423251224
Cu	  -1.688435270895	  -1.218464779409	  -0.395044634953
Energy    = -1373.130274570091 (-1373.130274570091 :    0.000000000000)
Spin(**2) =    0.752361762119
ZPVE      =    0.004165366445
Normal mode eigenvalues : nmode = 15
 -0.000007873   0.000008412   0.000049638   0.000051898   0.000057511
  0.000370744   0.000380550   0.000428794   0.000537961   0.000863247
  0.001359449   0.001529393   0.001731021   0.002556612   0.002576415
CONNECTION : 2 - 2

# Geometry of TS 4, SYMMETRY = C1  
Cu	   0.493687622484	   0.935114813453	  -1.296231332465
Cu	   1.457510950740	   0.566680956304	   0.956870725764
Cu	  -0.706875444977	   1.689195984946	   0.719123593358
Cu	  -1.573901788947	   0.031966479170	   2.256413653846
Cu	  -0.506448735403	  -1.217254475430	  -2.148753270474
Cu	  -0.702495475977	  -0.763797583931	   0.213829466602
Cu	   1.538522872101	  -1.241906174525	  -0.701252836637
Energy    = -1373.163899920332 (-1373.163899920332 :    0.000000000000)
Spin(**2) =    0.753814736727
ZPVE      =    0.004572657758
Normal mode eigenvalues : nmode = 15
 -0.000039771   0.000090903   0.000142844   0.000337715   0.000384720
  0.000437462   0.000618210   0.000651633   0.000790187   0.000805009
  0.000991769   0.001357427   0.001562044   0.001947041   0.002622631
CONNECTION : 0 - 3

# Geometry of TS 5, SYMMETRY = C1  
Cu	   2.871997425508	  -0.070051972991	  -0.941654262284
Cu	  -0.437252711409	   2.445782289077	   1.407357096188
Cu	  -0.993419665991	   0.308415495687	   0.521846009055
Cu	   1.223179061565	   1.304687079370	   0.117981351137
Cu	   0.571495689063	  -0.683667864173	  -1.186961298615
Cu	  -1.518037631165	  -1.935117535205	   1.214718135386
Cu	  -1.717962167565	  -1.370047491767	  -1.133287030856
Energy    = -1373.146366921903 (-1373.146366921903 :    0.000000000000)
Spin(**2) =    0.753915967123
ZPVE      =    0.004381474249
Normal mode eigenvalues : nmode = 15
 -0.000048571   0.000024914   0.000041330   0.000044513   0.000318481
  0.000342645   0.000497332   0.000505262   0.000749711   0.000936495
  0.001240908   0.001431451   0.001712960   0.002524295   0.002728459
CONNECTION : 2 - 1

# Geometry of TS 6, SYMMETRY = C2  
Cu	   2.903996383017	   0.602378379751	  -1.476081703668
Cu	  -0.086719759323	   2.229233083421	   1.665886580031
Cu	  -1.151939707552	   0.286773163473	   0.792654692288
Cu	   1.105253502243	   0.896946463225	   0.092668717241
Cu	   0.974163638147	  -0.829686361804	  -1.580288031850
Cu	  -2.872107359765	  -1.390895524629	   0.889939925359
Cu	  -0.872646696767	  -1.794749203443	  -0.384780179399
Energy    = -1373.144210448850 (-1373.144210448850 :    0.000000000000)
Spin(**2) =    0.754841729507
ZPVE      =    0.004272781682
Normal mode eigenvalues : nmode = 15
 -0.000130806   0.000007740   0.000028815   0.000059463   0.000070747
  0.000353056   0.000408293   0.000481048   0.000914482   0.001036468
  0.001152383   0.001312003   0.001969894   0.002308163   0.002983825
CONNECTION : 2 - 2

# Geometry of TS 7, SYMMETRY = C1  
Cu	   2.134476289250	   0.815504688588	  -1.829571196777
Cu	  -0.573238768728	   1.544752438997	   1.901945136295
Cu	   0.031592782811	  -0.783764108160	   1.353209594724
Cu	   0.339626637734	   1.099550804958	  -0.306467765986
Cu	   1.166548277507	  -1.151471374050	  -0.815060371691
Cu	  -1.943780372533	   0.335809318491	   0.209569161932
Cu	  -1.155224846045	  -1.860381768820	  -0.513624558492
Energy    = -1373.164215757100 (-1373.164215757100 :    0.000000000000)
Spin(**2) =    0.753504725444
ZPVE      =    0.004602994028
Normal mode eigenvalues : nmode = 15
 -0.000052829   0.000036115   0.000224639   0.000291163   0.000341488
  0.000511061   0.000560853   0.000633037   0.000856457   0.000909081
  0.001144793   0.001297512   0.001697640   0.001897440   0.002603943
CONNECTION : 1 - 0

# Geometry of TS 8, SYMMETRY = C1  
Cu	   1.580653250132	   0.607443185293	  -1.996615818545
Cu	  -0.204829754289	   1.972960525022	   1.886712817227
Cu	  -0.631265364788	   0.168000953581	   0.369962512796
Cu	   1.448535515659	   1.379761582020	   0.260365677576
Cu	   1.386399961355	  -1.124571271404	  -0.353741934328
Cu	  -2.782418874099	  -0.828543489254	   0.040093152078
Cu	  -0.797074733968	  -2.175051485261	  -0.206776406803
Energy    = -1373.145086411602 (-1373.145086411602 :    0.000000000000)
Spin(**2) =    0.754893899991
ZPVE      =    0.004347561042
Normal mode eigenvalues : nmode = 15
 -0.000063385   0.000011113   0.000025972   0.000054219   0.000172809
  0.000407271   0.000486001   0.000628835   0.000771280   0.001111361
  0.001127993   0.001534045   0.001766593   0.002117000   0.002819161
CONNECTION : 2 - 0

# Geometry of TS 9, SYMMETRY = C1  
Cu	   1.243326253011	  -1.035256117210	  -0.632663633051
Cu	   1.521051384898	   0.932828632523	   0.903628889945
Cu	  -0.593306369333	   0.975238850276	  -0.391911073030
Cu	  -0.105422186875	  -0.842738937138	   1.429203084647
Cu	   1.492232718114	   1.386477383566	  -1.491822976540
Cu	  -2.410049972846	   0.081443551226	   0.847022120698
Cu	  -1.147831826951	  -1.497993363229	  -0.663456412668
Energy    = -1373.165738977179 (-1373.165738977179 :    0.000000000000)
Spin(**2) =    0.753347074219
ZPVE      =    0.004364475374
Normal mode eigenvalues : nmode = 15
 -0.000106930   0.000010889   0.000073534   0.000254820   0.000384683
  0.000401264   0.000528017   0.000631604   0.000671576   0.000817586
  0.000979702   0.001433231   0.001537044   0.001987887   0.002463591
CONNECTION : 3 - 0

# Geometry of TS 10, SYMMETRY = C2  
Cu	   1.620060148298	   1.094311436533	  -1.580048318347
Cu	  -0.758682227419	   1.093429194671	   1.596222057486
Cu	  -0.583024621539	   0.505952896759	  -0.805026173543
Cu	   1.416064490461	   0.443604822790	   0.757070371812
Cu	   1.029938987264	  -1.329331480513	  -1.219826991631
Cu	  -2.444961054628	  -0.380583159569	   0.438878625120
Cu	  -0.279395722429	  -1.427383710662	   0.812730429112
Energy    = -1373.167144942984 (-1373.167144942984 :    0.000000000000)
Spin(**2) =    0.753365063783
ZPVE      =    0.004540206822
Normal mode eigenvalues : nmode = 15
 -0.000079740   0.000113738   0.000141912   0.000216090   0.000369443
  0.000489643   0.000644900   0.000679516   0.000706869   0.000810955
  0.001038428   0.001419646   0.001602123   0.001931066   0.002368268
CONNECTION : 0 - 0

# Geometry of TS 11, SYMMETRY = C2v 
Cu	   1.805639744634	  -0.422446008146	  -1.660856554461
Cu	   0.765541716563	   1.504679211033	   1.829422654677
Cu	  -1.114100744300	   0.246805914207	   1.004401813900
Cu	   0.462824813681	   1.381716474531	  -0.624946658385
Cu	   1.235871446761	  -0.666788898069	   0.736351755243
Cu	  -2.671348827760	  -1.124241365372	  -0.175291691325
Cu	  -0.484428149578	  -0.919725328193	  -1.109081319630
Energy    = -1373.170478663993 (-1373.170478663993 :    0.000000000000)
Spin(**2) =    0.753268592865
ZPVE      =    0.004623274351
Normal mode eigenvalues : nmode = 15
 -0.000034725   0.000107323   0.000144258   0.000335067   0.000398888
  0.000474573   0.000513544   0.000643732   0.000779873   0.000899147
  0.001134674   0.001149411   0.001761658   0.002137332   0.002561932
CONNECTION : 1 - 1

# Geometry of TS 12, SYMMETRY = Cs  
Cu	   1.982436725475	   0.132173644975	   0.317844486426
Cu	   0.707367755278	   1.987888139356	   1.344553328825
Cu	  -0.443784657179	   0.022767516605	   0.552525937019
Cu	   0.322514991181	   1.667524629169	  -1.078838504781
Cu	   0.804585145331	  -0.672929295181	  -1.695943992520
Cu	  -2.272857867691	  -1.280846714375	   1.293439345848
Cu	  -1.100262092400	  -1.856577920549	  -0.733580600815
Energy    = -1373.152902710482 (-1373.152902710482 :    0.000000000000)
Spin(**2) =    0.754154210373
ZPVE      =    0.004462130849
Normal mode eigenvalues : nmode = 15
 -0.000066683   0.000019274   0.000036230   0.000272994   0.000278663
  0.000314672   0.000676330   0.000736322   0.000804196   0.000968794
  0.001059258   0.001348692   0.001642739   0.001727928   0.003098571
CONNECTION : 0 - 0

# Geometry of TS 13, SYMMETRY = Cs  
Cu	   2.726875686695	  -0.456904642346	  -2.559841617651
Cu	  -0.722905137133	   1.992474366269	   2.182033388054
Cu	  -0.732713069275	   0.092639104326	   0.748753763922
Cu	   1.125142076979	   1.577295193648	   0.688428543916
Cu	   1.234045814220	  -0.397885881452	  -0.772613412984
Cu	  -2.733600875235	  -1.188181532760	   0.608073675801
Cu	  -0.896844496251	  -1.619436607692	  -0.894834341040
Energy    = -1373.123739723612 (-1373.123739723612 :    0.000000000000)
Spin(**2) =    0.753408915302
ZPVE      =    0.004123216923
Normal mode eigenvalues : nmode = 15
 -0.000057303   0.000007739   0.000026766   0.000045701   0.000052463
  0.000131673   0.000306605   0.000634804   0.000745719   0.000873753
  0.001313912   0.001484202   0.001636552   0.002305898   0.003117035
CONNECTION : 2 - 2

# Geometry of TS 14, SYMMETRY = Cs  
Cu	   2.398447607535	   1.091329641472	  -0.544853255170
Cu	   0.465129274956	   2.185113424993	   0.702689613490
Cu	  -1.536583077888	   0.731907615824	   0.704786895011
Cu	   0.667358657662	  -0.189020561104	   0.520937485017
Cu	   1.379223566833	  -0.981875161360	  -1.618007458050
Cu	  -2.439902585801	  -1.480468930067	   1.059616203161
Cu	  -0.933673443300	  -1.356986029761	  -0.825169483461
Energy    = -1373.148196590636 (-1373.148196590636 :    0.000000000000)
Spin(**2) =    0.753871536582
ZPVE      =    0.004364917592
Normal mode eigenvalues : nmode = 15
 -0.000060861   0.000057830   0.000063996   0.000160891   0.000250941
  0.000368603   0.000491466   0.000492988   0.000763586   0.000775513
  0.001098355   0.001593577   0.001893563   0.002074290   0.002248683
CONNECTION : 1 - 0

# Geometry of TS 15, SYMMETRY = C1  
Cu	   2.294705559152	   0.358744670856	  -1.637131856942
Cu	  -0.754553533939	   1.820793558264	   1.421562486388
Cu	  -2.914235537585	   1.152025295165	   2.071110925372
Cu	   0.828184086399	   0.332585831157	   0.270585669134
Cu	   2.185227092827	  -1.951011207396	  -1.683271903885
Cu	  -1.531864774265	  -0.324727112260	   0.606313578694
Cu	  -0.107462892585	  -1.388411035783	  -1.049168898752
Energy    = -1373.121883178808 (-1373.121883178808 :    0.000000000000)
Spin(**2) =    0.754480613199
ZPVE      =    0.004193064986
Normal mode eigenvalues : nmode = 15
 -0.000268648   0.000007731   0.000018896   0.000045020   0.000100930
  0.000278985   0.000333847   0.000522495   0.000797890   0.001043703
  0.001289799   0.001856178   0.001944702   0.002068583   0.002227982
CONNECTION : 5 - 1

# Geometry of TS 16, SYMMETRY = Cs  
Cu	   1.706636964678	   0.689564467255	  -1.377500324258
Cu	  -0.997313936782	   1.726872326399	   1.144037646002
Cu	   0.249391663990	  -0.176241340878	   0.339873788118
Cu	   1.483322979868	   1.843499326901	   0.832164501302
Cu	   0.458828239418	  -1.348207752458	  -1.753868695355
Cu	  -2.130762732515	  -0.355028389609	   0.662021744017
Cu	  -0.770103178657	  -2.380458637613	   0.153271340186
Energy    = -1373.154023744209 (-1373.154023744209 :    0.000000000000)
Spin(**2) =    0.754505817248
ZPVE      =    0.004334591215
Normal mode eigenvalues : nmode = 15
 -0.000034170   0.000006575   0.000024752   0.000138365   0.000487518
  0.000493992   0.000495592   0.000520381   0.000626071   0.000826391
  0.001122691   0.001265501   0.001615728   0.002351172   0.002491790
CONNECTION : 0 - 4

# Geometry of TS 17, SYMMETRY = C2v 
Cu	  -0.040733562746	   0.998484261502	  -1.674406429586
Cu	   1.143657203745	  -0.088822959721	   1.576758381156
Cu	  -0.507445095624	   1.803054764769	   0.541241288121
Cu	  -1.199444005184	   0.207189196230	   2.291298564357
Cu	  -0.259680779863	  -1.410225004444	  -2.162283434379
Cu	  -0.747436066792	  -0.616243375527	   0.066088917012
Cu	   1.611082306483	  -0.893436882836	  -0.638697286685
Energy    = -1373.159423771278 (-1373.159423771278 :    0.000000000000)
Spin(**2) =    0.754087202977
ZPVE      =    0.004435468031
Normal mode eigenvalues : nmode = 15
 -0.000072141   0.000050556   0.000188142   0.000216937   0.000323833
  0.000332267   0.000499109   0.000695715   0.000772870   0.000875849
  0.000877982   0.001506580   0.001649162   0.001799079   0.002438882
CONNECTION : 0 - 0

# Geometry of TS 18, SYMMETRY = Cs  
Cu	   0.431397438000	   1.141261342191	  -1.984627539664
Cu	   1.911590082644	  -0.430382801071	   2.115391026758
Cu	  -1.076318092084	   1.470446630304	  -0.039566790308
Cu	  -0.472023012781	   0.109889287549	   1.946607608793
Cu	  -0.105899299834	  -1.222749544298	  -1.979987029983
Cu	  -1.607523580324	  -0.859917075760	  -0.036216393464
Cu	   0.918776464386	  -0.208547838928	  -0.021600882144
Energy    = -1373.157823626782 (-1373.157823626782 :    0.000000000000)
Spin(**2) =    0.754000071071
ZPVE      =    0.004544615441
Normal mode eigenvalues : nmode = 15
 -0.000180772   0.000024848   0.000094509   0.000287331   0.000328497
  0.000503055   0.000598255   0.000693815   0.000799077   0.001091132
  0.001160755   0.001172335   0.001491091   0.002010826   0.002703067
CONNECTION : 0 - 0

# Geometry of TS 19, SYMMETRY = C2  
Cu	   1.802653132404	   0.648197872556	  -1.497930968868
Cu	  -0.664600488110	   1.399844433245	   1.873761092104
Cu	  -0.000128418564	   0.000138327851	  -0.000265135231
Cu	   1.148278380987	   2.065724638742	   0.379747426324
Cu	   1.142967361172	  -1.793422282470	  -1.178948195839
Cu	  -2.281434324442	  -0.254255601555	   0.802341618315
Cu	  -1.147735643448	  -2.066227388369	  -0.378705836788
Energy    = -1373.154369051953 (-1373.154369051953 :    0.000000000000)
Spin(**2) =    0.754700895485
ZPVE      =    0.004327394395
Normal mode eigenvalues : nmode = 15
 -0.000005709   0.000047741   0.000049522   0.000066507   0.000398616
  0.000414604   0.000520988   0.000529431   0.000684172   0.000944642
  0.001089894   0.001131355   0.001361596   0.002367160   0.002720798
CONNECTION : 4 - 4

# Geometry of TS 20, SYMMETRY = C2v 
Cu	   2.775429842649	  -0.103637868212	  -0.890387871508
Cu	  -0.573368886976	   2.588015918166	   1.216588758359
Cu	  -1.162859242505	   0.396658353727	   0.515290155920
Cu	   1.118322431068	   1.261478234647	   0.166018652856
Cu	   0.605731891858	  -1.024528601607	  -0.598210972093
Cu	  -1.032397470857	  -2.017982424755	   0.936219440881
Cu	  -1.730858565232	  -1.100003611973	  -1.345518164402
Energy    = -1373.151961233762 (-1373.151961233762 :    0.000000000000)
Spin(**2) =    0.753879560685
ZPVE      =    0.004397228128
Normal mode eigenvalues : nmode = 15
 -0.000016132   0.000019786   0.000021921   0.000246584   0.000318392
  0.000367976   0.000402924   0.000536603   0.000642931   0.000932356
  0.001153639   0.001482363   0.001514287   0.002644870   0.002671397
CONNECTION : 1 - 1

# Geometry of TS 21, SYMMETRY = Cs  
Cu	   2.604391831363	  -0.099008425182	  -1.521999271141
Cu	  -0.011623988998	   1.946623041441	   1.120696094021
Cu	  -1.518723089268	   0.027148548905	   0.870819019453
Cu	   2.152217332848	   1.844129073794	  -0.154153271240
Cu	   0.584153524729	   0.044868892407	  -0.303149483990
Cu	  -2.960714148451	  -1.907938686805	   0.569880023428
Cu	  -0.849701462219	  -1.855822444550	  -0.582093110534
Energy    = -1373.141242489405 (-1373.141242489405 :    0.000000000000)
Spin(**2) =    0.753444661115
ZPVE      =    0.004243458443
Normal mode eigenvalues : nmode = 15
 -0.000029819   0.000011353   0.000045969   0.000051032   0.000051752
  0.000351009   0.000559275   0.000626691   0.000693126   0.000860110
  0.001117254   0.001429589   0.001851496   0.002134726   0.002951129
CONNECTION : 1 - 1

# Geometry of TS 22, SYMMETRY = C1  
Cu	   3.197409946201	  -0.440896674199	  -1.204083040568
Cu	  -0.758733616050	   1.400543404762	   0.763561201422
Cu	  -2.838297842847	   0.075602605783	   0.964968340770
Cu	   3.144068405323	   1.722618464686	  -0.346500451684
Cu	   1.135036721380	   0.317606418924	  -0.267506742586
Cu	  -2.973475857564	  -2.160032210875	   0.157857842424
Cu	  -0.906007756446	  -0.915442009083	  -0.068297149773
Energy    = -1373.117589954318 (-1373.117589954318 :    0.000000000000)
Spin(**2) =    0.754508451313
ZPVE      =    0.004089644769
Normal mode eigenvalues : nmode = 15
 -0.000028416   0.000001844   0.000015236   0.000028832   0.000074435
  0.000208568   0.000274988   0.000607733   0.000726139   0.000872276
  0.001204896   0.001553214   0.001797437   0.002205378   0.002950722
CONNECTION : 5 - 1

# Geometry of TS 23, SYMMETRY = Cs  
Cu	   2.018428392378	   0.131089655972	  -1.412326973790
Cu	  -0.933097566264	   1.986836184472	   1.125777449514
Cu	  -3.071272668355	   1.049831235274	   1.564816263835
Cu	   1.058182440763	   0.626286338219	   0.772672861984
Cu	   1.685962988726	  -1.941506137071	  -2.524361371889
Cu	  -1.210691103939	  -0.403510086203	   0.951875069148
Cu	   0.452487516694	  -1.449027190658	  -0.478453298801
Energy    = -1373.132727544059 (-1373.132727544059 :    0.000000000000)
Spin(**2) =    0.754206801478
ZPVE      =    0.004342688329
Normal mode eigenvalues : nmode = 15
 -0.000012357   0.000028500   0.000044315   0.000081346   0.000258152
  0.000283433   0.000522554   0.000612624   0.000730687   0.000834355
  0.001348254   0.001634620   0.001815313   0.002035806   0.002352745
CONNECTION : 5 - 0

# Geometry of TS 24, SYMMETRY = Cs  
Cu	   1.851696928328	   0.117940225582	  -2.201021414547
Cu	  -0.464447663088	   1.501394564457	   1.758493151535
Cu	  -2.780909081919	   1.071587998771	   2.045744895129
Cu	   0.844270493178	   0.327843116785	   0.082908614847
Cu	   2.355200501149	  -1.521239084819	  -0.678627258170
Cu	  -1.565924084730	  -0.180404445251	   0.320238096314
Cu	  -0.239887092921	  -1.317122375521	  -1.327736085106
Energy    = -1373.121171087186 (-1373.121171087186 :    0.000000000000)
Spin(**2) =    0.754139609797
ZPVE      =    0.004108759482
Normal mode eigenvalues : nmode = 15
 -0.000153399   0.000005753   0.000019734   0.000113946   0.000135553
  0.000219009   0.000425286   0.000444583   0.000551596   0.000667813
  0.001179845   0.001645303   0.001866053   0.002240357   0.002541702
CONNECTION : 1 - 1

# Geometry of TS 25, SYMMETRY = C1  
Cu	   2.157387137938	   0.167061768766	  -1.680257317198
Cu	  -1.625650816292	   1.415197156092	   1.071508159263
Cu	  -3.181824178284	   2.211179602149	   2.545232799270
Cu	   0.506841478126	   0.806989103062	   0.008482598900
Cu	   2.443330049745	  -2.155549857291	  -2.190850259922
Cu	  -1.016570513918	  -0.906810845849	   0.896735908056
Cu	   0.716486842674	  -1.538066926931	  -0.650851888367
Energy    = -1373.117120793411 (-1373.117120793411 :    0.000000000000)
Spin(**2) =    0.756079647333
ZPVE      =    0.004103115149
Normal mode eigenvalues : nmode = 15
 -0.000014874   0.000004464   0.000020510   0.000035653   0.000056425
  0.000221562   0.000290254   0.000546631   0.000742191   0.000846511
  0.001258183   0.001620774   0.001741240   0.002387037   0.002734040
CONNECTION : 5 - 1

# Geometry of TS 26, SYMMETRY = C1  
Cu	   2.778800931049	  -1.090502417794	  -0.696748120303
Cu	  -2.470832770757	   2.404773031959	   0.955217990591
Cu	  -3.021751406147	   0.379540281760	   1.858311085166
Cu	   1.482036180882	   0.059282242658	   1.035348148858
Cu	   1.692583731543	  -1.709423474818	  -2.744508169718
Cu	  -0.877838252702	   0.542068688343	   0.645492818694
Cu	   0.417001586125	  -0.585738352092	  -1.053113753283
Energy    = -1373.113504687275 (-1373.113504687275 :    0.000000000000)
Spin(**2) =    0.754387257080
ZPVE      =    0.004065470976
Normal mode eigenvalues : nmode = 15
 -0.000064256   0.000007131   0.000013528   0.000029240   0.000070651
  0.000251910   0.000375957   0.000489751   0.000565701   0.000875311
  0.001056407   0.001625382   0.001842090   0.002299813   0.002760008
CONNECTION : 1 - 1

# Geometry of TS 27, SYMMETRY = C1  
Cu	   0.991299697208	   1.653843288053	  -1.062249891971
Cu	  -0.553843427918	   1.617137728780	   0.837486048837
Cu	  -2.537028915879	   0.309907113788	   1.061511204971
Cu	   1.624776471592	   0.429734673549	   1.030179556882
Cu	  -0.368960844368	  -2.446095375082	  -1.235848980713
Cu	  -0.484343768326	  -0.791617504433	   0.495828131854
Cu	   1.328100787689	  -0.772909924636	  -1.126906069856
Energy    = -1373.152281209746 (-1373.152281209746 :    0.000000000000)
Spin(**2) =    0.753765870649
ZPVE      =    0.004440906102
Normal mode eigenvalues : nmode = 15
 -0.000056850   0.000004283   0.000016565   0.000193057   0.000414106
  0.000500343   0.000593791   0.000601596   0.000685911   0.000833260
  0.001319022   0.001533941   0.001677072   0.002063953   0.002564573
CONNECTION : 1 - 0
