List of Equilibrium Structures

# Geometry of EQ 0, SYMMETRY = D5h 
Cu	   0.756402264920	   0.638014175727	  -0.903232728521
Cu	  -0.138888389422	   1.772348475690	   1.135588508836
Cu	  -1.693800189552	   1.068373884605	  -0.663553949636
Cu	   1.607788210155	   0.026981370835	   1.365524343250
Cu	   1.132600402764	  -1.755743912609	  -0.291712492175
Cu	  -0.756366754904	  -0.637998922798	   0.903171125099
Cu	  -0.907735543958	  -1.111975071452	  -1.545784806846
Energy    = -1373.190135386253 (-1373.190135386253 :    0.000000000000)
Spin(**2) =    0.752479245473
ZPVE      =    0.004873435558
Normal mode eigenvalues : nmode = 15
  0.000134602   0.000135072   0.000462750   0.000462882   0.000545629
  0.000570340   0.000570843   0.000711410   0.000880742   0.000881202
  0.001030481   0.001030981   0.001750040   0.001751759   0.002009785

# Geometry of EQ 1, SYMMETRY = C3v 
Cu	  -0.187943192955	   0.574915159331	  -1.580763665025
Cu	   0.659811414029	   1.421016640504	   0.640338422619
Cu	  -1.680040331522	   1.723761241471	  -0.015406017709
Cu	   1.015363358254	  -0.493058282056	   2.125804785212
Cu	   1.473516053230	  -0.790791454201	  -0.261088867201
Cu	  -0.920869912670	  -0.570139798472	   0.568565782094
Cu	  -0.359837388357	  -1.865703506577	  -1.477450439989
Energy    = -1373.181672992474 (-1373.181672992474 :    0.000000000000)
Spin(**2) =    0.753157647385
ZPVE      =    0.004846213694
Normal mode eigenvalues : nmode = 15
  0.000105333   0.000105838   0.000341401   0.000463428   0.000464081
  0.000623911   0.000624286   0.000645585   0.000832169   0.000980269
  0.000980878   0.001063753   0.001922840   0.001924267   0.001984130

# Geometry of EQ 2, SYMMETRY = Cs  
Cu	   2.865722014629	   0.532142294827	  -1.535636015142
Cu	  -0.281946797804	   2.075398524089	   1.727535351605
Cu	  -0.779343019264	   0.057436508444	   0.566961271497
Cu	   1.290284321043	   1.307445775072	   0.098256413397
Cu	   0.870902932010	  -0.769983143895	  -1.164668180078
Cu	  -2.782445448472	  -1.227856843644	   0.975826906061
Cu	  -1.183174002141	  -1.974583114894	  -0.668275747333
Energy    = -1373.150598515314 (-1373.150598515314 :    0.000000000000)
Spin(**2) =    0.754428457659
ZPVE      =    0.004352652466
Normal mode eigenvalues : nmode = 15
  0.000001201   0.000023686   0.000043432   0.000062819   0.000163870
  0.000319579   0.000452207   0.000513255   0.000800227   0.001009055
  0.001169514   0.001448526   0.001830947   0.002344436   0.002817274

# Geometry of EQ 3, SYMMETRY = C2  
Cu	   0.627519844598	   0.970183962032	  -1.256796942907
Cu	   1.196299375935	   0.515609449697	   1.102382443000
Cu	  -0.870997922775	   1.708494436488	   0.539718301427
Cu	  -1.033412480299	   0.013015456601	   2.328776780861
Cu	  -0.427589596698	  -1.201771927230	  -2.204720493143
Cu	  -0.931803488805	  -0.760293068772	   0.079620010917
Cu	   1.439984268062	  -1.245238308832	  -0.588980100160
Energy    = -1373.165774285277 (-1373.165774285277 :    0.000000000000)
Spin(**2) =    0.753669190434
ZPVE      =    0.004435216694
Normal mode eigenvalues : nmode = 15
  0.000018664   0.000057250   0.000088774   0.000233237   0.000351627
  0.000404808   0.000486310   0.000578777   0.000697836   0.000872400
  0.000924660   0.001436301   0.001500129   0.001971186   0.002477477

# Geometry of EQ 4, SYMMETRY = C2v 
Cu	   1.801613483649	   0.680969210126	  -1.543958053384
Cu	  -0.760612970631	   1.440839673006	   1.740163664694
Cu	  -0.079596383028	   0.066721088027	  -0.117897143783
Cu	   1.312807924134	   1.900937383825	   0.588766415049
Cu	   1.072155799166	  -1.701802398671	  -1.280014365785
Cu	  -2.341360989659	  -0.230354734658	   0.746540792668
Cu	  -1.005006863628	  -2.157310221658	  -0.133601309446
Energy    = -1373.154451234771 (-1373.154451234771 :    0.000000000000)
Spin(**2) =    0.754733802663
ZPVE      =    0.004333378070
Normal mode eigenvalues : nmode = 15
  0.000007289   0.000032809   0.000037751   0.000075743   0.000419850
  0.000461556   0.000499313   0.000552797   0.000598994   0.000709033
  0.001143292   0.001168399   0.001561396   0.002403775   0.002630103

# Geometry of EQ 5, SYMMETRY = Cs  
Cu	   2.210216326137	   0.011212949955	  -1.403646626884
Cu	  -0.992379631422	   2.015587993059	   1.343823288657
Cu	  -3.094593788030	   0.999582185770	   1.768094827865
Cu	   0.945219314063	   0.745243207542	   0.557804240282
Cu	   1.827991571834	  -2.081888714278	  -2.454646678002
Cu	  -1.280488786422	  -0.324139927658	   0.809006870289
Cu	   0.384034993837	  -1.365597694391	  -0.620435922205
Energy    = -1373.132838284265 (-1373.132838284265 :    0.000000000000)
Spin(**2) =    0.754284524277
ZPVE      =    0.004377351939
Normal mode eigenvalues : nmode = 15
  0.000006229   0.000037154   0.000052601   0.000090782   0.000208686
  0.000266319   0.000438247   0.000654768   0.000750494   0.000844049
  0.001344979   0.001638932   0.001883563   0.002036965   0.002399706
